  250.000  0.000000e+00 
  251.000  0.000000e+00 
  252.000  0.000000e+00 
  253.000  0.000000e+00 
  254.000  0.000000e+00 
  255.000  0.000000e+00 
  256.000  0.000000e+00 
  257.000  0.000000e+00 
  258.000  0.000000e+00 
  259.000  0.000000e+00 
  260.000  0.000000e+00 
  261.000  0.000000e+00 
  262.000  0.000000e+00 
  263.000  0.000000e+00 
  264.000  0.000000e+00 
  265.000  0.000000e+00 
  266.000  0.000000e+00 
  267.000  0.000000e+00 
  268.000  0.000000e+00 
  269.000  0.000000e+00 
  270.000  0.000000e+00 
  271.000  0.000000e+00 
  272.000  0.000000e+00 
  273.000  0.000000e+00 
  274.000  0.000000e+00 
  275.000  0.000000e+00 
  276.000  0.000000e+00 
  277.000  0.000000e+00 
  278.000  0.000000e+00 
  279.000  0.000000e+00 
  280.000  0.000000e+00 
  281.000  0.000000e+00 
  282.000  0.000000e+00 
  283.000  0.000000e+00 
  284.000  0.000000e+00 
  285.000  0.000000e+00 
  286.000  0.000000e+00 
  287.000  0.000000e+00 
  288.000  0.000000e+00 
  289.000  0.000000e+00 
  290.000  0.000000e+00 
  291.000  6.287335e-15 
  292.000  5.856114e-13 
  293.000  8.584108e-12 
  294.000  1.802682e-10 
  295.000  1.282583e-09 
  296.000  2.016167e-08 
  297.000  1.052186e-07 
  298.000  7.578280e-07 
  299.000  2.910403e-06 
  300.000  1.173522e-05 
  301.000  3.677920e-05 
  302.000  9.511440e-05 
  303.000  2.975815e-04 
  304.000  4.536768e-04 
  305.000  1.145760e-03 
  306.000  1.917265e-03 
  307.000  3.617083e-03 
  308.000  5.418809e-03 
  309.000  7.900661e-03 
  310.000  1.296835e-02 
  311.000  1.579520e-02 
  312.000  2.103914e-02 
  313.000  2.846132e-02 
  314.000  3.203100e-02 
  315.000  4.321423e-02 
  316.000  4.654294e-02 
  317.000  5.670562e-02 
  318.000  6.321269e-02 
  319.000  8.223271e-02 
  320.000  6.988750e-02 
  321.000  1.002280e-01 
  322.000  8.756285e-02 
  323.000  1.026300e-01 
  324.000  1.258536e-01 
  325.000  1.094901e-01 
  326.000  1.334918e-01 
  327.000  1.416401e-01 
  328.000  1.288665e-01 
  329.000  1.582796e-01 
  330.000  1.638070e-01 
  331.000  1.511002e-01 
  332.000  1.726614e-01 
  333.000  1.776457e-01 
  334.000  1.746360e-01 
  335.000  1.891565e-01 
  336.000  1.952601e-01 
  337.000  1.916149e-01 
  338.000  2.014536e-01 
  339.000  2.087304e-01 
  340.000  2.077971e-01 
  341.000  2.160493e-01 
  342.000  2.219334e-01 
  343.000  2.257368e-01 
  344.000  2.246400e-01 
  345.000  2.338380e-01 
  346.000  2.385645e-01 
  347.000  2.426156e-01 
  348.000  2.469300e-01 
  349.000  2.521370e-01 
  350.000  2.562845e-01 
  351.000  2.611394e-01 
  352.000  2.651520e-01 
  353.000  2.699801e-01 
  354.000  2.734601e-01 
  355.000  2.772866e-01 
  356.000  2.821663e-01 
  357.000  2.853639e-01 
  358.000  2.889655e-01 
  359.000  2.925346e-01 
  360.000  2.960300e-01 
  361.000  2.996896e-01 
  362.000  3.053406e-01 
  363.000  3.101689e-01 
  364.000  3.150064e-01 
  365.000  3.190742e-01 
  366.000  3.236316e-01 
  367.000  3.279399e-01 
  368.000  3.320676e-01 
  369.000  3.355591e-01 
  370.000  3.397273e-01 
  371.000  3.441556e-01 
  372.000  3.478185e-01 
  373.000  3.523546e-01 
  374.000  3.566943e-01 
  375.000  3.602277e-01 
  376.000  3.638984e-01 
  377.000  3.681271e-01 
  378.000  3.714244e-01 
  379.000  3.750049e-01 
  380.000  3.784404e-01 
  381.000  3.822144e-01 
  382.000  3.872650e-01 
  383.000  3.924409e-01 
  384.000  3.959765e-01 
  385.000  4.005423e-01 
  386.000  4.042116e-01 
  387.000  4.085447e-01 
  388.000  4.119639e-01 
  389.000  4.154558e-01 
  390.000  4.198405e-01 
  391.000  4.234564e-01 
  392.000  4.264810e-01 
  393.000  4.316102e-01 
  394.000  4.351449e-01 
  395.000  4.385784e-01 
  396.000  4.429194e-01 
  397.000  4.468956e-01 
  398.000  4.496332e-01 
  399.000  4.534596e-01 
  400.000  4.567001e-01 
  401.000  4.610387e-01 
  402.000  4.649625e-01 
  403.000  4.689949e-01 
  404.000  4.716650e-01 
  405.000  4.753905e-01 
  406.000  4.789477e-01 
  407.000  4.835559e-01 
  408.000  4.857916e-01 
  409.000  4.890674e-01 
  410.000  4.925650e-01 
  411.000  4.964713e-01 
  412.000  5.005516e-01 
  413.000  5.027283e-01 
  414.000  5.069388e-01 
  415.000  5.102547e-01 
  416.000  5.145584e-01 
  417.000  5.170820e-01 
  418.000  5.199431e-01 
  419.000  5.240597e-01 
  420.000  5.268112e-01 
  421.000  5.300342e-01 
  422.000  5.326738e-01 
  423.000  5.363347e-01 
  424.000  5.391282e-01 
  425.000  5.433897e-01 
  426.000  5.465815e-01 
  427.000  5.495023e-01 
  428.000  5.521550e-01 
  429.000  5.560688e-01 
  430.000  5.592773e-01 
  431.000  5.604961e-01 
  432.000  5.650530e-01 
  433.000  5.681789e-01 
  434.000  5.701957e-01 
  435.000  5.722810e-01 
  436.000  5.759842e-01 
  437.000  5.808108e-01 
  438.000  5.832630e-01 
  439.000  5.837846e-01 
  440.000  5.874230e-01 
  441.000  5.905963e-01 
  442.000  5.943761e-01 
  443.000  5.963380e-01 
  444.000  5.988455e-01 
  445.000  5.999549e-01 
  446.000  6.034403e-01 
  447.000  6.069476e-01 
  448.000  6.070358e-01 
  449.000  6.118236e-01 
  450.000  6.157033e-01 
  451.000  6.180090e-01 
  452.000  6.199024e-01 
  453.000  6.227735e-01 
  454.000  6.267332e-01 
  455.000  6.280512e-01 
  456.000  6.303365e-01 
  457.000  6.330037e-01 
  458.000  6.346323e-01 
  459.000  6.370158e-01 
  460.000  6.384118e-01 
  461.000  6.408718e-01 
  462.000  6.443213e-01 
  463.000  6.444396e-01 
  464.000  6.478407e-01 
  465.000  6.501843e-01 
  466.000  6.544709e-01 
  467.000  6.557023e-01 
  468.000  6.581664e-01 
  469.000  6.602392e-01 
  470.000  6.624966e-01 
  471.000  6.647425e-01 
  472.000  6.656893e-01 
  473.000  6.662773e-01 
  474.000  6.649245e-01 
  475.000  6.652245e-01 
  476.000  6.661303e-01 
  477.000  6.670231e-01 
  478.000  6.681634e-01 
  479.000  6.704269e-01 
  480.000  6.732078e-01 
  481.000  6.779925e-01 
  482.000  6.818817e-01 
  483.000  6.854418e-01 
  484.000  6.872458e-01 
  485.000  6.887381e-01 
  486.000  6.900197e-01 
  487.000  6.928967e-01 
  488.000  6.943699e-01 
  489.000  6.955123e-01 
  490.000  6.987205e-01 
  491.000  7.006466e-01 
  492.000  7.023603e-01 
  493.000  7.040579e-01 
  494.000  7.051938e-01 
  495.000  7.065067e-01 
  496.000  7.073700e-01 
  497.000  7.088863e-01 
  498.000  7.099847e-01 
  499.000  7.113609e-01 
  500.000  7.123187e-01 
  501.000  7.122446e-01 
  502.000  7.115269e-01 
  503.000  7.106242e-01 
  504.000  7.097517e-01 
  505.000  7.113850e-01 
  506.000  7.136230e-01 
  507.000  7.149272e-01 
  508.000  7.178715e-01 
  509.000  7.195525e-01 
  510.000  7.217962e-01 
  511.000  7.237598e-01 
  512.000  7.250543e-01 
  513.000  7.277302e-01 
  514.000  7.289151e-01 
  515.000  7.310349e-01 
  516.000  7.318494e-01 
  517.000  7.333420e-01 
  518.000  7.336438e-01 
  519.000  7.345252e-01 
  520.000  7.349799e-01 
  521.000  7.361103e-01 
  522.000  7.363650e-01 
  523.000  7.367409e-01 
  524.000  7.370435e-01 
  525.000  7.364043e-01 
  526.000  7.361612e-01 
  527.000  7.361020e-01 
  528.000  7.355307e-01 
  529.000  7.352436e-01 
  530.000  7.349491e-01 
  531.000  7.354502e-01 
  532.000  7.359365e-01 
  533.000  7.367872e-01 
  534.000  7.379562e-01 
  535.000  7.386636e-01 
  536.000  7.399313e-01 
  537.000  7.412316e-01 
  538.000  7.418912e-01 
  539.000  7.424225e-01 
  540.000  7.435971e-01 
  541.000  7.428649e-01 
  542.000  7.435201e-01 
  543.000  7.448054e-01 
  544.000  7.456864e-01 
  545.000  7.451699e-01 
  546.000  7.454286e-01 
  547.000  7.473263e-01 
  548.000  7.490218e-01 
  549.000  7.494351e-01 
  550.000  7.503912e-01 
  551.000  7.513545e-01 
  552.000  7.517920e-01 
  553.000  7.522697e-01 
  554.000  7.529370e-01 
  555.000  7.534580e-01 
  556.000  7.529534e-01 
  557.000  7.520519e-01 
  558.000  7.513378e-01 
  559.000  7.504064e-01 
  560.000  7.495345e-01 
  561.000  7.488370e-01 
  562.000  7.483530e-01 
  563.000  7.474543e-01 
  564.000  7.465291e-01 
  565.000  7.457471e-01 
  566.000  7.453933e-01 
  567.000  7.444197e-01 
  568.000  7.430632e-01 
  569.000  7.381826e-01 
  570.000  7.356610e-01 
  571.000  7.363671e-01 
  572.000  7.336338e-01 
  573.000  7.339999e-01 
  574.000  7.321685e-01 
  575.000  7.324252e-01 
  576.000  7.326549e-01 
  577.000  7.335151e-01 
  578.000  7.367862e-01 
  579.000  7.394035e-01 
  580.000  7.417769e-01 
  581.000  7.457296e-01 
  582.000  7.494411e-01 
  583.000  7.527136e-01 
  584.000  7.574251e-01 
  585.000  7.590191e-01 
  586.000  7.613047e-01 
  587.000  7.617827e-01 
  588.000  7.619945e-01 
  589.000  7.497594e-01 
  590.000  7.504257e-01 
  591.000  7.554092e-01 
  592.000  7.457656e-01 
  593.000  7.618344e-01 
  594.000  7.544346e-01 
  595.000  7.595493e-01 
  596.000  7.617455e-01 
  597.000  7.616216e-01 
  598.000  7.618660e-01 
  599.000  7.644951e-01 
  600.000  7.646966e-01 
  601.000  7.670715e-01 
  602.000  7.690093e-01 
  603.000  7.699803e-01 
  604.000  7.710633e-01 
  605.000  7.720228e-01 
  606.000  7.742217e-01 
  607.000  7.760001e-01 
  608.000  7.783123e-01 
  609.000  7.792619e-01 
  610.000  7.811625e-01 
  611.000  7.826760e-01 
  612.000  7.849031e-01 
  613.000  7.867857e-01 
  614.000  7.881446e-01 
  615.000  7.897307e-01 
  616.000  7.919726e-01 
  617.000  7.935941e-01 
  618.000  7.946849e-01 
  619.000  7.962945e-01 
  620.000  7.976872e-01 
  621.000  7.986976e-01 
  622.000  7.991484e-01 
  623.000  8.000959e-01 
  624.000  8.004609e-01 
  625.000  8.009341e-01 
  626.000  8.011081e-01 
  627.000  8.010661e-01 
  628.000  7.695329e-01 
  629.000  7.854080e-01 
  630.000  7.917941e-01 
  631.000  8.024278e-01 
  632.000  8.061789e-01 
  633.000  8.092794e-01 
  634.000  8.133883e-01 
  635.000  8.146273e-01 
  636.000  8.185846e-01 
  637.000  8.231893e-01 
  638.000  8.264484e-01 
  639.000  8.293926e-01 
  640.000  8.312106e-01 
  641.000  8.341889e-01 
  642.000  8.363863e-01 
  643.000  8.371624e-01 
  644.000  8.391033e-01 
  645.000  8.403809e-01 
  646.000  8.377256e-01 
  647.000  8.332895e-01 
  648.000  8.285930e-01 
  649.000  8.347888e-01 
  650.000  8.463117e-01 
  651.000  8.480792e-01 
  652.000  8.461959e-01 
  653.000  8.502868e-01 
  654.000  8.519972e-01 
  655.000  8.413098e-01 
  656.000  8.500068e-01 
  657.000  8.529125e-01 
  658.000  8.579964e-01 
  659.000  8.614051e-01 
  660.000  8.615943e-01 
  661.000  8.640907e-01 
  662.000  8.644931e-01 
  663.000  8.656646e-01 
  664.000  8.669717e-01 
  665.000  8.681852e-01 
  666.000  8.694509e-01 
  667.000  8.713019e-01 
  668.000  8.721833e-01 
  669.000  8.736846e-01 
  670.000  8.745232e-01 
  671.000  8.763176e-01 
  672.000  8.767031e-01 
  673.000  8.781961e-01 
  674.000  8.787696e-01 
  675.000  8.803197e-01 
  676.000  8.807939e-01 
  677.000  8.816102e-01 
  678.000  8.829509e-01 
  679.000  8.836694e-01 
  680.000  8.850877e-01 
  681.000  8.856526e-01 
  682.000  8.875534e-01 
  683.000  8.876932e-01 
  684.000  8.894013e-01 
  685.000  8.904398e-01 
  686.000  8.914199e-01 
  687.000  5.408129e-01 
  688.000  7.127356e-01 
  689.000  7.621017e-01 
  690.000  7.991576e-01 
  691.000  8.260007e-01 
  692.000  8.706260e-01 
  693.000  8.611006e-01 
  694.000  8.469943e-01 
  695.000  8.726919e-01 
  696.000  8.662871e-01 
  697.000  8.978865e-01 
  698.000  8.972507e-01 
  699.000  8.839637e-01 
  700.000  8.861957e-01 
  701.000  8.758922e-01 
  702.000  8.814265e-01 
  703.000  8.864798e-01 
  704.000  8.900062e-01 
  705.000  8.914153e-01 
  706.000  8.969173e-01 
  707.000  9.013507e-01 
  708.000  9.047142e-01 
  709.000  9.053039e-01 
  710.000  9.042064e-01 
  711.000  9.084526e-01 
  712.000  9.065915e-01 
  713.000  9.100912e-01 
  714.000  9.076636e-01 
  715.000  9.015098e-01 
  716.000  9.030741e-01 
  717.000  8.744580e-01 
  718.000  8.025497e-01 
  719.000  7.518771e-01 
  720.000  8.111734e-01 
  721.000  8.925530e-01 
  722.000  8.909267e-01 
  723.000  8.868759e-01 
  724.000  7.960570e-01 
  725.000  8.199041e-01 
  726.000  8.637533e-01 
  727.000  8.444446e-01 
  728.000  8.109925e-01 
  729.000  8.299938e-01 
  730.000  8.706049e-01 
  731.000  8.483851e-01 
  732.000  8.611326e-01 
  733.000  8.952819e-01 
  734.000  9.134142e-01 
  735.000  9.012874e-01 
  736.000  9.099851e-01 
  737.000  9.103425e-01 
  738.000  9.157388e-01 
  739.000  9.175525e-01 
  740.000  9.242749e-01 
  741.000  9.280159e-01 
  742.000  9.290106e-01 
  743.000  9.290339e-01 
  744.000  9.303154e-01 
  745.000  9.311440e-01 
  746.000  9.321711e-01 
  747.000  9.325734e-01 
  748.000  9.329870e-01 
  749.000  9.332579e-01 
  750.000  9.337715e-01 
  751.000  9.340274e-01 
  752.000  9.353023e-01 
  753.000  9.356395e-01 
  754.000  9.360271e-01 
  755.000  9.364258e-01 
  756.000  9.366763e-01 
  757.000  9.372548e-01 
  758.000  9.380870e-01 
  759.000  9.220865e-01 
  760.000  2.231490e-01 
  761.000  1.169492e-01 
  762.000  5.219210e-01 
  763.000  4.001699e-01 
  764.000  4.789431e-01 
  765.000  6.316195e-01 
  766.000  7.770497e-01 
  767.000  8.337455e-01 
  768.000  9.096819e-01 
  769.000  9.300212e-01 
  770.000  9.297067e-01 
  771.000  9.392496e-01 
  772.000  9.424990e-01 
  773.000  9.426690e-01 
  774.000  9.427662e-01 
  775.000  9.429375e-01 
  776.000  9.432072e-01 
  777.000  9.435838e-01 
  778.000  9.438075e-01 
  779.000  9.440349e-01 
  780.000  9.442248e-01 
  781.000  9.448169e-01 
  782.000  9.452076e-01 
  783.000  9.455763e-01 
  784.000  9.453989e-01 
  785.000  9.452006e-01 
  786.000  9.429926e-01 
  787.000  9.431434e-01 
  788.000  9.382715e-01 
  789.000  9.385304e-01 
  790.000  9.300938e-01 
  791.000  9.312541e-01 
  792.000  9.351332e-01 
  793.000  9.378238e-01 
  794.000  9.488736e-01 
  795.000  9.452598e-01 
  796.000  9.218317e-01 
  797.000  9.390528e-01 
  798.000  9.409094e-01 
  799.000  9.446377e-01 
  800.000  9.347802e-01 
  801.000  9.301097e-01 
  802.000  9.368317e-01 
  803.000  9.355725e-01 
  804.000  9.351857e-01 
  805.000  9.397255e-01 
  806.000  9.486023e-01 
  807.000  9.433953e-01 
  808.000  9.489827e-01 
  809.000  9.405814e-01 
  810.000  9.363334e-01 
  811.000  9.379714e-01 
  812.000  9.289343e-01 
  813.000  9.114928e-01 
  814.000  8.811100e-01 
  815.000  8.477381e-01 
  816.000  8.737141e-01 
  817.000  7.619227e-01 
  818.000  8.420487e-01 
  819.000  8.736073e-01 
  820.000  8.334715e-01 
  821.000  9.361416e-01 
  822.000  9.212638e-01 
  823.000  7.293424e-01 
  824.000  9.017249e-01 
  825.000  9.287339e-01 
  826.000  9.010560e-01 
  827.000  9.275301e-01 
  828.000  8.573082e-01 
  829.000  9.115669e-01 
  830.000  8.989118e-01 
  831.000  9.052091e-01 
  832.000  9.044142e-01 
  833.000  9.254354e-01 
  834.000  9.256030e-01 
  835.000  9.374878e-01 
  836.000  9.390199e-01 
  837.000  9.384641e-01 
  838.000  9.466490e-01 
  839.000  9.508513e-01 
  840.000  9.520694e-01 
  841.000  9.520694e-01 
  842.000  9.448580e-01 
  843.000  9.587130e-01 
  844.000  9.505432e-01 
  845.000  9.572906e-01 
  846.000  9.591584e-01 
  847.000  9.604754e-01 
  848.000  9.588881e-01 
  849.000  9.597967e-01 
  850.000  9.597294e-01 
  851.000  9.599249e-01 
  852.000  9.630816e-01 
  853.000  9.638026e-01 
  854.000  9.633543e-01 
  855.000  9.633543e-01 
  856.000  9.640549e-01 
  857.000  9.657363e-01 
  858.000  9.644203e-01 
  859.000  9.654806e-01 
  860.000  9.663883e-01 
  861.000  9.661583e-01 
  862.000  9.667258e-01 
  863.000  9.664989e-01 
  864.000  9.672368e-01 
  865.000  9.672368e-01 
  866.000  9.672818e-01 
  867.000  9.674890e-01 
  868.000  9.675243e-01 
  869.000  9.676406e-01 
  870.000  9.678603e-01 
  871.000  9.680434e-01 
  872.000  9.683074e-01 
  873.000  9.683321e-01 
  874.000  9.683321e-01 
  875.000  9.687640e-01 
  876.000  9.688836e-01 
  877.000  9.689281e-01 
  878.000  9.689593e-01 
  879.000  9.689842e-01 
  880.000  9.694454e-01 
  881.000  9.694454e-01 
  882.000  9.687582e-01 
  883.000  9.690663e-01 
  884.000  9.692901e-01 
  885.000  9.695899e-01 
  886.000  9.647936e-01 
  887.000  9.694420e-01 
  888.000  9.694420e-01 
  889.000  9.683282e-01 
  890.000  9.657796e-01 
  891.000  9.696808e-01 
  892.000  9.653463e-01 
  893.000  9.538189e-01 
  894.000  9.538189e-01 
  895.000  9.283524e-01 
  896.000  9.042752e-01 
  897.000  8.095429e-01 
  898.000  8.986434e-01 
  899.000  7.384647e-01 
  900.000  7.384647e-01 
  901.000  7.763351e-01 
  902.000  8.085888e-01 
  903.000  8.476697e-01 
  904.000  9.370632e-01 
  905.000  9.233429e-01 
  906.000  9.233429e-01 
  907.000  8.202963e-01 
  908.000  8.018045e-01 
  909.000  8.095295e-01 
  910.000  7.863874e-01 
  911.000  7.863874e-01 
  912.000  8.847160e-01 
  913.000  8.341755e-01 
  914.000  8.034000e-01 
  915.000  7.593756e-01 
  916.000  7.593756e-01 
  917.000  8.793306e-01 
  918.000  7.799605e-01 
  919.000  8.612349e-01 
  920.000  9.345776e-01 
  921.000  9.345776e-01 
  922.000  9.131442e-01 
  923.000  9.116024e-01 
  924.000  8.899853e-01 
  925.000  8.899853e-01 
  926.000  9.007035e-01 
  927.000  9.090975e-01 
  928.000  7.953337e-01 
  929.000  7.722453e-01 
  930.000  7.722453e-01 
  931.000  6.406153e-01 
  932.000  4.645678e-01 
  933.000  4.773013e-01 
  934.000  4.773013e-01 
  935.000  4.425290e-01 
  936.000  4.140441e-01 
  937.000  3.867480e-01 
  938.000  3.867480e-01 
  939.000  5.369404e-01 
  940.000  6.728340e-01 
  941.000  6.218932e-01 
  942.000  6.218932e-01 
  943.000  5.255251e-01 
  944.000  5.363584e-01 
  945.000  6.067650e-01 
  946.000  6.067650e-01 
  947.000  5.346979e-01 
  948.000  5.554608e-01 
  949.000  6.233782e-01 
  950.000  6.233782e-01 
  951.000  6.424520e-01 
  952.000  5.231833e-01 
  953.000  6.670333e-01 
  954.000  6.670333e-01 
  955.000  6.658801e-01 
  956.000  5.549023e-01 
  957.000  7.192450e-01 
  958.000  7.192450e-01 
  959.000  6.051844e-01 
  960.000  6.878700e-01 
  961.000  6.878700e-01 
  962.000  7.321273e-01 
  963.000  7.886459e-01 
  964.000  6.881943e-01 
  965.000  6.881943e-01 
  966.000  7.628902e-01 
  967.000  8.520740e-01 
  968.000  8.520740e-01 
  969.000  8.733389e-01 
  970.000  9.134563e-01 
  971.000  9.287506e-01 
  972.000  9.287506e-01 
  973.000  9.098985e-01 
  974.000  8.278967e-01 
  975.000  8.278967e-01 
  976.000  8.117129e-01 
  977.000  8.915962e-01 
  978.000  8.797577e-01 
  979.000  8.797577e-01 
  980.000  8.804706e-01 
  981.000  9.490502e-01 
  982.000  9.490502e-01 
  983.000  9.280546e-01 
  984.000  9.466373e-01 
  985.000  9.466373e-01 
  986.000  9.713373e-01 
  987.000  9.619710e-01 
  988.000  9.619710e-01 
  989.000  9.764454e-01 
  990.000  9.706267e-01 
  991.000  9.706267e-01 
  992.000  9.746746e-01 
  993.000  9.739268e-01 
  994.000  9.739268e-01 
  995.000  9.800525e-01 
  996.000  9.802120e-01 
  997.000  9.802120e-01 
  998.000  9.803202e-01 
  999.000  9.799157e-01 
 1000.000  9.799157e-01 
 1001.000  9.802789e-01 
 1002.000  9.721403e-01 
 1003.000  9.721403e-01 
 1004.000  9.804162e-01 
 1005.000  9.808350e-01 
 1006.000  9.808350e-01 
 1007.000  9.811629e-01 
 1008.000  9.796752e-01 
 1009.000  9.796752e-01 
 1010.000  9.736450e-01 
 1011.000  9.813364e-01 
 1012.000  9.813364e-01 
 1013.000  9.817237e-01 
 1014.000  9.815813e-01 
 1015.000  9.815813e-01 
 1016.000  9.820396e-01 
 1017.000  9.816917e-01 
 1018.000  9.816917e-01 
 1019.000  9.812202e-01 
 1020.000  9.824055e-01 
 1021.000  9.824055e-01 
 1022.000  9.814779e-01 
 1023.000  9.814779e-01 
 1024.000  9.812623e-01 
 1025.000  9.826314e-01 
 1026.000  9.826314e-01 
 1027.000  9.820744e-01 
 1028.000  9.827988e-01 
 1029.000  9.827988e-01 
 1030.000  9.831163e-01 
 1031.000  9.830113e-01 
 1032.000  9.830113e-01 
 1033.000  9.830830e-01 
 1034.000  9.830830e-01 
 1035.000  9.831673e-01 
 1036.000  9.824638e-01 
 1037.000  9.824638e-01 
 1038.000  9.824101e-01 
 1039.000  9.816980e-01 
 1040.000  9.816980e-01 
 1041.000  9.811414e-01 
 1042.000  9.811414e-01 
 1043.000  9.804686e-01 
 1044.000  9.794148e-01 
 1045.000  9.794148e-01 
 1046.000  9.779490e-01 
 1047.000  9.779490e-01 
 1048.000  9.764753e-01 
 1049.000  9.734632e-01 
 1050.000  9.734632e-01 
 1051.000  9.721806e-01 
 1052.000  9.721806e-01 
 1053.000  9.701536e-01 
 1054.000  9.684271e-01 
 1055.000  9.684271e-01 
 1056.000  9.664022e-01 
 1057.000  9.664022e-01 
 1058.000  9.646175e-01 
 1059.000  9.628472e-01 
 1060.000  9.628472e-01 
 1061.000  9.617338e-01 
 1062.000  9.617338e-01 
 1063.000  9.597235e-01 
 1064.000  9.585279e-01 
 1065.000  9.585279e-01 
 1066.000  9.604976e-01 
 1067.000  9.604976e-01 
 1068.000  9.591676e-01 
 1069.000  9.610665e-01 
 1070.000  9.610665e-01 
 1071.000  9.636884e-01 
 1072.000  9.636884e-01 
 1073.000  9.656309e-01 
 1074.000  9.656309e-01 
 1075.000  9.623644e-01 
 1076.000  9.628790e-01 
 1077.000  9.628790e-01 
 1078.000  9.694507e-01 
 1079.000  9.694507e-01 
 1080.000  9.655100e-01 
 1081.000  9.655100e-01 
 1082.000  9.698227e-01 
 1083.000  9.664409e-01 
 1084.000  9.664409e-01 
 1085.000  9.588627e-01 
 1086.000  9.588627e-01 
 1087.000  9.717731e-01 
 1088.000  9.717731e-01 
 1089.000  9.666511e-01 
 1090.000  9.639840e-01 
 1091.000  9.639840e-01 
 1092.000  9.551641e-01 
 1093.000  9.551641e-01 
 1094.000  9.549981e-01 
 1095.000  9.549981e-01 
 1096.000  9.496987e-01 
 1097.000  9.496987e-01 
 1098.000  9.374077e-01 
 1099.000  8.959446e-01 
 1100.000  8.959446e-01 
 1101.000  8.973671e-01 
 1102.000  8.973671e-01 
 1103.000  8.809550e-01 
 1104.000  8.809550e-01 
 1105.000  8.680784e-01 
 1106.000  8.680784e-01 
 1107.000  8.666182e-01 
 1108.000  8.666182e-01 
 1109.000  8.350869e-01 
 1110.000  7.959318e-01 
 1111.000  7.959318e-01 
 1112.000  7.619112e-01 
 1113.000  7.619112e-01 
 1114.000  6.796865e-01 
 1115.000  6.796865e-01 
 1116.000  4.528385e-01 
 1117.000  4.528385e-01 
 1118.000  5.610267e-01 
 1119.000  5.610267e-01 
 1120.000  4.835858e-01 
 1121.000  4.835858e-01 
 1122.000  3.003443e-01 
 1123.000  5.229408e-01 
 1124.000  5.229408e-01 
 1125.000  3.386539e-01 
 1126.000  3.386539e-01 
 1127.000  4.003879e-01 
 1128.000  4.003879e-01 
 1129.000  3.962312e-01 
 1130.000  3.962312e-01 
 1131.000  6.759704e-01 
 1132.000  6.759704e-01 
 1133.000  3.984418e-01 
 1134.000  3.984418e-01 
 1135.000  2.358727e-01 
 1136.000  2.358727e-01 
 1137.000  6.771199e-01 
 1138.000  6.771199e-01 
 1139.000  6.300915e-01 
 1140.000  6.300915e-01 
 1141.000  6.154469e-01 
 1142.000  6.154469e-01 
 1143.000  6.468692e-01 
 1144.000  6.468692e-01 
 1145.000  4.452988e-01 
 1146.000  4.452988e-01 
 1147.000  4.287678e-01 
 1148.000  4.287678e-01 
 1149.000  5.462902e-01 
 1150.000  5.462902e-01 
 1151.000  6.423483e-01 
 1152.000  6.423483e-01 
 1153.000  5.947294e-01 
 1154.000  5.947294e-01 
 1155.000  6.429516e-01 
 1156.000  6.429516e-01 
 1157.000  7.222425e-01 
 1158.000  7.222425e-01 
 1159.000  8.132169e-01 
 1160.000  8.132169e-01 
 1161.000  7.920871e-01 
 1162.000  7.920871e-01 
 1163.000  8.590984e-01 
 1164.000  8.590984e-01 
 1165.000  8.355635e-01 
 1166.000  8.355635e-01 
 1167.000  8.847883e-01 
 1168.000  8.847883e-01 
 1169.000  8.991080e-01 
 1170.000  8.991080e-01 
 1171.000  9.096092e-01 
 1172.000  9.096092e-01 
 1173.000  8.336056e-01 
 1174.000  8.336056e-01 
 1175.000  9.527417e-01 
 1176.000  9.527417e-01 
 1177.000  8.802047e-01 
 1178.000  8.802047e-01 
 1179.000  9.336275e-01 
 1180.000  9.336275e-01 
 1181.000  8.283435e-01 
 1182.000  8.283435e-01 
 1183.000  9.066550e-01 
 1184.000  9.066550e-01 
 1185.000  9.308956e-01 
 1186.000  9.308956e-01 
 1187.000  8.480977e-01 
 1188.000  8.480977e-01 
 1189.000  8.480977e-01 
 1190.000  9.069817e-01 
 1191.000  9.069817e-01 
 1192.000  9.567654e-01 
 1193.000  9.567654e-01 
 1194.000  9.211501e-01 
 1195.000  9.211501e-01 
 1196.000  9.363609e-01 
 1197.000  9.363609e-01 
 1198.000  9.027454e-01 
 1199.000  9.027454e-01 
 1200.000  8.990113e-01 
