  250.000  0.000000e+00 
  251.000  0.000000e+00 
  252.000  0.000000e+00 
  253.000  0.000000e+00 
  254.000  0.000000e+00 
  255.000  0.000000e+00 
  256.000  0.000000e+00 
  257.000  0.000000e+00 
  258.000  0.000000e+00 
  259.000  0.000000e+00 
  260.000  0.000000e+00 
  261.000  0.000000e+00 
  262.000  0.000000e+00 
  263.000  0.000000e+00 
  264.000  0.000000e+00 
  265.000  0.000000e+00 
  266.000  0.000000e+00 
  267.000  0.000000e+00 
  268.000  0.000000e+00 
  269.000  0.000000e+00 
  270.000  0.000000e+00 
  271.000  0.000000e+00 
  272.000  0.000000e+00 
  273.000  0.000000e+00 
  274.000  0.000000e+00 
  275.000  0.000000e+00 
  276.000  0.000000e+00 
  277.000  0.000000e+00 
  278.000  0.000000e+00 
  279.000  0.000000e+00 
  280.000  0.000000e+00 
  281.000  0.000000e+00 
  282.000  0.000000e+00 
  283.000  0.000000e+00 
  284.000  0.000000e+00 
  285.000  0.000000e+00 
  286.000  0.000000e+00 
  287.000  0.000000e+00 
  288.000  0.000000e+00 
  289.000  0.000000e+00 
  290.000  0.000000e+00 
  291.000  7.929272e-08 
  292.000  7.652525e-07 
  293.000  2.929865e-06 
  294.000  1.342640e-05 
  295.000  3.581318e-05 
  296.000  1.419918e-04 
  297.000  3.243741e-04 
  298.000  8.705332e-04 
  299.000  1.705990e-03 
  300.000  3.425672e-03 
  301.000  6.064586e-03 
  302.000  9.752662e-03 
  303.000  1.725055e-02 
  304.000  2.129969e-02 
  305.000  3.384909e-02 
  306.000  4.378660e-02 
  307.000  6.014220e-02 
  308.000  7.361256e-02 
  309.000  8.888567e-02 
  310.000  1.138787e-01 
  311.000  1.256790e-01 
  312.000  1.450488e-01 
  313.000  1.687049e-01 
  314.000  1.789721e-01 
  315.000  2.078803e-01 
  316.000  2.157381e-01 
  317.000  2.381294e-01 
  318.000  2.514214e-01 
  319.000  2.867625e-01 
  320.000  2.643625e-01 
  321.000  3.165880e-01 
  322.000  2.959102e-01 
  323.000  3.203592e-01 
  324.000  3.547585e-01 
  325.000  3.308929e-01 
  326.000  3.653652e-01 
  327.000  3.763510e-01 
  328.000  3.589798e-01 
  329.000  3.978437e-01 
  330.000  4.047308e-01 
  331.000  3.887161e-01 
  332.000  4.155255e-01 
  333.000  4.214804e-01 
  334.000  4.178948e-01 
  335.000  4.349213e-01 
  336.000  4.418825e-01 
  337.000  4.377384e-01 
  338.000  4.488358e-01 
  339.000  4.568702e-01 
  340.000  4.558477e-01 
  341.000  4.648111e-01 
  342.000  4.710981e-01 
  343.000  4.751177e-01 
  344.000  4.739621e-01 
  345.000  4.835680e-01 
  346.000  4.884307e-01 
  347.000  4.925602e-01 
  348.000  4.969205e-01 
  349.000  5.021325e-01 
  350.000  5.062455e-01 
  351.000  5.110180e-01 
  352.000  5.149291e-01 
  353.000  5.195961e-01 
  354.000  5.229343e-01 
  355.000  5.265802e-01 
  356.000  5.311934e-01 
  357.000  5.341946e-01 
  358.000  5.375552e-01 
  359.000  5.408647e-01 
  360.000  5.440865e-01 
  361.000  5.474392e-01 
  362.000  5.525763e-01 
  363.000  5.569281e-01 
  364.000  5.612543e-01 
  365.000  5.648665e-01 
  366.000  5.688863e-01 
  367.000  5.726604e-01 
  368.000  5.762532e-01 
  369.000  5.792747e-01 
  370.000  5.828613e-01 
  371.000  5.866478e-01 
  372.000  5.897614e-01 
  373.000  5.935947e-01 
  374.000  5.972389e-01 
  375.000  6.001898e-01 
  376.000  6.032400e-01 
  377.000  6.067348e-01 
  378.000  6.094460e-01 
  379.000  6.123765e-01 
  380.000  6.151751e-01 
  381.000  6.182349e-01 
  382.000  6.223062e-01 
  383.000  6.264511e-01 
  384.000  6.292667e-01 
  385.000  6.328840e-01 
  386.000  6.357764e-01 
  387.000  6.391751e-01 
  388.000  6.418442e-01 
  389.000  6.445586e-01 
  390.000  6.479510e-01 
  391.000  6.507353e-01 
  392.000  6.530551e-01 
  393.000  6.569706e-01 
  394.000  6.596552e-01 
  395.000  6.622525e-01 
  396.000  6.655219e-01 
  397.000  6.685025e-01 
  398.000  6.705469e-01 
  399.000  6.733941e-01 
  400.000  6.757960e-01 
  401.000  6.789984e-01 
  402.000  6.818817e-01 
  403.000  6.848321e-01 
  404.000  6.867788e-01 
  405.000  6.894857e-01 
  406.000  6.920605e-01 
  407.000  6.953819e-01 
  408.000  6.969876e-01 
  409.000  6.993335e-01 
  410.000  7.018298e-01 
  411.000  7.046072e-01 
  412.000  7.074966e-01 
  413.000  7.090334e-01 
  414.000  7.119964e-01 
  415.000  7.143213e-01 
  416.000  7.173273e-01 
  417.000  7.190842e-01 
  418.000  7.210708e-01 
  419.000  7.239197e-01 
  420.000  7.258177e-01 
  421.000  7.280345e-01 
  422.000  7.298451e-01 
  423.000  7.323489e-01 
  424.000  7.342536e-01 
  425.000  7.371498e-01 
  426.000  7.393115e-01 
  427.000  7.412843e-01 
  428.000  7.430715e-01 
  429.000  7.457004e-01 
  430.000  7.478485e-01 
  431.000  7.486629e-01 
  432.000  7.517001e-01 
  433.000  7.537765e-01 
  434.000  7.551131e-01 
  435.000  7.564927e-01 
  436.000  7.589363e-01 
  437.000  7.621095e-01 
  438.000  7.637166e-01 
  439.000  7.640581e-01 
  440.000  7.664353e-01 
  441.000  7.685026e-01 
  442.000  7.709580e-01 
  443.000  7.722293e-01 
  444.000  7.738511e-01 
  445.000  7.745676e-01 
  446.000  7.768142e-01 
  447.000  7.790685e-01 
  448.000  7.791250e-01 
  449.000  7.821916e-01 
  450.000  7.846677e-01 
  451.000  7.861356e-01 
  452.000  7.873389e-01 
  453.000  7.891601e-01 
  454.000  7.916649e-01 
  455.000  7.924969e-01 
  456.000  7.939374e-01 
  457.000  7.956153e-01 
  458.000  7.966382e-01 
  459.000  7.981327e-01 
  460.000  7.990068e-01 
  461.000  8.005447e-01 
  462.000  8.026963e-01 
  463.000  8.027701e-01 
  464.000  8.048856e-01 
  465.000  8.063401e-01 
  466.000  8.089938e-01 
  467.000  8.097546e-01 
  468.000  8.112746e-01 
  469.000  8.125511e-01 
  470.000  8.139390e-01 
  471.000  8.153176e-01 
  472.000  8.158979e-01 
  473.000  8.162582e-01 
  474.000  8.154291e-01 
  475.000  8.156130e-01 
  476.000  8.161681e-01 
  477.000  8.167149e-01 
  478.000  8.174126e-01 
  479.000  8.187961e-01 
  480.000  8.204924e-01 
  481.000  8.234031e-01 
  482.000  8.257613e-01 
  483.000  8.279142e-01 
  484.000  8.290030e-01 
  485.000  8.299025e-01 
  486.000  8.306742e-01 
  487.000  8.324042e-01 
  488.000  8.332887e-01 
  489.000  8.339739e-01 
  490.000  8.358951e-01 
  491.000  8.370464e-01 
  492.000  8.380694e-01 
  493.000  8.390816e-01 
  494.000  8.397582e-01 
  495.000  8.405396e-01 
  496.000  8.410529e-01 
  497.000  8.419539e-01 
  498.000  8.426059e-01 
  499.000  8.434222e-01 
  500.000  8.439898e-01 
  501.000  8.439459e-01 
  502.000  8.435206e-01 
  503.000  8.429853e-01 
  504.000  8.424676e-01 
  505.000  8.434365e-01 
  506.000  8.447622e-01 
  507.000  8.455338e-01 
  508.000  8.472731e-01 
  509.000  8.482645e-01 
  510.000  8.495860e-01 
  511.000  8.507407e-01 
  512.000  8.515012e-01 
  513.000  8.530710e-01 
  514.000  8.537654e-01 
  515.000  8.550059e-01 
  516.000  8.554820e-01 
  517.000  8.563540e-01 
  518.000  8.565301e-01 
  519.000  8.570446e-01 
  520.000  8.573098e-01 
  521.000  8.579689e-01 
  522.000  8.581172e-01 
  523.000  8.583362e-01 
  524.000  8.585125e-01 
  525.000  8.581401e-01 
  526.000  8.579984e-01 
  527.000  8.579639e-01 
  528.000  8.576309e-01 
  529.000  8.574635e-01 
  530.000  8.572918e-01 
  531.000  8.575839e-01 
  532.000  8.578675e-01 
  533.000  8.583632e-01 
  534.000  8.590438e-01 
  535.000  8.594555e-01 
  536.000  8.601927e-01 
  537.000  8.609481e-01 
  538.000  8.613312e-01 
  539.000  8.616394e-01 
  540.000  8.623208e-01 
  541.000  8.618962e-01 
  542.000  8.622762e-01 
  543.000  8.630211e-01 
  544.000  8.635314e-01 
  545.000  8.632323e-01 
  546.000  8.633822e-01 
  547.000  8.644804e-01 
  548.000  8.654605e-01 
  549.000  8.656992e-01 
  550.000  8.662513e-01 
  551.000  8.668072e-01 
  552.000  8.670594e-01 
  553.000  8.673350e-01 
  554.000  8.677195e-01 
  555.000  8.680196e-01 
  556.000  8.677289e-01 
  557.000  8.672093e-01 
  558.000  8.667975e-01 
  559.000  8.662601e-01 
  560.000  8.657566e-01 
  561.000  8.653538e-01 
  562.000  8.650740e-01 
  563.000  8.645544e-01 
  564.000  8.640192e-01 
  565.000  8.635665e-01 
  566.000  8.633617e-01 
  567.000  8.627976e-01 
  568.000  8.620111e-01 
  569.000  8.591756e-01 
  570.000  8.577069e-01 
  571.000  8.581184e-01 
  572.000  8.565241e-01 
  573.000  8.567380e-01 
  574.000  8.556687e-01 
  575.000  8.558185e-01 
  576.000  8.559526e-01 
  577.000  8.564550e-01 
  578.000  8.583625e-01 
  579.000  8.598858e-01 
  580.000  8.612648e-01 
  581.000  8.635564e-01 
  582.000  8.657027e-01 
  583.000  8.675907e-01 
  584.000  8.703018e-01 
  585.000  8.712171e-01 
  586.000  8.725279e-01 
  587.000  8.728017e-01 
  588.000  8.729231e-01 
  589.000  8.657252e-01 
  590.000  8.662133e-01 
  591.000  8.690985e-01 
  592.000  8.633612e-01 
  593.000  8.728137e-01 
  594.000  8.684560e-01 
  595.000  8.715212e-01 
  596.000  8.727804e-01 
  597.000  8.727094e-01 
  598.000  8.728495e-01 
  599.000  8.743542e-01 
  600.000  8.744693e-01 
  601.000  8.758262e-01 
  602.000  8.769318e-01 
  603.000  8.774852e-01 
  604.000  8.781021e-01 
  605.000  8.786483e-01 
  606.000  8.798988e-01 
  607.000  8.809087e-01 
  608.000  8.822201e-01 
  609.000  8.827582e-01 
  610.000  8.838339e-01 
  611.000  8.846900e-01 
  612.000  8.859476e-01 
  613.000  8.870094e-01 
  614.000  8.877752e-01 
  615.000  8.886680e-01 
  616.000  8.899286e-01 
  617.000  8.908390e-01 
  618.000  8.914511e-01 
  619.000  8.923532e-01 
  620.000  8.931333e-01 
  621.000  8.936988e-01 
  622.000  8.939511e-01 
  623.000  8.944809e-01 
  624.000  8.946848e-01 
  625.000  8.949492e-01 
  626.000  8.950465e-01 
  627.000  8.950230e-01 
  628.000  8.768844e-01 
  629.000  8.847411e-01 
  630.000  8.898281e-01 
  631.000  8.957834e-01 
  632.000  8.978747e-01 
  633.000  8.995996e-01 
  634.000  9.018804e-01 
  635.000  9.025670e-01 
  636.000  9.047567e-01 
  637.000  9.072978e-01 
  638.000  9.090922e-01 
  639.000  9.107100e-01 
  640.000  9.117076e-01 
  641.000  9.133394e-01 
  642.000  9.145417e-01 
  643.000  9.149659e-01 
  644.000  9.160259e-01 
  645.000  9.167230e-01 
  646.000  9.152736e-01 
  647.000  9.128115e-01 
  648.000  9.101496e-01 
  649.000  9.135973e-01 
  650.000  9.199521e-01 
  651.000  9.209123e-01 
  652.000  9.198891e-01 
  653.000  9.221100e-01 
  654.000  9.230370e-01 
  655.000  9.170386e-01 
  656.000  9.219279e-01 
  657.000  9.235145e-01 
  658.000  9.262811e-01 
  659.000  9.281192e-01 
  660.000  9.282212e-01 
  661.000  9.295648e-01 
  662.000  9.297813e-01 
  663.000  9.304110e-01 
  664.000  9.311132e-01 
  665.000  9.317645e-01 
  666.000  9.324435e-01 
  667.000  9.334357e-01 
  668.000  9.339076e-01 
  669.000  9.347110e-01 
  670.000  9.351595e-01 
  671.000  9.361184e-01 
  672.000  9.363243e-01 
  673.000  9.371213e-01 
  674.000  9.374272e-01 
  675.000  9.382536e-01 
  676.000  9.385062e-01 
  677.000  9.389409e-01 
  678.000  9.396547e-01 
  679.000  9.400370e-01 
  680.000  9.407911e-01 
  681.000  9.410912e-01 
  682.000  9.421006e-01 
  683.000  9.421749e-01 
  684.000  9.430808e-01 
  685.000  9.436312e-01 
  686.000  9.441504e-01 
  687.000  6.718312e-01 
  688.000  8.360907e-01 
  689.000  8.662008e-01 
  690.000  8.919249e-01 
  691.000  9.058177e-01 
  692.000  9.327071e-01 
  693.000  9.273095e-01 
  694.000  9.193739e-01 
  695.000  9.336943e-01 
  696.000  9.298685e-01 
  697.000  9.475688e-01 
  698.000  9.472332e-01 
  699.000  9.400244e-01 
  700.000  9.412231e-01 
  701.000  9.357112e-01 
  702.000  9.386894e-01 
  703.000  9.413131e-01 
  704.000  9.432231e-01 
  705.000  9.440405e-01 
  706.000  9.470086e-01 
  707.000  9.493950e-01 
  708.000  9.511647e-01 
  709.000  9.514747e-01 
  710.000  9.508978e-01 
  711.000  9.531279e-01 
  712.000  9.521266e-01 
  713.000  9.539870e-01 
  714.000  9.527138e-01 
  715.000  9.494381e-01 
  716.000  9.502503e-01 
  717.000  9.348766e-01 
  718.000  8.906222e-01 
  719.000  8.457597e-01 
  720.000  8.984596e-01 
  721.000  9.445696e-01 
  722.000  9.435865e-01 
  723.000  9.414065e-01 
  724.000  8.821189e-01 
  725.000  9.032436e-01 
  726.000  9.286768e-01 
  727.000  9.176226e-01 
  728.000  8.978355e-01 
  729.000  9.097177e-01 
  730.000  9.323626e-01 
  731.000  9.199978e-01 
  732.000  9.272532e-01 
  733.000  9.459050e-01 
  734.000  9.556484e-01 
  735.000  9.491385e-01 
  736.000  9.538231e-01 
  737.000  9.540136e-01 
  738.000  9.568995e-01 
  739.000  9.578367e-01 
  740.000  9.613922e-01 
  741.000  9.633359e-01 
  742.000  9.638520e-01 
  743.000  9.638641e-01 
  744.000  9.645286e-01 
  745.000  9.649581e-01 
  746.000  9.654902e-01 
  747.000  9.656984e-01 
  748.000  9.659126e-01 
  749.000  9.660528e-01 
  750.000  9.663185e-01 
  751.000  9.664510e-01 
  752.000  9.671103e-01 
  753.000  9.672847e-01 
  754.000  9.674850e-01 
  755.000  9.676911e-01 
  756.000  9.678205e-01 
  757.000  9.681193e-01 
  758.000  9.685490e-01 
  759.000  9.598771e-01 
  760.000  3.786509e-01 
  761.000  2.814133e-01 
  762.000  6.611410e-01 
  763.000  5.619667e-01 
  764.000  6.207218e-01 
  765.000  7.444825e-01 
  766.000  8.670761e-01 
  767.000  9.089704e-01 
  768.000  9.526695e-01 
  769.000  9.643761e-01 
  770.000  9.640434e-01 
  771.000  9.691490e-01 
  772.000  9.708239e-01 
  773.000  9.709115e-01 
  774.000  9.709616e-01 
  775.000  9.710497e-01 
  776.000  9.711887e-01 
  777.000  9.713825e-01 
  778.000  9.714977e-01 
  779.000  9.716147e-01 
  780.000  9.717124e-01 
  781.000  9.720170e-01 
  782.000  9.722179e-01 
  783.000  9.724075e-01 
  784.000  9.723163e-01 
  785.000  9.722143e-01 
  786.000  9.710782e-01 
  787.000  9.711558e-01 
  788.000  9.686024e-01 
  789.000  9.687362e-01 
  790.000  9.642656e-01 
  791.000  9.648669e-01 
  792.000  9.669250e-01 
  793.000  9.682730e-01 
  794.000  9.741015e-01 
  795.000  9.722448e-01 
  796.000  9.598507e-01 
  797.000  9.689918e-01 
  798.000  9.699561e-01 
  799.000  9.719247e-01 
  800.000  9.667220e-01 
  801.000  9.642600e-01 
  802.000  9.678384e-01 
  803.000  9.671738e-01 
  804.000  9.669675e-01 
  805.000  9.693399e-01 
  806.000  9.739622e-01 
  807.000  9.712492e-01 
  808.000  9.741575e-01 
  809.000  9.697789e-01 
  810.000  9.675853e-01 
  811.000  9.684511e-01 
  812.000  9.636930e-01 
  813.000  9.542083e-01 
  814.000  9.375088e-01 
  815.000  9.162380e-01 
  816.000  9.325517e-01 
  817.000  8.558694e-01 
  818.000  9.096107e-01 
  819.000  9.327419e-01 
  820.000  9.025365e-01 
  821.000  9.674222e-01 
  822.000  9.595628e-01 
  823.000  8.332629e-01 
  824.000  9.490392e-01 
  825.000  9.633523e-01 
  826.000  9.481973e-01 
  827.000  9.627394e-01 
  828.000  9.229019e-01 
  829.000  9.539477e-01 
  830.000  9.467952e-01 
  831.000  9.504043e-01 
  832.000  9.500827e-01 
  833.000  9.617933e-01 
  834.000  9.615877e-01 
  835.000  9.680969e-01 
  836.000  9.688224e-01 
  837.000  9.685878e-01 
  838.000  9.729239e-01 
  839.000  9.750841e-01 
  840.000  9.757089e-01 
  841.000  9.757089e-01 
  842.000  9.719551e-01 
  843.000  9.791390e-01 
  844.000  9.749092e-01 
  845.000  9.784124e-01 
  846.000  9.793664e-01 
  847.000  9.800385e-01 
  848.000  9.792284e-01 
  849.000  9.796922e-01 
  850.000  9.796555e-01 
  851.000  9.797399e-01 
  852.000  9.813673e-01 
  853.000  9.817346e-01 
  854.000  9.815029e-01 
  855.000  9.815029e-01 
  856.000  9.818630e-01 
  857.000  9.827189e-01 
  858.000  9.820491e-01 
  859.000  9.825888e-01 
  860.000  9.830505e-01 
  861.000  9.829336e-01 
  862.000  9.832222e-01 
  863.000  9.831068e-01 
  864.000  9.834820e-01 
  865.000  9.834820e-01 
  866.000  9.835050e-01 
  867.000  9.836102e-01 
  868.000  9.836282e-01 
  869.000  9.836873e-01 
  870.000  9.837989e-01 
  871.000  9.838920e-01 
  872.000  9.840261e-01 
  873.000  9.840387e-01 
  874.000  9.840387e-01 
  875.000  9.842582e-01 
  876.000  9.843190e-01 
  877.000  9.843414e-01 
  878.000  9.843574e-01 
  879.000  9.843698e-01 
  880.000  9.846042e-01 
  881.000  9.846042e-01 
  882.000  9.842552e-01 
  883.000  9.844118e-01 
  884.000  9.845254e-01 
  885.000  9.846776e-01 
  886.000  9.822238e-01 
  887.000  9.846026e-01 
  888.000  9.846026e-01 
  889.000  9.840369e-01 
  890.000  9.827245e-01 
  891.000  9.847237e-01 
  892.000  9.825165e-01 
  893.000  9.765807e-01 
  894.000  9.765807e-01 
  895.000  9.623216e-01 
  896.000  9.492457e-01 
  897.000  8.866178e-01 
  898.000  9.464081e-01 
  899.000  8.279441e-01 
  900.000  8.279441e-01 
  901.000  8.544273e-01 
  902.000  8.800734e-01 
  903.000  9.070573e-01 
  904.000  9.675832e-01 
  905.000  9.596274e-01 
  906.000  9.596274e-01 
  907.000  8.954640e-01 
  908.000  8.756963e-01 
  909.000  8.867463e-01 
  910.000  8.731849e-01 
  911.000  8.731849e-01 
  912.000  9.388428e-01 
  913.000  9.064726e-01 
  914.000  8.838873e-01 
  915.000  8.491864e-01 
  916.000  8.491864e-01 
  917.000  9.364941e-01 
  918.000  8.656783e-01 
  919.000  9.202226e-01 
  920.000  9.663922e-01 
  921.000  9.663922e-01 
  922.000  9.546971e-01 
  923.000  9.538255e-01 
  924.000  9.423892e-01 
  925.000  9.423892e-01 
  926.000  9.481675e-01 
  927.000  9.527918e-01 
  928.000  8.843523e-01 
  929.000  8.703259e-01 
  930.000  8.703259e-01 
  931.000  7.584875e-01 
  932.000  5.952163e-01 
  933.000  6.285366e-01 
  934.000  6.285366e-01 
  935.000  5.759153e-01 
  936.000  5.465074e-01 
  937.000  5.446279e-01 
  938.000  5.446279e-01 
  939.000  6.685418e-01 
  940.000  7.881899e-01 
  941.000  7.439792e-01 
  942.000  7.439792e-01 
  943.000  6.468579e-01 
  944.000  6.536693e-01 
  945.000  7.424159e-01 
  946.000  7.424159e-01 
  947.000  6.623881e-01 
  948.000  6.845583e-01 
  949.000  7.391150e-01 
  950.000  7.391150e-01 
  951.000  7.485650e-01 
  952.000  6.602522e-01 
  953.000  7.850758e-01 
  954.000  7.850758e-01 
  955.000  7.794948e-01 
  956.000  6.812179e-01 
  957.000  8.210380e-01 
  958.000  8.210380e-01 
  959.000  7.428424e-01 
  960.000  8.098090e-01 
  961.000  8.098090e-01 
  962.000  8.278769e-01 
  963.000  8.786362e-01 
  964.000  8.008114e-01 
  965.000  8.008114e-01 
  966.000  8.534274e-01 
  967.000  9.160905e-01 
  968.000  9.160905e-01 
  969.000  9.295680e-01 
  970.000  9.548658e-01 
  971.000  9.630696e-01 
  972.000  9.630696e-01 
  973.000  9.530864e-01 
  974.000  9.016348e-01 
  975.000  9.016348e-01 
  976.000  8.869607e-01 
  977.000  9.399268e-01 
  978.000  9.325436e-01 
  979.000  9.325436e-01 
  980.000  9.333110e-01 
  981.000  9.740083e-01 
  982.000  9.740083e-01 
  983.000  9.617422e-01 
  984.000  9.726626e-01 
  985.000  9.726626e-01 
  986.000  9.855438e-01 
  987.000  9.807120e-01 
  988.000  9.807120e-01 
  989.000  9.881477e-01 
  990.000  9.851751e-01 
  991.000  9.851751e-01 
  992.000  9.872401e-01 
  993.000  9.868602e-01 
  994.000  9.868602e-01 
  995.000  9.899761e-01 
  996.000  9.900566e-01 
  997.000  9.900566e-01 
  998.000  9.901112e-01 
  999.000  9.899069e-01 
 1000.000  9.899069e-01 
 1001.000  9.900904e-01 
 1002.000  9.859214e-01 
 1003.000  9.859214e-01 
 1004.000  9.901597e-01 
 1005.000  9.903712e-01 
 1006.000  9.903712e-01 
 1007.000  9.905368e-01 
 1008.000  9.897855e-01 
 1009.000  9.897855e-01 
 1010.000  9.866938e-01 
 1011.000  9.906242e-01 
 1012.000  9.906242e-01 
 1013.000  9.908196e-01 
 1014.000  9.907479e-01 
 1015.000  9.907479e-01 
 1016.000  9.909791e-01 
 1017.000  9.908037e-01 
 1018.000  9.908037e-01 
 1019.000  9.905655e-01 
 1020.000  9.911638e-01 
 1021.000  9.911638e-01 
 1022.000  9.906957e-01 
 1023.000  9.906957e-01 
 1024.000  9.905869e-01 
 1025.000  9.912776e-01 
 1026.000  9.912776e-01 
 1027.000  9.909968e-01 
 1028.000  9.913622e-01 
 1029.000  9.913622e-01 
 1030.000  9.915223e-01 
 1031.000  9.914693e-01 
 1032.000  9.914693e-01 
 1033.000  9.915055e-01 
 1034.000  9.915055e-01 
 1035.000  9.915479e-01 
 1036.000  9.911932e-01 
 1037.000  9.911932e-01 
 1038.000  9.911661e-01 
 1039.000  9.908068e-01 
 1040.000  9.908068e-01 
 1041.000  9.905258e-01 
 1042.000  9.905258e-01 
 1043.000  9.901862e-01 
 1044.000  9.896539e-01 
 1045.000  9.896539e-01 
 1046.000  9.889131e-01 
 1047.000  9.889131e-01 
 1048.000  9.881678e-01 
 1049.000  9.866425e-01 
 1050.000  9.866425e-01 
 1051.000  9.859923e-01 
 1052.000  9.859923e-01 
 1053.000  9.849638e-01 
 1054.000  9.840870e-01 
 1055.000  9.840870e-01 
 1056.000  9.830577e-01 
 1057.000  9.830577e-01 
 1058.000  9.821495e-01 
 1059.000  9.812479e-01 
 1060.000  9.812479e-01 
 1061.000  9.806803e-01 
 1062.000  9.806803e-01 
 1063.000  9.796548e-01 
 1064.000  9.790445e-01 
 1065.000  9.790445e-01 
 1066.000  9.800498e-01 
 1067.000  9.800498e-01 
 1068.000  9.793711e-01 
 1069.000  9.803401e-01 
 1070.000  9.803401e-01 
 1071.000  9.816763e-01 
 1072.000  9.816763e-01 
 1073.000  9.826653e-01 
 1074.000  9.826653e-01 
 1075.000  9.809594e-01 
 1076.000  9.812116e-01 
 1077.000  9.812116e-01 
 1078.000  9.845917e-01 
 1079.000  9.845917e-01 
 1080.000  9.825475e-01 
 1081.000  9.825475e-01 
 1082.000  9.847654e-01 
 1083.000  9.830013e-01 
 1084.000  9.830013e-01 
 1085.000  9.790967e-01 
 1086.000  9.790967e-01 
 1087.000  9.857283e-01 
 1088.000  9.857283e-01 
 1089.000  9.830595e-01 
 1090.000  9.816290e-01 
 1091.000  9.816290e-01 
 1092.000  9.770663e-01 
 1093.000  9.770663e-01 
 1094.000  9.770148e-01 
 1095.000  9.770148e-01 
 1096.000  9.742254e-01 
 1097.000  9.742254e-01 
 1098.000  9.677655e-01 
 1099.000  9.438983e-01 
 1100.000  9.438983e-01 
 1101.000  9.445220e-01 
 1102.000  9.445220e-01 
 1103.000  9.351770e-01 
 1104.000  9.351770e-01 
 1105.000  9.278175e-01 
 1106.000  9.278175e-01 
 1107.000  9.265561e-01 
 1108.000  9.265561e-01 
 1109.000  9.080704e-01 
 1110.000  8.743446e-01 
 1111.000  8.743446e-01 
 1112.000  8.573965e-01 
 1113.000  8.573965e-01 
 1114.000  7.722399e-01 
 1115.000  7.722399e-01 
 1116.000  5.853536e-01 
 1117.000  5.853536e-01 
 1118.000  6.823344e-01 
 1119.000  6.823344e-01 
 1120.000  6.246260e-01 
 1121.000  6.246260e-01 
 1122.000  4.441493e-01 
 1123.000  6.460872e-01 
 1124.000  6.460872e-01 
 1125.000  4.909095e-01 
 1126.000  4.909095e-01 
 1127.000  5.568911e-01 
 1128.000  5.568911e-01 
 1129.000  5.600121e-01 
 1130.000  5.600121e-01 
 1131.000  7.911524e-01 
 1132.000  7.911524e-01 
 1133.000  5.617808e-01 
 1134.000  5.617808e-01 
 1135.000  3.520134e-01 
 1136.000  3.520134e-01 
 1137.000  7.994742e-01 
 1138.000  7.994742e-01 
 1139.000  7.397264e-01 
 1140.000  7.397264e-01 
 1141.000  7.270035e-01 
 1142.000  7.270035e-01 
 1143.000  7.734227e-01 
 1144.000  7.734227e-01 
 1145.000  5.926492e-01 
 1146.000  5.926492e-01 
 1147.000  5.798962e-01 
 1148.000  5.798962e-01 
 1149.000  6.751951e-01 
 1150.000  6.751951e-01 
 1151.000  7.567975e-01 
 1152.000  7.567975e-01 
 1153.000  7.083426e-01 
 1154.000  7.083426e-01 
 1155.000  7.524562e-01 
 1156.000  7.524562e-01 
 1157.000  8.160788e-01 
 1158.000  8.160788e-01 
 1159.000  8.950652e-01 
 1160.000  8.950652e-01 
 1161.000  8.817498e-01 
 1162.000  8.817498e-01 
 1163.000  9.197426e-01 
 1164.000  9.197426e-01 
 1165.000  9.067439e-01 
 1166.000  9.067439e-01 
 1167.000  9.365889e-01 
 1168.000  9.365889e-01 
 1169.000  9.458598e-01 
 1170.000  9.458598e-01 
 1171.000  9.509964e-01 
 1172.000  9.509964e-01 
 1173.000  9.064031e-01 
 1174.000  9.064031e-01 
 1175.000  9.758610e-01 
 1176.000  9.758610e-01 
 1177.000  9.334570e-01 
 1178.000  9.334570e-01 
 1179.000  9.642298e-01 
 1180.000  9.642298e-01 
 1181.000  8.990473e-01 
 1182.000  8.990473e-01 
 1183.000  9.485339e-01 
 1184.000  9.485339e-01 
 1185.000  9.641485e-01 
 1186.000  9.641485e-01 
 1187.000  9.057742e-01 
 1188.000  9.057742e-01 
 1189.000  9.057742e-01 
 1190.000  9.478602e-01 
 1191.000  9.478602e-01 
 1192.000  9.779282e-01 
 1193.000  9.779282e-01 
 1194.000  9.565755e-01 
 1195.000  9.565755e-01 
 1196.000  9.671894e-01 
 1197.000  9.671894e-01 
 1198.000  9.471051e-01 
 1199.000  9.471051e-01 
 1200.000  9.433854e-01 
