  250.000  0.000000e+00 
  251.000  0.000000e+00 
  252.000  0.000000e+00 
  253.000  0.000000e+00 
  254.000  0.000000e+00 
  255.000  0.000000e+00 
  256.000  0.000000e+00 
  257.000  0.000000e+00 
  258.000  0.000000e+00 
  259.000  0.000000e+00 
  260.000  0.000000e+00 
  261.000  0.000000e+00 
  262.000  0.000000e+00 
  263.000  0.000000e+00 
  264.000  0.000000e+00 
  265.000  0.000000e+00 
  266.000  0.000000e+00 
  267.000  0.000000e+00 
  268.000  0.000000e+00 
  269.000  0.000000e+00 
  270.000  0.000000e+00 
  271.000  0.000000e+00 
  272.000  0.000000e+00 
  273.000  0.000000e+00 
  274.000  0.000000e+00 
  275.000  0.000000e+00 
  276.000  0.000000e+00 
  277.000  0.000000e+00 
  278.000  0.000000e+00 
  279.000  0.000000e+00 
  280.000  0.000000e+00 
  281.000  0.000000e+00 
  282.000  0.000000e+00 
  283.000  0.000000e+00 
  284.000  0.000000e+00 
  285.000  0.000000e+00 
  286.000  0.000000e+00 
  287.000  0.000000e+00 
  288.000  0.000000e+00 
  289.000  0.000000e+00 
  290.000  0.000000e+00 
  291.000  8.963229e-09 
  292.000  1.170340e-07 
  293.000  5.359127e-07 
  294.000  3.008529e-06 
  295.000  9.146367e-06 
  296.000  4.357444e-05 
  297.000  1.111354e-04 
  298.000  3.402176e-04 
  299.000  7.293011e-04 
  300.000  1.607108e-03 
  301.000  3.070257e-03 
  302.000  5.260249e-03 
  303.000  1.003945e-02 
  304.000  1.274940e-02 
  305.000  2.155195e-02 
  306.000  2.885271e-02 
  307.000  4.134312e-02 
  308.000  5.198510e-02 
  309.000  6.436888e-02 
  310.000  8.523829e-02 
  311.000  9.531565e-02 
  312.000  1.121285e-01 
  313.000  1.330693e-01 
  314.000  1.422842e-01 
  315.000  1.685991e-01 
  316.000  1.758398e-01 
  317.000  1.966625e-01 
  318.000  2.091490e-01 
  319.000  2.427683e-01 
  320.000  2.213909e-01 
  321.000  2.715775e-01 
  322.000  2.515637e-01 
  323.000  2.752467e-01 
  324.000  3.089753e-01 
  325.000  2.855261e-01 
  326.000  3.194657e-01 
  327.000  3.303737e-01 
  328.000  3.131454e-01 
  329.000  3.518364e-01 
  330.000  3.587471e-01 
  331.000  3.427022e-01 
  332.000  3.696102e-01 
  333.000  3.756191e-01 
  334.000  3.719997e-01 
  335.000  3.892232e-01 
  336.000  3.962911e-01 
  337.000  3.920817e-01 
  338.000  4.033659e-01 
  339.000  4.115588e-01 
  340.000  4.105150e-01 
  341.000  4.196752e-01 
  342.000  4.261144e-01 
  343.000  4.302372e-01 
  344.000  4.290515e-01 
  345.000  4.389198e-01 
  346.000  4.439254e-01 
  347.000  4.481815e-01 
  348.000  4.526806e-01 
  349.000  4.580653e-01 
  350.000  4.623200e-01 
  351.000  4.672627e-01 
  352.000  4.713177e-01 
  353.000  4.761619e-01 
  354.000  4.796303e-01 
  355.000  4.834220e-01 
  356.000  4.882245e-01 
  357.000  4.913520e-01 
  358.000  4.948567e-01 
  359.000  4.983110e-01 
  360.000  5.016763e-01 
  361.000  5.051814e-01 
  362.000  5.105574e-01 
  363.000  5.151168e-01 
  364.000  5.196542e-01 
  365.000  5.234461e-01 
  366.000  5.276697e-01 
  367.000  5.316389e-01 
  368.000  5.354206e-01 
  369.000  5.386034e-01 
  370.000  5.423845e-01 
  371.000  5.463796e-01 
  372.000  5.496673e-01 
  373.000  5.537180e-01 
  374.000  5.575723e-01 
  375.000  5.606955e-01 
  376.000  5.639260e-01 
  377.000  5.676301e-01 
  378.000  5.705056e-01 
  379.000  5.736156e-01 
  380.000  5.765875e-01 
  381.000  5.798389e-01 
  382.000  5.841683e-01 
  383.000  5.885800e-01 
  384.000  5.915789e-01 
  385.000  5.954346e-01 
  386.000  5.985195e-01 
  387.000  6.021469e-01 
  388.000  6.049974e-01 
  389.000  6.078979e-01 
  390.000  6.115254e-01 
  391.000  6.145042e-01 
  392.000  6.169878e-01 
  393.000  6.211817e-01 
  394.000  6.240594e-01 
  395.000  6.268449e-01 
  396.000  6.303532e-01 
  397.000  6.335537e-01 
  398.000  6.357501e-01 
  399.000  6.388103e-01 
  400.000  6.413932e-01 
  401.000  6.448389e-01 
  402.000  6.479431e-01 
  403.000  6.511214e-01 
  404.000  6.532195e-01 
  405.000  6.561382e-01 
  406.000  6.589159e-01 
  407.000  6.625009e-01 
  408.000  6.642348e-01 
  409.000  6.667694e-01 
  410.000  6.694673e-01 
  411.000  6.724707e-01 
  412.000  6.755968e-01 
  413.000  6.772603e-01 
  414.000  6.804687e-01 
  415.000  6.829874e-01 
  416.000  6.862457e-01 
  417.000  6.881510e-01 
  418.000  6.903058e-01 
  419.000  6.933978e-01 
  420.000  6.954585e-01 
  421.000  6.978663e-01 
  422.000  6.998336e-01 
  423.000  7.025551e-01 
  424.000  7.046263e-01 
  425.000  7.077771e-01 
  426.000  7.101300e-01 
  427.000  7.122778e-01 
  428.000  7.142243e-01 
  429.000  7.170886e-01 
  430.000  7.194304e-01 
  431.000  7.203184e-01 
  432.000  7.236311e-01 
  433.000  7.258969e-01 
  434.000  7.273558e-01 
  435.000  7.288620e-01 
  436.000  7.315309e-01 
  437.000  7.349983e-01 
  438.000  7.367552e-01 
  439.000  7.371285e-01 
  440.000  7.397283e-01 
  441.000  7.419900e-01 
  442.000  7.446774e-01 
  443.000  7.460692e-01 
  444.000  7.478452e-01 
  445.000  7.486300e-01 
  446.000  7.510914e-01 
  447.000  7.535621e-01 
  448.000  7.536241e-01 
  449.000  7.569867e-01 
  450.000  7.597030e-01 
  451.000  7.613139e-01 
  452.000  7.626347e-01 
  453.000  7.646343e-01 
  454.000  7.673854e-01 
  455.000  7.682995e-01 
  456.000  7.698824e-01 
  457.000  7.717267e-01 
  458.000  7.728513e-01 
  459.000  7.744948e-01 
  460.000  7.754561e-01 
  461.000  7.771479e-01 
  462.000  7.795154e-01 
  463.000  7.795967e-01 
  464.000  7.819255e-01 
  465.000  7.835271e-01 
  466.000  7.864502e-01 
  467.000  7.872884e-01 
  468.000  7.889635e-01 
  469.000  7.903706e-01 
  470.000  7.919008e-01 
  471.000  7.934211e-01 
  472.000  7.940612e-01 
  473.000  7.944584e-01 
  474.000  7.935440e-01 
  475.000  7.937468e-01 
  476.000  7.943591e-01 
  477.000  7.949622e-01 
  478.000  7.957321e-01 
  479.000  7.972585e-01 
  480.000  7.991307e-01 
  481.000  8.023444e-01 
  482.000  8.049492e-01 
  483.000  8.073280e-01 
  484.000  8.085314e-01 
  485.000  8.095258e-01 
  486.000  8.103790e-01 
  487.000  8.122920e-01 
  488.000  8.132702e-01 
  489.000  8.140282e-01 
  490.000  8.161538e-01 
  491.000  8.174279e-01 
  492.000  8.185603e-01 
  493.000  8.196808e-01 
  494.000  8.204299e-01 
  495.000  8.212951e-01 
  496.000  8.218638e-01 
  497.000  8.228615e-01 
  498.000  8.235838e-01 
  499.000  8.244880e-01 
  500.000  8.251168e-01 
  501.000  8.250683e-01 
  502.000  8.245971e-01 
  503.000  8.240040e-01 
  504.000  8.234307e-01 
  505.000  8.245038e-01 
  506.000  8.259727e-01 
  507.000  8.268278e-01 
  508.000  8.287556e-01 
  509.000  8.298547e-01 
  510.000  8.313201e-01 
  511.000  8.326009e-01 
  512.000  8.334444e-01 
  513.000  8.351861e-01 
  514.000  8.359565e-01 
  515.000  8.373332e-01 
  516.000  8.378617e-01 
  517.000  8.388296e-01 
  518.000  8.390251e-01 
  519.000  8.395962e-01 
  520.000  8.398907e-01 
  521.000  8.406225e-01 
  522.000  8.407873e-01 
  523.000  8.410305e-01 
  524.000  8.412262e-01 
  525.000  8.408127e-01 
  526.000  8.406554e-01 
  527.000  8.406170e-01 
  528.000  8.402473e-01 
  529.000  8.400615e-01 
  530.000  8.398708e-01 
  531.000  8.401952e-01 
  532.000  8.405100e-01 
  533.000  8.410605e-01 
  534.000  8.418164e-01 
  535.000  8.422735e-01 
  536.000  8.430924e-01 
  537.000  8.439316e-01 
  538.000  8.443571e-01 
  539.000  8.446996e-01 
  540.000  8.454568e-01 
  541.000  8.449849e-01 
  542.000  8.454071e-01 
  543.000  8.462350e-01 
  544.000  8.468021e-01 
  545.000  8.464696e-01 
  546.000  8.466361e-01 
  547.000  8.478568e-01 
  548.000  8.489463e-01 
  549.000  8.492117e-01 
  550.000  8.498254e-01 
  551.000  8.504435e-01 
  552.000  8.507240e-01 
  553.000  8.510304e-01 
  554.000  8.514580e-01 
  555.000  8.517919e-01 
  556.000  8.514686e-01 
  557.000  8.508908e-01 
  558.000  8.504328e-01 
  559.000  8.498352e-01 
  560.000  8.492755e-01 
  561.000  8.488276e-01 
  562.000  8.485166e-01 
  563.000  8.479391e-01 
  564.000  8.473442e-01 
  565.000  8.468411e-01 
  566.000  8.466134e-01 
  567.000  8.459866e-01 
  568.000  8.451126e-01 
  569.000  8.419626e-01 
  570.000  8.403317e-01 
  571.000  8.407887e-01 
  572.000  8.390185e-01 
  573.000  8.392559e-01 
  574.000  8.380688e-01 
  575.000  8.382351e-01 
  576.000  8.383840e-01 
  577.000  8.389417e-01 
  578.000  8.410597e-01 
  579.000  8.427515e-01 
  580.000  8.442834e-01 
  581.000  8.468298e-01 
  582.000  8.492155e-01 
  583.000  8.513148e-01 
  584.000  8.543304e-01 
  585.000  8.553488e-01 
  586.000  8.568074e-01 
  587.000  8.571122e-01 
  588.000  8.572473e-01 
  589.000  8.492648e-01 
  590.000  8.497918e-01 
  591.000  8.529986e-01 
  592.000  8.466453e-01 
  593.000  8.571283e-01 
  594.000  8.522961e-01 
  595.000  8.556872e-01 
  596.000  8.570884e-01 
  597.000  8.570095e-01 
  598.000  8.571653e-01 
  599.000  8.588402e-01 
  600.000  8.589684e-01 
  601.000  8.604791e-01 
  602.000  8.617103e-01 
  603.000  8.623266e-01 
  604.000  8.630137e-01 
  605.000  8.636221e-01 
  606.000  8.650151e-01 
  607.000  8.661405e-01 
  608.000  8.676020e-01 
  609.000  8.682017e-01 
  610.000  8.694010e-01 
  611.000  8.703551e-01 
  612.000  8.717577e-01 
  613.000  8.729419e-01 
  614.000  8.737960e-01 
  615.000  8.747920e-01 
  616.000  8.761984e-01 
  617.000  8.772146e-01 
  618.000  8.778976e-01 
  619.000  8.789047e-01 
  620.000  8.797755e-01 
  621.000  8.804068e-01 
  622.000  8.806884e-01 
  623.000  8.812799e-01 
  624.000  8.815076e-01 
  625.000  8.818030e-01 
  626.000  8.819115e-01 
  627.000  8.818852e-01 
  628.000  8.617091e-01 
  629.000  8.706648e-01 
  630.000  8.760864e-01 
  631.000  8.827344e-01 
  632.000  8.850704e-01 
  633.000  8.869976e-01 
  634.000  8.895469e-01 
  635.000  8.903145e-01 
  636.000  8.927627e-01 
  637.000  8.956050e-01 
  638.000  8.976126e-01 
  639.000  8.994233e-01 
  640.000  9.005399e-01 
  641.000  9.023671e-01 
  642.000  9.037133e-01 
  643.000  9.041882e-01 
  644.000  9.053757e-01 
  645.000  9.061565e-01 
  646.000  9.045328e-01 
  647.000  9.017811e-01 
  648.000  8.988144e-01 
  649.000  9.026664e-01 
  650.000  9.097747e-01 
  651.000  9.108511e-01 
  652.000  9.097042e-01 
  653.000  9.121938e-01 
  654.000  9.132332e-01 
  655.000  9.065389e-01 
  656.000  9.119940e-01 
  657.000  9.137711e-01 
  658.000  9.168714e-01 
  659.000  9.189339e-01 
  660.000  9.190482e-01 
  661.000  9.205561e-01 
  662.000  9.207991e-01 
  663.000  9.215060e-01 
  664.000  9.222942e-01 
  665.000  9.230255e-01 
  666.000  9.237878e-01 
  667.000  9.249018e-01 
  668.000  9.254318e-01 
  669.000  9.263343e-01 
  670.000  9.268379e-01 
  671.000  9.279150e-01 
  672.000  9.281463e-01 
  673.000  9.290417e-01 
  674.000  9.293854e-01 
  675.000  9.303141e-01 
  676.000  9.305980e-01 
  677.000  9.310865e-01 
  678.000  9.318888e-01 
  679.000  9.323184e-01 
  680.000  9.331660e-01 
  681.000  9.335034e-01 
  682.000  9.346382e-01 
  683.000  9.347218e-01 
  684.000  9.357404e-01 
  685.000  9.363593e-01 
  686.000  9.369434e-01 
  687.000  6.512474e-01 
  688.000  8.176292e-01 
  689.000  8.508349e-01 
  690.000  8.787323e-01 
  691.000  8.944238e-01 
  692.000  9.241393e-01 
  693.000  9.181237e-01 
  694.000  9.092711e-01 
  695.000  9.252666e-01 
  696.000  9.210323e-01 
  697.000  9.407889e-01 
  698.000  9.404113e-01 
  699.000  9.323299e-01 
  700.000  9.336755e-01 
  701.000  9.274848e-01 
  702.000  9.308270e-01 
  703.000  9.337859e-01 
  704.000  9.359275e-01 
  705.000  9.368361e-01 
  706.000  9.401660e-01 
  707.000  9.428440e-01 
  708.000  9.448361e-01 
  709.000  9.451851e-01 
  710.000  9.445356e-01 
  711.000  9.470465e-01 
  712.000  9.459228e-01 
  713.000  9.480143e-01 
  714.000  9.465804e-01 
  715.000  9.428985e-01 
  716.000  9.438147e-01 
  717.000  9.265574e-01 
  718.000  8.777846e-01 
  719.000  8.308697e-01 
  720.000  8.860563e-01 
  721.000  9.374422e-01 
  722.000  9.363554e-01 
  723.000  9.339088e-01 
  724.000  8.691678e-01 
  725.000  8.914099e-01 
  726.000  9.196665e-01 
  727.000  9.073632e-01 
  728.000  8.854383e-01 
  729.000  8.985115e-01 
  730.000  9.238028e-01 
  731.000  9.099891e-01 
  732.000  9.180707e-01 
  733.000  9.389606e-01 
  734.000  9.498973e-01 
  735.000  9.425890e-01 
  736.000  9.478459e-01 
  737.000  9.480600e-01 
  738.000  9.513013e-01 
  739.000  9.523589e-01 
  740.000  9.563583e-01 
  741.000  9.585499e-01 
  742.000  9.591321e-01 
  743.000  9.591457e-01 
  744.000  9.598951e-01 
  745.000  9.603795e-01 
  746.000  9.609797e-01 
  747.000  9.612148e-01 
  748.000  9.614562e-01 
  749.000  9.616145e-01 
  750.000  9.619144e-01 
  751.000  9.620638e-01 
  752.000  9.628075e-01 
  753.000  9.630042e-01 
  754.000  9.632302e-01 
  755.000  9.634628e-01 
  756.000  9.636088e-01 
  757.000  9.639460e-01 
  758.000  9.644310e-01 
  759.000  9.547092e-01 
  760.000  3.494855e-01 
  761.000  2.484500e-01 
  762.000  6.364565e-01 
  763.000  5.333056e-01 
  764.000  5.979952e-01 
  765.000  7.274375e-01 
  766.000  8.531196e-01 
  767.000  8.981193e-01 
  768.000  9.467042e-01 
  769.000  9.597232e-01 
  770.000  9.593737e-01 
  771.000  9.651080e-01 
  772.000  9.669986e-01 
  773.000  9.670975e-01 
  774.000  9.671541e-01 
  775.000  9.672536e-01 
  776.000  9.674103e-01 
  777.000  9.676292e-01 
  778.000  9.677592e-01 
  779.000  9.678913e-01 
  780.000  9.680016e-01 
  781.000  9.683455e-01 
  782.000  9.685725e-01 
  783.000  9.687865e-01 
  784.000  9.686834e-01 
  785.000  9.685683e-01 
  786.000  9.672856e-01 
  787.000  9.673733e-01 
  788.000  9.644976e-01 
  789.000  9.646484e-01 
  790.000  9.596210e-01 
  791.000  9.602993e-01 
  792.000  9.626134e-01 
  793.000  9.641408e-01 
  794.000  9.706994e-01 
  795.000  9.686028e-01 
  796.000  9.546615e-01 
  797.000  9.649391e-01 
  798.000  9.660264e-01 
  799.000  9.682415e-01 
  800.000  9.623874e-01 
  801.000  9.596168e-01 
  802.000  9.636386e-01 
  803.000  9.628905e-01 
  804.000  9.626587e-01 
  805.000  9.653318e-01 
  806.000  9.705422e-01 
  807.000  9.674841e-01 
  808.000  9.707627e-01 
  809.000  9.658275e-01 
  810.000  9.633523e-01 
  811.000  9.643261e-01 
  812.000  9.589707e-01 
  813.000  9.483410e-01 
  814.000  9.296539e-01 
  815.000  9.063202e-01 
  816.000  9.242445e-01 
  817.000  8.411180e-01 
  818.000  8.995159e-01 
  819.000  9.244189e-01 
  820.000  8.920386e-01 
  821.000  9.631780e-01 
  822.000  9.543359e-01 
  823.000  8.166364e-01 
  824.000  9.425274e-01 
  825.000  9.586230e-01 
  826.000  9.416564e-01 
  827.000  9.579299e-01 
  828.000  9.135455e-01 
  829.000  9.480945e-01 
  830.000  9.401205e-01 
  831.000  9.441364e-01 
  832.000  9.437592e-01 
  833.000  9.568411e-01 
  834.000  9.566544e-01 
  835.000  9.639425e-01 
  836.000  9.647712e-01 
  837.000  9.644985e-01 
  838.000  9.693748e-01 
  839.000  9.718139e-01 
  840.000  9.725196e-01 
  841.000  9.725196e-01 
  842.000  9.682882e-01 
  843.000  9.763905e-01 
  844.000  9.716190e-01 
  845.000  9.755694e-01 
  846.000  9.766476e-01 
  847.000  9.774073e-01 
  848.000  9.764916e-01 
  849.000  9.770159e-01 
  850.000  9.769746e-01 
  851.000  9.770725e-01 
  852.000  9.789093e-01 
  853.000  9.793245e-01 
  854.000  9.790632e-01 
  855.000  9.790632e-01 
  856.000  9.794697e-01 
  857.000  9.804375e-01 
  858.000  9.796801e-01 
  859.000  9.802902e-01 
  860.000  9.808125e-01 
  861.000  9.806802e-01 
  862.000  9.810065e-01 
  863.000  9.808760e-01 
  864.000  9.813003e-01 
  865.000  9.813003e-01 
  866.000  9.813262e-01 
  867.000  9.814453e-01 
  868.000  9.814656e-01 
  869.000  9.815325e-01 
  870.000  9.816587e-01 
  871.000  9.817640e-01 
  872.000  9.819157e-01 
  873.000  9.819298e-01 
  874.000  9.819298e-01 
  875.000  9.821781e-01 
  876.000  9.822471e-01 
  877.000  9.822723e-01 
  878.000  9.822903e-01 
  879.000  9.823043e-01 
  880.000  9.825694e-01 
  881.000  9.825694e-01 
  882.000  9.821748e-01 
  883.000  9.823518e-01 
  884.000  9.824802e-01 
  885.000  9.826525e-01 
  886.000  9.798800e-01 
  887.000  9.825675e-01 
  888.000  9.825675e-01 
  889.000  9.819277e-01 
  890.000  9.804462e-01 
  891.000  9.827047e-01 
  892.000  9.802092e-01 
  893.000  9.735082e-01 
  894.000  9.735082e-01 
  895.000  9.575915e-01 
  896.000  9.429370e-01 
  897.000  8.746563e-01 
  898.000  9.397223e-01 
  899.000  8.129141e-01 
  900.000  8.129141e-01 
  901.000  8.416299e-01 
  902.000  8.685203e-01 
  903.000  8.977581e-01 
  904.000  9.634078e-01 
  905.000  9.545684e-01 
  906.000  9.545684e-01 
  907.000  8.840410e-01 
  908.000  8.638032e-01 
  909.000  8.748062e-01 
  910.000  8.597520e-01 
  911.000  8.597520e-01 
  912.000  9.312431e-01 
  913.000  8.957815e-01 
  914.000  8.715094e-01 
  915.000  8.346602e-01 
  916.000  8.346602e-01 
  917.000  9.285228e-01 
  918.000  8.521693e-01 
  919.000  9.113560e-01 
  920.000  9.620496e-01 
  921.000  9.620496e-01 
  922.000  9.489492e-01 
  923.000  9.479772e-01 
  924.000  9.351141e-01 
  925.000  9.351141e-01 
  926.000  9.415969e-01 
  927.000  9.467701e-01 
  928.000  8.711510e-01 
  929.000  8.556738e-01 
  930.000  8.556738e-01 
  931.000  7.383404e-01 
  932.000  5.727415e-01 
  933.000  6.037241e-01 
  934.000  6.037241e-01 
  935.000  5.529200e-01 
  936.000  5.230911e-01 
  937.000  5.176448e-01 
  938.000  5.176448e-01 
  939.000  6.473863e-01 
  940.000  7.696263e-01 
  941.000  7.234604e-01 
  942.000  7.234604e-01 
  943.000  6.267868e-01 
  944.000  6.347965e-01 
  945.000  7.196172e-01 
  946.000  7.196172e-01 
  947.000  6.407394e-01 
  948.000  6.614677e-01 
  949.000  7.196628e-01 
  950.000  7.196628e-01 
  951.000  7.300487e-01 
  952.000  6.383243e-01 
  953.000  7.655143e-01 
  954.000  7.655143e-01 
  955.000  7.604538e-01 
  956.000  6.606313e-01 
  957.000  8.043131e-01 
  958.000  8.043131e-01 
  959.000  7.196224e-01 
  960.000  7.904544e-01 
  961.000  7.904544e-01 
  962.000  8.121423e-01 
  963.000  8.650951e-01 
  964.000  7.821741e-01 
  965.000  7.821741e-01 
  966.000  8.391029e-01 
  967.000  9.065768e-01 
  968.000  9.065768e-01 
  969.000  9.213514e-01 
  970.000  9.491381e-01 
  971.000  9.583486e-01 
  972.000  9.583486e-01 
  973.000  9.471212e-01 
  974.000  8.905947e-01 
  975.000  8.905947e-01 
  976.000  8.752390e-01 
  977.000  9.328876e-01 
  978.000  9.247827e-01 
  979.000  9.247827e-01 
  980.000  9.255679e-01 
  981.000  9.706221e-01 
  982.000  9.706221e-01 
  983.000  9.570069e-01 
  984.000  9.691186e-01 
  985.000  9.691186e-01 
  986.000  9.836355e-01 
  987.000  9.781821e-01 
  988.000  9.781821e-01 
  989.000  9.865788e-01 
  990.000  9.832195e-01 
  991.000  9.832195e-01 
  992.000  9.855536e-01 
  993.000  9.851240e-01 
  994.000  9.851240e-01 
  995.000  9.886472e-01 
  996.000  9.887382e-01 
  997.000  9.887382e-01 
  998.000  9.888002e-01 
  999.000  9.885688e-01 
 1000.000  9.885688e-01 
 1001.000  9.887766e-01 
 1002.000  9.840670e-01 
 1003.000  9.840670e-01 
 1004.000  9.888552e-01 
 1005.000  9.890943e-01 
 1006.000  9.890943e-01 
 1007.000  9.892817e-01 
 1008.000  9.884315e-01 
 1009.000  9.884315e-01 
 1010.000  9.849393e-01 
 1011.000  9.893808e-01 
 1012.000  9.893808e-01 
 1013.000  9.896021e-01 
 1014.000  9.895208e-01 
 1015.000  9.895208e-01 
 1016.000  9.897825e-01 
 1017.000  9.895838e-01 
 1018.000  9.895838e-01 
 1019.000  9.893145e-01 
 1020.000  9.899914e-01 
 1021.000  9.899914e-01 
 1022.000  9.894616e-01 
 1023.000  9.894616e-01 
 1024.000  9.893385e-01 
 1025.000  9.901205e-01 
 1026.000  9.901205e-01 
 1027.000  9.898024e-01 
 1028.000  9.902162e-01 
 1029.000  9.902162e-01 
 1030.000  9.903974e-01 
 1031.000  9.903374e-01 
 1032.000  9.903374e-01 
 1033.000  9.903783e-01 
 1034.000  9.903783e-01 
 1035.000  9.904264e-01 
 1036.000  9.900248e-01 
 1037.000  9.900248e-01 
 1038.000  9.899941e-01 
 1039.000  9.895875e-01 
 1040.000  9.895875e-01 
 1041.000  9.892693e-01 
 1042.000  9.892693e-01 
 1043.000  9.888850e-01 
 1044.000  9.882827e-01 
 1045.000  9.882827e-01 
 1046.000  9.874442e-01 
 1047.000  9.874442e-01 
 1048.000  9.866006e-01 
 1049.000  9.848750e-01 
 1050.000  9.848750e-01 
 1051.000  9.841395e-01 
 1052.000  9.841395e-01 
 1053.000  9.829761e-01 
 1054.000  9.819846e-01 
 1055.000  9.819846e-01 
 1056.000  9.808205e-01 
 1057.000  9.808205e-01 
 1058.000  9.797936e-01 
 1059.000  9.787742e-01 
 1060.000  9.787742e-01 
 1061.000  9.781328e-01 
 1062.000  9.781328e-01 
 1063.000  9.769737e-01 
 1064.000  9.762837e-01 
 1065.000  9.762837e-01 
 1066.000  9.774202e-01 
 1067.000  9.774202e-01 
 1068.000  9.766530e-01 
 1069.000  9.777480e-01 
 1070.000  9.777480e-01 
 1071.000  9.792587e-01 
 1072.000  9.792587e-01 
 1073.000  9.803768e-01 
 1074.000  9.803768e-01 
 1075.000  9.784547e-01 
 1076.000  9.787412e-01 
 1077.000  9.787412e-01 
 1078.000  9.825574e-01 
 1079.000  9.825574e-01 
 1080.000  9.802523e-01 
 1081.000  9.802523e-01 
 1082.000  9.827561e-01 
 1083.000  9.807683e-01 
 1084.000  9.807683e-01 
 1085.000  9.763607e-01 
 1086.000  9.763607e-01 
 1087.000  9.838496e-01 
 1088.000  9.838496e-01 
 1089.000  9.808415e-01 
 1090.000  9.792352e-01 
 1091.000  9.792352e-01 
 1092.000  9.740878e-01 
 1093.000  9.740878e-01 
 1094.000  9.740245e-01 
 1095.000  9.740245e-01 
 1096.000  9.708848e-01 
 1097.000  9.708848e-01 
 1098.000  9.636122e-01 
 1099.000  9.370744e-01 
 1100.000  9.370744e-01 
 1101.000  9.377947e-01 
 1102.000  9.377947e-01 
 1103.000  9.273932e-01 
 1104.000  9.273932e-01 
 1105.000  9.192018e-01 
 1106.000  9.192018e-01 
 1107.000  9.178617e-01 
 1108.000  9.178617e-01 
 1109.000  8.973648e-01 
 1110.000  8.618051e-01 
 1111.000  8.618051e-01 
 1112.000  8.424433e-01 
 1113.000  8.424433e-01 
 1114.000  7.574460e-01 
 1115.000  7.574460e-01 
 1116.000  5.618237e-01 
 1117.000  5.618237e-01 
 1118.000  6.631243e-01 
 1119.000  6.631243e-01 
 1120.000  6.012070e-01 
 1121.000  6.012070e-01 
 1122.000  4.174503e-01 
 1123.000  6.248369e-01 
 1124.000  6.248369e-01 
 1125.000  4.643816e-01 
 1126.000  4.643816e-01 
 1127.000  5.299675e-01 
 1128.000  5.299675e-01 
 1129.000  5.327210e-01 
 1130.000  5.327210e-01 
 1131.000  7.725549e-01 
 1132.000  7.725549e-01 
 1133.000  5.339550e-01 
 1134.000  5.339550e-01 
 1135.000  3.304099e-01 
 1136.000  3.304099e-01 
 1137.000  7.802085e-01 
 1138.000  7.802085e-01 
 1139.000  7.224206e-01 
 1140.000  7.224206e-01 
 1141.000  7.086248e-01 
 1142.000  7.086248e-01 
 1143.000  7.525560e-01 
 1144.000  7.525560e-01 
 1145.000  5.691667e-01 
 1146.000  5.691667e-01 
 1147.000  5.541559e-01 
 1148.000  5.541559e-01 
 1149.000  6.536385e-01 
 1150.000  6.536385e-01 
 1151.000  7.395255e-01 
 1152.000  7.395255e-01 
 1153.000  6.906067e-01 
 1154.000  6.906067e-01 
 1155.000  7.352723e-01 
 1156.000  7.352723e-01 
 1157.000  8.004123e-01 
 1158.000  8.004123e-01 
 1159.000  8.829804e-01 
 1160.000  8.829804e-01 
 1161.000  8.683560e-01 
 1162.000  8.683560e-01 
 1163.000  9.106981e-01 
 1164.000  9.106981e-01 
 1165.000  8.961493e-01 
 1166.000  8.961493e-01 
 1167.000  9.290904e-01 
 1168.000  9.290904e-01 
 1169.000  9.392300e-01 
 1170.000  9.392300e-01 
 1171.000  9.450835e-01 
 1172.000  9.450835e-01 
 1173.000  8.956341e-01 
 1174.000  8.956341e-01 
 1175.000  9.727207e-01 
 1176.000  9.727207e-01 
 1177.000  9.256744e-01 
 1178.000  9.256744e-01 
 1179.000  9.598784e-01 
 1180.000  9.598784e-01 
 1181.000  8.881849e-01 
 1182.000  8.881849e-01 
 1183.000  9.424611e-01 
 1184.000  9.424611e-01 
 1185.000  9.595699e-01 
 1186.000  9.595699e-01 
 1187.000  8.966430e-01 
 1188.000  8.966430e-01 
 1189.000  8.966430e-01 
 1190.000  9.418508e-01 
 1191.000  9.418508e-01 
 1192.000  9.750552e-01 
 1193.000  9.750552e-01 
 1194.000  9.514413e-01 
 1195.000  9.514413e-01 
 1196.000  9.629675e-01 
 1197.000  9.629675e-01 
 1198.000  9.407400e-01 
 1199.000  9.407400e-01 
 1200.000  9.368520e-01 
