  250.000  0.000000e+00 
  251.000  0.000000e+00 
  252.000  0.000000e+00 
  253.000  0.000000e+00 
  254.000  0.000000e+00 
  255.000  0.000000e+00 
  256.000  0.000000e+00 
  257.000  0.000000e+00 
  258.000  0.000000e+00 
  259.000  0.000000e+00 
  260.000  0.000000e+00 
  261.000  0.000000e+00 
  262.000  0.000000e+00 
  263.000  0.000000e+00 
  264.000  0.000000e+00 
  265.000  0.000000e+00 
  266.000  0.000000e+00 
  267.000  0.000000e+00 
  268.000  0.000000e+00 
  269.000  0.000000e+00 
  270.000  0.000000e+00 
  271.000  0.000000e+00 
  272.000  0.000000e+00 
  273.000  0.000000e+00 
  274.000  0.000000e+00 
  275.000  0.000000e+00 
  276.000  0.000000e+00 
  277.000  0.000000e+00 
  278.000  0.000000e+00 
  279.000  0.000000e+00 
  280.000  0.000000e+00 
  281.000  0.000000e+00 
  282.000  0.000000e+00 
  283.000  0.000000e+00 
  284.000  0.000000e+00 
  285.000  0.000000e+00 
  286.000  0.000000e+00 
  287.000  0.000000e+00 
  288.000  0.000000e+00 
  289.000  0.000000e+00 
  290.000  0.000000e+00 
  291.000  4.352856e-12 
  292.000  1.637150e-10 
  293.000  1.402675e-09 
  294.000  1.602271e-08 
  295.000  7.699619e-08 
  296.000  6.976247e-07 
  297.000  2.616221e-06 
  298.000  1.269571e-05 
  299.000  3.725315e-05 
  300.000  1.136563e-04 
  301.000  2.834537e-04 
  302.000  6.061741e-04 
  303.000  1.509681e-03 
  304.000  2.115424e-03 
  305.000  4.438899e-03 
  306.000  6.701098e-03 
  307.000  1.113492e-02 
  308.000  1.538591e-02 
  309.000  2.080324e-02 
  310.000  3.092488e-02 
  311.000  3.620930e-02 
  312.000  4.554309e-02 
  313.000  5.799682e-02 
  314.000  6.374653e-02 
  315.000  8.100309e-02 
  316.000  8.595738e-02 
  317.000  1.006702e-01 
  318.000  1.098104e-01 
  319.000  1.355301e-01 
  320.000  1.189925e-01 
  321.000  1.587783e-01 
  322.000  1.425135e-01 
  323.000  1.618153e-01 
  324.000  1.904989e-01 
  325.000  1.704119e-01 
  326.000  1.996934e-01 
  327.000  2.093866e-01 
  328.000  1.941387e-01 
  329.000  2.288443e-01 
  330.000  2.352156e-01 
  331.000  2.205018e-01 
  332.000  2.453332e-01 
  333.000  2.509827e-01 
  334.000  2.475752e-01 
  335.000  2.639107e-01 
  336.000  2.707016e-01 
  337.000  2.666512e-01 
  338.000  2.775492e-01 
  339.000  2.855411e-01 
  340.000  2.845192e-01 
  341.000  2.935231e-01 
  342.000  2.999012e-01 
  343.000  3.040059e-01 
  344.000  3.028237e-01 
  345.000  3.127031e-01 
  346.000  3.177494e-01 
  347.000  3.220587e-01 
  348.000  3.266323e-01 
  349.000  3.321309e-01 
  350.000  3.364944e-01 
  351.000  3.415844e-01 
  352.000  3.457769e-01 
  353.000  3.508047e-01 
  354.000  3.544176e-01 
  355.000  3.583796e-01 
  356.000  3.634161e-01 
  357.000  3.667070e-01 
  358.000  3.704050e-01 
  359.000  3.740605e-01 
  360.000  3.776319e-01 
  361.000  3.813621e-01 
  362.000  3.871040e-01 
  363.000  3.919933e-01 
  364.000  3.968767e-01 
  365.000  4.009714e-01 
  366.000  4.055466e-01 
  367.000  4.098599e-01 
  368.000  4.139819e-01 
  369.000  4.174603e-01 
  370.000  4.216037e-01 
  371.000  4.259945e-01 
  372.000  4.296177e-01 
  373.000  4.340943e-01 
  374.000  4.383661e-01 
  375.000  4.418367e-01 
  376.000  4.454348e-01 
  377.000  4.495710e-01 
  378.000  4.527895e-01 
  379.000  4.562780e-01 
  380.000  4.596190e-01 
  381.000  4.632823e-01 
  382.000  4.681733e-01 
  383.000  4.731725e-01 
  384.000  4.765798e-01 
  385.000  4.809708e-01 
  386.000  4.844925e-01 
  387.000  4.886431e-01 
  388.000  4.919119e-01 
  389.000  4.952447e-01 
  390.000  4.994218e-01 
  391.000  5.028598e-01 
  392.000  5.057313e-01 
  393.000  5.105913e-01 
  394.000  5.139338e-01 
  395.000  5.171754e-01 
  396.000  5.212665e-01 
  397.000  5.250067e-01 
  398.000  5.275781e-01 
  399.000  5.311668e-01 
  400.000  5.342013e-01 
  401.000  5.382574e-01 
  402.000  5.419191e-01 
  403.000  5.456756e-01 
  404.000  5.481595e-01 
  405.000  5.516206e-01 
  406.000  5.549201e-01 
  407.000  5.591874e-01 
  408.000  5.612548e-01 
  409.000  5.642805e-01 
  410.000  5.675066e-01 
  411.000  5.711042e-01 
  412.000  5.748559e-01 
  413.000  5.768551e-01 
  414.000  5.807168e-01 
  415.000  5.837538e-01 
  416.000  5.876893e-01 
  417.000  5.899940e-01 
  418.000  5.926041e-01 
  419.000  5.963547e-01 
  420.000  5.988583e-01 
  421.000  6.017875e-01 
  422.000  6.041839e-01 
  423.000  6.075035e-01 
  424.000  6.100336e-01 
  425.000  6.138880e-01 
  426.000  6.167710e-01 
  427.000  6.194063e-01 
  428.000  6.217974e-01 
  429.000  6.253208e-01 
  430.000  6.282055e-01 
  431.000  6.293005e-01 
  432.000  6.333902e-01 
  433.000  6.361919e-01 
  434.000  6.379977e-01 
  435.000  6.398637e-01 
  436.000  6.431741e-01 
  437.000  6.474821e-01 
  438.000  6.496682e-01 
  439.000  6.501330e-01 
  440.000  6.533724e-01 
  441.000  6.561945e-01 
  442.000  6.595521e-01 
  443.000  6.612931e-01 
  444.000  6.635168e-01 
  445.000  6.644999e-01 
  446.000  6.675864e-01 
  447.000  6.706887e-01 
  448.000  6.707667e-01 
  449.000  6.749957e-01 
  450.000  6.784178e-01 
  451.000  6.804495e-01 
  452.000  6.821166e-01 
  453.000  6.846429e-01 
  454.000  6.881232e-01 
  455.000  6.892806e-01 
  456.000  6.912864e-01 
  457.000  6.936254e-01 
  458.000  6.950527e-01 
  459.000  6.971403e-01 
  460.000  6.983622e-01 
  461.000  7.005143e-01 
  462.000  7.035290e-01 
  463.000  7.036324e-01 
  464.000  7.066016e-01 
  465.000  7.086458e-01 
  466.000  7.123810e-01 
  467.000  7.134530e-01 
  468.000  7.155972e-01 
  469.000  7.173995e-01 
  470.000  7.193611e-01 
  471.000  7.213117e-01 
  472.000  7.221332e-01 
  473.000  7.226434e-01 
  474.000  7.214694e-01 
  475.000  7.217298e-01 
  476.000  7.225159e-01 
  477.000  7.232904e-01 
  478.000  7.242794e-01 
  479.000  7.262417e-01 
  480.000  7.286506e-01 
  481.000  7.327907e-01 
  482.000  7.361516e-01 
  483.000  7.392247e-01 
  484.000  7.407808e-01 
  485.000  7.420674e-01 
  486.000  7.431718e-01 
  487.000  7.456496e-01 
  488.000  7.469177e-01 
  489.000  7.479007e-01 
  490.000  7.506592e-01 
  491.000  7.523142e-01 
  492.000  7.537858e-01 
  493.000  7.552431e-01 
  494.000  7.562177e-01 
  495.000  7.573438e-01 
  496.000  7.580841e-01 
  497.000  7.593837e-01 
  498.000  7.603250e-01 
  499.000  7.615037e-01 
  500.000  7.623239e-01 
  501.000  7.622604e-01 
  502.000  7.616459e-01 
  503.000  7.608727e-01 
  504.000  7.601253e-01 
  505.000  7.615243e-01 
  506.000  7.634404e-01 
  507.000  7.645563e-01 
  508.000  7.670743e-01 
  509.000  7.685109e-01 
  510.000  7.704273e-01 
  511.000  7.721036e-01 
  512.000  7.732082e-01 
  513.000  7.754903e-01 
  514.000  7.765003e-01 
  515.000  7.783063e-01 
  516.000  7.789999e-01 
  517.000  7.802707e-01 
  518.000  7.805275e-01 
  519.000  7.812776e-01 
  520.000  7.816645e-01 
  521.000  7.826262e-01 
  522.000  7.828428e-01 
  523.000  7.831625e-01 
  524.000  7.834197e-01 
  525.000  7.828762e-01 
  526.000  7.826694e-01 
  527.000  7.826191e-01 
  528.000  7.821330e-01 
  529.000  7.818889e-01 
  530.000  7.816383e-01 
  531.000  7.820646e-01 
  532.000  7.824783e-01 
  533.000  7.832018e-01 
  534.000  7.841957e-01 
  535.000  7.847971e-01 
  536.000  7.858744e-01 
  537.000  7.869789e-01 
  538.000  7.875392e-01 
  539.000  7.879904e-01 
  540.000  7.889876e-01 
  541.000  7.883661e-01 
  542.000  7.889223e-01 
  543.000  7.900131e-01 
  544.000  7.907606e-01 
  545.000  7.903223e-01 
  546.000  7.905418e-01 
  547.000  7.921515e-01 
  548.000  7.935889e-01 
  549.000  7.939392e-01 
  550.000  7.947494e-01 
  551.000  7.955655e-01 
  552.000  7.959360e-01 
  553.000  7.963407e-01 
  554.000  7.969058e-01 
  555.000  7.973468e-01 
  556.000  7.969196e-01 
  557.000  7.961562e-01 
  558.000  7.955514e-01 
  559.000  7.947623e-01 
  560.000  7.940235e-01 
  561.000  7.934322e-01 
  562.000  7.930220e-01 
  563.000  7.922601e-01 
  564.000  7.914754e-01 
  565.000  7.908121e-01 
  566.000  7.905119e-01 
  567.000  7.896857e-01 
  568.000  7.885343e-01 
  569.000  7.843882e-01 
  570.000  7.822440e-01 
  571.000  7.828445e-01 
  572.000  7.805188e-01 
  573.000  7.808306e-01 
  574.000  7.792718e-01 
  575.000  7.794901e-01 
  576.000  7.796857e-01 
  577.000  7.804180e-01 
  578.000  7.832009e-01 
  579.000  7.854259e-01 
  580.000  7.874423e-01 
  581.000  7.907972e-01 
  582.000  7.939444e-01 
  583.000  7.967164e-01 
  584.000  8.007036e-01 
  585.000  8.020515e-01 
  586.000  8.039830e-01 
  587.000  8.043868e-01 
  588.000  8.045657e-01 
  589.000  7.941201e-01 
  590.000  7.947447e-01 
  591.000  7.989723e-01 
  592.000  7.907021e-01 
  593.000  8.044201e-01 
  594.000  7.981000e-01 
  595.000  8.024995e-01 
  596.000  8.043553e-01 
  597.000  8.042507e-01 
  598.000  8.044572e-01 
  599.000  8.066773e-01 
  600.000  8.068474e-01 
  601.000  8.088513e-01 
  602.000  8.104856e-01 
  603.000  8.113042e-01 
  604.000  8.122169e-01 
  605.000  8.130254e-01 
  606.000  8.148775e-01 
  607.000  8.163747e-01 
  608.000  8.183199e-01 
  609.000  8.191187e-01 
  610.000  8.207164e-01 
  611.000  8.219884e-01 
  612.000  8.238589e-01 
  613.000  8.254394e-01 
  614.000  8.265797e-01 
  615.000  8.279103e-01 
  616.000  8.297899e-01 
  617.000  8.311487e-01 
  618.000  8.320627e-01 
  619.000  8.334104e-01 
  620.000  8.345765e-01 
  621.000  8.354220e-01 
  622.000  8.357993e-01 
  623.000  8.365920e-01 
  624.000  8.368972e-01 
  625.000  8.372930e-01 
  626.000  8.374385e-01 
  627.000  8.374034e-01 
  628.000  8.107235e-01 
  629.000  8.234761e-01 
  630.000  8.296402e-01 
  631.000  8.385420e-01 
  632.000  8.416764e-01 
  633.000  8.442650e-01 
  634.000  8.476925e-01 
  635.000  8.487254e-01 
  636.000  8.520221e-01 
  637.000  8.558541e-01 
  638.000  8.585640e-01 
  639.000  8.610100e-01 
  640.000  8.625195e-01 
  641.000  8.649909e-01 
  642.000  8.668134e-01 
  643.000  8.674567e-01 
  644.000  8.690652e-01 
  645.000  8.701237e-01 
  646.000  8.679236e-01 
  647.000  8.642232e-01 
  648.000  8.602729e-01 
  649.000  8.654459e-01 
  650.000  8.750328e-01 
  651.000  8.764945e-01 
  652.000  8.749369e-01 
  653.000  8.783192e-01 
  654.000  8.797323e-01 
  655.000  8.707781e-01 
  656.000  8.780693e-01 
  657.000  8.804775e-01 
  658.000  8.846845e-01 
  659.000  8.874950e-01 
  660.000  8.876510e-01 
  661.000  8.897080e-01 
  662.000  8.900394e-01 
  663.000  8.910041e-01 
  664.000  8.920803e-01 
  665.000  8.930791e-01 
  666.000  8.941205e-01 
  667.000  8.956431e-01 
  668.000  8.963678e-01 
  669.000  8.976020e-01 
  670.000  8.982911e-01 
  671.000  8.997654e-01 
  672.000  9.000819e-01 
  673.000  9.013081e-01 
  674.000  9.017789e-01 
  675.000  9.030512e-01 
  676.000  9.034403e-01 
  677.000  9.041101e-01 
  678.000  9.052098e-01 
  679.000  9.057992e-01 
  680.000  9.069619e-01 
  681.000  9.074250e-01 
  682.000  9.089826e-01 
  683.000  9.090973e-01 
  684.000  9.104964e-01 
  685.000  9.113468e-01 
  686.000  9.121492e-01 
  687.000  5.874367e-01 
  688.000  7.581314e-01 
  689.000  8.008215e-01 
  690.000  8.346021e-01 
  691.000  8.564259e-01 
  692.000  8.948645e-01 
  693.000  8.868540e-01 
  694.000  8.750262e-01 
  695.000  8.964920e-01 
  696.000  8.909904e-01 
  697.000  9.174390e-01 
  698.000  9.169191e-01 
  699.000  9.059373e-01 
  700.000  9.077740e-01 
  701.000  8.993054e-01 
  702.000  9.038650e-01 
  703.000  9.079698e-01 
  704.000  9.108825e-01 
  705.000  9.120797e-01 
  706.000  9.166166e-01 
  707.000  9.202695e-01 
  708.000  9.230158e-01 
  709.000  9.234971e-01 
  710.000  9.226013e-01 
  711.000  9.260658e-01 
  712.000  9.245328e-01 
  713.000  9.274018e-01 
  714.000  9.254223e-01 
  715.000  9.203743e-01 
  716.000  9.216451e-01 
  717.000  8.980853e-01 
  718.000  8.356075e-01 
  719.000  7.851257e-01 
  720.000  8.445446e-01 
  721.000  9.129657e-01 
  722.000  9.115603e-01 
  723.000  9.082230e-01 
  724.000  8.276570e-01 
  725.000  8.517830e-01 
  726.000  8.890007e-01 
  727.000  8.726954e-01 
  728.000  8.440830e-01 
  729.000  8.607137e-01 
  730.000  8.946435e-01 
  731.000  8.760939e-01 
  732.000  8.868332e-01 
  733.000  9.151317e-01 
  734.000  9.300611e-01 
  735.000  9.200801e-01 
  736.000  9.272483e-01 
  737.000  9.275419e-01 
  738.000  9.319760e-01 
  739.000  9.334463e-01 
  740.000  9.389467e-01 
  741.000  9.419858e-01 
  742.000  9.427934e-01 
  743.000  9.428123e-01 
  744.000  9.438527e-01 
  745.000  9.445251e-01 
  746.000  9.453585e-01 
  747.000  9.456849e-01 
  748.000  9.460203e-01 
  749.000  9.462401e-01 
  750.000  9.466567e-01 
  751.000  9.468642e-01 
  752.000  9.478980e-01 
  753.000  9.481714e-01 
  754.000  9.484856e-01 
  755.000  9.488088e-01 
  756.000  9.490119e-01 
  757.000  9.494808e-01 
  758.000  9.501552e-01 
  759.000  9.369389e-01 
  760.000  2.709809e-01 
  761.000  1.639521e-01 
  762.000  5.671802e-01 
  763.000  4.529946e-01 
  764.000  5.285584e-01 
  765.000  6.728584e-01 
  766.000  8.093517e-01 
  767.000  8.622001e-01 
  768.000  9.264049e-01 
  769.000  9.436138e-01 
  770.000  9.432537e-01 
  771.000  9.510971e-01 
  772.000  9.537285e-01 
  773.000  9.538661e-01 
  774.000  9.539449e-01 
  775.000  9.540834e-01 
  776.000  9.543018e-01 
  777.000  9.546065e-01 
  778.000  9.547876e-01 
  779.000  9.549716e-01 
  780.000  9.551253e-01 
  781.000  9.556044e-01 
  782.000  9.559205e-01 
  783.000  9.562188e-01 
  784.000  9.560753e-01 
  785.000  9.559148e-01 
  786.000  9.541280e-01 
  787.000  9.542500e-01 
  788.000  9.502784e-01 
  789.000  9.504880e-01 
  790.000  9.435805e-01 
  791.000  9.445224e-01 
  792.000  9.477000e-01 
  793.000  9.498550e-01 
  794.000  9.588855e-01 
  795.000  9.559628e-01 
  796.000  9.367930e-01 
  797.000  9.509029e-01 
  798.000  9.524107e-01 
  799.000  9.554594e-01 
  800.000  9.474009e-01 
  801.000  9.435849e-01 
  802.000  9.490988e-01 
  803.000  9.480692e-01 
  804.000  9.477518e-01 
  805.000  9.514484e-01 
  806.000  9.586661e-01 
  807.000  9.544313e-01 
  808.000  9.589736e-01 
  809.000  9.521402e-01 
  810.000  9.486975e-01 
  811.000  9.500375e-01 
  812.000  9.426570e-01 
  813.000  9.282271e-01 
  814.000  9.029875e-01 
  815.000  8.735819e-01 
  816.000  8.963176e-01 
  817.000  7.953125e-01 
  818.000  8.669775e-01 
  819.000  8.963752e-01 
  820.000  8.586505e-01 
  821.000  9.485024e-01 
  822.000  9.363357e-01 
  823.000  7.657084e-01 
  824.000  9.202342e-01 
  825.000  9.423484e-01 
  826.000  9.193929e-01 
  827.000  9.413780e-01 
  828.000  8.823197e-01 
  829.000  9.281068e-01 
  830.000  9.174758e-01 
  831.000  9.227953e-01 
  832.000  9.222037e-01 
  833.000  9.397635e-01 
  834.000  9.397202e-01 
  835.000  9.495803e-01 
  836.000  9.507816e-01 
  837.000  9.503634e-01 
  838.000  9.570642e-01 
  839.000  9.604635e-01 
  840.000  9.614481e-01 
  841.000  9.614481e-01 
  842.000  9.555859e-01 
  843.000  9.668317e-01 
  844.000  9.602046e-01 
  845.000  9.656841e-01 
  846.000  9.671911e-01 
  847.000  9.682533e-01 
  848.000  9.669731e-01 
  849.000  9.677060e-01 
  850.000  9.676502e-01 
  851.000  9.677982e-01 
  852.000  9.703546e-01 
  853.000  9.709358e-01 
  854.000  9.705724e-01 
  855.000  9.705724e-01 
  856.000  9.711391e-01 
  857.000  9.724941e-01 
  858.000  9.714335e-01 
  859.000  9.722878e-01 
  860.000  9.730191e-01 
  861.000  9.728338e-01 
  862.000  9.732909e-01 
  863.000  9.731081e-01 
  864.000  9.737024e-01 
  865.000  9.737024e-01 
  866.000  9.737388e-01 
  867.000  9.739056e-01 
  868.000  9.739339e-01 
  869.000  9.740278e-01 
  870.000  9.742046e-01 
  871.000  9.743520e-01 
  872.000  9.745646e-01 
  873.000  9.745843e-01 
  874.000  9.745843e-01 
  875.000  9.749323e-01 
  876.000  9.750288e-01 
  877.000  9.750643e-01 
  878.000  9.750894e-01 
  879.000  9.751092e-01 
  880.000  9.754808e-01 
  881.000  9.754808e-01 
  882.000  9.749275e-01 
  883.000  9.751757e-01 
  884.000  9.753557e-01 
  885.000  9.755971e-01 
  886.000  9.717247e-01 
  887.000  9.754781e-01 
  888.000  9.754781e-01 
  889.000  9.745815e-01 
  890.000  9.725184e-01 
  891.000  9.756702e-01 
  892.000  9.721771e-01 
  893.000  9.628458e-01 
  894.000  9.628458e-01 
  895.000  9.415334e-01 
  896.000  9.216313e-01 
  897.000  8.371534e-01 
  898.000  9.171064e-01 
  899.000  7.687197e-01 
  900.000  7.687197e-01 
  901.000  8.033721e-01 
  902.000  8.334563e-01 
  903.000  8.688887e-01 
  904.000  9.490538e-01 
  905.000  9.374096e-01 
  906.000  9.374096e-01 
  907.000  8.476604e-01 
  908.000  8.276324e-01 
  909.000  8.372906e-01 
  910.000  8.175495e-01 
  911.000  8.175495e-01 
  912.000  9.055907e-01 
  913.000  8.610367e-01 
  914.000  8.324515e-01 
  915.000  7.905906e-01 
  916.000  7.905906e-01 
  917.000  9.014838e-01 
  918.000  8.103766e-01 
  919.000  8.828907e-01 
  920.000  9.470965e-01 
  921.000  9.470965e-01 
  922.000  9.293419e-01 
  923.000  9.280457e-01 
  924.000  9.103589e-01 
  925.000  9.103589e-01 
  926.000  9.191943e-01 
  927.000  9.261745e-01 
  928.000  8.283244e-01 
  929.000  8.083893e-01 
  930.000  8.083893e-01 
  931.000  6.799597e-01 
  932.000  5.077990e-01 
  933.000  5.294964e-01 
  934.000  5.294964e-01 
  935.000  4.866066e-01 
  936.000  4.571564e-01 
  937.000  4.392151e-01 
  938.000  4.392151e-01 
  939.000  5.829484e-01 
  940.000  7.134075e-01 
  941.000  6.634576e-01 
  942.000  6.634576e-01 
  943.000  5.678273e-01 
  944.000  5.780283e-01 
  945.000  6.525300e-01 
  946.000  6.525300e-01 
  947.000  5.782720e-01 
  948.000  5.971000e-01 
  949.000  6.629674e-01 
  950.000  6.629674e-01 
  951.000  6.775610e-01 
  952.000  5.714661e-01 
  953.000  7.073171e-01 
  954.000  7.073171e-01 
  955.000  7.044325e-01 
  956.000  5.986426e-01 
  957.000  7.541879e-01 
  958.000  7.541879e-01 
  959.000  6.513459e-01 
  960.000  7.307740e-01 
  961.000  7.307740e-01 
  962.000  7.650711e-01 
  963.000  8.216327e-01 
  964.000  7.265586e-01 
  965.000  7.265586e-01 
  966.000  7.949880e-01 
  967.000  8.757718e-01 
  968.000  8.757718e-01 
  969.000  8.944114e-01 
  970.000  9.295987e-01 
  971.000  9.421815e-01 
  972.000  9.421815e-01 
  973.000  9.267510e-01 
  974.000  8.550357e-01 
  975.000  8.550357e-01 
  976.000  8.386259e-01 
  977.000  9.097542e-01 
  978.000  8.994603e-01 
  979.000  8.994603e-01 
  980.000  9.002328e-01 
  981.000  9.589128e-01 
  982.000  9.589128e-01 
  983.000  9.410391e-01 
  984.000  9.568958e-01 
  985.000  9.568958e-01 
  986.000  9.769907e-01 
  987.000  9.694030e-01 
  988.000  9.694030e-01 
  989.000  9.811085e-01 
  990.000  9.764133e-01 
  991.000  9.764133e-01 
  992.000  9.796776e-01 
  993.000  9.790757e-01 
  994.000  9.790757e-01 
  995.000  9.840100e-01 
  996.000  9.841380e-01 
  997.000  9.841380e-01 
  998.000  9.842250e-01 
  999.000  9.839001e-01 
 1000.000  9.839001e-01 
 1001.000  9.841920e-01 
 1002.000  9.776176e-01 
 1003.000  9.776176e-01 
 1004.000  9.843022e-01 
 1005.000  9.846384e-01 
 1006.000  9.846384e-01 
 1007.000  9.849018e-01 
 1008.000  9.837068e-01 
 1009.000  9.837068e-01 
 1010.000  9.788343e-01 
 1011.000  9.850410e-01 
 1012.000  9.850410e-01 
 1013.000  9.853520e-01 
 1014.000  9.852378e-01 
 1015.000  9.852378e-01 
 1016.000  9.856057e-01 
 1017.000  9.853264e-01 
 1018.000  9.853264e-01 
 1019.000  9.849478e-01 
 1020.000  9.858994e-01 
 1021.000  9.858994e-01 
 1022.000  9.851547e-01 
 1023.000  9.851547e-01 
 1024.000  9.849817e-01 
 1025.000  9.860809e-01 
 1026.000  9.860809e-01 
 1027.000  9.856337e-01 
 1028.000  9.862154e-01 
 1029.000  9.862154e-01 
 1030.000  9.864702e-01 
 1031.000  9.863858e-01 
 1032.000  9.863858e-01 
 1033.000  9.864434e-01 
 1034.000  9.864434e-01 
 1035.000  9.865111e-01 
 1036.000  9.859463e-01 
 1037.000  9.859463e-01 
 1038.000  9.859033e-01 
 1039.000  9.853314e-01 
 1040.000  9.853314e-01 
 1041.000  9.848845e-01 
 1042.000  9.848845e-01 
 1043.000  9.843441e-01 
 1044.000  9.834978e-01 
 1045.000  9.834978e-01 
 1046.000  9.823200e-01 
 1047.000  9.823200e-01 
 1048.000  9.811357e-01 
 1049.000  9.787138e-01 
 1050.000  9.787138e-01 
 1051.000  9.776819e-01 
 1052.000  9.776819e-01 
 1053.000  9.760509e-01 
 1054.000  9.746610e-01 
 1055.000  9.746610e-01 
 1056.000  9.730303e-01 
 1057.000  9.730303e-01 
 1058.000  9.715924e-01 
 1059.000  9.701658e-01 
 1060.000  9.701658e-01 
 1061.000  9.692681e-01 
 1062.000  9.692681e-01 
 1063.000  9.676470e-01 
 1064.000  9.666825e-01 
 1065.000  9.666825e-01 
 1066.000  9.682714e-01 
 1067.000  9.682714e-01 
 1068.000  9.671986e-01 
 1069.000  9.687301e-01 
 1070.000  9.687301e-01 
 1071.000  9.708438e-01 
 1072.000  9.708438e-01 
 1073.000  9.724090e-01 
 1074.000  9.724090e-01 
 1075.000  9.697498e-01 
 1076.000  9.701583e-01 
 1077.000  9.701583e-01 
 1078.000  9.754754e-01 
 1079.000  9.754754e-01 
 1080.000  9.722762e-01 
 1081.000  9.722762e-01 
 1082.000  9.757651e-01 
 1083.000  9.730136e-01 
 1084.000  9.730136e-01 
 1085.000  9.668778e-01 
 1086.000  9.668778e-01 
 1087.000  9.773179e-01 
 1088.000  9.773179e-01 
 1089.000  9.731518e-01 
 1090.000  9.709576e-01 
 1091.000  9.709576e-01 
 1092.000  9.638050e-01 
 1093.000  9.638050e-01 
 1094.000  9.636917e-01 
 1095.000  9.636917e-01 
 1096.000  9.593647e-01 
 1097.000  9.593647e-01 
 1098.000  9.493342e-01 
 1099.000  9.142640e-01 
 1100.000  9.142640e-01 
 1101.000  9.153469e-01 
 1102.000  9.153469e-01 
 1103.000  9.015375e-01 
 1104.000  9.015375e-01 
 1105.000  8.906757e-01 
 1106.000  8.906757e-01 
 1107.000  8.891934e-01 
 1108.000  8.891934e-01 
 1109.000  8.623466e-01 
 1110.000  8.233835e-01 
 1111.000  8.233835e-01 
 1112.000  7.958371e-01 
 1113.000  7.958371e-01 
 1114.000  7.126958e-01 
 1115.000  7.126958e-01 
 1116.000  4.963636e-01 
 1117.000  4.963636e-01 
 1118.000  6.042369e-01 
 1119.000  6.042369e-01 
 1120.000  5.317456e-01 
 1121.000  5.317456e-01 
 1122.000  3.451161e-01 
 1123.000  5.645434e-01 
 1124.000  5.645434e-01 
 1125.000  3.885380e-01 
 1126.000  3.885380e-01 
 1127.000  4.521903e-01 
 1128.000  4.521903e-01 
 1129.000  4.516980e-01 
 1130.000  4.516980e-01 
 1131.000  7.163465e-01 
 1132.000  7.163465e-01 
 1133.000  4.528078e-01 
 1134.000  4.528078e-01 
 1135.000  2.720439e-01 
 1136.000  2.720439e-01 
 1137.000  7.207296e-01 
 1138.000  7.207296e-01 
 1139.000  6.693736e-01 
 1140.000  6.693736e-01 
 1141.000  6.544310e-01 
 1142.000  6.544310e-01 
 1143.000  6.902207e-01 
 1144.000  6.902207e-01 
 1145.000  4.971592e-01 
 1146.000  4.971592e-01 
 1147.000  4.792361e-01 
 1148.000  4.792361e-01 
 1149.000  5.899169e-01 
 1150.000  5.899169e-01 
 1151.000  6.843759e-01 
 1152.000  6.843759e-01 
 1153.000  6.358302e-01 
 1154.000  6.358302e-01 
 1155.000  6.823984e-01 
 1156.000  6.823984e-01 
 1157.000  7.542539e-01 
 1158.000  7.542539e-01 
 1159.000  8.436430e-01 
 1160.000  8.436430e-01 
 1161.000  8.251215e-01 
 1162.000  8.251215e-01 
 1163.000  8.814898e-01 
 1164.000  8.814898e-01 
 1165.000  8.618687e-01 
 1166.000  8.618687e-01 
 1167.000  9.043384e-01 
 1168.000  9.043384e-01 
 1169.000  9.170107e-01 
 1170.000  9.170107e-01 
 1171.000  9.253787e-01 
 1172.000  9.253787e-01 
 1173.000  8.606219e-01 
 1174.000  8.606219e-01 
 1175.000  9.618706e-01 
 1176.000  9.618706e-01 
 1177.000  9.001529e-01 
 1178.000  9.001529e-01 
 1179.000  9.453267e-01 
 1180.000  9.453267e-01 
 1181.000  8.538610e-01 
 1182.000  8.538610e-01 
 1183.000  9.224398e-01 
 1184.000  9.224398e-01 
 1185.000  9.439002e-01 
 1186.000  9.439002e-01 
 1187.000  8.685555e-01 
 1188.000  8.685555e-01 
 1189.000  8.685555e-01 
 1190.000  9.222384e-01 
 1191.000  9.222384e-01 
 1192.000  9.651245e-01 
 1193.000  9.651245e-01 
 1194.000  9.345057e-01 
 1195.000  9.345057e-01 
 1196.000  9.484636e-01 
 1197.000  9.484636e-01 
 1198.000  9.195868e-01 
 1199.000  9.195868e-01 
 1200.000  9.155470e-01 
