  250.000  0.000000e+00 
  251.000  0.000000e+00 
  252.000  0.000000e+00 
  253.000  0.000000e+00 
  254.000  0.000000e+00 
  255.000  0.000000e+00 
  256.000  0.000000e+00 
  257.000  0.000000e+00 
  258.000  0.000000e+00 
  259.000  0.000000e+00 
  260.000  0.000000e+00 
  261.000  0.000000e+00 
  262.000  0.000000e+00 
  263.000  0.000000e+00 
  264.000  0.000000e+00 
  265.000  0.000000e+00 
  266.000  0.000000e+00 
  267.000  0.000000e+00 
  268.000  0.000000e+00 
  269.000  0.000000e+00 
  270.000  0.000000e+00 
  271.000  0.000000e+00 
  272.000  0.000000e+00 
  273.000  0.000000e+00 
  274.000  0.000000e+00 
  275.000  0.000000e+00 
  276.000  0.000000e+00 
  277.000  0.000000e+00 
  278.000  0.000000e+00 
  279.000  0.000000e+00 
  280.000  0.000000e+00 
  281.000  0.000000e+00 
  282.000  0.000000e+00 
  283.000  0.000000e+00 
  284.000  0.000000e+00 
  285.000  0.000000e+00 
  286.000  0.000000e+00 
  287.000  0.000000e+00 
  288.000  0.000000e+00 
  289.000  0.000000e+00 
  290.000  0.000000e+00 
  291.000  5.562070e-14 
  292.000  3.829156e-12 
  293.000  4.692990e-11 
  294.000  8.044984e-10 
  295.000  5.022045e-09 
  296.000  6.569899e-08 
  297.000  3.071049e-07 
  298.000  1.939098e-06 
  299.000  6.808060e-06 
  300.000  2.501453e-05 
  301.000  7.264891e-05 
  302.000  1.763452e-04 
  303.000  5.113275e-04 
  304.000  7.579323e-04 
  305.000  1.799511e-03 
  306.000  2.909625e-03 
  307.000  5.261805e-03 
  308.000  7.673210e-03 
  309.000  1.090986e-02 
  310.000  1.732577e-02 
  311.000  2.082684e-02 
  312.000  2.721612e-02 
  313.000  3.608318e-02 
  314.000  4.029018e-02 
  315.000  5.328257e-02 
  316.000  5.710362e-02 
  317.000  6.866221e-02 
  318.000  7.598901e-02 
  319.000  9.713484e-02 
  320.000  8.345256e-02 
  321.000  1.168395e-01 
  322.000  1.029988e-01 
  323.000  1.194509e-01 
  324.000  1.445023e-01 
  325.000  1.268868e-01 
  326.000  1.526714e-01 
  327.000  1.613518e-01 
  328.000  1.477284e-01 
  329.000  1.789768e-01 
  330.000  1.848036e-01 
  331.000  1.713881e-01 
  332.000  1.941105e-01 
  333.000  1.993354e-01 
  334.000  1.961816e-01 
  335.000  2.113651e-01 
  336.000  2.177238e-01 
  337.000  2.139279e-01 
  338.000  2.241627e-01 
  339.000  2.317110e-01 
  340.000  2.307439e-01 
  341.000  2.392853e-01 
  342.000  2.453623e-01 
  343.000  2.492847e-01 
  344.000  2.481541e-01 
  345.000  2.576247e-01 
  346.000  2.624815e-01 
  347.000  2.666393e-01 
  348.000  2.710622e-01 
  349.000  2.763933e-01 
  350.000  2.806344e-01 
  351.000  2.855931e-01 
  352.000  2.896867e-01 
  353.000  2.946070e-01 
  354.000  2.981498e-01 
  355.000  3.020418e-01 
  356.000  3.069999e-01 
  357.000  3.102457e-01 
  358.000  3.138988e-01 
  359.000  3.175159e-01 
  360.000  3.210555e-01 
  361.000  3.247584e-01 
  362.000  3.304701e-01 
  363.000  3.353449e-01 
  364.000  3.402239e-01 
  365.000  3.443226e-01 
  366.000  3.489106e-01 
  367.000  3.532439e-01 
  368.000  3.573920e-01 
  369.000  3.608979e-01 
  370.000  3.650804e-01 
  371.000  3.695200e-01 
  372.000  3.731894e-01 
  373.000  3.777299e-01 
  374.000  3.820702e-01 
  375.000  3.856015e-01 
  376.000  3.892675e-01 
  377.000  3.934878e-01 
  378.000  3.967763e-01 
  379.000  4.003451e-01 
  380.000  4.037672e-01 
  381.000  4.075240e-01 
  382.000  4.125479e-01 
  383.000  4.176919e-01 
  384.000  4.212030e-01 
  385.000  4.257341e-01 
  386.000  4.293731e-01 
  387.000  4.336676e-01 
  388.000  4.370541e-01 
  389.000  4.405107e-01 
  390.000  4.448484e-01 
  391.000  4.484232e-01 
  392.000  4.514120e-01 
  393.000  4.564771e-01 
  394.000  4.599653e-01 
  395.000  4.633518e-01 
  396.000  4.676308e-01 
  397.000  4.715477e-01 
  398.000  4.742432e-01 
  399.000  4.780090e-01 
  400.000  4.811965e-01 
  401.000  4.854617e-01 
  402.000  4.893168e-01 
  403.000  4.932763e-01 
  404.000  4.958970e-01 
  405.000  4.995518e-01 
  406.000  5.030397e-01 
  407.000  5.075555e-01 
  408.000  5.097455e-01 
  409.000  5.129529e-01 
  410.000  5.163760e-01 
  411.000  5.201971e-01 
  412.000  5.241860e-01 
  413.000  5.263134e-01 
  414.000  5.304264e-01 
  415.000  5.336640e-01 
  416.000  5.378639e-01 
  417.000  5.403255e-01 
  418.000  5.431154e-01 
  419.000  5.471278e-01 
  420.000  5.498084e-01 
  421.000  5.529472e-01 
  422.000  5.555168e-01 
  423.000  5.590795e-01 
  424.000  5.617969e-01 
  425.000  5.659403e-01 
  426.000  5.690424e-01 
  427.000  5.718800e-01 
  428.000  5.744563e-01 
  429.000  5.782558e-01 
  430.000  5.813692e-01 
  431.000  5.825517e-01 
  432.000  5.869709e-01 
  433.000  5.900011e-01 
  434.000  5.919554e-01 
  435.000  5.939758e-01 
  436.000  5.975624e-01 
  437.000  6.022346e-01 
  438.000  6.046074e-01 
  439.000  6.051121e-01 
  440.000  6.086312e-01 
  441.000  6.116993e-01 
  442.000  6.153525e-01 
  443.000  6.172480e-01 
  444.000  6.196700e-01 
  445.000  6.207414e-01 
  446.000  6.241065e-01 
  447.000  6.274915e-01 
  448.000  6.275765e-01 
  449.000  6.321952e-01 
  450.000  6.359360e-01 
  451.000  6.381584e-01 
  452.000  6.399830e-01 
  453.000  6.427491e-01 
  454.000  6.465625e-01 
  455.000  6.478314e-01 
  456.000  6.500314e-01 
  457.000  6.525981e-01 
  458.000  6.541651e-01 
  459.000  6.564579e-01 
  460.000  6.578005e-01 
  461.000  6.601659e-01 
  462.000  6.634817e-01 
  463.000  6.635955e-01 
  464.000  6.668636e-01 
  465.000  6.691149e-01 
  466.000  6.732314e-01 
  467.000  6.744135e-01 
  468.000  6.767787e-01 
  469.000  6.787678e-01 
  470.000  6.809336e-01 
  471.000  6.830881e-01 
  472.000  6.839960e-01 
  473.000  6.845598e-01 
  474.000  6.832624e-01 
  475.000  6.835501e-01 
  476.000  6.844188e-01 
  477.000  6.852749e-01 
  478.000  6.863682e-01 
  479.000  6.885381e-01 
  480.000  6.912034e-01 
  481.000  6.957874e-01 
  482.000  6.995119e-01 
  483.000  7.029200e-01 
  484.000  7.046465e-01 
  485.000  7.060745e-01 
  486.000  7.073005e-01 
  487.000  7.100527e-01 
  488.000  7.114617e-01 
  489.000  7.125541e-01 
  490.000  7.156214e-01 
  491.000  7.174624e-01 
  492.000  7.191000e-01 
  493.000  7.207220e-01 
  494.000  7.218072e-01 
  495.000  7.230614e-01 
  496.000  7.238861e-01 
  497.000  7.253342e-01 
  498.000  7.263832e-01 
  499.000  7.276971e-01 
  500.000  7.286116e-01 
  501.000  7.285408e-01 
  502.000  7.278557e-01 
  503.000  7.269939e-01 
  504.000  7.261606e-01 
  505.000  7.277201e-01 
  506.000  7.298568e-01 
  507.000  7.311019e-01 
  508.000  7.339114e-01 
  509.000  7.355152e-01 
  510.000  7.376556e-01 
  511.000  7.395284e-01 
  512.000  7.407628e-01 
  513.000  7.433141e-01 
  514.000  7.444437e-01 
  515.000  7.464641e-01 
  516.000  7.472403e-01 
  517.000  7.486627e-01 
  518.000  7.489501e-01 
  519.000  7.497900e-01 
  520.000  7.502231e-01 
  521.000  7.513000e-01 
  522.000  7.515426e-01 
  523.000  7.519007e-01 
  524.000  7.521889e-01 
  525.000  7.515798e-01 
  526.000  7.513486e-01 
  527.000  7.512920e-01 
  528.000  7.507478e-01 
  529.000  7.504743e-01 
  530.000  7.501938e-01 
  531.000  7.506711e-01 
  532.000  7.511344e-01 
  533.000  7.519448e-01 
  534.000  7.530582e-01 
  535.000  7.537320e-01 
  536.000  7.549393e-01 
  537.000  7.561774e-01 
  538.000  7.568054e-01 
  539.000  7.573111e-01 
  540.000  7.584296e-01 
  541.000  7.577325e-01 
  542.000  7.583562e-01 
  543.000  7.595796e-01 
  544.000  7.604182e-01 
  545.000  7.599265e-01 
  546.000  7.601728e-01 
  547.000  7.619788e-01 
  548.000  7.635922e-01 
  549.000  7.639855e-01 
  550.000  7.648951e-01 
  551.000  7.658116e-01 
  552.000  7.662277e-01 
  553.000  7.666821e-01 
  554.000  7.673169e-01 
  555.000  7.678124e-01 
  556.000  7.673326e-01 
  557.000  7.664751e-01 
  558.000  7.657957e-01 
  559.000  7.649096e-01 
  560.000  7.640800e-01 
  561.000  7.634164e-01 
  562.000  7.629558e-01 
  563.000  7.621007e-01 
  564.000  7.612202e-01 
  565.000  7.604761e-01 
  566.000  7.601393e-01 
  567.000  7.592124e-01 
  568.000  7.579210e-01 
  569.000  7.532739e-01 
  570.000  7.508720e-01 
  571.000  7.515447e-01 
  572.000  7.489403e-01 
  573.000  7.492894e-01 
  574.000  7.475446e-01 
  575.000  7.477890e-01 
  576.000  7.480078e-01 
  577.000  7.488275e-01 
  578.000  7.519438e-01 
  579.000  7.544366e-01 
  580.000  7.566966e-01 
  581.000  7.604592e-01 
  582.000  7.639914e-01 
  583.000  7.671043e-01 
  584.000  7.715849e-01 
  585.000  7.731004e-01 
  586.000  7.752730e-01 
  587.000  7.757273e-01 
  588.000  7.759286e-01 
  589.000  7.642590e-01 
  590.000  7.649150e-01 
  591.000  7.696584e-01 
  592.000  7.604467e-01 
  593.000  7.757723e-01 
  594.000  7.687140e-01 
  595.000  7.736043e-01 
  596.000  7.756918e-01 
  597.000  7.755741e-01 
  598.000  7.758065e-01 
  599.000  7.783049e-01 
  600.000  7.784964e-01 
  601.000  7.807527e-01 
  602.000  7.825934e-01 
  603.000  7.835156e-01 
  604.000  7.845441e-01 
  605.000  7.854552e-01 
  606.000  7.875431e-01 
  607.000  7.892314e-01 
  608.000  7.914260e-01 
  609.000  7.923273e-01 
  610.000  7.941306e-01 
  611.000  7.955667e-01 
  612.000  7.976793e-01 
  613.000  7.994648e-01 
  614.000  8.007535e-01 
  615.000  8.022574e-01 
  616.000  8.043829e-01 
  617.000  8.059199e-01 
  618.000  8.069538e-01 
  619.000  8.084790e-01 
  620.000  8.097988e-01 
  621.000  8.107561e-01 
  622.000  8.111833e-01 
  623.000  8.120809e-01 
  624.000  8.124265e-01 
  625.000  8.128748e-01 
  626.000  8.130397e-01 
  627.000  8.129998e-01 
  628.000  7.830145e-01 
  629.000  7.978663e-01 
  630.000  8.042136e-01 
  631.000  8.142897e-01 
  632.000  8.178419e-01 
  633.000  8.207771e-01 
  634.000  8.246660e-01 
  635.000  8.258384e-01 
  636.000  8.295820e-01 
  637.000  8.339366e-01 
  638.000  8.370179e-01 
  639.000  8.398006e-01 
  640.000  8.415186e-01 
  641.000  8.443323e-01 
  642.000  8.464081e-01 
  643.000  8.471411e-01 
  644.000  8.489740e-01 
  645.000  8.501805e-01 
  646.000  8.476731e-01 
  647.000  8.434746e-01 
  648.000  8.390173e-01 
  649.000  8.448830e-01 
  650.000  8.557791e-01 
  651.000  8.574471e-01 
  652.000  8.556697e-01 
  653.000  8.595302e-01 
  654.000  8.611437e-01 
  655.000  8.510140e-01 
  656.000  8.592589e-01 
  657.000  8.620032e-01 
  658.000  8.668018e-01 
  659.000  8.700154e-01 
  660.000  8.701937e-01 
  661.000  8.725467e-01 
  662.000  8.729260e-01 
  663.000  8.740300e-01 
  664.000  8.752617e-01 
  665.000  8.764051e-01 
  666.000  8.775975e-01 
  667.000  8.793413e-01 
  668.000  8.801714e-01 
  669.000  8.815855e-01 
  670.000  8.823751e-01 
  671.000  8.840648e-01 
  672.000  8.844278e-01 
  673.000  8.858335e-01 
  674.000  8.863733e-01 
  675.000  8.878325e-01 
  676.000  8.882789e-01 
  677.000  8.890472e-01 
  678.000  8.903091e-01 
  679.000  8.909853e-01 
  680.000  8.923199e-01 
  681.000  8.928514e-01 
  682.000  8.946397e-01 
  683.000  8.947713e-01 
  684.000  8.963780e-01 
  685.000  8.973550e-01 
  686.000  8.982768e-01 
  687.000  5.556327e-01 
  688.000  7.273433e-01 
  689.000  7.746184e-01 
  690.000  8.107386e-01 
  691.000  8.359352e-01 
  692.000  8.786200e-01 
  693.000  8.695806e-01 
  694.000  8.562071e-01 
  695.000  8.805389e-01 
  696.000  8.744175e-01 
  697.000  9.043573e-01 
  698.000  9.037595e-01 
  699.000  8.912230e-01 
  700.000  8.933257e-01 
  701.000  8.836223e-01 
  702.000  8.888384e-01 
  703.000  8.935789e-01 
  704.000  8.969058e-01 
  705.000  8.982475e-01 
  706.000  9.034346e-01 
  707.000  9.076135e-01 
  708.000  9.107741e-01 
  709.000  9.113281e-01 
  710.000  9.102969e-01 
  711.000  9.142861e-01 
  712.000  9.125324e-01 
  713.000  9.158252e-01 
  714.000  9.135450e-01 
  715.000  9.077528e-01 
  716.000  9.092209e-01 
  717.000  8.822557e-01 
  718.000  8.132738e-01 
  719.000  7.624654e-01 
  720.000  8.220807e-01 
  721.000  8.993003e-01 
  722.000  8.977420e-01 
  723.000  8.939247e-01 
  724.000  8.062314e-01 
  725.000  8.303259e-01 
  726.000  8.720656e-01 
  727.000  8.537170e-01 
  728.000  8.217925e-01 
  729.000  8.400677e-01 
  730.000  8.785225e-01 
  731.000  8.574880e-01 
  732.000  8.695923e-01 
  733.000  9.018408e-01 
  734.000  9.189271e-01 
  735.000  9.075012e-01 
  736.000  9.156996e-01 
  737.000  9.160363e-01 
  738.000  9.211181e-01 
  739.000  9.228183e-01 
  740.000  9.291399e-01 
  741.000  9.326494e-01 
  742.000  9.335823e-01 
  743.000  9.336042e-01 
  744.000  9.348060e-01 
  745.000  9.355831e-01 
  746.000  9.365463e-01 
  747.000  9.369236e-01 
  748.000  9.373113e-01 
  749.000  9.375653e-01 
  750.000  9.380470e-01 
  751.000  9.382869e-01 
  752.000  9.394821e-01 
  753.000  9.397982e-01 
  754.000  9.401616e-01 
  755.000  9.405354e-01 
  756.000  9.407703e-01 
  757.000  9.413126e-01 
  758.000  9.420927e-01 
  759.000  9.269993e-01 
  760.000  2.376170e-01 
  761.000  1.306753e-01 
  762.000  5.359389e-01 
  763.000  4.165645e-01 
  764.000  4.946051e-01 
  765.000  6.448481e-01 
  766.000  7.873530e-01 
  767.000  8.430063e-01 
  768.000  9.151897e-01 
  769.000  9.345302e-01 
  770.000  9.341952e-01 
  771.000  9.431823e-01 
  772.000  9.462274e-01 
  773.000  9.463867e-01 
  774.000  9.464779e-01 
  775.000  9.466382e-01 
  776.000  9.468911e-01 
  777.000  9.472438e-01 
  778.000  9.474535e-01 
  779.000  9.476664e-01 
  780.000  9.478444e-01 
  781.000  9.483991e-01 
  782.000  9.487652e-01 
  783.000  9.491106e-01 
  784.000  9.489443e-01 
  785.000  9.487586e-01 
  786.000  9.466898e-01 
  787.000  9.468311e-01 
  788.000  9.422554e-01 
  789.000  9.424977e-01 
  790.000  9.345627e-01 
  791.000  9.356511e-01 
  792.000  9.393001e-01 
  793.000  9.418128e-01 
  794.000  9.521992e-01 
  795.000  9.488141e-01 
  796.000  9.267830e-01 
  797.000  9.429841e-01 
  798.000  9.447258e-01 
  799.000  9.482312e-01 
  800.000  9.389643e-01 
  801.000  9.345742e-01 
  802.000  9.409012e-01 
  803.000  9.397168e-01 
  804.000  9.393530e-01 
  805.000  9.436152e-01 
  806.000  9.519451e-01 
  807.000  9.470586e-01 
  808.000  9.523014e-01 
  809.000  9.444168e-01 
  810.000  9.404351e-01 
  811.000  9.419753e-01 
  812.000  9.334821e-01 
  813.000  9.170202e-01 
  814.000  8.883049e-01 
  815.000  8.561411e-01 
  816.000  8.811178e-01 
  817.000  7.725372e-01 
  818.000  8.500879e-01 
  819.000  8.810720e-01 
  820.000  8.415584e-01 
  821.000  9.402400e-01 
  822.000  9.262516e-01 
  823.000  7.408277e-01 
  824.000  9.078346e-01 
  825.000  9.332384e-01 
  826.000  9.070941e-01 
  827.000  9.321119e-01 
  828.000  8.654751e-01 
  829.000  9.170211e-01 
  830.000  9.050162e-01 
  831.000  9.110008e-01 
  832.000  9.102759e-01 
  833.000  9.301801e-01 
  834.000  9.302688e-01 
  835.000  9.414963e-01 
  836.000  9.429173e-01 
  837.000  9.424086e-01 
  838.000  9.501070e-01 
  839.000  9.540433e-01 
  840.000  9.551842e-01 
  841.000  9.551842e-01 
  842.000  9.484180e-01 
  843.000  9.614117e-01 
  844.000  9.537510e-01 
  845.000  9.600803e-01 
  846.000  9.618285e-01 
  847.000  9.630610e-01 
  848.000  9.615756e-01 
  849.000  9.624259e-01 
  850.000  9.623623e-01 
  851.000  9.625413e-01 
  852.000  9.654999e-01 
  853.000  9.661744e-01 
  854.000  9.657543e-01 
  855.000  9.657543e-01 
  856.000  9.664105e-01 
  857.000  9.679837e-01 
  858.000  9.667524e-01 
  859.000  9.677444e-01 
  860.000  9.685935e-01 
  861.000  9.683784e-01 
  862.000  9.689093e-01 
  863.000  9.686970e-01 
  864.000  9.693872e-01 
  865.000  9.693872e-01 
  866.000  9.694294e-01 
  867.000  9.696231e-01 
  868.000  9.696562e-01 
  869.000  9.697651e-01 
  870.000  9.699705e-01 
  871.000  9.701418e-01 
  872.000  9.703887e-01 
  873.000  9.704116e-01 
  874.000  9.704116e-01 
  875.000  9.708157e-01 
  876.000  9.709279e-01 
  877.000  9.709692e-01 
  878.000  9.709984e-01 
  879.000  9.710214e-01 
  880.000  9.714530e-01 
  881.000  9.714530e-01 
  882.000  9.708103e-01 
  883.000  9.710986e-01 
  884.000  9.713078e-01 
  885.000  9.715883e-01 
  886.000  9.670979e-01 
  887.000  9.714499e-01 
  888.000  9.714499e-01 
  889.000  9.704082e-01 
  890.000  9.680202e-01 
  891.000  9.716731e-01 
  892.000  9.676182e-01 
  893.000  9.568166e-01 
  894.000  9.568166e-01 
  895.000  9.326887e-01 
  896.000  9.099717e-01 
  897.000  8.183391e-01 
  898.000  9.047066e-01 
  899.000  7.479334e-01 
  900.000  7.479334e-01 
  901.000  7.848912e-01 
  902.000  8.164382e-01 
  903.000  8.544452e-01 
  904.000  9.410287e-01 
  905.000  9.279686e-01 
  906.000  9.279686e-01 
  907.000  8.290693e-01 
  908.000  8.099807e-01 
  909.000  8.183916e-01 
  910.000  7.963237e-01 
  911.000  7.963237e-01 
  912.000  8.915642e-01 
  913.000  8.428565e-01 
  914.000  8.126864e-01 
  915.000  7.692231e-01 
  916.000  7.692231e-01 
  917.000  8.866134e-01 
  918.000  7.896332e-01 
  919.000  8.682016e-01 
  920.000  9.387205e-01 
  921.000  9.387205e-01 
  922.000  9.184830e-01 
  923.000  9.170194e-01 
  924.000  8.966922e-01 
  925.000  8.966922e-01 
  926.000  9.067961e-01 
  927.000  9.147320e-01 
  928.000  8.059815e-01 
  929.000  7.838827e-01 
  930.000  7.838827e-01 
  931.000  6.528854e-01 
  932.000  4.779662e-01 
  933.000  4.937329e-01 
  934.000  4.937329e-01 
  935.000  4.561917e-01 
  936.000  4.273932e-01 
  937.000  4.030190e-01 
  938.000  4.030190e-01 
  939.000  5.514708e-01 
  940.000  6.857533e-01 
  941.000  6.349953e-01 
  942.000  6.349953e-01 
  943.000  5.390151e-01 
  944.000  5.497022e-01 
  945.000  6.210572e-01 
  946.000  6.210572e-01 
  947.000  5.484976e-01 
  948.000  5.683283e-01 
  949.000  6.359103e-01 
  950.000  6.359103e-01 
  951.000  6.534309e-01 
  952.000  5.384987e-01 
  953.000  6.796668e-01 
  954.000  6.796668e-01 
  955.000  6.779761e-01 
  956.000  5.686759e-01 
  957.000  7.302191e-01 
  958.000  7.302191e-01 
  959.000  6.195357e-01 
  960.000  7.014388e-01 
  961.000  7.014388e-01 
  962.000  7.425010e-01 
  963.000  7.992452e-01 
  964.000  7.001919e-01 
  965.000  7.001919e-01 
  966.000  7.731095e-01 
  967.000  8.597219e-01 
  968.000  8.597219e-01 
  969.000  8.801721e-01 
  970.000  9.187767e-01 
  971.000  9.331848e-01 
  972.000  9.331848e-01 
  973.000  9.154552e-01 
  974.000  8.366330e-01 
  975.000  8.366330e-01 
  976.000  8.202901e-01 
  977.000  8.974907e-01 
  978.000  8.861389e-01 
  979.000  8.861389e-01 
  980.000  8.868744e-01 
  981.000  9.523202e-01 
  982.000  9.523202e-01 
  983.000  9.323143e-01 
  984.000  9.500346e-01 
  985.000  9.500346e-01 
  986.000  9.732173e-01 
  987.000  9.644389e-01 
  988.000  9.644389e-01 
  989.000  9.779971e-01 
  990.000  9.725507e-01 
  991.000  9.725507e-01 
  992.000  9.763386e-01 
  993.000  9.756395e-01 
  994.000  9.756395e-01 
  995.000  9.813700e-01 
  996.000  9.815189e-01 
  997.000  9.815189e-01 
  998.000  9.816201e-01 
  999.000  9.812421e-01 
 1000.000  9.812421e-01 
 1001.000  9.815814e-01 
 1002.000  9.739614e-01 
 1003.000  9.739614e-01 
 1004.000  9.817098e-01 
 1005.000  9.821011e-01 
 1006.000  9.821011e-01 
 1007.000  9.824076e-01 
 1008.000  9.810174e-01 
 1009.000  9.810174e-01 
 1010.000  9.753703e-01 
 1011.000  9.825697e-01 
 1012.000  9.825697e-01 
 1013.000  9.829316e-01 
 1014.000  9.827986e-01 
 1015.000  9.827986e-01 
 1016.000  9.832269e-01 
 1017.000  9.829017e-01 
 1018.000  9.829017e-01 
 1019.000  9.824612e-01 
 1020.000  9.835688e-01 
 1021.000  9.835688e-01 
 1022.000  9.827020e-01 
 1023.000  9.827020e-01 
 1024.000  9.825006e-01 
 1025.000  9.837798e-01 
 1026.000  9.837798e-01 
 1027.000  9.832594e-01 
 1028.000  9.839363e-01 
 1029.000  9.839363e-01 
 1030.000  9.842330e-01 
 1031.000  9.841349e-01 
 1032.000  9.841349e-01 
 1033.000  9.842019e-01 
 1034.000  9.842019e-01 
 1035.000  9.842806e-01 
 1036.000  9.836233e-01 
 1037.000  9.836233e-01 
 1038.000  9.835731e-01 
 1039.000  9.829077e-01 
 1040.000  9.829077e-01 
 1041.000  9.823875e-01 
 1042.000  9.823875e-01 
 1043.000  9.817588e-01 
 1044.000  9.807739e-01 
 1045.000  9.807739e-01 
 1046.000  9.794038e-01 
 1047.000  9.794038e-01 
 1048.000  9.780263e-01 
 1049.000  9.752103e-01 
 1050.000  9.752103e-01 
 1051.000  9.740110e-01 
 1052.000  9.740110e-01 
 1053.000  9.721154e-01 
 1054.000  9.705006e-01 
 1055.000  9.705006e-01 
 1056.000  9.686066e-01 
 1057.000  9.686066e-01 
 1058.000  9.669369e-01 
 1059.000  9.652807e-01 
 1060.000  9.652807e-01 
 1061.000  9.642388e-01 
 1062.000  9.642388e-01 
 1063.000  9.623575e-01 
 1064.000  9.612384e-01 
 1065.000  9.612384e-01 
 1066.000  9.630819e-01 
 1067.000  9.630819e-01 
 1068.000  9.618372e-01 
 1069.000  9.636143e-01 
 1070.000  9.636143e-01 
 1071.000  9.660676e-01 
 1072.000  9.660676e-01 
 1073.000  9.678850e-01 
 1074.000  9.678850e-01 
 1075.000  9.648184e-01 
 1076.000  9.652975e-01 
 1077.000  9.652975e-01 
 1078.000  9.714539e-01 
 1079.000  9.714539e-01 
 1080.000  9.677581e-01 
 1081.000  9.677581e-01 
 1082.000  9.717988e-01 
 1083.000  9.686243e-01 
 1084.000  9.686243e-01 
 1085.000  9.615225e-01 
 1086.000  9.615225e-01 
 1087.000  9.736159e-01 
 1088.000  9.736159e-01 
 1089.000  9.688086e-01 
 1090.000  9.662962e-01 
 1091.000  9.662962e-01 
 1092.000  9.580266e-01 
 1093.000  9.580266e-01 
 1094.000  9.578792e-01 
 1095.000  9.578792e-01 
 1096.000  9.528998e-01 
 1097.000  9.528998e-01 
 1098.000  9.413517e-01 
 1099.000  9.019319e-01 
 1100.000  9.019319e-01 
 1101.000  9.032379e-01 
 1102.000  9.032379e-01 
 1103.000  8.876634e-01 
 1104.000  8.876634e-01 
 1105.000  8.754324e-01 
 1106.000  8.754324e-01 
 1107.000  8.739511e-01 
 1108.000  8.739511e-01 
 1109.000  8.439106e-01 
 1110.000  8.046041e-01 
 1111.000  8.046041e-01 
 1112.000  7.726740e-01 
 1113.000  7.726740e-01 
 1114.000  6.902801e-01 
 1115.000  6.902801e-01 
 1116.000  4.664318e-01 
 1117.000  4.664318e-01 
 1118.000  5.748102e-01 
 1119.000  5.748102e-01 
 1120.000  4.987049e-01 
 1121.000  4.987049e-01 
 1122.000  3.139797e-01 
 1123.000  5.361083e-01 
 1124.000  5.361083e-01 
 1125.000  3.540654e-01 
 1126.000  3.540654e-01 
 1127.000  4.164509e-01 
 1128.000  4.164509e-01 
 1129.000  4.135219e-01 
 1130.000  4.135219e-01 
 1131.000  6.888089e-01 
 1132.000  6.888089e-01 
 1133.000  4.152918e-01 
 1134.000  4.152918e-01 
 1135.000  2.468880e-01 
 1136.000  2.468880e-01 
 1137.000  6.910447e-01 
 1138.000  6.910447e-01 
 1139.000  6.426793e-01 
 1140.000  6.426793e-01 
 1141.000  6.279064e-01 
 1142.000  6.279064e-01 
 1143.000  6.604807e-01 
 1144.000  6.604807e-01 
 1145.000  4.617089e-01 
 1146.000  4.617089e-01 
 1147.000  4.444622e-01 
 1148.000  4.444622e-01 
 1149.000  5.599195e-01 
 1150.000  5.599195e-01 
 1151.000  6.558806e-01 
 1152.000  6.558806e-01 
 1153.000  6.079499e-01 
 1154.000  6.079499e-01 
 1155.000  6.556273e-01 
 1156.000  6.556273e-01 
 1157.000  7.323221e-01 
 1158.000  7.323221e-01 
 1159.000  8.230476e-01 
 1160.000  8.230476e-01 
 1161.000  8.027198e-01 
 1162.000  8.027198e-01 
 1163.000  8.663174e-01 
 1164.000  8.663174e-01 
 1165.000  8.440433e-01 
 1166.000  8.440433e-01 
 1167.000  8.911470e-01 
 1168.000  8.911470e-01 
 1169.000  9.049637e-01 
 1170.000  9.049637e-01 
 1171.000  9.147584e-01 
 1172.000  9.147584e-01 
 1173.000  8.423268e-01 
 1174.000  8.423268e-01 
 1175.000  9.557677e-01 
 1176.000  9.557677e-01 
 1177.000  8.866705e-01 
 1178.000  8.866705e-01 
 1179.000  9.374527e-01 
 1180.000  9.374527e-01 
 1181.000  8.364940e-01 
 1182.000  8.364940e-01 
 1183.000  9.117860e-01 
 1184.000  9.117860e-01 
 1185.000  9.351873e-01 
 1186.000  9.351873e-01 
 1187.000  8.546176e-01 
 1188.000  8.546176e-01 
 1189.000  8.546176e-01 
 1190.000  9.119223e-01 
 1191.000  9.119223e-01 
 1192.000  9.595363e-01 
 1193.000  9.595363e-01 
 1194.000  9.254916e-01 
 1195.000  9.254916e-01 
 1196.000  9.403617e-01 
 1197.000  9.403617e-01 
 1198.000  9.082346e-01 
 1199.000  9.082346e-01 
 1200.000  9.043608e-01 
