  250.000  0.000000e+00 
  251.000  0.000000e+00 
  252.000  0.000000e+00 
  253.000  0.000000e+00 
  254.000  0.000000e+00 
  255.000  0.000000e+00 
  256.000  0.000000e+00 
  257.000  0.000000e+00 
  258.000  0.000000e+00 
  259.000  0.000000e+00 
  260.000  0.000000e+00 
  261.000  0.000000e+00 
  262.000  0.000000e+00 
  263.000  0.000000e+00 
  264.000  0.000000e+00 
  265.000  0.000000e+00 
  266.000  0.000000e+00 
  267.000  0.000000e+00 
  268.000  0.000000e+00 
  269.000  0.000000e+00 
  270.000  0.000000e+00 
  271.000  0.000000e+00 
  272.000  0.000000e+00 
  273.000  0.000000e+00 
  274.000  0.000000e+00 
  275.000  0.000000e+00 
  276.000  0.000000e+00 
  277.000  0.000000e+00 
  278.000  0.000000e+00 
  279.000  0.000000e+00 
  280.000  0.000000e+00 
  281.000  0.000000e+00 
  282.000  0.000000e+00 
  283.000  0.000000e+00 
  284.000  0.000000e+00 
  285.000  0.000000e+00 
  286.000  0.000000e+00 
  287.000  0.000000e+00 
  288.000  0.000000e+00 
  289.000  0.000000e+00 
  290.000  0.000000e+00 
  291.000  4.920443e-13 
  292.000  2.503772e-11 
  293.000  2.565679e-10 
  294.000  3.590292e-09 
  295.000  1.966411e-08 
  296.000  2.140867e-07 
  297.000  8.963549e-07 
  298.000  4.961669e-06 
  299.000  1.592549e-05 
  300.000  5.332028e-05 
  301.000  1.435011e-04 
  302.000  3.269491e-04 
  303.000  8.786012e-04 
  304.000  1.266233e-03 
  305.000  2.826276e-03 
  306.000  4.415615e-03 
  307.000  7.654392e-03 
  308.000  1.086551e-02 
  309.000  1.506520e-02 
  310.000  2.314729e-02 
  311.000  2.746134e-02 
  312.000  3.520660e-02 
  313.000  4.574613e-02 
  314.000  5.067897e-02 
  315.000  6.569665e-02 
  316.000  7.006051e-02 
  317.000  8.313987e-02 
  318.000  9.134758e-02 
  319.000  1.147375e-01 
  320.000  9.965053e-02 
  321.000  1.362041e-01 
  322.000  1.211557e-01 
  323.000  1.390287e-01 
  324.000  1.659142e-01 
  325.000  1.470477e-01 
  326.000  1.746065e-01 
  327.000  1.838067e-01 
  328.000  1.693511e-01 
  329.000  2.023803e-01 
  330.000  2.084914e-01 
  331.000  1.944000e-01 
  332.000  2.182240e-01 
  333.000  2.236732e-01 
  334.000  2.203853e-01 
  335.000  2.361811e-01 
  336.000  2.427719e-01 
  337.000  2.388390e-01 
  338.000  2.494317e-01 
  339.000  2.572217e-01 
  340.000  2.562246e-01 
  341.000  2.650203e-01 
  342.000  2.712645e-01 
  343.000  2.752889e-01 
  344.000  2.741293e-01 
  345.000  2.838310e-01 
  346.000  2.887963e-01 
  347.000  2.930418e-01 
  348.000  2.975528e-01 
  349.000  3.029831e-01 
  350.000  3.072977e-01 
  351.000  3.123365e-01 
  352.000  3.164916e-01 
  353.000  3.214801e-01 
  354.000  3.250684e-01 
  355.000  3.290070e-01 
  356.000  3.340190e-01 
  357.000  3.372970e-01 
  358.000  3.409834e-01 
  359.000  3.446305e-01 
  360.000  3.481964e-01 
  361.000  3.519239e-01 
  362.000  3.576678e-01 
  363.000  3.625644e-01 
  364.000  3.674600e-01 
  365.000  3.715689e-01 
  366.000  3.761642e-01 
  367.000  3.805004e-01 
  368.000  3.846476e-01 
  369.000  3.881502e-01 
  370.000  3.923254e-01 
  371.000  3.967536e-01 
  372.000  4.004107e-01 
  373.000  4.049325e-01 
  374.000  4.092512e-01 
  375.000  4.127625e-01 
  376.000  4.164052e-01 
  377.000  4.205956e-01 
  378.000  4.238586e-01 
  379.000  4.273975e-01 
  380.000  4.307889e-01 
  381.000  4.345096e-01 
  382.000  4.394814e-01 
  383.000  4.445675e-01 
  384.000  4.480366e-01 
  385.000  4.525104e-01 
  386.000  4.561009e-01 
  387.000  4.603354e-01 
  388.000  4.636724e-01 
  389.000  4.670767e-01 
  390.000  4.713459e-01 
  391.000  4.748621e-01 
  392.000  4.778003e-01 
  393.000  4.827766e-01 
  394.000  4.862012e-01 
  395.000  4.895244e-01 
  396.000  4.937208e-01 
  397.000  4.975598e-01 
  398.000  5.002003e-01 
  399.000  5.038874e-01 
  400.000  5.070066e-01 
  401.000  5.111783e-01 
  402.000  5.149466e-01 
  403.000  5.188149e-01 
  404.000  5.213738e-01 
  405.000  5.249409e-01 
  406.000  5.283435e-01 
  407.000  5.327463e-01 
  408.000  5.348804e-01 
  409.000  5.380049e-01 
  410.000  5.413379e-01 
  411.000  5.450566e-01 
  412.000  5.489366e-01 
  413.000  5.510050e-01 
  414.000  5.550023e-01 
  415.000  5.581473e-01 
  416.000  5.622249e-01 
  417.000  5.646139e-01 
  418.000  5.673203e-01 
  419.000  5.712112e-01 
  420.000  5.738095e-01 
  421.000  5.768507e-01 
  422.000  5.793395e-01 
  423.000  5.827887e-01 
  424.000  5.854186e-01 
  425.000  5.894268e-01 
  426.000  5.924263e-01 
  427.000  5.951689e-01 
  428.000  5.976583e-01 
  429.000  6.013280e-01 
  430.000  6.043338e-01 
  431.000  6.054751e-01 
  432.000  6.097389e-01 
  433.000  6.126613e-01 
  434.000  6.145455e-01 
  435.000  6.164929e-01 
  436.000  6.199489e-01 
  437.000  6.244487e-01 
  438.000  6.267329e-01 
  439.000  6.272187e-01 
  440.000  6.306051e-01 
  441.000  6.335564e-01 
  442.000  6.370691e-01 
  443.000  6.388911e-01 
  444.000  6.412187e-01 
  445.000  6.422480e-01 
  446.000  6.454804e-01 
  447.000  6.487306e-01 
  448.000  6.488122e-01 
  449.000  6.532450e-01 
  450.000  6.568335e-01 
  451.000  6.589648e-01 
  452.000  6.607140e-01 
  453.000  6.633653e-01 
  454.000  6.670192e-01 
  455.000  6.682347e-01 
  456.000  6.703416e-01 
  457.000  6.727991e-01 
  458.000  6.742991e-01 
  459.000  6.764933e-01 
  460.000  6.777780e-01 
  461.000  6.800410e-01 
  462.000  6.832120e-01 
  463.000  6.833208e-01 
  464.000  6.864451e-01 
  465.000  6.885967e-01 
  466.000  6.925295e-01 
  467.000  6.936586e-01 
  468.000  6.959173e-01 
  469.000  6.978164e-01 
  470.000  6.998836e-01 
  471.000  7.019397e-01 
  472.000  7.028059e-01 
  473.000  7.033439e-01 
  474.000  7.021060e-01 
  475.000  7.023805e-01 
  476.000  7.032093e-01 
  477.000  7.040260e-01 
  478.000  7.050690e-01 
  479.000  7.071387e-01 
  480.000  7.096800e-01 
  481.000  7.140494e-01 
  482.000  7.175979e-01 
  483.000  7.208439e-01 
  484.000  7.224878e-01 
  485.000  7.238472e-01 
  486.000  7.250143e-01 
  487.000  7.276335e-01 
  488.000  7.289742e-01 
  489.000  7.300135e-01 
  490.000  7.329309e-01 
  491.000  7.346816e-01 
  492.000  7.362387e-01 
  493.000  7.377806e-01 
  494.000  7.388121e-01 
  495.000  7.400041e-01 
  496.000  7.407877e-01 
  497.000  7.421637e-01 
  498.000  7.431603e-01 
  499.000  7.444085e-01 
  500.000  7.452771e-01 
  501.000  7.452099e-01 
  502.000  7.445590e-01 
  503.000  7.437403e-01 
  504.000  7.429488e-01 
  505.000  7.444304e-01 
  506.000  7.464597e-01 
  507.000  7.476419e-01 
  508.000  7.503096e-01 
  509.000  7.518320e-01 
  510.000  7.538633e-01 
  511.000  7.556404e-01 
  512.000  7.568116e-01 
  513.000  7.592317e-01 
  514.000  7.603031e-01 
  515.000  7.622189e-01 
  516.000  7.629549e-01 
  517.000  7.643033e-01 
  518.000  7.645758e-01 
  519.000  7.653719e-01 
  520.000  7.657824e-01 
  521.000  7.668031e-01 
  522.000  7.670330e-01 
  523.000  7.673724e-01 
  524.000  7.676455e-01 
  525.000  7.670685e-01 
  526.000  7.668491e-01 
  527.000  7.667956e-01 
  528.000  7.662798e-01 
  529.000  7.660206e-01 
  530.000  7.657547e-01 
  531.000  7.662071e-01 
  532.000  7.666461e-01 
  533.000  7.674142e-01 
  534.000  7.684692e-01 
  535.000  7.691077e-01 
  536.000  7.702516e-01 
  537.000  7.714245e-01 
  538.000  7.720194e-01 
  539.000  7.724984e-01 
  540.000  7.735577e-01 
  541.000  7.728975e-01 
  542.000  7.734882e-01 
  543.000  7.746469e-01 
  544.000  7.754410e-01 
  545.000  7.749754e-01 
  546.000  7.752086e-01 
  547.000  7.769186e-01 
  548.000  7.784461e-01 
  549.000  7.788184e-01 
  550.000  7.796794e-01 
  551.000  7.805468e-01 
  552.000  7.809405e-01 
  553.000  7.813708e-01 
  554.000  7.819713e-01 
  555.000  7.824402e-01 
  556.000  7.819861e-01 
  557.000  7.811746e-01 
  558.000  7.805317e-01 
  559.000  7.796931e-01 
  560.000  7.789078e-01 
  561.000  7.782796e-01 
  562.000  7.778437e-01 
  563.000  7.770341e-01 
  564.000  7.762004e-01 
  565.000  7.754956e-01 
  566.000  7.751769e-01 
  567.000  7.742992e-01 
  568.000  7.730762e-01 
  569.000  7.686737e-01 
  570.000  7.663975e-01 
  571.000  7.670349e-01 
  572.000  7.645666e-01 
  573.000  7.648975e-01 
  574.000  7.632434e-01 
  575.000  7.634751e-01 
  576.000  7.636825e-01 
  577.000  7.644595e-01 
  578.000  7.674132e-01 
  579.000  7.697753e-01 
  580.000  7.719164e-01 
  581.000  7.754800e-01 
  582.000  7.788238e-01 
  583.000  7.817702e-01 
  584.000  7.860094e-01 
  585.000  7.874429e-01 
  586.000  7.894975e-01 
  587.000  7.899270e-01 
  588.000  7.901174e-01 
  589.000  7.790440e-01 
  590.000  7.796863e-01 
  591.000  7.841778e-01 
  592.000  7.754235e-01 
  593.000  7.899661e-01 
  594.000  7.832671e-01 
  595.000  7.879195e-01 
  596.000  7.898935e-01 
  597.000  7.897822e-01 
  598.000  7.900019e-01 
  599.000  7.923641e-01 
  600.000  7.925450e-01 
  601.000  7.946778e-01 
  602.000  7.964173e-01 
  603.000  7.972888e-01 
  604.000  7.982606e-01 
  605.000  7.991214e-01 
  606.000  8.010938e-01 
  607.000  8.026882e-01 
  608.000  8.047606e-01 
  609.000  8.056116e-01 
  610.000  8.073141e-01 
  611.000  8.086697e-01 
  612.000  8.106634e-01 
  613.000  8.123482e-01 
  614.000  8.135642e-01 
  615.000  8.149829e-01 
  616.000  8.169877e-01 
  617.000  8.184370e-01 
  618.000  8.194121e-01 
  619.000  8.208501e-01 
  620.000  8.220942e-01 
  621.000  8.229966e-01 
  622.000  8.233992e-01 
  623.000  8.242453e-01 
  624.000  8.245711e-01 
  625.000  8.249936e-01 
  626.000  8.251489e-01 
  627.000  8.251114e-01 
  628.000  7.967428e-01 
  629.000  8.105536e-01 
  630.000  8.168279e-01 
  631.000  8.263269e-01 
  632.000  8.296735e-01 
  633.000  8.324382e-01 
  634.000  8.361000e-01 
  635.000  8.372037e-01 
  636.000  8.407272e-01 
  637.000  8.448244e-01 
  638.000  8.477225e-01 
  639.000  8.503391e-01 
  640.000  8.519543e-01 
  641.000  8.545992e-01 
  642.000  8.565499e-01 
  643.000  8.572387e-01 
  644.000  8.589609e-01 
  645.000  8.600942e-01 
  646.000  8.577385e-01 
  647.000  8.537853e-01 
  648.000  8.495768e-01 
  649.000  8.551014e-01 
  650.000  8.653523e-01 
  651.000  8.669184e-01 
  652.000  8.652496e-01 
  653.000  8.688739e-01 
  654.000  8.703883e-01 
  655.000  8.608363e-01 
  656.000  8.686128e-01 
  657.000  8.711911e-01 
  658.000  8.756976e-01 
  659.000  8.787118e-01 
  660.000  8.788790e-01 
  661.000  8.810856e-01 
  662.000  8.814412e-01 
  663.000  8.824762e-01 
  664.000  8.836310e-01 
  665.000  8.847028e-01 
  666.000  8.858205e-01 
  667.000  8.874548e-01 
  668.000  8.882326e-01 
  669.000  8.895577e-01 
  670.000  8.902977e-01 
  671.000  8.918805e-01 
  672.000  8.922205e-01 
  673.000  8.935373e-01 
  674.000  8.940429e-01 
  675.000  8.954095e-01 
  676.000  8.958275e-01 
  677.000  8.965470e-01 
  678.000  8.977284e-01 
  679.000  8.983616e-01 
  680.000  8.996111e-01 
  681.000  9.001086e-01 
  682.000  9.017828e-01 
  683.000  9.019060e-01 
  684.000  9.034096e-01 
  685.000  9.043238e-01 
  686.000  9.051864e-01 
  687.000  5.711577e-01 
  688.000  7.424666e-01 
  689.000  7.875189e-01 
  690.000  8.225515e-01 
  691.000  8.460749e-01 
  692.000  8.866991e-01 
  693.000  8.781645e-01 
  694.000  8.655506e-01 
  695.000  8.884716e-01 
  696.000  8.826512e-01 
  697.000  9.108746e-01 
  698.000  9.103156e-01 
  699.000  8.985471e-01 
  700.000  9.005184e-01 
  701.000  8.914266e-01 
  702.000  8.963175e-01 
  703.000  9.007420e-01 
  704.000  9.038641e-01 
  705.000  9.051351e-01 
  706.000  9.100009e-01 
  707.000  9.139196e-01 
  708.000  9.168745e-01 
  709.000  9.173924e-01 
  710.000  9.164285e-01 
  711.000  9.201571e-01 
  712.000  9.185123e-01 
  713.000  9.215953e-01 
  714.000  9.194645e-01 
  715.000  9.140412e-01 
  716.000  9.154108e-01 
  717.000  8.901313e-01 
  718.000  8.242894e-01 
  719.000  7.735302e-01 
  720.000  8.332025e-01 
  721.000  9.061043e-01 
  722.000  9.046201e-01 
  723.000  9.010401e-01 
  724.000  8.167565e-01 
  725.000  8.409507e-01 
  726.000  8.804809e-01 
  727.000  8.631330e-01 
  728.000  8.328204e-01 
  729.000  8.503066e-01 
  730.000  8.865349e-01 
  731.000  8.667231e-01 
  732.000  8.781587e-01 
  733.000  9.084573e-01 
  734.000  9.244759e-01 
  735.000  9.137653e-01 
  736.000  9.214542e-01 
  737.000  9.217691e-01 
  738.000  9.265305e-01 
  739.000  9.281162e-01 
  740.000  9.340304e-01 
  741.000  9.373060e-01 
  742.000  9.381765e-01 
  743.000  9.381970e-01 
  744.000  9.393184e-01 
  745.000  9.400434e-01 
  746.000  9.409422e-01 
  747.000  9.412940e-01 
  748.000  9.416557e-01 
  749.000  9.418927e-01 
  750.000  9.423420e-01 
  751.000  9.425658e-01 
  752.000  9.436806e-01 
  753.000  9.439756e-01 
  754.000  9.443144e-01 
  755.000  9.446630e-01 
  756.000  9.448821e-01 
  757.000  9.453878e-01 
  758.000  9.461154e-01 
  759.000  9.319500e-01 
  760.000  2.534871e-01 
  761.000  1.462469e-01 
  762.000  5.509714e-01 
  763.000  4.341153e-01 
  764.000  5.111220e-01 
  765.000  6.585857e-01 
  766.000  7.981086e-01 
  767.000  8.524883e-01 
  768.000  9.207637e-01 
  769.000  9.390610e-01 
  770.000  9.387104e-01 
  771.000  9.471315e-01 
  772.000  9.499705e-01 
  773.000  9.501190e-01 
  774.000  9.502040e-01 
  775.000  9.503535e-01 
  776.000  9.505892e-01 
  777.000  9.509180e-01 
  778.000  9.511135e-01 
  779.000  9.513120e-01 
  780.000  9.514779e-01 
  781.000  9.519949e-01 
  782.000  9.523361e-01 
  783.000  9.526581e-01 
  784.000  9.525031e-01 
  785.000  9.523300e-01 
  786.000  9.504017e-01 
  787.000  9.505334e-01 
  788.000  9.462578e-01 
  789.000  9.464840e-01 
  790.000  9.390583e-01 
  791.000  9.400739e-01 
  792.000  9.434892e-01 
  793.000  9.458230e-01 
  794.000  9.555365e-01 
  795.000  9.523817e-01 
  796.000  9.317700e-01 
  797.000  9.469344e-01 
  798.000  9.485596e-01 
  799.000  9.518384e-01 
  800.000  9.431711e-01 
  801.000  9.390658e-01 
  802.000  9.449903e-01 
  803.000  9.438823e-01 
  804.000  9.435419e-01 
  805.000  9.475225e-01 
  806.000  9.552997e-01 
  807.000  9.507369e-01 
  808.000  9.556317e-01 
  809.000  9.482692e-01 
  810.000  9.445561e-01 
  811.000  9.459969e-01 
  812.000  9.380563e-01 
  813.000  9.225981e-01 
  814.000  8.955970e-01 
  815.000  8.647529e-01 
  816.000  8.886511e-01 
  817.000  7.836530e-01 
  818.000  8.583919e-01 
  819.000  8.886601e-01 
  820.000  8.499439e-01 
  821.000  9.443602e-01 
  822.000  9.312759e-01 
  823.000  7.529316e-01 
  824.000  9.140040e-01 
  825.000  9.377764e-01 
  826.000  9.132062e-01 
  827.000  9.367278e-01 
  828.000  8.738105e-01 
  829.000  9.225340e-01 
  830.000  9.112036e-01 
  831.000  9.168624e-01 
  832.000  9.162053e-01 
  833.000  9.349560e-01 
  834.000  9.349743e-01 
  835.000  9.455271e-01 
  836.000  9.468377e-01 
  837.000  9.463751e-01 
  838.000  9.535788e-01 
  839.000  9.572474e-01 
  840.000  9.583104e-01 
  841.000  9.583104e-01 
  842.000  9.519935e-01 
  843.000  9.641179e-01 
  844.000  9.569713e-01 
  845.000  9.628780e-01 
  846.000  9.645061e-01 
  847.000  9.656537e-01 
  848.000  9.642706e-01 
  849.000  9.650623e-01 
  850.000  9.650022e-01 
  851.000  9.651660e-01 
  852.000  9.679242e-01 
  853.000  9.685521e-01 
  854.000  9.681603e-01 
  855.000  9.681603e-01 
  856.000  9.687719e-01 
  857.000  9.702361e-01 
  858.000  9.690901e-01 
  859.000  9.700134e-01 
  860.000  9.708037e-01 
  861.000  9.706035e-01 
  862.000  9.710976e-01 
  863.000  9.709001e-01 
  864.000  9.715424e-01 
  865.000  9.715424e-01 
  866.000  9.715817e-01 
  867.000  9.717620e-01 
  868.000  9.717928e-01 
  869.000  9.718940e-01 
  870.000  9.720852e-01 
  871.000  9.722447e-01 
  872.000  9.724744e-01 
  873.000  9.724958e-01 
  874.000  9.724958e-01 
  875.000  9.728718e-01 
  876.000  9.729762e-01 
  877.000  9.730145e-01 
  878.000  9.730418e-01 
  879.000  9.730631e-01 
  880.000  9.734647e-01 
  881.000  9.734647e-01 
  882.000  9.728667e-01 
  883.000  9.731350e-01 
  884.000  9.733297e-01 
  885.000  9.735906e-01 
  886.000  9.694083e-01 
  887.000  9.734619e-01 
  888.000  9.734619e-01 
  889.000  9.724926e-01 
  890.000  9.702665e-01 
  891.000  9.736696e-01 
  892.000  9.698948e-01 
  893.000  9.598256e-01 
  894.000  9.598256e-01 
  895.000  9.370819e-01 
  896.000  9.157562e-01 
  897.000  8.275329e-01 
  898.000  9.108602e-01 
  899.000  7.579928e-01 
  900.000  7.579928e-01 
  901.000  7.938836e-01 
  902.000  8.247127e-01 
  903.000  8.615081e-01 
  904.000  9.450254e-01 
  905.000  9.326571e-01 
  906.000  9.326571e-01 
  907.000  8.381831e-01 
  908.000  8.185746e-01 
  909.000  8.276354e-01 
  910.000  8.067005e-01 
  911.000  8.067005e-01 
  912.000  8.985217e-01 
  913.000  8.518057e-01 
  914.000  8.223611e-01 
  915.000  7.796095e-01 
  916.000  7.796095e-01 
  917.000  8.939973e-01 
  918.000  7.997577e-01 
  919.000  8.754151e-01 
  920.000  9.428937e-01 
  921.000  9.428937e-01 
  922.000  9.238814e-01 
  923.000  9.225003e-01 
  924.000  9.034829e-01 
  925.000  9.034829e-01 
  926.000  9.129593e-01 
  927.000  9.204242e-01 
  928.000  8.169728e-01 
  929.000  7.959239e-01 
  930.000  7.959239e-01 
  931.000  6.659621e-01 
  932.000  4.923362e-01 
  933.000  5.111020e-01 
  934.000  5.111020e-01 
  935.000  4.708417e-01 
  936.000  4.417127e-01 
  937.000  4.204627e-01 
  938.000  4.204627e-01 
  939.000  5.667855e-01 
  940.000  6.992524e-01 
  941.000  6.488127e-01 
  942.000  6.488127e-01 
  943.000  5.530886e-01 
  944.000  5.635732e-01 
  945.000  6.362749e-01 
  946.000  6.362749e-01 
  947.000  5.629846e-01 
  948.000  5.821536e-01 
  949.000  6.490712e-01 
  950.000  6.490712e-01 
  951.000  6.650926e-01 
  952.000  5.545726e-01 
  953.000  6.930649e-01 
  954.000  6.930649e-01 
  955.000  6.907942e-01 
  956.000  5.832326e-01 
  957.000  7.418429e-01 
  958.000  7.418429e-01 
  959.000  6.348860e-01 
  960.000  7.157211e-01 
  961.000  7.157211e-01 
  962.000  7.534586e-01 
  963.000  8.102336e-01 
  964.000  7.129537e-01 
  965.000  7.129537e-01 
  966.000  7.837920e-01 
  967.000  8.676167e-01 
  968.000  8.676167e-01 
  969.000  8.871936e-01 
  970.000  9.241572e-01 
  971.000  9.376616e-01 
  972.000  9.376616e-01 
  973.000  9.210725e-01 
  974.000  8.456739e-01 
  975.000  8.456739e-01 
  976.000  8.292507e-01 
  977.000  9.035407e-01 
  978.000  8.927031e-01 
  979.000  8.927031e-01 
  980.000  8.934587e-01 
  981.000  9.556077e-01 
  982.000  9.556077e-01 
  983.000  9.366421e-01 
  984.000  9.534539e-01 
  985.000  9.534539e-01 
  986.000  9.751017e-01 
  987.000  9.669163e-01 
  988.000  9.669163e-01 
  989.000  9.795515e-01 
  990.000  9.744796e-01 
  991.000  9.744796e-01 
  992.000  9.780064e-01 
  993.000  9.773558e-01 
  994.000  9.773558e-01 
  995.000  9.826890e-01 
  996.000  9.828276e-01 
  997.000  9.828276e-01 
  998.000  9.829217e-01 
  999.000  9.825701e-01 
 1000.000  9.825701e-01 
 1001.000  9.828858e-01 
 1002.000  9.757867e-01 
 1003.000  9.757867e-01 
 1004.000  9.830052e-01 
 1005.000  9.833689e-01 
 1006.000  9.833689e-01 
 1007.000  9.836539e-01 
 1008.000  9.823613e-01 
 1009.000  9.823613e-01 
 1010.000  9.771000e-01 
 1011.000  9.838046e-01 
 1012.000  9.838046e-01 
 1013.000  9.841411e-01 
 1014.000  9.840173e-01 
 1015.000  9.840173e-01 
 1016.000  9.844155e-01 
 1017.000  9.841133e-01 
 1018.000  9.841133e-01 
 1019.000  9.837037e-01 
 1020.000  9.847334e-01 
 1021.000  9.847334e-01 
 1022.000  9.839275e-01 
 1023.000  9.839275e-01 
 1024.000  9.837403e-01 
 1025.000  9.849297e-01 
 1026.000  9.849297e-01 
 1027.000  9.844458e-01 
 1028.000  9.850750e-01 
 1029.000  9.850750e-01 
 1030.000  9.853510e-01 
 1031.000  9.852598e-01 
 1032.000  9.852598e-01 
 1033.000  9.853220e-01 
 1034.000  9.853220e-01 
 1035.000  9.853952e-01 
 1036.000  9.847841e-01 
 1037.000  9.847841e-01 
 1038.000  9.847375e-01 
 1039.000  9.841188e-01 
 1040.000  9.841188e-01 
 1041.000  9.836352e-01 
 1042.000  9.836352e-01 
 1043.000  9.830505e-01 
 1044.000  9.821348e-01 
 1045.000  9.821348e-01 
 1046.000  9.808608e-01 
 1047.000  9.808608e-01 
 1048.000  9.795797e-01 
 1049.000  9.769605e-01 
 1050.000  9.769605e-01 
 1051.000  9.758447e-01 
 1052.000  9.758447e-01 
 1053.000  9.740811e-01 
 1054.000  9.725786e-01 
 1055.000  9.725786e-01 
 1056.000  9.708160e-01 
 1057.000  9.708160e-01 
 1058.000  9.692618e-01 
 1059.000  9.677201e-01 
 1060.000  9.677201e-01 
 1061.000  9.667501e-01 
 1062.000  9.667501e-01 
 1063.000  9.649986e-01 
 1064.000  9.639566e-01 
 1065.000  9.639566e-01 
 1066.000  9.656731e-01 
 1067.000  9.656731e-01 
 1068.000  9.645142e-01 
 1069.000  9.661688e-01 
 1070.000  9.661688e-01 
 1071.000  9.684527e-01 
 1072.000  9.684527e-01 
 1073.000  9.701444e-01 
 1074.000  9.701444e-01 
 1075.000  9.672803e-01 
 1076.000  9.677240e-01 
 1077.000  9.677240e-01 
 1078.000  9.734621e-01 
 1079.000  9.734621e-01 
 1080.000  9.700139e-01 
 1081.000  9.700139e-01 
 1082.000  9.737796e-01 
 1083.000  9.708151e-01 
 1084.000  9.708151e-01 
 1085.000  9.641942e-01 
 1086.000  9.641942e-01 
 1087.000  9.754639e-01 
 1088.000  9.754639e-01 
 1089.000  9.709756e-01 
 1090.000  9.686207e-01 
 1091.000  9.686207e-01 
 1092.000  9.609071e-01 
 1093.000  9.609071e-01 
 1094.000  9.607775e-01 
 1095.000  9.607775e-01 
 1096.000  9.561217e-01 
 1097.000  9.561217e-01 
 1098.000  9.453270e-01 
 1099.000  9.080368e-01 
 1100.000  9.080368e-01 
 1101.000  9.092301e-01 
 1102.000  9.092301e-01 
 1103.000  8.945227e-01 
 1104.000  8.945227e-01 
 1105.000  8.829623e-01 
 1106.000  8.829623e-01 
 1107.000  8.814739e-01 
 1108.000  8.814739e-01 
 1109.000  8.529938e-01 
 1110.000  8.137404e-01 
 1111.000  8.137404e-01 
 1112.000  7.839707e-01 
 1113.000  7.839707e-01 
 1114.000  7.012667e-01 
 1115.000  7.012667e-01 
 1116.000  4.808930e-01 
 1117.000  4.808930e-01 
 1118.000  5.891979e-01 
 1119.000  5.891979e-01 
 1120.000  5.147234e-01 
 1121.000  5.147234e-01 
 1122.000  3.288356e-01 
 1123.000  5.499343e-01 
 1124.000  5.499343e-01 
 1125.000  3.706435e-01 
 1126.000  3.706435e-01 
 1127.000  4.336699e-01 
 1128.000  4.336699e-01 
 1129.000  4.319738e-01 
 1130.000  4.319738e-01 
 1131.000  7.022411e-01 
 1132.000  7.022411e-01 
 1133.000  4.333694e-01 
 1134.000  4.333694e-01 
 1135.000  2.588917e-01 
 1136.000  2.588917e-01 
 1137.000  7.055591e-01 
 1138.000  7.055591e-01 
 1139.000  6.557576e-01 
 1140.000  6.557576e-01 
 1141.000  6.408722e-01 
 1142.000  6.408722e-01 
 1143.000  6.749005e-01 
 1144.000  6.749005e-01 
 1145.000  4.789757e-01 
 1146.000  4.789757e-01 
 1147.000  4.612423e-01 
 1148.000  4.612423e-01 
 1149.000  5.744281e-01 
 1150.000  5.744281e-01 
 1151.000  6.698809e-01 
 1152.000  6.698809e-01 
 1153.000  6.216366e-01 
 1154.000  6.216366e-01 
 1155.000  6.687610e-01 
 1156.000  6.687610e-01 
 1157.000  7.429650e-01 
 1158.000  7.429650e-01 
 1159.000  8.331848e-01 
 1160.000  8.331848e-01 
 1161.000  8.137254e-01 
 1162.000  8.137254e-01 
 1163.000  8.737769e-01 
 1164.000  8.737769e-01 
 1165.000  8.528067e-01 
 1166.000  8.528067e-01 
 1167.000  8.976613e-01 
 1168.000  8.976613e-01 
 1169.000  9.109301e-01 
 1170.000  9.109301e-01 
 1171.000  9.200135e-01 
 1172.000  9.200135e-01 
 1173.000  8.513280e-01 
 1174.000  8.513280e-01 
 1175.000  9.588103e-01 
 1176.000  9.588103e-01 
 1177.000  8.933175e-01 
 1178.000  8.933175e-01 
 1179.000  9.413515e-01 
 1180.000  9.413515e-01 
 1181.000  8.449926e-01 
 1182.000  8.449926e-01 
 1183.000  9.170457e-01 
 1184.000  9.170457e-01 
 1185.000  9.395220e-01 
 1186.000  9.395220e-01 
 1187.000  8.614258e-01 
 1188.000  8.614258e-01 
 1189.000  8.614258e-01 
 1190.000  9.170051e-01 
 1191.000  9.170051e-01 
 1192.000  9.623226e-01 
 1193.000  9.623226e-01 
 1194.000  9.299418e-01 
 1195.000  9.299418e-01 
 1196.000  9.443961e-01 
 1197.000  9.443961e-01 
 1198.000  9.138469e-01 
 1199.000  9.138469e-01 
 1200.000  9.098701e-01 
