  250.000  0.000000e+00 
  251.000  0.000000e+00 
  252.000  0.000000e+00 
  253.000  0.000000e+00 
  254.000  0.000000e+00 
  255.000  0.000000e+00 
  256.000  0.000000e+00 
  257.000  0.000000e+00 
  258.000  0.000000e+00 
  259.000  0.000000e+00 
  260.000  0.000000e+00 
  261.000  0.000000e+00 
  262.000  0.000000e+00 
  263.000  0.000000e+00 
  264.000  0.000000e+00 
  265.000  0.000000e+00 
  266.000  0.000000e+00 
  267.000  0.000000e+00 
  268.000  0.000000e+00 
  269.000  0.000000e+00 
  270.000  0.000000e+00 
  271.000  0.000000e+00 
  272.000  0.000000e+00 
  273.000  0.000000e+00 
  274.000  0.000000e+00 
  275.000  0.000000e+00 
  276.000  0.000000e+00 
  277.000  0.000000e+00 
  278.000  0.000000e+00 
  279.000  0.000000e+00 
  280.000  0.000000e+00 
  281.000  0.000000e+00 
  282.000  0.000000e+00 
  283.000  0.000000e+00 
  284.000  0.000000e+00 
  285.000  0.000000e+00 
  286.000  0.000000e+00 
  287.000  0.000000e+00 
  288.000  0.000000e+00 
  289.000  0.000000e+00 
  290.000  0.000000e+00 
  291.000  1.463486e-12 
  292.000  6.402375e-11 
  293.000  5.999005e-10 
  294.000  7.584596e-09 
  295.000  3.891090e-08 
  296.000  3.864608e-07 
  297.000  1.531359e-06 
  298.000  7.936740e-06 
  299.000  2.435721e-05 
  300.000  7.784717e-05 
  301.000  2.016826e-04 
  302.000  4.451830e-04 
  303.000  1.151697e-03 
  304.000  1.636649e-03 
  305.000  3.541969e-03 
  306.000  5.439620e-03 
  307.000  9.232063e-03 
  308.000  1.292964e-02 
  309.000  1.770324e-02 
  310.000  2.675494e-02 
  311.000  3.153340e-02 
  312.000  4.004269e-02 
  313.000  5.150854e-02 
  314.000  5.683843e-02 
  315.000  7.294950e-02 
  316.000  7.760294e-02 
  317.000  9.148610e-02 
  318.000  1.001545e-01 
  319.000  1.247012e-01 
  320.000  1.088929e-01 
  321.000  1.470587e-01 
  322.000  1.314014e-01 
  323.000  1.499899e-01 
  324.000  1.777821e-01 
  325.000  1.582993e-01 
  326.000  1.867291e-01 
  327.000  1.961802e-01 
  328.000  1.813218e-01 
  329.000  2.152059e-01 
  330.000  2.214507e-01 
  331.000  2.070399e-01 
  332.000  2.313819e-01 
  333.000  2.369348e-01 
  334.000  2.335850e-01 
  335.000  2.496612e-01 
  336.000  2.563567e-01 
  337.000  2.523622e-01 
  338.000  2.631151e-01 
  339.000  2.710118e-01 
  340.000  2.700015e-01 
  341.000  2.789078e-01 
  342.000  2.852237e-01 
  343.000  2.892912e-01 
  344.000  2.881195e-01 
  345.000  2.979175e-01 
  346.000  3.029271e-01 
  347.000  3.072078e-01 
  348.000  3.117537e-01 
  349.000  3.172224e-01 
  350.000  3.215649e-01 
  351.000  3.266332e-01 
  352.000  3.308103e-01 
  353.000  3.358225e-01 
  354.000  3.394260e-01 
  355.000  3.433793e-01 
  356.000  3.484076e-01 
  357.000  3.516947e-01 
  358.000  3.553898e-01 
  359.000  3.590441e-01 
  360.000  3.626156e-01 
  361.000  3.663474e-01 
  362.000  3.720949e-01 
  363.000  3.769918e-01 
  364.000  3.818852e-01 
  365.000  3.859903e-01 
  366.000  3.905792e-01 
  367.000  3.949073e-01 
  368.000  3.990453e-01 
  369.000  4.025385e-01 
  370.000  4.067011e-01 
  371.000  4.111142e-01 
  372.000  4.147573e-01 
  373.000  4.192599e-01 
  374.000  4.235586e-01 
  375.000  4.270522e-01 
  376.000  4.306754e-01 
  377.000  4.348420e-01 
  378.000  4.380853e-01 
  379.000  4.416017e-01 
  380.000  4.449705e-01 
  381.000  4.486653e-01 
  382.000  4.536005e-01 
  383.000  4.586470e-01 
  384.000  4.620878e-01 
  385.000  4.665236e-01 
  386.000  4.700823e-01 
  387.000  4.742780e-01 
  388.000  4.775834e-01 
  389.000  4.809545e-01 
  390.000  4.851808e-01 
  391.000  4.886605e-01 
  392.000  4.915674e-01 
  393.000  4.964892e-01 
  394.000  4.998752e-01 
  395.000  5.031599e-01 
  396.000  5.073067e-01 
  397.000  5.110990e-01 
  398.000  5.137068e-01 
  399.000  5.173473e-01 
  400.000  5.204264e-01 
  401.000  5.245432e-01 
  402.000  5.282607e-01 
  403.000  5.320757e-01 
  404.000  5.345989e-01 
  405.000  5.381154e-01 
  406.000  5.414688e-01 
  407.000  5.458067e-01 
  408.000  5.479089e-01 
  409.000  5.509861e-01 
  410.000  5.542678e-01 
  411.000  5.579284e-01 
  412.000  5.617467e-01 
  413.000  5.637819e-01 
  414.000  5.677140e-01 
  415.000  5.708069e-01 
  416.000  5.748160e-01 
  417.000  5.771645e-01 
  418.000  5.798244e-01 
  419.000  5.836475e-01 
  420.000  5.862001e-01 
  421.000  5.891871e-01 
  422.000  5.916313e-01 
  423.000  5.950180e-01 
  424.000  5.975993e-01 
  425.000  6.015331e-01 
  426.000  6.044761e-01 
  427.000  6.071666e-01 
  428.000  6.096084e-01 
  429.000  6.132070e-01 
  430.000  6.161541e-01 
  431.000  6.172729e-01 
  432.000  6.214521e-01 
  433.000  6.243157e-01 
  434.000  6.261619e-01 
  435.000  6.280696e-01 
  436.000  6.314546e-01 
  437.000  6.358611e-01 
  438.000  6.380975e-01 
  439.000  6.385731e-01 
  440.000  6.418878e-01 
  441.000  6.447761e-01 
  442.000  6.482131e-01 
  443.000  6.499956e-01 
  444.000  6.522724e-01 
  445.000  6.532792e-01 
  446.000  6.564403e-01 
  447.000  6.596183e-01 
  448.000  6.596982e-01 
  449.000  6.640313e-01 
  450.000  6.675384e-01 
  451.000  6.696209e-01 
  452.000  6.713301e-01 
  453.000  6.739202e-01 
  454.000  6.774890e-01 
  455.000  6.786761e-01 
  456.000  6.807334e-01 
  457.000  6.831329e-01 
  458.000  6.845973e-01 
  459.000  6.867393e-01 
  460.000  6.879932e-01 
  461.000  6.902017e-01 
  462.000  6.932961e-01 
  463.000  6.934022e-01 
  464.000  6.964505e-01 
  465.000  6.985493e-01 
  466.000  7.023851e-01 
  467.000  7.034862e-01 
  468.000  7.056886e-01 
  469.000  7.075402e-01 
  470.000  7.095555e-01 
  471.000  7.115597e-01 
  472.000  7.124040e-01 
  473.000  7.129284e-01 
  474.000  7.117218e-01 
  475.000  7.119894e-01 
  476.000  7.127973e-01 
  477.000  7.135932e-01 
  478.000  7.146096e-01 
  479.000  7.166265e-01 
  480.000  7.191027e-01 
  481.000  7.233593e-01 
  482.000  7.268155e-01 
  483.000  7.299765e-01 
  484.000  7.315772e-01 
  485.000  7.329007e-01 
  486.000  7.340369e-01 
  487.000  7.365865e-01 
  488.000  7.378914e-01 
  489.000  7.389029e-01 
  490.000  7.417421e-01 
  491.000  7.434456e-01 
  492.000  7.449606e-01 
  493.000  7.464608e-01 
  494.000  7.474642e-01 
  495.000  7.486237e-01 
  496.000  7.493860e-01 
  497.000  7.507243e-01 
  498.000  7.516936e-01 
  499.000  7.529076e-01 
  500.000  7.537523e-01 
  501.000  7.536870e-01 
  502.000  7.530540e-01 
  503.000  7.522577e-01 
  504.000  7.514881e-01 
  505.000  7.529288e-01 
  506.000  7.549024e-01 
  507.000  7.560518e-01 
  508.000  7.586457e-01 
  509.000  7.601257e-01 
  510.000  7.621005e-01 
  511.000  7.638276e-01 
  512.000  7.649660e-01 
  513.000  7.673180e-01 
  514.000  7.683590e-01 
  515.000  7.702206e-01 
  516.000  7.709357e-01 
  517.000  7.722458e-01 
  518.000  7.725105e-01 
  519.000  7.732838e-01 
  520.000  7.736828e-01 
  521.000  7.746743e-01 
  522.000  7.748976e-01 
  523.000  7.752272e-01 
  524.000  7.754925e-01 
  525.000  7.749321e-01 
  526.000  7.747189e-01 
  527.000  7.746669e-01 
  528.000  7.741659e-01 
  529.000  7.739141e-01 
  530.000  7.736558e-01 
  531.000  7.740953e-01 
  532.000  7.745218e-01 
  533.000  7.752678e-01 
  534.000  7.762927e-01 
  535.000  7.769129e-01 
  536.000  7.780238e-01 
  537.000  7.791629e-01 
  538.000  7.797408e-01 
  539.000  7.802060e-01 
  540.000  7.812346e-01 
  541.000  7.805935e-01 
  542.000  7.811671e-01 
  543.000  7.822922e-01 
  544.000  7.830634e-01 
  545.000  7.826113e-01 
  546.000  7.828376e-01 
  547.000  7.844981e-01 
  548.000  7.859811e-01 
  549.000  7.863424e-01 
  550.000  7.871783e-01 
  551.000  7.880203e-01 
  552.000  7.884026e-01 
  553.000  7.888203e-01 
  554.000  7.894033e-01 
  555.000  7.898584e-01 
  556.000  7.894176e-01 
  557.000  7.886299e-01 
  558.000  7.880058e-01 
  559.000  7.871916e-01 
  560.000  7.864293e-01 
  561.000  7.858195e-01 
  562.000  7.853963e-01 
  563.000  7.846102e-01 
  564.000  7.838007e-01 
  565.000  7.831165e-01 
  566.000  7.828069e-01 
  567.000  7.819546e-01 
  568.000  7.807670e-01 
  569.000  7.764912e-01 
  570.000  7.742803e-01 
  571.000  7.748994e-01 
  572.000  7.725015e-01 
  573.000  7.728230e-01 
  574.000  7.712160e-01 
  575.000  7.714409e-01 
  576.000  7.716426e-01 
  577.000  7.723975e-01 
  578.000  7.752669e-01 
  579.000  7.775612e-01 
  580.000  7.796407e-01 
  581.000  7.831010e-01 
  582.000  7.863477e-01 
  583.000  7.892080e-01 
  584.000  7.933225e-01 
  585.000  7.947137e-01 
  586.000  7.967073e-01 
  587.000  7.971241e-01 
  588.000  7.973089e-01 
  589.000  7.865452e-01 
  590.000  7.871794e-01 
  591.000  7.915403e-01 
  592.000  7.830247e-01 
  593.000  7.971603e-01 
  594.000  7.906484e-01 
  595.000  7.951761e-01 
  596.000  7.970916e-01 
  597.000  7.969835e-01 
  598.000  7.971968e-01 
  599.000  7.994887e-01 
  600.000  7.996642e-01 
  601.000  8.017333e-01 
  602.000  8.034207e-01 
  603.000  8.042660e-01 
  604.000  8.052086e-01 
  605.000  8.060434e-01 
  606.000  8.079562e-01 
  607.000  8.095025e-01 
  608.000  8.115119e-01 
  609.000  8.123370e-01 
  610.000  8.139877e-01 
  611.000  8.153018e-01 
  612.000  8.172346e-01 
  613.000  8.188677e-01 
  614.000  8.200462e-01 
  615.000  8.214211e-01 
  616.000  8.233639e-01 
  617.000  8.247685e-01 
  618.000  8.257130e-01 
  619.000  8.271065e-01 
  620.000  8.283119e-01 
  621.000  8.291861e-01 
  622.000  8.295761e-01 
  623.000  8.303957e-01 
  624.000  8.307112e-01 
  625.000  8.311205e-01 
  626.000  8.312710e-01 
  627.000  8.312345e-01 
  628.000  8.037013e-01 
  629.000  8.169850e-01 
  630.000  8.232092e-01 
  631.000  8.324120e-01 
  632.000  8.356534e-01 
  633.000  8.383307e-01 
  634.000  8.418763e-01 
  635.000  8.429447e-01 
  636.000  8.463559e-01 
  637.000  8.503214e-01 
  638.000  8.531260e-01 
  639.000  8.556578e-01 
  640.000  8.572206e-01 
  641.000  8.597793e-01 
  642.000  8.616664e-01 
  643.000  8.623326e-01 
  644.000  8.639983e-01 
  645.000  8.650945e-01 
  646.000  8.628160e-01 
  647.000  8.589883e-01 
  648.000  8.549075e-01 
  649.000  8.602581e-01 
  650.000  8.701791e-01 
  651.000  8.716934e-01 
  652.000  8.700798e-01 
  653.000  8.735839e-01 
  654.000  8.750480e-01 
  655.000  8.657922e-01 
  656.000  8.733281e-01 
  657.000  8.758217e-01 
  658.000  8.801796e-01 
  659.000  8.830925e-01 
  660.000  8.832541e-01 
  661.000  8.853862e-01 
  662.000  8.857298e-01 
  663.000  8.867300e-01 
  664.000  8.878456e-01 
  665.000  8.888810e-01 
  666.000  8.899608e-01 
  667.000  8.915395e-01 
  668.000  8.922909e-01 
  669.000  8.935708e-01 
  670.000  8.942854e-01 
  671.000  8.958143e-01 
  672.000  8.961427e-01 
  673.000  8.974143e-01 
  674.000  8.979025e-01 
  675.000  8.992223e-01 
  676.000  8.996257e-01 
  677.000  9.003206e-01 
  678.000  9.014615e-01 
  679.000  9.020727e-01 
  680.000  9.032791e-01 
  681.000  9.037594e-01 
  682.000  9.053755e-01 
  683.000  9.054944e-01 
  684.000  9.069460e-01 
  685.000  9.078285e-01 
  686.000  9.086612e-01 
  687.000  5.791999e-01 
  688.000  7.502299e-01 
  689.000  7.941188e-01 
  690.000  8.285469e-01 
  691.000  8.512236e-01 
  692.000  8.907709e-01 
  693.000  8.824962e-01 
  694.000  8.702713e-01 
  695.000  8.924708e-01 
  696.000  8.868077e-01 
  697.000  9.141508e-01 
  698.000  9.136115e-01 
  699.000  9.022338e-01 
  700.000  9.041383e-01 
  701.000  8.953566e-01 
  702.000  9.000826e-01 
  703.000  9.043477e-01 
  704.000  9.073659e-01 
  705.000  9.086002e-01 
  706.000  9.133025e-01 
  707.000  9.170892e-01 
  708.000  9.199401e-01 
  709.000  9.204397e-01 
  710.000  9.195098e-01 
  711.000  9.231067e-01 
  712.000  9.215177e-01 
  713.000  9.244940e-01 
  714.000  9.224386e-01 
  715.000  9.172018e-01 
  716.000  9.185224e-01 
  717.000  8.940986e-01 
  718.000  8.299097e-01 
  719.000  7.792577e-01 
  720.000  8.388457e-01 
  721.000  9.095275e-01 
  722.000  9.080823e-01 
  723.000  9.046229e-01 
  724.000  8.221585e-01 
  725.000  8.463404e-01 
  726.000  8.847277e-01 
  727.000  8.678958e-01 
  728.000  8.384219e-01 
  729.000  8.554890e-01 
  730.000  8.905768e-01 
  731.000  8.713916e-01 
  732.000  8.824823e-01 
  733.000  9.117870e-01 
  734.000  9.272640e-01 
  735.000  9.169166e-01 
  736.000  9.243459e-01 
  737.000  9.246505e-01 
  738.000  9.292492e-01 
  739.000  9.307775e-01 
  740.000  9.364854e-01 
  741.000  9.396430e-01 
  742.000  9.404822e-01 
  743.000  9.405019e-01 
  744.000  9.415828e-01 
  745.000  9.422817e-01 
  746.000  9.431478e-01 
  747.000  9.434869e-01 
  748.000  9.438356e-01 
  749.000  9.440639e-01 
  750.000  9.444969e-01 
  751.000  9.447126e-01 
  752.000  9.457870e-01 
  753.000  9.460711e-01 
  754.000  9.463977e-01 
  755.000  9.467337e-01 
  756.000  9.469447e-01 
  757.000  9.474322e-01 
  758.000  9.481331e-01 
  759.000  9.344393e-01 
  760.000  2.620154e-01 
  761.000  1.548128e-01 
  762.000  5.589171e-01 
  763.000  4.433764e-01 
  764.000  5.197210e-01 
  765.000  6.656534e-01 
  766.000  8.036671e-01 
  767.000  8.573153e-01 
  768.000  9.235758e-01 
  769.000  9.413347e-01 
  770.000  9.409788e-01 
  771.000  9.491122e-01 
  772.000  9.518477e-01 
  773.000  9.519907e-01 
  774.000  9.520726e-01 
  775.000  9.522166e-01 
  776.000  9.524437e-01 
  777.000  9.527605e-01 
  778.000  9.529488e-01 
  779.000  9.531400e-01 
  780.000  9.532999e-01 
  781.000  9.537980e-01 
  782.000  9.541267e-01 
  783.000  9.544368e-01 
  784.000  9.542875e-01 
  785.000  9.541207e-01 
  786.000  9.522631e-01 
  787.000  9.523899e-01 
  788.000  9.482658e-01 
  789.000  9.484839e-01 
  790.000  9.413159e-01 
  791.000  9.422947e-01 
  792.000  9.455919e-01 
  793.000  9.478363e-01 
  794.000  9.572095e-01 
  795.000  9.541706e-01 
  796.000  9.342773e-01 
  797.000  9.489163e-01 
  798.000  9.504833e-01 
  799.000  9.536471e-01 
  800.000  9.452832e-01 
  801.000  9.413221e-01 
  802.000  9.470418e-01 
  803.000  9.459731e-01 
  804.000  9.456443e-01 
  805.000  9.494833e-01 
  806.000  9.569815e-01 
  807.000  9.525823e-01 
  808.000  9.573012e-01 
  809.000  9.502026e-01 
  810.000  9.466246e-01 
  811.000  9.480152e-01 
  812.000  9.403536e-01 
  813.000  9.254062e-01 
  814.000  8.992798e-01 
  815.000  8.691394e-01 
  816.000  8.924674e-01 
  817.000  7.894119e-01 
  818.000  8.626485e-01 
  819.000  8.925017e-01 
  820.000  8.542552e-01 
  821.000  9.464284e-01 
  822.000  9.338015e-01 
  823.000  7.592322e-01 
  824.000  9.171115e-01 
  825.000  9.400581e-01 
  826.000  9.162899e-01 
  827.000  9.390482e-01 
  828.000  8.780434e-01 
  829.000  9.253129e-01 
  830.000  9.143290e-01 
  831.000  9.198198e-01 
  832.000  9.191957e-01 
  833.000  9.373558e-01 
  834.000  9.373421e-01 
  835.000  9.475512e-01 
  836.000  9.488066e-01 
  837.000  9.483665e-01 
  838.000  9.553201e-01 
  839.000  9.588540e-01 
  840.000  9.598779e-01 
  841.000  9.598779e-01 
  842.000  9.537875e-01 
  843.000  9.654739e-01 
  844.000  9.585863e-01 
  845.000  9.642801e-01 
  846.000  9.658477e-01 
  847.000  9.669526e-01 
  848.000  9.656209e-01 
  849.000  9.663833e-01 
  850.000  9.663254e-01 
  851.000  9.664811e-01 
  852.000  9.691387e-01 
  853.000  9.697432e-01 
  854.000  9.693656e-01 
  855.000  9.693656e-01 
  856.000  9.699547e-01 
  857.000  9.713644e-01 
  858.000  9.702611e-01 
  859.000  9.711500e-01 
  860.000  9.719108e-01 
  861.000  9.717180e-01 
  862.000  9.721937e-01 
  863.000  9.720035e-01 
  864.000  9.726218e-01 
  865.000  9.726218e-01 
  866.000  9.726596e-01 
  867.000  9.728333e-01 
  868.000  9.728628e-01 
  869.000  9.729603e-01 
  870.000  9.731444e-01 
  871.000  9.732977e-01 
  872.000  9.735190e-01 
  873.000  9.735395e-01 
  874.000  9.735395e-01 
  875.000  9.739015e-01 
  876.000  9.740019e-01 
  877.000  9.740389e-01 
  878.000  9.740651e-01 
  879.000  9.740856e-01 
  880.000  9.744722e-01 
  881.000  9.744722e-01 
  882.000  9.738966e-01 
  883.000  9.741548e-01 
  884.000  9.743423e-01 
  885.000  9.745934e-01 
  886.000  9.705657e-01 
  887.000  9.744695e-01 
  888.000  9.744695e-01 
  889.000  9.735366e-01 
  890.000  9.713917e-01 
  891.000  9.746695e-01 
  892.000  9.710352e-01 
  893.000  9.613345e-01 
  894.000  9.613345e-01 
  895.000  9.393004e-01 
  896.000  9.186825e-01 
  897.000  8.322879e-01 
  898.000  9.139717e-01 
  899.000  7.632678e-01 
  900.000  7.632678e-01 
  901.000  7.985618e-01 
  902.000  8.290230e-01 
  903.000  8.651566e-01 
  904.000  9.470356e-01 
  905.000  9.350254e-01 
  906.000  9.350254e-01 
  907.000  8.428752e-01 
  908.000  8.230424e-01 
  909.000  8.324097e-01 
  910.000  8.120640e-01 
  911.000  8.120640e-01 
  912.000  9.020421e-01 
  913.000  8.563851e-01 
  914.000  8.273525e-01 
  915.000  7.850221e-01 
  916.000  7.850221e-01 
  917.000  8.977278e-01 
  918.000  8.050025e-01 
  919.000  8.791194e-01 
  920.000  9.449911e-01 
  921.000  9.449911e-01 
  922.000  9.266040e-01 
  923.000  9.252652e-01 
  924.000  9.069102e-01 
  925.000  9.069102e-01 
  926.000  9.160678e-01 
  927.000  9.232920e-01 
  928.000  8.226026e-01 
  929.000  8.021023e-01 
  930.000  8.021023e-01 
  931.000  6.728379e-01 
  932.000  4.999227e-01 
  933.000  5.201650e-01 
  934.000  5.201650e-01 
  935.000  4.785761e-01 
  936.000  4.492834e-01 
  937.000  4.296660e-01 
  938.000  4.296660e-01 
  939.000  5.747566e-01 
  940.000  7.062426e-01 
  941.000  6.560240e-01 
  942.000  6.560240e-01 
  943.000  5.603686e-01 
  944.000  5.707233e-01 
  945.000  6.442652e-01 
  946.000  6.442652e-01 
  947.000  5.705200e-01 
  948.000  5.894753e-01 
  949.000  6.559197e-01 
  950.000  6.559197e-01 
  951.000  6.712174e-01 
  952.000  5.629129e-01 
  953.000  7.000782e-01 
  954.000  7.000782e-01 
  955.000  6.975039e-01 
  956.000  5.908263e-01 
  957.000  7.479206e-01 
  958.000  7.479206e-01 
  959.000  6.429701e-01 
  960.000  7.231477e-01 
  961.000  7.231477e-01 
  962.000  7.591782e-01 
  963.000  8.158805e-01 
  964.000  7.196457e-01 
  965.000  7.196457e-01 
  966.000  7.893223e-01 
  967.000  8.716609e-01 
  968.000  8.716609e-01 
  969.000  8.907772e-01 
  970.000  9.268703e-01 
  971.000  9.399158e-01 
  972.000  9.399158e-01 
  973.000  9.239037e-01 
  974.000  8.503136e-01 
  975.000  8.503136e-01 
  976.000  8.338842e-01 
  977.000  9.066268e-01 
  978.000  8.960569e-01 
  979.000  8.960569e-01 
  980.000  8.968217e-01 
  981.000  9.572580e-01 
  982.000  9.572580e-01 
  983.000  9.388317e-01 
  984.000  9.551718e-01 
  985.000  9.551718e-01 
  986.000  9.760455e-01 
  987.000  9.681585e-01 
  988.000  9.681585e-01 
  989.000  9.803297e-01 
  990.000  9.754459e-01 
  991.000  9.754459e-01 
  992.000  9.788415e-01 
  993.000  9.782153e-01 
  994.000  9.782153e-01 
  995.000  9.833493e-01 
  996.000  9.834826e-01 
  997.000  9.834826e-01 
  998.000  9.835731e-01 
  999.000  9.832349e-01 
 1000.000  9.832349e-01 
 1001.000  9.835386e-01 
 1002.000  9.767016e-01 
 1003.000  9.767016e-01 
 1004.000  9.836534e-01 
 1005.000  9.840035e-01 
 1006.000  9.840035e-01 
 1007.000  9.842777e-01 
 1008.000  9.830338e-01 
 1009.000  9.830338e-01 
 1010.000  9.779665e-01 
 1011.000  9.844226e-01 
 1012.000  9.844226e-01 
 1013.000  9.847464e-01 
 1014.000  9.846275e-01 
 1015.000  9.846275e-01 
 1016.000  9.850104e-01 
 1017.000  9.847196e-01 
 1018.000  9.847196e-01 
 1019.000  9.843256e-01 
 1020.000  9.853163e-01 
 1021.000  9.853163e-01 
 1022.000  9.845409e-01 
 1023.000  9.845409e-01 
 1024.000  9.843608e-01 
 1025.000  9.855050e-01 
 1026.000  9.855050e-01 
 1027.000  9.850397e-01 
 1028.000  9.856451e-01 
 1029.000  9.856451e-01 
 1030.000  9.859104e-01 
 1031.000  9.858227e-01 
 1032.000  9.858227e-01 
 1033.000  9.858826e-01 
 1034.000  9.858826e-01 
 1035.000  9.859530e-01 
 1036.000  9.853652e-01 
 1037.000  9.853652e-01 
 1038.000  9.853202e-01 
 1039.000  9.847249e-01 
 1040.000  9.847249e-01 
 1041.000  9.842597e-01 
 1042.000  9.842597e-01 
 1043.000  9.836972e-01 
 1044.000  9.828160e-01 
 1045.000  9.828160e-01 
 1046.000  9.815901e-01 
 1047.000  9.815901e-01 
 1048.000  9.803574e-01 
 1049.000  9.778367e-01 
 1050.000  9.778367e-01 
 1051.000  9.767630e-01 
 1052.000  9.767630e-01 
 1053.000  9.750655e-01 
 1054.000  9.736193e-01 
 1055.000  9.736193e-01 
 1056.000  9.719225e-01 
 1057.000  9.719225e-01 
 1058.000  9.704264e-01 
 1059.000  9.689422e-01 
 1060.000  9.689422e-01 
 1061.000  9.680083e-01 
 1062.000  9.680083e-01 
 1063.000  9.663219e-01 
 1064.000  9.653186e-01 
 1065.000  9.653186e-01 
 1066.000  9.669714e-01 
 1067.000  9.669714e-01 
 1068.000  9.658554e-01 
 1069.000  9.674487e-01 
 1070.000  9.674487e-01 
 1071.000  9.696475e-01 
 1072.000  9.696475e-01 
 1073.000  9.712760e-01 
 1074.000  9.712760e-01 
 1075.000  9.685140e-01 
 1076.000  9.689401e-01 
 1077.000  9.689401e-01 
 1078.000  9.744683e-01 
 1079.000  9.744683e-01 
 1080.000  9.711442e-01 
 1081.000  9.711442e-01 
 1082.000  9.747719e-01 
 1083.000  9.719134e-01 
 1084.000  9.719134e-01 
 1085.000  9.655347e-01 
 1086.000  9.655347e-01 
 1087.000  9.763904e-01 
 1088.000  9.763904e-01 
 1089.000  9.720626e-01 
 1090.000  9.697875e-01 
 1091.000  9.697875e-01 
 1092.000  9.623539e-01 
 1093.000  9.623539e-01 
 1094.000  9.622324e-01 
 1095.000  9.622324e-01 
 1096.000  9.577405e-01 
 1097.000  9.577405e-01 
 1098.000  9.473265e-01 
 1099.000  9.111350e-01 
 1100.000  9.111350e-01 
 1101.000  9.122730e-01 
 1102.000  9.122730e-01 
 1103.000  8.980104e-01 
 1104.000  8.980104e-01 
 1105.000  8.867956e-01 
 1106.000  8.867956e-01 
 1107.000  8.853084e-01 
 1108.000  8.853084e-01 
 1109.000  8.576361e-01 
 1110.000  8.184959e-01 
 1111.000  8.184959e-01 
 1112.000  7.898301e-01 
 1113.000  7.898301e-01 
 1114.000  7.069221e-01 
 1115.000  7.069221e-01 
 1116.000  4.884917e-01 
 1117.000  4.884917e-01 
 1118.000  5.966325e-01 
 1119.000  5.966325e-01 
 1120.000  5.231020e-01 
 1121.000  5.231020e-01 
 1122.000  3.367833e-01 
 1123.000  5.571316e-01 
 1124.000  5.571316e-01 
 1125.000  3.794158e-01 
 1126.000  3.794158e-01 
 1127.000  4.427573e-01 
 1128.000  4.427573e-01 
 1129.000  4.416694e-01 
 1130.000  4.416694e-01 
 1131.000  7.092041e-01 
 1132.000  7.092041e-01 
 1133.000  4.429095e-01 
 1134.000  4.429095e-01 
 1135.000  2.653129e-01 
 1136.000  2.653129e-01 
 1137.000  7.130581e-01 
 1138.000  7.130581e-01 
 1139.000  6.624950e-01 
 1140.000  6.624950e-01 
 1141.000  6.475710e-01 
 1142.000  6.475710e-01 
 1143.000  6.824419e-01 
 1144.000  6.824419e-01 
 1145.000  4.879488e-01 
 1146.000  4.879488e-01 
 1147.000  4.700787e-01 
 1148.000  4.700787e-01 
 1149.000  5.820433e-01 
 1150.000  5.820433e-01 
 1151.000  6.770649e-01 
 1152.000  6.770649e-01 
 1153.000  6.286669e-01 
 1154.000  6.286669e-01 
 1155.000  6.755134e-01 
 1156.000  6.755134e-01 
 1157.000  7.485231e-01 
 1158.000  7.485231e-01 
 1159.000  8.383732e-01 
 1160.000  8.383732e-01 
 1161.000  8.193734e-01 
 1162.000  8.193734e-01 
 1163.000  8.776009e-01 
 1164.000  8.776009e-01 
 1165.000  8.572996e-01 
 1166.000  8.572996e-01 
 1167.000  9.009791e-01 
 1168.000  9.009791e-01 
 1169.000  9.139559e-01 
 1170.000  9.139559e-01 
 1171.000  9.226819e-01 
 1172.000  9.226819e-01 
 1173.000  8.559380e-01 
 1174.000  8.559380e-01 
 1175.000  9.603383e-01 
 1176.000  9.603383e-01 
 1177.000  8.967111e-01 
 1178.000  8.967111e-01 
 1179.000  9.433294e-01 
 1180.000  9.433294e-01 
 1181.000  8.493789e-01 
 1182.000  8.493789e-01 
 1183.000  9.197256e-01 
 1184.000  9.197256e-01 
 1185.000  9.417058e-01 
 1186.000  9.417058e-01 
 1187.000  8.649481e-01 
 1188.000  8.649481e-01 
 1189.000  8.649481e-01 
 1190.000  9.196025e-01 
 1191.000  9.196025e-01 
 1192.000  9.637216e-01 
 1193.000  9.637216e-01 
 1194.000  9.322092e-01 
 1195.000  9.322092e-01 
 1196.000  9.464257e-01 
 1197.000  9.464257e-01 
 1198.000  9.167007e-01 
 1199.000  9.167007e-01 
 1200.000  9.126871e-01 
