  250.000  0.000000e+00 
  251.000  0.000000e+00 
  252.000  0.000000e+00 
  253.000  0.000000e+00 
  254.000  0.000000e+00 
  255.000  0.000000e+00 
  256.000  0.000000e+00 
  257.000  0.000000e+00 
  258.000  0.000000e+00 
  259.000  0.000000e+00 
  260.000  0.000000e+00 
  261.000  0.000000e+00 
  262.000  0.000000e+00 
  263.000  0.000000e+00 
  264.000  0.000000e+00 
  265.000  0.000000e+00 
  266.000  0.000000e+00 
  267.000  0.000000e+00 
  268.000  0.000000e+00 
  269.000  0.000000e+00 
  270.000  0.000000e+00 
  271.000  0.000000e+00 
  272.000  0.000000e+00 
  273.000  0.000000e+00 
  274.000  0.000000e+00 
  275.000  0.000000e+00 
  276.000  0.000000e+00 
  277.000  0.000000e+00 
  278.000  0.000000e+00 
  279.000  0.000000e+00 
  280.000  0.000000e+00 
  281.000  0.000000e+00 
  282.000  0.000000e+00 
  283.000  0.000000e+00 
  284.000  0.000000e+00 
  285.000  0.000000e+00 
  286.000  0.000000e+00 
  287.000  0.000000e+00 
  288.000  0.000000e+00 
  289.000  0.000000e+00 
  290.000  0.000000e+00 
  291.000  3.013562e-09 
  292.000  4.576841e-08 
  293.000  2.292014e-07 
  294.000  1.424136e-06 
  295.000  4.622229e-06 
  296.000  2.413882e-05 
  297.000  6.505124e-05 
  298.000  2.126877e-04 
  299.000  4.768392e-04 
  300.000  1.100766e-03 
  301.000  2.184547e-03 
  302.000  3.863205e-03 
  303.000  7.658852e-03 
  304.000  9.863885e-03 
  305.000  1.719715e-02 
  306.000  2.342121e-02 
  307.000  3.427797e-02 
  308.000  4.368601e-02 
  309.000  5.477698e-02 
  310.000  7.374472e-02 
  311.000  8.300707e-02 
  312.000  9.858635e-02 
  313.000  1.181825e-01 
  314.000  1.268651e-01 
  315.000  1.518365e-01 
  316.000  1.587495e-01 
  317.000  1.787210e-01 
  318.000  1.907579e-01 
  319.000  2.233710e-01 
  320.000  2.026002e-01 
  321.000  2.515320e-01 
  322.000  2.319487e-01 
  323.000  2.551318e-01 
  324.000  2.883496e-01 
  325.000  2.652314e-01 
  326.000  2.987258e-01 
  327.000  3.095364e-01 
  328.000  2.924719e-01 
  329.000  3.308682e-01 
  330.000  3.377532e-01 
  331.000  3.217800e-01 
  332.000  3.485918e-01 
  333.000  3.545952e-01 
  334.000  3.509784e-01 
  335.000  3.682077e-01 
  336.000  3.752910e-01 
  337.000  3.710715e-01 
  338.000  3.823887e-01 
  339.000  3.906173e-01 
  340.000  3.895684e-01 
  341.000  3.987785e-01 
  342.000  4.052599e-01 
  343.000  4.094128e-01 
  344.000  4.082181e-01 
  345.000  4.181663e-01 
  346.000  4.232174e-01 
  347.000  4.275149e-01 
  348.000  4.320603e-01 
  349.000  4.375039e-01 
  350.000  4.418078e-01 
  351.000  4.468106e-01 
  352.000  4.509174e-01 
  353.000  4.558260e-01 
  354.000  4.593423e-01 
  355.000  4.631881e-01 
  356.000  4.680617e-01 
  357.000  4.712370e-01 
  358.000  4.747966e-01 
  359.000  4.783066e-01 
  360.000  4.817276e-01 
  361.000  4.852919e-01 
  362.000  4.907618e-01 
  363.000  4.954034e-01 
  364.000  5.000249e-01 
  365.000  5.038891e-01 
  366.000  5.081952e-01 
  367.000  5.122436e-01 
  368.000  5.161024e-01 
  369.000  5.193515e-01 
  370.000  5.232127e-01 
  371.000  5.272942e-01 
  372.000  5.306543e-01 
  373.000  5.347958e-01 
  374.000  5.387381e-01 
  375.000  5.419340e-01 
  376.000  5.452405e-01 
  377.000  5.490333e-01 
  378.000  5.519786e-01 
  379.000  5.551651e-01 
  380.000  5.582111e-01 
  381.000  5.615447e-01 
  382.000  5.659850e-01 
  383.000  5.705118e-01 
  384.000  5.735901e-01 
  385.000  5.775492e-01 
  386.000  5.807180e-01 
  387.000  5.844452e-01 
  388.000  5.873751e-01 
  389.000  5.903572e-01 
  390.000  5.940878e-01 
  391.000  5.971525e-01 
  392.000  5.997080e-01 
  393.000  6.040252e-01 
  394.000  6.069884e-01 
  395.000  6.098576e-01 
  396.000  6.134721e-01 
  397.000  6.167706e-01 
  398.000  6.190347e-01 
  399.000  6.221902e-01 
  400.000  6.248543e-01 
  401.000  6.284091e-01 
  402.000  6.316125e-01 
  403.000  6.348935e-01 
  404.000  6.370598e-01 
  405.000  6.400743e-01 
  406.000  6.429436e-01 
  407.000  6.466482e-01 
  408.000  6.484404e-01 
  409.000  6.510603e-01 
  410.000  6.538501e-01 
  411.000  6.569563e-01 
  412.000  6.601905e-01 
  413.000  6.619116e-01 
  414.000  6.652323e-01 
  415.000  6.678398e-01 
  416.000  6.712137e-01 
  417.000  6.731870e-01 
  418.000  6.754193e-01 
  419.000  6.786228e-01 
  420.000  6.807585e-01 
  421.000  6.832543e-01 
  422.000  6.852939e-01 
  423.000  6.881160e-01 
  424.000  6.902641e-01 
  425.000  6.935326e-01 
  426.000  6.959739e-01 
  427.000  6.982030e-01 
  428.000  7.002234e-01 
  429.000  7.031973e-01 
  430.000  7.056289e-01 
  431.000  7.065511e-01 
  432.000  7.099921e-01 
  433.000  7.123461e-01 
  434.000  7.138622e-01 
  435.000  7.154275e-01 
  436.000  7.182016e-01 
  437.000  7.218066e-01 
  438.000  7.236335e-01 
  439.000  7.240217e-01 
  440.000  7.267259e-01 
  441.000  7.290788e-01 
  442.000  7.318749e-01 
  443.000  7.333233e-01 
  444.000  7.351718e-01 
  445.000  7.359887e-01 
  446.000  7.385511e-01 
  447.000  7.411238e-01 
  448.000  7.411884e-01 
  449.000  7.446904e-01 
  450.000  7.475201e-01 
  451.000  7.491985e-01 
  452.000  7.505748e-01 
  453.000  7.526587e-01 
  454.000  7.555264e-01 
  455.000  7.564793e-01 
  456.000  7.581297e-01 
  457.000  7.600528e-01 
  458.000  7.612255e-01 
  459.000  7.629396e-01 
  460.000  7.639424e-01 
  461.000  7.657072e-01 
  462.000  7.681773e-01 
  463.000  7.682621e-01 
  464.000  7.706922e-01 
  465.000  7.723638e-01 
  466.000  7.754150e-01 
  467.000  7.762901e-01 
  468.000  7.780392e-01 
  469.000  7.795084e-01 
  470.000  7.811065e-01 
  471.000  7.826943e-01 
  472.000  7.833629e-01 
  473.000  7.837780e-01 
  474.000  7.828227e-01 
  475.000  7.830346e-01 
  476.000  7.836742e-01 
  477.000  7.843042e-01 
  478.000  7.851084e-01 
  479.000  7.867032e-01 
  480.000  7.886594e-01 
  481.000  7.920179e-01 
  482.000  7.947407e-01 
  483.000  7.972277e-01 
  484.000  7.984861e-01 
  485.000  7.995259e-01 
  486.000  8.004181e-01 
  487.000  8.024188e-01 
  488.000  8.034421e-01 
  489.000  8.042349e-01 
  490.000  8.064587e-01 
  491.000  8.077918e-01 
  492.000  8.089767e-01 
  493.000  8.101493e-01 
  494.000  8.109332e-01 
  495.000  8.118388e-01 
  496.000  8.124339e-01 
  497.000  8.134782e-01 
  498.000  8.142344e-01 
  499.000  8.151809e-01 
  500.000  8.158393e-01 
  501.000  8.157884e-01 
  502.000  8.152951e-01 
  503.000  8.146743e-01 
  504.000  8.140739e-01 
  505.000  8.151975e-01 
  506.000  8.167354e-01 
  507.000  8.176306e-01 
  508.000  8.196493e-01 
  509.000  8.208003e-01 
  510.000  8.223350e-01 
  511.000  8.236765e-01 
  512.000  8.245601e-01 
  513.000  8.263847e-01 
  514.000  8.271917e-01 
  515.000  8.286343e-01 
  516.000  8.291881e-01 
  517.000  8.302024e-01 
  518.000  8.304073e-01 
  519.000  8.310058e-01 
  520.000  8.313144e-01 
  521.000  8.320814e-01 
  522.000  8.322541e-01 
  523.000  8.325090e-01 
  524.000  8.327140e-01 
  525.000  8.322807e-01 
  526.000  8.321158e-01 
  527.000  8.320757e-01 
  528.000  8.316881e-01 
  529.000  8.314934e-01 
  530.000  8.312935e-01 
  531.000  8.316336e-01 
  532.000  8.319634e-01 
  533.000  8.325403e-01 
  534.000  8.333326e-01 
  535.000  8.338119e-01 
  536.000  8.346701e-01 
  537.000  8.355499e-01 
  538.000  8.359959e-01 
  539.000  8.363550e-01 
  540.000  8.371488e-01 
  541.000  8.366541e-01 
  542.000  8.370968e-01 
  543.000  8.379647e-01 
  544.000  8.385593e-01 
  545.000  8.382107e-01 
  546.000  8.383853e-01 
  547.000  8.396652e-01 
  548.000  8.408079e-01 
  549.000  8.410861e-01 
  550.000  8.417298e-01 
  551.000  8.423779e-01 
  552.000  8.426721e-01 
  553.000  8.429935e-01 
  554.000  8.434420e-01 
  555.000  8.437921e-01 
  556.000  8.434530e-01 
  557.000  8.428470e-01 
  558.000  8.423667e-01 
  559.000  8.417400e-01 
  560.000  8.411530e-01 
  561.000  8.406833e-01 
  562.000  8.403572e-01 
  563.000  8.397515e-01 
  564.000  8.391277e-01 
  565.000  8.386003e-01 
  566.000  8.383616e-01 
  567.000  8.377043e-01 
  568.000  8.367880e-01 
  569.000  8.334860e-01 
  570.000  8.317766e-01 
  571.000  8.322554e-01 
  572.000  8.304003e-01 
  573.000  8.306491e-01 
  574.000  8.294052e-01 
  575.000  8.295795e-01 
  576.000  8.297356e-01 
  577.000  8.303199e-01 
  578.000  8.325396e-01 
  579.000  8.343128e-01 
  580.000  8.359187e-01 
  581.000  8.385884e-01 
  582.000  8.410901e-01 
  583.000  8.432918e-01 
  584.000  8.464549e-01 
  585.000  8.475233e-01 
  586.000  8.490537e-01 
  587.000  8.493734e-01 
  588.000  8.495152e-01 
  589.000  8.411543e-01 
  590.000  8.416989e-01 
  591.000  8.450611e-01 
  592.000  8.384119e-01 
  593.000  8.493916e-01 
  594.000  8.443308e-01 
  595.000  8.478784e-01 
  596.000  8.493485e-01 
  597.000  8.492657e-01 
  598.000  8.494292e-01 
  599.000  8.511868e-01 
  600.000  8.513213e-01 
  601.000  8.529068e-01 
  602.000  8.541989e-01 
  603.000  8.548458e-01 
  604.000  8.555670e-01 
  605.000  8.562056e-01 
  606.000  8.576680e-01 
  607.000  8.588496e-01 
  608.000  8.603841e-01 
  609.000  8.610138e-01 
  610.000  8.622731e-01 
  611.000  8.632752e-01 
  612.000  8.647482e-01 
  613.000  8.659919e-01 
  614.000  8.668892e-01 
  615.000  8.679355e-01 
  616.000  8.694130e-01 
  617.000  8.704805e-01 
  618.000  8.711983e-01 
  619.000  8.722565e-01 
  620.000  8.731716e-01 
  621.000  8.738350e-01 
  622.000  8.741310e-01 
  623.000  8.747527e-01 
  624.000  8.749920e-01 
  625.000  8.753023e-01 
  626.000  8.754165e-01 
  627.000  8.753889e-01 
  628.000  8.542248e-01 
  629.000  8.637289e-01 
  630.000  8.692954e-01 
  631.000  8.762815e-01 
  632.000  8.787369e-01 
  633.000  8.807631e-01 
  634.000  8.834436e-01 
  635.000  8.842507e-01 
  636.000  8.868256e-01 
  637.000  8.898152e-01 
  638.000  8.919273e-01 
  639.000  8.938324e-01 
  640.000  8.950076e-01 
  641.000  8.969302e-01 
  642.000  8.983471e-01 
  643.000  8.988472e-01 
  644.000  9.000969e-01 
  645.000  9.009190e-01 
  646.000  8.992100e-01 
  647.000  8.963164e-01 
  648.000  8.932014e-01 
  649.000  8.972507e-01 
  650.000  9.047284e-01 
  651.000  9.058617e-01 
  652.000  9.046540e-01 
  653.000  9.072757e-01 
  654.000  9.083703e-01 
  655.000  9.013368e-01 
  656.000  9.070677e-01 
  657.000  9.089385e-01 
  658.000  9.122025e-01 
  659.000  9.143754e-01 
  660.000  9.144958e-01 
  661.000  9.160846e-01 
  662.000  9.163406e-01 
  663.000  9.170855e-01 
  664.000  9.179161e-01 
  665.000  9.186867e-01 
  666.000  9.194902e-01 
  667.000  9.206641e-01 
  668.000  9.212228e-01 
  669.000  9.221739e-01 
  670.000  9.227049e-01 
  671.000  9.238404e-01 
  672.000  9.240842e-01 
  673.000  9.250281e-01 
  674.000  9.253905e-01 
  675.000  9.263695e-01 
  676.000  9.266689e-01 
  677.000  9.271840e-01 
  678.000  9.280299e-01 
  679.000  9.284830e-01 
  680.000  9.293767e-01 
  681.000  9.297326e-01 
  682.000  9.309293e-01 
  683.000  9.310174e-01 
  684.000  9.320918e-01 
  685.000  9.327446e-01 
  686.000  9.333605e-01 
  687.000  6.413974e-01 
  688.000  8.086542e-01 
  689.000  8.433398e-01 
  690.000  8.722357e-01 
  691.000  8.888195e-01 
  692.000  9.198899e-01 
  693.000  9.135734e-01 
  694.000  9.042738e-01 
  695.000  9.210875e-01 
  696.000  9.166570e-01 
  697.000  9.374172e-01 
  698.000  9.370188e-01 
  699.000  9.285085e-01 
  700.000  9.299266e-01 
  701.000  9.234009e-01 
  702.000  9.269226e-01 
  703.000  9.300478e-01 
  704.000  9.323033e-01 
  705.000  9.332559e-01 
  706.000  9.367638e-01 
  707.000  9.395854e-01 
  708.000  9.416876e-01 
  709.000  9.420558e-01 
  710.000  9.413705e-01 
  711.000  9.440204e-01 
  712.000  9.428365e-01 
  713.000  9.450418e-01 
  714.000  9.435285e-01 
  715.000  9.396462e-01 
  716.000  9.406140e-01 
  717.000  9.224290e-01 
  718.000  8.715020e-01 
  719.000  8.237638e-01 
  720.000  8.799475e-01 
  721.000  9.339011e-01 
  722.000  9.327644e-01 
  723.000  9.301866e-01 
  724.000  8.628869e-01 
  725.000  8.855804e-01 
  726.000  9.152033e-01 
  727.000  9.022935e-01 
  728.000  8.793392e-01 
  729.000  8.929778e-01 
  730.000  9.195614e-01 
  731.000  9.050398e-01 
  732.000  9.135231e-01 
  733.000  9.355113e-01 
  734.000  9.470360e-01 
  735.000  9.393343e-01 
  736.000  9.448728e-01 
  737.000  9.450985e-01 
  738.000  9.485152e-01 
  739.000  9.496324e-01 
  740.000  9.538515e-01 
  741.000  9.561660e-01 
  742.000  9.567807e-01 
  743.000  9.567951e-01 
  744.000  9.575868e-01 
  745.000  9.580985e-01 
  746.000  9.587324e-01 
  747.000  9.589807e-01 
  748.000  9.592357e-01 
  749.000  9.594028e-01 
  750.000  9.597197e-01 
  751.000  9.598775e-01 
  752.000  9.606632e-01 
  753.000  9.608711e-01 
  754.000  9.611099e-01 
  755.000  9.613555e-01 
  756.000  9.615099e-01 
  757.000  9.618661e-01 
  758.000  9.623784e-01 
  759.000  9.521405e-01 
  760.000  3.362249e-01 
  761.000  2.337148e-01 
  762.000  6.250736e-01 
  763.000  5.201194e-01 
  764.000  5.871714e-01 
  765.000  7.191694e-01 
  766.000  8.464018e-01 
  767.000  8.927954e-01 
  768.000  9.437497e-01 
  769.000  9.574051e-01 
  770.000  9.570496e-01 
  771.000  9.630939e-01 
  772.000  9.650916e-01 
  773.000  9.651961e-01 
  774.000  9.652559e-01 
  775.000  9.653610e-01 
  776.000  9.655268e-01 
  777.000  9.657579e-01 
  778.000  9.658953e-01 
  779.000  9.660350e-01 
  780.000  9.661517e-01 
  781.000  9.665150e-01 
  782.000  9.667547e-01 
  783.000  9.669811e-01 
  784.000  9.668722e-01 
  785.000  9.667506e-01 
  786.000  9.653949e-01 
  787.000  9.654874e-01 
  788.000  9.624521e-01 
  789.000  9.626117e-01 
  790.000  9.573091e-01 
  791.000  9.580255e-01 
  792.000  9.604659e-01 
  793.000  9.620833e-01 
  794.000  9.690028e-01 
  795.000  9.667869e-01 
  796.000  9.520812e-01 
  797.000  9.629198e-01 
  798.000  9.640681e-01 
  799.000  9.664049e-01 
  800.000  9.602290e-01 
  801.000  9.573056e-01 
  802.000  9.615462e-01 
  803.000  9.607572e-01 
  804.000  9.605128e-01 
  805.000  9.633348e-01 
  806.000  9.688366e-01 
  807.000  9.656076e-01 
  808.000  9.690697e-01 
  809.000  9.638589e-01 
  810.000  9.612433e-01 
  811.000  9.622709e-01 
  812.000  9.566200e-01 
  813.000  9.454277e-01 
  814.000  9.257663e-01 
  815.000  9.014590e-01 
  816.000  9.201471e-01 
  817.000  8.340430e-01 
  818.000  8.946101e-01 
  819.000  9.203105e-01 
  820.000  8.869616e-01 
  821.000  9.610643e-01 
  822.000  9.517365e-01 
  823.000  8.086993e-01 
  824.000  9.392954e-01 
  825.000  9.562718e-01 
  826.000  9.384163e-01 
  827.000  9.555387e-01 
  828.000  9.089419e-01 
  829.000  9.451921e-01 
  830.000  9.368178e-01 
  831.000  9.410316e-01 
  832.000  9.406253e-01 
  833.000  9.543771e-01 
  834.000  9.542039e-01 
  835.000  9.618736e-01 
  836.000  9.627547e-01 
  837.000  9.624624e-01 
  838.000  9.676058e-01 
  839.000  9.701834e-01 
  840.000  9.709295e-01 
  841.000  9.709295e-01 
  842.000  9.664612e-01 
  843.000  9.750192e-01 
  844.000  9.699788e-01 
  845.000  9.741511e-01 
  846.000  9.752910e-01 
  847.000  9.760942e-01 
  848.000  9.751261e-01 
  849.000  9.756805e-01 
  850.000  9.756370e-01 
  851.000  9.757416e-01 
  852.000  9.776825e-01 
  853.000  9.781217e-01 
  854.000  9.778453e-01 
  855.000  9.778453e-01 
  856.000  9.782753e-01 
  857.000  9.792987e-01 
  858.000  9.784976e-01 
  859.000  9.791431e-01 
  860.000  9.796953e-01 
  861.000  9.795552e-01 
  862.000  9.799007e-01 
  863.000  9.797626e-01 
  864.000  9.802113e-01 
  865.000  9.802113e-01 
  866.000  9.802387e-01 
  867.000  9.803647e-01 
  868.000  9.803861e-01 
  869.000  9.804568e-01 
  870.000  9.805904e-01 
  871.000  9.807017e-01 
  872.000  9.808621e-01 
  873.000  9.808770e-01 
  874.000  9.808770e-01 
  875.000  9.811396e-01 
  876.000  9.812126e-01 
  877.000  9.812394e-01 
  878.000  9.812583e-01 
  879.000  9.812732e-01 
  880.000  9.815536e-01 
  881.000  9.815536e-01 
  882.000  9.811361e-01 
  883.000  9.813234e-01 
  884.000  9.814593e-01 
  885.000  9.816415e-01 
  886.000  9.787103e-01 
  887.000  9.815515e-01 
  888.000  9.815515e-01 
  889.000  9.808749e-01 
  890.000  9.793093e-01 
  891.000  9.816967e-01 
  892.000  9.790577e-01 
  893.000  9.719764e-01 
  894.000  9.719764e-01 
  895.000  9.552506e-01 
  896.000  9.398204e-01 
  897.000  8.688983e-01 
  898.000  9.364176e-01 
  899.000  8.058518e-01 
  900.000  8.058518e-01 
  901.000  8.355874e-01 
  902.000  8.630258e-01 
  903.000  8.933023e-01 
  904.000  9.613326e-01 
  905.000  9.520655e-01 
  906.000  9.520655e-01 
  907.000  8.785118e-01 
  908.000  8.581451e-01 
  909.000  8.690552e-01 
  910.000  8.532811e-01 
  911.000  8.532811e-01 
  912.000  9.274893e-01 
  913.000  8.905699e-01 
  914.000  8.655381e-01 
  915.000  8.277524e-01 
  916.000  8.277524e-01 
  917.000  9.245788e-01 
  918.000  8.457010e-01 
  919.000  9.070524e-01 
  920.000  9.598901e-01 
  921.000  9.598901e-01 
  922.000  9.460999e-01 
  923.000  9.450791e-01 
  924.000  9.315104e-01 
  925.000  9.315104e-01 
  926.000  9.383401e-01 
  927.000  9.437824e-01 
  928.000  8.647188e-01 
  929.000  8.485475e-01 
  930.000  8.485475e-01 
  931.000  7.289271e-01 
  932.000  5.622473e-01 
  933.000  5.920148e-01 
  934.000  5.920148e-01 
  935.000  5.421895e-01 
  936.000  5.122754e-01 
  937.000  5.050141e-01 
  938.000  5.050141e-01 
  939.000  6.373255e-01 
  940.000  7.608263e-01 
  941.000  7.138594e-01 
  942.000  7.138594e-01 
  943.000  6.174318e-01 
  944.000  6.259207e-01 
  945.000  7.088972e-01 
  946.000  7.088972e-01 
  947.000  6.306974e-01 
  948.000  6.508423e-01 
  949.000  7.105867e-01 
  950.000  7.105867e-01 
  951.000  7.214863e-01 
  952.000  6.279099e-01 
  953.000  7.562798e-01 
  954.000  7.562798e-01 
  955.000  7.515091e-01 
  956.000  6.508866e-01 
  957.000  7.963944e-01 
  958.000  7.963944e-01 
  959.000  7.086985e-01 
  960.000  7.811908e-01 
  961.000  7.811908e-01 
  962.000  8.047022e-01 
  963.000  8.585219e-01 
  964.000  7.733600e-01 
  965.000  7.733600e-01 
  966.000  8.322595e-01 
  967.000  9.019450e-01 
  968.000  9.019450e-01 
  969.000  9.173335e-01 
  970.000  9.462988e-01 
  971.000  9.560054e-01 
  972.000  9.560054e-01 
  973.000  9.441631e-01 
  974.000  8.852292e-01 
  975.000  8.852292e-01 
  976.000  8.696056e-01 
  977.000  9.294426e-01 
  978.000  9.209945e-01 
  979.000  9.209945e-01 
  980.000  9.217843e-01 
  981.000  9.689357e-01 
  982.000  9.689357e-01 
  983.000  9.546688e-01 
  984.000  9.673554e-01 
  985.000  9.673554e-01 
  986.000  9.826828e-01 
  987.000  9.769206e-01 
  988.000  9.769206e-01 
  989.000  9.857954e-01 
  990.000  9.822436e-01 
  991.000  9.822436e-01 
  992.000  9.847115e-01 
  993.000  9.842572e-01 
  994.000  9.842572e-01 
  995.000  9.879833e-01 
  996.000  9.880798e-01 
  997.000  9.880798e-01 
  998.000  9.881453e-01 
  999.000  9.879005e-01 
 1000.000  9.879005e-01 
 1001.000  9.881203e-01 
 1002.000  9.831417e-01 
 1003.000  9.831417e-01 
 1004.000  9.882033e-01 
 1005.000  9.884565e-01 
 1006.000  9.884565e-01 
 1007.000  9.886549e-01 
 1008.000  9.877551e-01 
 1009.000  9.877551e-01 
 1010.000  9.840639e-01 
 1011.000  9.887598e-01 
 1012.000  9.887598e-01 
 1013.000  9.889938e-01 
 1014.000  9.889079e-01 
 1015.000  9.889079e-01 
 1016.000  9.891849e-01 
 1017.000  9.889745e-01 
 1018.000  9.889745e-01 
 1019.000  9.886894e-01 
 1020.000  9.894058e-01 
 1021.000  9.894058e-01 
 1022.000  9.888453e-01 
 1023.000  9.888453e-01 
 1024.000  9.887151e-01 
 1025.000  9.895424e-01 
 1026.000  9.895424e-01 
 1027.000  9.892058e-01 
 1028.000  9.896436e-01 
 1029.000  9.896436e-01 
 1030.000  9.898353e-01 
 1031.000  9.897720e-01 
 1032.000  9.897720e-01 
 1033.000  9.898154e-01 
 1034.000  9.898154e-01 
 1035.000  9.898661e-01 
 1036.000  9.894412e-01 
 1037.000  9.894412e-01 
 1038.000  9.894087e-01 
 1039.000  9.889783e-01 
 1040.000  9.889783e-01 
 1041.000  9.886419e-01 
 1042.000  9.886419e-01 
 1043.000  9.882350e-01 
 1044.000  9.875976e-01 
 1045.000  9.875976e-01 
 1046.000  9.867104e-01 
 1047.000  9.867104e-01 
 1048.000  9.858181e-01 
 1049.000  9.839924e-01 
 1050.000  9.839924e-01 
 1051.000  9.832143e-01 
 1052.000  9.832143e-01 
 1053.000  9.819838e-01 
 1054.000  9.809348e-01 
 1055.000  9.809348e-01 
 1056.000  9.797038e-01 
 1057.000  9.797038e-01 
 1058.000  9.786177e-01 
 1059.000  9.775398e-01 
 1060.000  9.775398e-01 
 1061.000  9.768615e-01 
 1062.000  9.768615e-01 
 1063.000  9.756359e-01 
 1064.000  9.749064e-01 
 1065.000  9.749064e-01 
 1066.000  9.761078e-01 
 1067.000  9.761078e-01 
 1068.000  9.752967e-01 
 1069.000  9.764549e-01 
 1070.000  9.764549e-01 
 1071.000  9.780521e-01 
 1072.000  9.780521e-01 
 1073.000  9.792346e-01 
 1074.000  9.792346e-01 
 1075.000  9.772052e-01 
 1076.000  9.775092e-01 
 1077.000  9.775092e-01 
 1078.000  9.815422e-01 
 1079.000  9.815422e-01 
 1080.000  9.791073e-01 
 1081.000  9.791073e-01 
 1082.000  9.817536e-01 
 1083.000  9.796548e-01 
 1084.000  9.796548e-01 
 1085.000  9.749973e-01 
 1086.000  9.749973e-01 
 1087.000  9.829125e-01 
 1088.000  9.829125e-01 
 1089.000  9.797359e-01 
 1090.000  9.780431e-01 
 1091.000  9.780431e-01 
 1092.000  9.726052e-01 
 1093.000  9.726052e-01 
 1094.000  9.725357e-01 
 1095.000  9.725357e-01 
 1096.000  9.692227e-01 
 1097.000  9.692227e-01 
 1098.000  9.615479e-01 
 1099.000  9.337150e-01 
 1100.000  9.337150e-01 
 1101.000  9.344850e-01 
 1102.000  9.344850e-01 
 1103.000  9.235697e-01 
 1104.000  9.235697e-01 
 1105.000  9.149741e-01 
 1106.000  9.149741e-01 
 1107.000  9.136015e-01 
 1108.000  9.136015e-01 
 1109.000  8.921331e-01 
 1110.000  8.558181e-01 
 1111.000  8.558181e-01 
 1112.000  8.352580e-01 
 1113.000  8.352580e-01 
 1114.000  7.504663e-01 
 1115.000  7.504663e-01 
 1116.000  5.510570e-01 
 1117.000  5.510570e-01 
 1118.000  6.539963e-01 
 1119.000  6.539963e-01 
 1120.000  5.901740e-01 
 1121.000  5.901740e-01 
 1122.000  4.052878e-01 
 1123.000  6.150515e-01 
 1124.000  6.150515e-01 
 1125.000  4.520452e-01 
 1126.000  4.520452e-01 
 1127.000  5.173955e-01 
 1128.000  5.173955e-01 
 1129.000  5.198433e-01 
 1130.000  5.198433e-01 
 1131.000  7.637420e-01 
 1132.000  7.637420e-01 
 1133.000  5.209134e-01 
 1134.000  5.209134e-01 
 1135.000  3.205943e-01 
 1136.000  3.205943e-01 
 1137.000  7.710014e-01 
 1138.000  7.710014e-01 
 1139.000  7.142045e-01 
 1140.000  7.142045e-01 
 1141.000  7.000343e-01 
 1142.000  7.000343e-01 
 1143.000  7.426901e-01 
 1144.000  7.426901e-01 
 1145.000  5.579759e-01 
 1146.000  5.579759e-01 
 1147.000  5.421111e-01 
 1148.000  5.421111e-01 
 1149.000  6.434839e-01 
 1150.000  6.434839e-01 
 1151.000  7.311752e-01 
 1152.000  7.311752e-01 
 1153.000  6.821708e-01 
 1154.000  6.821708e-01 
 1155.000  7.271041e-01 
 1156.000  7.271041e-01 
 1157.000  7.930536e-01 
 1158.000  7.930536e-01 
 1159.000  8.770850e-01 
 1160.000  8.770850e-01 
 1161.000  8.618407e-01 
 1162.000  8.618407e-01 
 1163.000  9.062989e-01 
 1164.000  9.062989e-01 
 1165.000  8.909917e-01 
 1166.000  8.909917e-01 
 1167.000  9.254152e-01 
 1168.000  9.254152e-01 
 1169.000  9.359633e-01 
 1170.000  9.359633e-01 
 1171.000  9.421759e-01 
 1172.000  9.421759e-01 
 1173.000  8.903824e-01 
 1174.000  8.903824e-01 
 1175.000  9.711573e-01 
 1176.000  9.711573e-01 
 1177.000  9.218680e-01 
 1178.000  9.218680e-01 
 1179.000  9.577361e-01 
 1180.000  9.577361e-01 
 1181.000  8.829411e-01 
 1182.000  8.829411e-01 
 1183.000  9.394860e-01 
 1184.000  9.394860e-01 
 1185.000  9.572977e-01 
 1186.000  9.572977e-01 
 1187.000  8.922834e-01 
 1188.000  8.922834e-01 
 1189.000  8.922834e-01 
 1190.000  9.389170e-01 
 1191.000  9.389170e-01 
 1192.000  9.736245e-01 
 1193.000  9.736245e-01 
 1194.000  9.489253e-01 
 1195.000  9.489253e-01 
 1196.000  9.608697e-01 
 1197.000  9.608697e-01 
 1198.000  9.376127e-01 
 1199.000  9.376127e-01 
 1200.000  9.336633e-01 
