  250.000  0.000000e+00 
  251.000  0.000000e+00 
  252.000  0.000000e+00 
  253.000  0.000000e+00 
  254.000  0.000000e+00 
  255.000  0.000000e+00 
  256.000  0.000000e+00 
  257.000  0.000000e+00 
  258.000  0.000000e+00 
  259.000  0.000000e+00 
  260.000  0.000000e+00 
  261.000  0.000000e+00 
  262.000  0.000000e+00 
  263.000  0.000000e+00 
  264.000  0.000000e+00 
  265.000  0.000000e+00 
  266.000  0.000000e+00 
  267.000  0.000000e+00 
  268.000  0.000000e+00 
  269.000  0.000000e+00 
  270.000  0.000000e+00 
  271.000  0.000000e+00 
  272.000  0.000000e+00 
  273.000  0.000000e+00 
  274.000  0.000000e+00 
  275.000  0.000000e+00 
  276.000  0.000000e+00 
  277.000  0.000000e+00 
  278.000  0.000000e+00 
  279.000  0.000000e+00 
  280.000  0.000000e+00 
  281.000  0.000000e+00 
  282.000  0.000000e+00 
  283.000  0.000000e+00 
  284.000  0.000000e+00 
  285.000  0.000000e+00 
  286.000  0.000000e+00 
  287.000  0.000000e+00 
  288.000  0.000000e+00 
  289.000  0.000000e+00 
  290.000  0.000000e+00 
  291.000  1.870040e-14 
  292.000  1.497462e-12 
  293.000  2.007113e-11 
  294.000  3.808217e-10 
  295.000  2.537948e-09 
  296.000  3.639504e-08 
  297.000  1.797584e-07 
  298.000  1.212230e-06 
  299.000  4.451312e-06 
  300.000  1.713332e-05 
  301.000  5.169107e-05 
  302.000  1.295104e-04 
  303.000  3.900789e-04 
  304.000  5.863924e-04 
  305.000  1.435899e-03 
  306.000  2.361889e-03 
  307.000  4.362612e-03 
  308.000  6.448227e-03 
  309.000  9.284131e-03 
  310.000  1.498955e-02 
  311.000  1.813736e-02 
  312.000  2.392913e-02 
  313.000  3.204644e-02 
  314.000  3.592401e-02 
  315.000  4.798504e-02 
  316.000  5.155356e-02 
  317.000  6.239818e-02 
  318.000  6.930706e-02 
  319.000  8.937371e-02 
  320.000  7.636943e-02 
  321.000  1.082154e-01 
  322.000  9.496770e-02 
  323.000  1.107215e-01 
  324.000  1.348559e-01 
  325.000  1.178679e-01 
  326.000  1.427598e-01 
  327.000  1.511750e-01 
  328.000  1.379755e-01 
  329.000  1.683103e-01 
  330.000  1.739888e-01 
  331.000  1.609247e-01 
  332.000  1.830720e-01 
  333.000  1.881783e-01 
  334.000  1.850956e-01 
  335.000  1.999527e-01 
  336.000  2.061863e-01 
  337.000  2.024642e-01 
  338.000  2.125050e-01 
  339.000  2.199207e-01 
  340.000  2.189700e-01 
  341.000  2.273707e-01 
  342.000  2.333540e-01 
  343.000  2.372187e-01 
  344.000  2.361045e-01 
  345.000  2.454434e-01 
  346.000  2.502374e-01 
  347.000  2.543439e-01 
  348.000  2.587149e-01 
  349.000  2.639867e-01 
  350.000  2.681832e-01 
  351.000  2.730927e-01 
  352.000  2.771480e-01 
  353.000  2.820248e-01 
  354.000  2.855382e-01 
  355.000  2.893997e-01 
  356.000  2.943213e-01 
  357.000  2.975448e-01 
  358.000  3.011742e-01 
  359.000  3.047694e-01 
  360.000  3.082889e-01 
  361.000  3.119723e-01 
  362.000  3.176569e-01 
  363.000  3.225113e-01 
  364.000  3.273724e-01 
  365.000  3.314580e-01 
  366.000  3.360334e-01 
  367.000  3.403568e-01 
  368.000  3.444972e-01 
  369.000  3.479979e-01 
  370.000  3.521757e-01 
  371.000  3.566124e-01 
  372.000  3.602807e-01 
  373.000  3.648217e-01 
  374.000  3.691642e-01 
  375.000  3.726987e-01 
  376.000  3.763692e-01 
  377.000  3.805963e-01 
  378.000  3.838911e-01 
  379.000  3.874678e-01 
  380.000  3.908987e-01 
  381.000  3.946664e-01 
  382.000  3.997066e-01 
  383.000  4.048696e-01 
  384.000  4.083950e-01 
  385.000  4.129461e-01 
  386.000  4.166024e-01 
  387.000  4.209188e-01 
  388.000  4.243236e-01 
  389.000  4.277998e-01 
  390.000  4.321636e-01 
  391.000  4.357610e-01 
  392.000  4.387695e-01 
  393.000  4.438695e-01 
  394.000  4.473830e-01 
  395.000  4.507950e-01 
  396.000  4.551074e-01 
  397.000  4.590561e-01 
  398.000  4.617743e-01 
  399.000  4.655725e-01 
  400.000  4.687883e-01 
  401.000  4.730926e-01 
  402.000  4.769842e-01 
  403.000  4.809824e-01 
  404.000  4.836293e-01 
  405.000  4.873214e-01 
  406.000  4.908459e-01 
  407.000  4.954104e-01 
  408.000  4.976244e-01 
  409.000  5.008678e-01 
  410.000  5.043300e-01 
  411.000  5.081958e-01 
  412.000  5.122324e-01 
  413.000  5.143857e-01 
  414.000  5.185496e-01 
  415.000  5.218281e-01 
  416.000  5.260821e-01 
  417.000  5.285760e-01 
  418.000  5.314029e-01 
  419.000  5.354695e-01 
  420.000  5.381870e-01 
  421.000  5.413695e-01 
  422.000  5.439754e-01 
  423.000  5.475891e-01 
  424.000  5.503459e-01 
  425.000  5.545503e-01 
  426.000  5.576988e-01 
  427.000  5.605794e-01 
  428.000  5.631952e-01 
  429.000  5.670537e-01 
  430.000  5.702162e-01 
  431.000  5.714175e-01 
  432.000  5.759076e-01 
  433.000  5.789872e-01 
  434.000  5.809737e-01 
  435.000  5.830275e-01 
  436.000  5.866741e-01 
  437.000  5.914257e-01 
  438.000  5.938393e-01 
  439.000  5.943527e-01 
  440.000  5.979331e-01 
  441.000  6.010551e-01 
  442.000  6.047733e-01 
  443.000  6.067029e-01 
  444.000  6.091688e-01 
  445.000  6.102597e-01 
  446.000  6.136864e-01 
  447.000  6.171340e-01 
  448.000  6.172208e-01 
  449.000  6.219260e-01 
  450.000  6.257378e-01 
  451.000  6.280029e-01 
  452.000  6.298626e-01 
  453.000  6.326825e-01 
  454.000  6.365706e-01 
  455.000  6.378648e-01 
  456.000  6.401082e-01 
  457.000  6.427262e-01 
  458.000  6.443247e-01 
  459.000  6.466638e-01 
  460.000  6.480336e-01 
  461.000  6.504474e-01 
  462.000  6.538312e-01 
  463.000  6.539474e-01 
  464.000  6.572833e-01 
  465.000  6.595817e-01 
  466.000  6.637848e-01 
  467.000  6.649921e-01 
  468.000  6.674076e-01 
  469.000  6.694394e-01 
  470.000  6.716518e-01 
  471.000  6.738530e-01 
  472.000  6.747806e-01 
  473.000  6.753566e-01 
  474.000  6.740311e-01 
  475.000  6.743250e-01 
  476.000  6.752126e-01 
  477.000  6.760874e-01 
  478.000  6.772045e-01 
  479.000  6.794222e-01 
  480.000  6.821462e-01 
  481.000  6.868323e-01 
  482.000  6.906405e-01 
  483.000  6.941259e-01 
  484.000  6.958918e-01 
  485.000  6.973524e-01 
  486.000  6.986067e-01 
  487.000  7.014222e-01 
  488.000  7.028638e-01 
  489.000  7.039816e-01 
  490.000  7.071204e-01 
  491.000  7.090046e-01 
  492.000  7.106808e-01 
  493.000  7.123412e-01 
  494.000  7.134522e-01 
  495.000  7.147361e-01 
  496.000  7.155803e-01 
  497.000  7.170631e-01 
  498.000  7.181371e-01 
  499.000  7.194826e-01 
  500.000  7.204191e-01 
  501.000  7.203467e-01 
  502.000  7.196450e-01 
  503.000  7.187623e-01 
  504.000  7.179093e-01 
  505.000  7.195061e-01 
  506.000  7.216943e-01 
  507.000  7.229692e-01 
  508.000  7.258472e-01 
  509.000  7.274900e-01 
  510.000  7.296827e-01 
  511.000  7.316016e-01 
  512.000  7.328665e-01 
  513.000  7.354808e-01 
  514.000  7.366385e-01 
  515.000  7.387092e-01 
  516.000  7.395048e-01 
  517.000  7.409627e-01 
  518.000  7.412574e-01 
  519.000  7.421184e-01 
  520.000  7.425624e-01 
  521.000  7.436664e-01 
  522.000  7.439151e-01 
  523.000  7.442822e-01 
  524.000  7.445777e-01 
  525.000  7.439535e-01 
  526.000  7.437161e-01 
  527.000  7.436582e-01 
  528.000  7.431003e-01 
  529.000  7.428200e-01 
  530.000  7.425323e-01 
  531.000  7.430217e-01 
  532.000  7.434966e-01 
  533.000  7.443274e-01 
  534.000  7.454689e-01 
  535.000  7.461599e-01 
  536.000  7.473976e-01 
  537.000  7.486671e-01 
  538.000  7.493112e-01 
  539.000  7.498298e-01 
  540.000  7.509767e-01 
  541.000  7.502619e-01 
  542.000  7.509015e-01 
  543.000  7.521563e-01 
  544.000  7.530162e-01 
  545.000  7.525120e-01 
  546.000  7.527646e-01 
  547.000  7.546169e-01 
  548.000  7.562719e-01 
  549.000  7.566753e-01 
  550.000  7.576085e-01 
  551.000  7.585486e-01 
  552.000  7.589757e-01 
  553.000  7.594418e-01 
  554.000  7.600929e-01 
  555.000  7.606013e-01 
  556.000  7.601093e-01 
  557.000  7.592293e-01 
  558.000  7.585323e-01 
  559.000  7.576233e-01 
  560.000  7.567723e-01 
  561.000  7.560915e-01 
  562.000  7.556192e-01 
  563.000  7.547420e-01 
  564.000  7.538388e-01 
  565.000  7.530755e-01 
  566.000  7.527303e-01 
  567.000  7.517797e-01 
  568.000  7.504553e-01 
  569.000  7.456901e-01 
  570.000  7.432276e-01 
  571.000  7.439171e-01 
  572.000  7.412474e-01 
  573.000  7.416052e-01 
  574.000  7.398168e-01 
  575.000  7.400672e-01 
  576.000  7.402912e-01 
  577.000  7.411320e-01 
  578.000  7.443264e-01 
  579.000  7.468822e-01 
  580.000  7.491996e-01 
  581.000  7.530584e-01 
  582.000  7.566813e-01 
  583.000  7.598748e-01 
  584.000  7.644722e-01 
  585.000  7.660275e-01 
  586.000  7.682571e-01 
  587.000  7.687233e-01 
  588.000  7.689300e-01 
  589.000  7.569738e-01 
  590.000  7.576353e-01 
  591.000  7.625003e-01 
  592.000  7.530695e-01 
  593.000  7.687717e-01 
  594.000  7.615404e-01 
  595.000  7.665446e-01 
  596.000  7.686870e-01 
  597.000  7.685662e-01 
  598.000  7.688047e-01 
  599.000  7.713691e-01 
  600.000  7.715656e-01 
  601.000  7.738818e-01 
  602.000  7.757716e-01 
  603.000  7.767184e-01 
  604.000  7.777745e-01 
  605.000  7.787100e-01 
  606.000  7.808540e-01 
  607.000  7.825878e-01 
  608.000  7.848418e-01 
  609.000  7.857675e-01 
  610.000  7.876198e-01 
  611.000  7.890950e-01 
  612.000  7.912654e-01 
  613.000  7.930998e-01 
  614.000  7.944241e-01 
  615.000  7.959694e-01 
  616.000  7.981536e-01 
  617.000  7.997332e-01 
  618.000  8.007959e-01 
  619.000  8.023636e-01 
  620.000  8.037202e-01 
  621.000  8.047042e-01 
  622.000  8.051433e-01 
  623.000  8.060662e-01 
  624.000  8.064215e-01 
  625.000  8.068824e-01 
  626.000  8.070518e-01 
  627.000  8.070109e-01 
  628.000  7.762432e-01 
  629.000  7.916089e-01 
  630.000  7.979797e-01 
  631.000  8.083370e-01 
  632.000  8.119894e-01 
  633.000  8.150080e-01 
  634.000  8.190077e-01 
  635.000  8.202137e-01 
  636.000  8.240650e-01 
  637.000  8.285455e-01 
  638.000  8.317164e-01 
  639.000  8.345804e-01 
  640.000  8.363487e-01 
  641.000  8.392452e-01 
  642.000  8.413823e-01 
  643.000  8.421370e-01 
  644.000  8.440242e-01 
  645.000  8.452665e-01 
  646.000  8.426846e-01 
  647.000  8.383664e-01 
  648.000  8.337883e-01 
  649.000  8.398204e-01 
  650.000  8.510323e-01 
  651.000  8.527504e-01 
  652.000  8.509195e-01 
  653.000  8.548959e-01 
  654.000  8.565582e-01 
  655.000  8.461472e-01 
  656.000  8.546203e-01 
  657.000  8.574457e-01 
  658.000  8.623879e-01 
  659.000  8.656996e-01 
  660.000  8.658833e-01 
  661.000  8.683084e-01 
  662.000  8.686993e-01 
  663.000  8.698373e-01 
  664.000  8.711069e-01 
  665.000  8.722854e-01 
  666.000  8.735147e-01 
  667.000  8.753124e-01 
  668.000  8.761683e-01 
  669.000  8.776262e-01 
  670.000  8.784404e-01 
  671.000  8.801826e-01 
  672.000  8.805570e-01 
  673.000  8.820066e-01 
  674.000  8.825632e-01 
  675.000  8.840682e-01 
  676.000  8.845284e-01 
  677.000  8.853208e-01 
  678.000  8.866224e-01 
  679.000  8.873198e-01 
  680.000  8.886964e-01 
  681.000  8.892446e-01 
  682.000  8.910895e-01 
  683.000  8.912253e-01 
  684.000  8.928828e-01 
  685.000  8.938907e-01 
  686.000  8.948417e-01 
  687.000  5.481371e-01 
  688.000  7.199768e-01 
  689.000  7.683132e-01 
  690.000  8.049196e-01 
  691.000  8.309429e-01 
  692.000  8.746124e-01 
  693.000  8.653276e-01 
  694.000  8.515846e-01 
  695.000  8.766047e-01 
  696.000  8.703396e-01 
  697.000  9.011160e-01 
  698.000  9.004992e-01 
  699.000  8.875854e-01 
  700.000  8.897529e-01 
  701.000  8.797478e-01 
  702.000  8.851240e-01 
  703.000  8.900213e-01 
  704.000  8.934488e-01 
  705.000  8.948243e-01 
  706.000  9.001698e-01 
  707.000  9.044766e-01 
  708.000  9.077391e-01 
  709.000  9.083109e-01 
  710.000  9.072465e-01 
  711.000  9.113647e-01 
  712.000  9.095568e-01 
  713.000  9.129537e-01 
  714.000  9.105995e-01 
  715.000  9.046259e-01 
  716.000  9.061422e-01 
  717.000  8.783471e-01 
  718.000  8.078761e-01 
  719.000  7.571149e-01 
  720.000  8.166004e-01 
  721.000  8.959197e-01 
  722.000  8.943269e-01 
  723.000  8.903918e-01 
  724.000  8.011018e-01 
  725.000  8.250898e-01 
  726.000  8.678966e-01 
  727.000  8.490631e-01 
  728.000  8.163644e-01 
  729.000  8.350103e-01 
  730.000  8.745520e-01 
  731.000  8.529200e-01 
  732.000  8.653492e-01 
  733.000  8.985538e-01 
  734.000  9.161661e-01 
  735.000  9.043884e-01 
  736.000  9.128375e-01 
  737.000  9.131846e-01 
  738.000  9.184243e-01 
  739.000  9.201815e-01 
  740.000  9.267042e-01 
  741.000  9.303297e-01 
  742.000  9.312935e-01 
  743.000  9.313162e-01 
  744.000  9.325580e-01 
  745.000  9.333609e-01 
  746.000  9.343562e-01 
  747.000  9.347460e-01 
  748.000  9.351466e-01 
  749.000  9.354091e-01 
  750.000  9.359068e-01 
  751.000  9.361547e-01 
  752.000  9.373899e-01 
  753.000  9.377167e-01 
  754.000  9.380920e-01 
  755.000  9.384783e-01 
  756.000  9.387211e-01 
  757.000  9.392815e-01 
  758.000  9.400877e-01 
  759.000  9.245378e-01 
  760.000  2.302200e-01 
  761.000  1.235977e-01 
  762.000  5.288122e-01 
  763.000  4.082320e-01 
  764.000  4.866712e-01 
  765.000  6.381717e-01 
  766.000  7.821468e-01 
  767.000  8.383487e-01 
  768.000  9.124277e-01 
  769.000  9.322730e-01 
  770.000  9.319477e-01 
  771.000  9.412139e-01 
  772.000  9.443614e-01 
  773.000  9.445260e-01 
  774.000  9.446203e-01 
  775.000  9.447861e-01 
  776.000  9.450474e-01 
  777.000  9.454120e-01 
  778.000  9.456288e-01 
  779.000  9.458489e-01 
  780.000  9.460329e-01 
  781.000  9.466063e-01 
  782.000  9.469847e-01 
  783.000  9.473418e-01 
  784.000  9.471699e-01 
  785.000  9.469779e-01 
  786.000  9.448394e-01 
  787.000  9.449854e-01 
  788.000  9.402612e-01 
  789.000  9.405117e-01 
  790.000  9.323249e-01 
  791.000  9.334493e-01 
  792.000  9.372143e-01 
  793.000  9.398154e-01 
  794.000  9.505350e-01 
  795.000  9.470353e-01 
  796.000  9.243033e-01 
  797.000  9.410163e-01 
  798.000  9.428154e-01 
  799.000  9.464327e-01 
  800.000  9.368693e-01 
  801.000  9.323386e-01 
  802.000  9.388638e-01 
  803.000  9.376419e-01 
  804.000  9.372671e-01 
  805.000  9.416681e-01 
  806.000  9.502723e-01 
  807.000  9.452247e-01 
  808.000  9.506406e-01 
  809.000  9.424969e-01 
  810.000  9.383820e-01 
  811.000  9.399709e-01 
  812.000  9.312052e-01 
  813.000  9.142505e-01 
  814.000  8.846956e-01 
  815.000  8.519142e-01 
  816.000  8.774003e-01 
  817.000  7.671698e-01 
  818.000  8.460363e-01 
  819.000  8.773244e-01 
  820.000  8.374793e-01 
  821.000  9.381879e-01 
  822.000  9.237530e-01 
  823.000  7.350109e-01 
  824.000  9.047723e-01 
  825.000  9.309822e-01 
  826.000  9.040663e-01 
  827.000  9.298168e-01 
  828.000  8.613710e-01 
  829.000  9.142867e-01 
  830.000  9.019540e-01 
  831.000  9.080966e-01 
  832.000  9.073368e-01 
  833.000  9.278038e-01 
  834.000  9.279311e-01 
  835.000  9.394891e-01 
  836.000  9.409658e-01 
  837.000  9.404340e-01 
  838.000  9.483762e-01 
  839.000  9.524456e-01 
  840.000  9.536252e-01 
  841.000  9.536252e-01 
  842.000  9.466358e-01 
  843.000  9.600614e-01 
  844.000  9.521455e-01 
  845.000  9.586844e-01 
  846.000  9.604926e-01 
  847.000  9.617674e-01 
  848.000  9.602309e-01 
  849.000  9.611105e-01 
  850.000  9.610448e-01 
  851.000  9.612323e-01 
  852.000  9.642899e-01 
  853.000  9.649878e-01 
  854.000  9.645535e-01 
  855.000  9.645535e-01 
  856.000  9.652320e-01 
  857.000  9.668593e-01 
  858.000  9.655856e-01 
  859.000  9.666117e-01 
  860.000  9.674903e-01 
  861.000  9.672677e-01 
  862.000  9.678169e-01 
  863.000  9.675973e-01 
  864.000  9.683114e-01 
  865.000  9.683114e-01 
  866.000  9.683550e-01 
  867.000  9.685555e-01 
  868.000  9.685897e-01 
  869.000  9.687023e-01 
  870.000  9.689148e-01 
  871.000  9.690921e-01 
  872.000  9.693475e-01 
  873.000  9.693713e-01 
  874.000  9.693713e-01 
  875.000  9.697893e-01 
  876.000  9.699054e-01 
  877.000  9.699481e-01 
  878.000  9.699783e-01 
  879.000  9.700021e-01 
  880.000  9.704487e-01 
  881.000  9.704487e-01 
  882.000  9.697837e-01 
  883.000  9.700820e-01 
  884.000  9.702985e-01 
  885.000  9.705886e-01 
  886.000  9.659451e-01 
  887.000  9.704454e-01 
  888.000  9.704454e-01 
  889.000  9.693677e-01 
  890.000  9.668993e-01 
  891.000  9.706764e-01 
  892.000  9.664814e-01 
  893.000  9.553164e-01 
  894.000  9.553164e-01 
  895.000  9.305135e-01 
  896.000  9.071127e-01 
  897.000  8.138926e-01 
  898.000  9.016637e-01 
  899.000  7.431296e-01 
  900.000  7.431296e-01 
  901.000  7.805623e-01 
  902.000  8.124629e-01 
  903.000  8.510232e-01 
  904.000  9.390424e-01 
  905.000  9.256480e-01 
  906.000  9.256480e-01 
  907.000  8.246414e-01 
  908.000  8.058431e-01 
  909.000  8.139146e-01 
  910.000  7.913023e-01 
  911.000  7.913023e-01 
  912.000  8.881263e-01 
  913.000  8.384830e-01 
  914.000  8.079963e-01 
  915.000  7.642349e-01 
  916.000  7.642349e-01 
  917.000  8.829595e-01 
  918.000  7.847428e-01 
  919.000  8.646886e-01 
  920.000  9.366454e-01 
  921.000  9.366454e-01 
  922.000  9.158064e-01 
  923.000  9.143030e-01 
  924.000  8.933283e-01 
  925.000  8.933283e-01 
  926.000  9.037410e-01 
  927.000  9.119077e-01 
  928.000  8.006156e-01 
  929.000  7.780147e-01 
  930.000  7.780147e-01 
  931.000  6.466562e-01 
  932.000  4.711524e-01 
  933.000  4.854048e-01 
  934.000  4.854048e-01 
  935.000  4.492443e-01 
  936.000  4.206060e-01 
  937.000  3.947448e-01 
  938.000  3.947448e-01 
  939.000  5.441113e-01 
  940.000  6.792253e-01 
  941.000  6.283609e-01 
  942.000  6.283609e-01 
  943.000  5.322010e-01 
  944.000  5.429671e-01 
  945.000  6.138018e-01 
  946.000  6.138018e-01 
  947.000  5.415178e-01 
  948.000  5.617839e-01 
  949.000  6.295713e-01 
  950.000  6.295713e-01 
  951.000  6.478629e-01 
  952.000  5.307497e-01 
  953.000  6.732596e-01 
  954.000  6.732596e-01 
  955.000  6.718437e-01 
  956.000  5.616949e-01 
  957.000  7.246549e-01 
  958.000  7.246549e-01 
  959.000  6.122416e-01 
  960.000  6.945685e-01 
  961.000  6.945685e-01 
  962.000  7.372453e-01 
  963.000  7.938980e-01 
  964.000  6.941025e-01 
  965.000  6.941025e-01 
  966.000  7.679450e-01 
  967.000  8.558679e-01 
  968.000  8.558679e-01 
  969.000  8.767325e-01 
  970.000  9.161092e-01 
  971.000  9.309624e-01 
  972.000  9.309624e-01 
  973.000  9.126694e-01 
  974.000  8.322278e-01 
  975.000  8.322278e-01 
  976.000  8.159555e-01 
  977.000  8.945245e-01 
  978.000  8.829263e-01 
  979.000  8.829263e-01 
  980.000  8.836502e-01 
  981.000  9.506831e-01 
  982.000  9.506831e-01 
  983.000  9.301763e-01 
  984.000  9.483332e-01 
  985.000  9.483332e-01 
  986.000  9.722772e-01 
  987.000  9.632039e-01 
  988.000  9.632039e-01 
  989.000  9.772209e-01 
  990.000  9.715881e-01 
  991.000  9.715881e-01 
  992.000  9.755060e-01 
  993.000  9.747826e-01 
  994.000  9.747826e-01 
  995.000  9.807110e-01 
  996.000  9.808652e-01 
  997.000  9.808652e-01 
  998.000  9.809699e-01 
  999.000  9.805786e-01 
 1000.000  9.805786e-01 
 1001.000  9.809300e-01 
 1002.000  9.730499e-01 
 1003.000  9.730499e-01 
 1004.000  9.810628e-01 
 1005.000  9.814678e-01 
 1006.000  9.814678e-01 
 1007.000  9.817851e-01 
 1008.000  9.803461e-01 
 1009.000  9.803461e-01 
 1010.000  9.745071e-01 
 1011.000  9.819528e-01 
 1012.000  9.819528e-01 
 1013.000  9.823275e-01 
 1014.000  9.821898e-01 
 1015.000  9.821898e-01 
 1016.000  9.826331e-01 
 1017.000  9.822965e-01 
 1018.000  9.822965e-01 
 1019.000  9.818405e-01 
 1020.000  9.829870e-01 
 1021.000  9.829870e-01 
 1022.000  9.820897e-01 
 1023.000  9.820897e-01 
 1024.000  9.818813e-01 
 1025.000  9.832054e-01 
 1026.000  9.832054e-01 
 1027.000  9.826667e-01 
 1028.000  9.833674e-01 
 1029.000  9.833674e-01 
 1030.000  9.836745e-01 
 1031.000  9.835730e-01 
 1032.000  9.835730e-01 
 1033.000  9.836422e-01 
 1034.000  9.836422e-01 
 1035.000  9.837238e-01 
 1036.000  9.830434e-01 
 1037.000  9.830434e-01 
 1038.000  9.829915e-01 
 1039.000  9.823026e-01 
 1040.000  9.823026e-01 
 1041.000  9.817643e-01 
 1042.000  9.817643e-01 
 1043.000  9.811134e-01 
 1044.000  9.800941e-01 
 1045.000  9.800941e-01 
 1046.000  9.786761e-01 
 1047.000  9.786761e-01 
 1048.000  9.772505e-01 
 1049.000  9.743364e-01 
 1050.000  9.743364e-01 
 1051.000  9.730954e-01 
 1052.000  9.730954e-01 
 1053.000  9.711341e-01 
 1054.000  9.694633e-01 
 1055.000  9.694633e-01 
 1056.000  9.675038e-01 
 1057.000  9.675038e-01 
 1058.000  9.657764e-01 
 1059.000  9.640631e-01 
 1060.000  9.640631e-01 
 1061.000  9.629855e-01 
 1062.000  9.629855e-01 
 1063.000  9.610396e-01 
 1064.000  9.598823e-01 
 1065.000  9.598823e-01 
 1066.000  9.617889e-01 
 1067.000  9.617889e-01 
 1068.000  9.605015e-01 
 1069.000  9.623396e-01 
 1070.000  9.623396e-01 
 1071.000  9.648772e-01 
 1072.000  9.648772e-01 
 1073.000  9.667573e-01 
 1074.000  9.667573e-01 
 1075.000  9.635904e-01 
 1076.000  9.640872e-01 
 1077.000  9.640872e-01 
 1078.000  9.704520e-01 
 1079.000  9.704520e-01 
 1080.000  9.666331e-01 
 1081.000  9.666331e-01 
 1082.000  9.708099e-01 
 1083.000  9.675316e-01 
 1084.000  9.675316e-01 
 1085.000  9.601910e-01 
 1086.000  9.601910e-01 
 1087.000  9.726939e-01 
 1088.000  9.726939e-01 
 1089.000  9.677289e-01 
 1090.000  9.651386e-01 
 1091.000  9.651386e-01 
 1092.000  9.565933e-01 
 1093.000  9.565933e-01 
 1094.000  9.564368e-01 
 1095.000  9.564368e-01 
 1096.000  9.512969e-01 
 1097.000  9.512969e-01 
 1098.000  9.393759e-01 
 1099.000  8.989235e-01 
 1100.000  8.989235e-01 
 1101.000  9.002873e-01 
 1102.000  9.002873e-01 
 1103.000  8.842905e-01 
 1104.000  8.842905e-01 
 1105.000  8.717338e-01 
 1106.000  8.717338e-01 
 1107.000  8.702617e-01 
 1108.000  8.702617e-01 
 1109.000  8.394669e-01 
 1110.000  8.002120e-01 
 1111.000  8.002120e-01 
 1112.000  7.672281e-01 
 1113.000  7.672281e-01 
 1114.000  6.849366e-01 
 1115.000  6.849366e-01 
 1116.000  4.595340e-01 
 1117.000  4.595340e-01 
 1118.000  5.678455e-01 
 1119.000  5.678455e-01 
 1120.000  4.910388e-01 
 1121.000  4.910388e-01 
 1122.000  3.070208e-01 
 1123.000  5.294489e-01 
 1124.000  5.294489e-01 
 1125.000  3.462221e-01 
 1126.000  3.462221e-01 
 1127.000  4.082831e-01 
 1128.000  4.082831e-01 
 1129.000  4.047379e-01 
 1130.000  4.047379e-01 
 1131.000  6.823197e-01 
 1132.000  6.823197e-01 
 1133.000  4.067210e-01 
 1134.000  4.067210e-01 
 1135.000  2.412656e-01 
 1136.000  2.412656e-01 
 1137.000  6.840124e-01 
 1138.000  6.840124e-01 
 1139.000  6.363264e-01 
 1140.000  6.363264e-01 
 1141.000  6.216179e-01 
 1142.000  6.216179e-01 
 1143.000  6.535793e-01 
 1144.000  6.535793e-01 
 1145.000  4.534001e-01 
 1146.000  4.534001e-01 
 1147.000  4.364865e-01 
 1148.000  4.364865e-01 
 1149.000  5.530005e-01 
 1150.000  5.530005e-01 
 1151.000  6.490573e-01 
 1152.000  6.490573e-01 
 1153.000  6.012835e-01 
 1154.000  6.012835e-01 
 1155.000  6.492346e-01 
 1156.000  6.492346e-01 
 1157.000  7.272165e-01 
 1158.000  7.272165e-01 
 1159.000  8.180948e-01 
 1160.000  8.180948e-01 
 1161.000  7.973580e-01 
 1162.000  7.973580e-01 
 1163.000  8.626786e-01 
 1164.000  8.626786e-01 
 1165.000  8.397688e-01 
 1166.000  8.397688e-01 
 1167.000  8.879488e-01 
 1168.000  8.879488e-01 
 1169.000  9.020221e-01 
 1170.000  9.020221e-01 
 1171.000  9.121707e-01 
 1172.000  9.121707e-01 
 1173.000  8.379319e-01 
 1174.000  8.379319e-01 
 1175.000  9.542525e-01 
 1176.000  9.542525e-01 
 1177.000  8.834153e-01 
 1178.000  8.834153e-01 
 1179.000  9.355307e-01 
 1180.000  9.355307e-01 
 1181.000  8.323769e-01 
 1182.000  8.323769e-01 
 1183.000  9.092047e-01 
 1184.000  9.092047e-01 
 1185.000  9.330364e-01 
 1186.000  9.330364e-01 
 1187.000  8.513234e-01 
 1188.000  8.513234e-01 
 1189.000  8.513234e-01 
 1190.000  9.094347e-01 
 1191.000  9.094347e-01 
 1192.000  9.581488e-01 
 1193.000  9.581488e-01 
 1194.000  9.233074e-01 
 1195.000  9.233074e-01 
 1196.000  9.383573e-01 
 1197.000  9.383573e-01 
 1198.000  9.054746e-01 
 1199.000  9.054746e-01 
 1200.000  9.016666e-01 
