  250.000  0.000000e+00 
  251.000  0.000000e+00 
  252.000  0.000000e+00 
  253.000  0.000000e+00 
  254.000  0.000000e+00 
  255.000  0.000000e+00 
  256.000  0.000000e+00 
  257.000  0.000000e+00 
  258.000  0.000000e+00 
  259.000  0.000000e+00 
  260.000  0.000000e+00 
  261.000  0.000000e+00 
  262.000  0.000000e+00 
  263.000  0.000000e+00 
  264.000  0.000000e+00 
  265.000  0.000000e+00 
  266.000  0.000000e+00 
  267.000  0.000000e+00 
  268.000  0.000000e+00 
  269.000  0.000000e+00 
  270.000  0.000000e+00 
  271.000  0.000000e+00 
  272.000  0.000000e+00 
  273.000  0.000000e+00 
  274.000  0.000000e+00 
  275.000  0.000000e+00 
  276.000  0.000000e+00 
  277.000  0.000000e+00 
  278.000  0.000000e+00 
  279.000  0.000000e+00 
  280.000  0.000000e+00 
  281.000  0.000000e+00 
  282.000  0.000000e+00 
  283.000  0.000000e+00 
  284.000  0.000000e+00 
  285.000  0.000000e+00 
  286.000  0.000000e+00 
  287.000  0.000000e+00 
  288.000  0.000000e+00 
  289.000  0.000000e+00 
  290.000  0.000000e+00 
  291.000  1.654326e-13 
  292.000  9.791509e-12 
  293.000  1.097303e-10 
  294.000  1.699527e-09 
  295.000  9.937517e-09 
  296.000  1.185972e-07 
  297.000  5.246670e-07 
  298.000  3.101802e-06 
  299.000  1.041258e-05 
  300.000  3.652100e-05 
  301.000  1.021039e-04 
  302.000  2.401165e-04 
  303.000  6.702637e-04 
  304.000  9.796529e-04 
  305.000  2.255198e-03 
  306.000  3.584382e-03 
  307.000  6.346333e-03 
  308.000  9.130901e-03 
  309.000  1.282027e-02 
  310.000  2.002610e-02 
  311.000  2.391513e-02 
  312.000  3.095460e-02 
  313.000  4.062840e-02 
  314.000  4.518701e-02 
  315.000  5.916491e-02 
  316.000  6.325117e-02 
  317.000  7.555506e-02 
  318.000  8.331515e-02 
  319.000  1.055699e-01 
  320.000  9.119266e-02 
  321.000  1.261508e-01 
  322.000  1.117090e-01 
  323.000  1.288686e-01 
  324.000  1.548385e-01 
  325.000  1.365958e-01 
  326.000  1.632710e-01 
  327.000  1.722136e-01 
  328.000  1.581707e-01 
  329.000  1.903192e-01 
  330.000  1.962905e-01 
  331.000  1.825318e-01 
  332.000  2.058144e-01 
  333.000  2.111540e-01 
  334.000  2.079316e-01 
  335.000  2.234288e-01 
  336.000  2.299070e-01 
  337.000  2.260406e-01 
  338.000  2.364599e-01 
  339.000  2.441334e-01 
  340.000  2.431507e-01 
  341.000  2.518243e-01 
  342.000  2.579886e-01 
  343.000  2.619644e-01 
  344.000  2.608186e-01 
  345.000  2.704106e-01 
  346.000  2.753247e-01 
  347.000  2.795290e-01 
  348.000  2.839988e-01 
  349.000  2.893830e-01 
  350.000  2.936636e-01 
  351.000  2.986656e-01 
  352.000  3.027927e-01 
  353.000  3.077504e-01 
  354.000  3.113183e-01 
  355.000  3.152362e-01 
  356.000  3.202246e-01 
  357.000  3.234887e-01 
  358.000  3.271609e-01 
  359.000  3.307955e-01 
  360.000  3.343507e-01 
  361.000  3.380684e-01 
  362.000  3.438002e-01 
  363.000  3.486892e-01 
  364.000  3.535798e-01 
  365.000  3.576865e-01 
  366.000  3.622812e-01 
  367.000  3.666189e-01 
  368.000  3.707694e-01 
  369.000  3.742761e-01 
  370.000  3.784578e-01 
  371.000  3.828948e-01 
  372.000  3.865605e-01 
  373.000  3.910947e-01 
  374.000  3.954273e-01 
  375.000  3.989509e-01 
  376.000  4.026077e-01 
  377.000  4.068160e-01 
  378.000  4.100940e-01 
  379.000  4.136502e-01 
  380.000  4.170592e-01 
  381.000  4.208006e-01 
  382.000  4.258018e-01 
  383.000  4.309203e-01 
  384.000  4.344127e-01 
  385.000  4.389181e-01 
  386.000  4.425353e-01 
  387.000  4.468026e-01 
  388.000  4.501666e-01 
  389.000  4.535993e-01 
  390.000  4.579056e-01 
  391.000  4.614534e-01 
  392.000  4.644188e-01 
  393.000  4.694427e-01 
  394.000  4.729014e-01 
  395.000  4.762583e-01 
  396.000  4.804987e-01 
  397.000  4.843791e-01 
  398.000  4.870489e-01 
  399.000  4.907776e-01 
  400.000  4.939330e-01 
  401.000  4.981541e-01 
  402.000  5.019681e-01 
  403.000  5.058845e-01 
  404.000  5.084758e-01 
  405.000  5.120891e-01 
  406.000  5.155364e-01 
  407.000  5.199984e-01 
  408.000  5.221618e-01 
  409.000  5.253296e-01 
  410.000  5.287097e-01 
  411.000  5.324818e-01 
  412.000  5.364186e-01 
  413.000  5.385177e-01 
  414.000  5.425752e-01 
  415.000  5.457684e-01 
  416.000  5.499095e-01 
  417.000  5.523362e-01 
  418.000  5.550860e-01 
  419.000  5.590398e-01 
  420.000  5.616808e-01 
  421.000  5.647725e-01 
  422.000  5.673032e-01 
  423.000  5.708110e-01 
  424.000  5.734861e-01 
  425.000  5.775642e-01 
  426.000  5.806167e-01 
  427.000  5.834082e-01 
  428.000  5.859424e-01 
  429.000  5.896791e-01 
  430.000  5.927404e-01 
  431.000  5.939028e-01 
  432.000  5.982466e-01 
  433.000  6.012244e-01 
  434.000  6.031447e-01 
  435.000  6.051297e-01 
  436.000  6.086527e-01 
  437.000  6.132411e-01 
  438.000  6.155708e-01 
  439.000  6.160663e-01 
  440.000  6.195208e-01 
  441.000  6.225320e-01 
  442.000  6.261166e-01 
  443.000  6.279763e-01 
  444.000  6.303523e-01 
  445.000  6.314031e-01 
  446.000  6.347035e-01 
  447.000  6.380227e-01 
  448.000  6.381060e-01 
  449.000  6.426339e-01 
  450.000  6.463003e-01 
  451.000  6.484782e-01 
  452.000  6.502659e-01 
  453.000  6.529759e-01 
  454.000  6.567112e-01 
  455.000  6.579540e-01 
  456.000  6.601083e-01 
  457.000  6.626217e-01 
  458.000  6.641558e-01 
  459.000  6.664003e-01 
  460.000  6.677145e-01 
  461.000  6.700298e-01 
  462.000  6.732746e-01 
  463.000  6.733860e-01 
  464.000  6.765835e-01 
  465.000  6.787859e-01 
  466.000  6.828123e-01 
  467.000  6.839684e-01 
  468.000  6.862813e-01 
  469.000  6.882262e-01 
  470.000  6.903436e-01 
  471.000  6.924498e-01 
  472.000  6.933372e-01 
  473.000  6.938882e-01 
  474.000  6.926202e-01 
  475.000  6.929014e-01 
  476.000  6.937504e-01 
  477.000  6.945872e-01 
  478.000  6.956558e-01 
  479.000  6.977764e-01 
  480.000  7.003807e-01 
  481.000  7.048593e-01 
  482.000  7.084972e-01 
  483.000  7.118255e-01 
  484.000  7.135115e-01 
  485.000  7.149056e-01 
  486.000  7.161027e-01 
  487.000  7.187894e-01 
  488.000  7.201647e-01 
  489.000  7.212310e-01 
  490.000  7.242244e-01 
  491.000  7.260209e-01 
  492.000  7.276189e-01 
  493.000  7.292015e-01 
  494.000  7.302602e-01 
  495.000  7.314836e-01 
  496.000  7.322881e-01 
  497.000  7.337006e-01 
  498.000  7.347238e-01 
  499.000  7.360054e-01 
  500.000  7.368973e-01 
  501.000  7.368283e-01 
  502.000  7.361600e-01 
  503.000  7.353193e-01 
  504.000  7.345068e-01 
  505.000  7.360278e-01 
  506.000  7.381116e-01 
  507.000  7.393254e-01 
  508.000  7.420653e-01 
  509.000  7.436289e-01 
  510.000  7.457154e-01 
  511.000  7.475410e-01 
  512.000  7.487442e-01 
  513.000  7.512308e-01 
  514.000  7.523316e-01 
  515.000  7.543004e-01 
  516.000  7.550567e-01 
  517.000  7.564425e-01 
  518.000  7.567226e-01 
  519.000  7.575408e-01 
  520.000  7.579629e-01 
  521.000  7.590120e-01 
  522.000  7.592483e-01 
  523.000  7.595971e-01 
  524.000  7.598779e-01 
  525.000  7.592849e-01 
  526.000  7.590592e-01 
  527.000  7.590042e-01 
  528.000  7.584741e-01 
  529.000  7.582076e-01 
  530.000  7.579343e-01 
  531.000  7.583994e-01 
  532.000  7.588506e-01 
  533.000  7.596401e-01 
  534.000  7.607247e-01 
  535.000  7.613811e-01 
  536.000  7.625570e-01 
  537.000  7.637629e-01 
  538.000  7.643746e-01 
  539.000  7.648671e-01 
  540.000  7.659563e-01 
  541.000  7.652774e-01 
  542.000  7.658848e-01 
  543.000  7.670763e-01 
  544.000  7.678928e-01 
  545.000  7.674141e-01 
  546.000  7.676539e-01 
  547.000  7.694125e-01 
  548.000  7.709834e-01 
  549.000  7.713663e-01 
  550.000  7.722519e-01 
  551.000  7.731440e-01 
  552.000  7.735491e-01 
  553.000  7.739916e-01 
  554.000  7.746092e-01 
  555.000  7.750918e-01 
  556.000  7.746247e-01 
  557.000  7.737899e-01 
  558.000  7.731286e-01 
  559.000  7.722660e-01 
  560.000  7.714583e-01 
  561.000  7.708122e-01 
  562.000  7.703638e-01 
  563.000  7.695312e-01 
  564.000  7.686738e-01 
  565.000  7.679492e-01 
  566.000  7.676212e-01 
  567.000  7.667187e-01 
  568.000  7.654611e-01 
  569.000  7.609348e-01 
  570.000  7.585950e-01 
  571.000  7.592502e-01 
  572.000  7.567132e-01 
  573.000  7.570532e-01 
  574.000  7.553533e-01 
  575.000  7.555913e-01 
  576.000  7.558046e-01 
  577.000  7.566031e-01 
  578.000  7.596391e-01 
  579.000  7.620674e-01 
  580.000  7.642686e-01 
  581.000  7.679328e-01 
  582.000  7.713719e-01 
  583.000  7.744026e-01 
  584.000  7.787638e-01 
  585.000  7.802386e-01 
  586.000  7.823529e-01 
  587.000  7.827949e-01 
  588.000  7.829909e-01 
  589.000  7.716154e-01 
  590.000  7.722653e-01 
  591.000  7.768840e-01 
  592.000  7.678978e-01 
  593.000  7.828372e-01 
  594.000  7.759559e-01 
  595.000  7.807291e-01 
  596.000  7.827604e-01 
  597.000  7.826461e-01 
  598.000  7.828721e-01 
  599.000  7.853031e-01 
  600.000  7.854893e-01 
  601.000  7.876844e-01 
  602.000  7.894751e-01 
  603.000  7.903722e-01 
  604.000  7.913726e-01 
  605.000  7.922589e-01 
  606.000  7.942895e-01 
  607.000  7.959313e-01 
  608.000  7.980654e-01 
  609.000  7.989419e-01 
  610.000  8.006953e-01 
  611.000  8.020914e-01 
  612.000  8.041452e-01 
  613.000  8.058808e-01 
  614.000  8.071334e-01 
  615.000  8.085951e-01 
  616.000  8.106608e-01 
  617.000  8.121544e-01 
  618.000  8.131590e-01 
  619.000  8.146411e-01 
  620.000  8.159235e-01 
  621.000  8.168535e-01 
  622.000  8.172684e-01 
  623.000  8.181404e-01 
  624.000  8.184763e-01 
  625.000  8.189118e-01 
  626.000  8.190719e-01 
  627.000  8.190332e-01 
  628.000  7.898476e-01 
  629.000  8.041810e-01 
  630.000  8.104962e-01 
  631.000  8.202862e-01 
  632.000  8.237365e-01 
  633.000  8.265871e-01 
  634.000  8.303633e-01 
  635.000  8.315016e-01 
  636.000  8.351361e-01 
  637.000  8.393629e-01 
  638.000  8.423532e-01 
  639.000  8.450534e-01 
  640.000  8.467203e-01 
  641.000  8.494502e-01 
  642.000  8.514639e-01 
  643.000  8.521749e-01 
  644.000  8.539528e-01 
  645.000  8.551230e-01 
  646.000  8.526909e-01 
  647.000  8.486142e-01 
  648.000  8.442800e-01 
  649.000  8.499766e-01 
  650.000  8.605524e-01 
  651.000  8.621698e-01 
  652.000  8.604464e-01 
  653.000  8.641893e-01 
  654.000  8.657537e-01 
  655.000  8.559104e-01 
  656.000  8.639231e-01 
  657.000  8.665846e-01 
  658.000  8.712383e-01 
  659.000  8.743528e-01 
  660.000  8.745255e-01 
  661.000  8.768057e-01 
  662.000  8.771732e-01 
  663.000  8.782429e-01 
  664.000  8.794364e-01 
  665.000  8.805441e-01 
  666.000  8.816994e-01 
  667.000  8.833887e-01 
  668.000  8.841928e-01 
  669.000  8.855625e-01 
  670.000  8.863274e-01 
  671.000  8.879640e-01 
  672.000  8.883156e-01 
  673.000  8.896770e-01 
  674.000  8.901998e-01 
  675.000  8.916129e-01 
  676.000  8.920451e-01 
  677.000  8.927891e-01 
  678.000  8.940111e-01 
  679.000  8.946658e-01 
  680.000  8.959581e-01 
  681.000  8.964726e-01 
  682.000  8.982040e-01 
  683.000  8.983315e-01 
  684.000  8.998869e-01 
  685.000  9.008327e-01 
  686.000  9.017249e-01 
  687.000  5.633042e-01 
  688.000  7.348393e-01 
  689.000  7.810195e-01 
  690.000  8.166158e-01 
  691.000  8.409793e-01 
  692.000  8.826488e-01 
  693.000  8.738594e-01 
  694.000  8.608623e-01 
  695.000  8.844942e-01 
  696.000  8.785216e-01 
  697.000  9.076101e-01 
  698.000  9.070316e-01 
  699.000  8.948768e-01 
  700.000  8.969142e-01 
  701.000  8.875151e-01 
  702.000  8.925695e-01 
  703.000  8.971524e-01 
  704.000  9.003772e-01 
  705.000  9.016843e-01 
  706.000  9.067116e-01 
  707.000  9.107611e-01 
  708.000  9.138191e-01 
  709.000  9.143552e-01 
  710.000  9.133576e-01 
  711.000  9.172170e-01 
  712.000  9.155175e-01 
  713.000  9.187057e-01 
  714.000  9.165000e-01 
  715.000  9.108917e-01 
  716.000  9.123102e-01 
  717.000  8.861837e-01 
  718.000  8.187441e-01 
  719.000  7.679349e-01 
  720.000  8.276147e-01 
  721.000  9.026951e-01 
  722.000  9.011730e-01 
  723.000  8.974740e-01 
  724.000  8.114488e-01 
  725.000  8.356124e-01 
  726.000  8.762602e-01 
  727.000  8.584065e-01 
  728.000  8.272777e-01 
  729.000  8.451661e-01 
  730.000  8.825167e-01 
  731.000  8.620889e-01 
  732.000  8.738620e-01 
  733.000  9.051418e-01 
  734.000  9.216970e-01 
  735.000  9.106269e-01 
  736.000  9.185717e-01 
  737.000  9.188979e-01 
  738.000  9.238201e-01 
  739.000  9.254633e-01 
  740.000  9.315819e-01 
  741.000  9.349748e-01 
  742.000  9.358765e-01 
  743.000  9.358977e-01 
  744.000  9.370595e-01 
  745.000  9.378107e-01 
  746.000  9.387416e-01 
  747.000  9.391062e-01 
  748.000  9.394810e-01 
  749.000  9.397265e-01 
  750.000  9.401920e-01 
  751.000  9.404239e-01 
  752.000  9.415790e-01 
  753.000  9.418846e-01 
  754.000  9.422356e-01 
  755.000  9.425970e-01 
  756.000  9.428239e-01 
  757.000  9.433481e-01 
  758.000  9.441018e-01 
  759.000  9.294696e-01 
  760.000  2.453640e-01 
  761.000  1.382137e-01 
  762.000  5.433189e-01 
  763.000  4.251858e-01 
  764.000  5.027529e-01 
  765.000  6.516517e-01 
  766.000  7.926722e-01 
  767.000  8.477193e-01 
  768.000  9.179685e-01 
  769.000  9.367929e-01 
  770.000  9.364496e-01 
  771.000  9.451548e-01 
  772.000  9.480971e-01 
  773.000  9.482510e-01 
  774.000  9.483391e-01 
  775.000  9.484941e-01 
  776.000  9.487383e-01 
  777.000  9.490792e-01 
  778.000  9.492817e-01 
  779.000  9.494874e-01 
  780.000  9.496594e-01 
  781.000  9.501953e-01 
  782.000  9.505489e-01 
  783.000  9.508827e-01 
  784.000  9.507220e-01 
  785.000  9.505425e-01 
  786.000  9.485439e-01 
  787.000  9.486805e-01 
  788.000  9.442542e-01 
  789.000  9.444886e-01 
  790.000  9.368072e-01 
  791.000  9.378590e-01 
  792.000  9.413918e-01 
  793.000  9.438151e-01 
  794.000  9.538664e-01 
  795.000  9.505962e-01 
  796.000  9.292724e-01 
  797.000  9.449570e-01 
  798.000  9.466406e-01 
  799.000  9.500331e-01 
  800.000  9.410651e-01 
  801.000  9.368169e-01 
  802.000  9.429429e-01 
  803.000  9.417970e-01 
  804.000  9.414446e-01 
  805.000  9.455664e-01 
  806.000  9.536209e-01 
  807.000  9.488959e-01 
  808.000  9.539651e-01 
  809.000  9.463407e-01 
  810.000  9.424929e-01 
  811.000  9.439836e-01 
  812.000  9.357662e-01 
  813.000  9.198027e-01 
  814.000  8.919388e-01 
  815.000  8.604204e-01 
  816.000  8.848684e-01 
  817.000  7.780299e-01 
  818.000  8.542057e-01 
  819.000  8.848503e-01 
  820.000  8.457123e-01 
  821.000  9.422970e-01 
  822.000  9.287594e-01 
  823.000  7.467991e-01 
  824.000  9.109120e-01 
  825.000  9.355031e-01 
  826.000  9.101408e-01 
  827.000  9.344159e-01 
  828.000  8.696215e-01 
  829.000  9.197702e-01 
  830.000  9.080994e-01 
  831.000  9.139227e-01 
  832.000  9.132321e-01 
  833.000  9.325641e-01 
  834.000  9.326169e-01 
  835.000  9.435090e-01 
  836.000  9.448747e-01 
  837.000  9.443891e-01 
  838.000  9.518410e-01 
  839.000  9.556439e-01 
  840.000  9.567459e-01 
  841.000  9.567459e-01 
  842.000  9.502038e-01 
  843.000  9.627638e-01 
  844.000  9.553596e-01 
  845.000  9.614781e-01 
  846.000  9.631664e-01 
  847.000  9.643565e-01 
  848.000  9.629221e-01 
  849.000  9.637433e-01 
  850.000  9.636815e-01 
  851.000  9.638525e-01 
  852.000  9.667112e-01 
  853.000  9.673625e-01 
  854.000  9.669564e-01 
  855.000  9.669564e-01 
  856.000  9.675905e-01 
  857.000  9.691092e-01 
  858.000  9.679205e-01 
  859.000  9.688782e-01 
  860.000  9.696980e-01 
  861.000  9.694902e-01 
  862.000  9.700028e-01 
  863.000  9.697978e-01 
  864.000  9.704642e-01 
  865.000  9.704642e-01 
  866.000  9.705049e-01 
  867.000  9.706919e-01 
  868.000  9.707239e-01 
  869.000  9.708290e-01 
  870.000  9.710272e-01 
  871.000  9.711926e-01 
  872.000  9.714309e-01 
  873.000  9.714531e-01 
  874.000  9.714531e-01 
  875.000  9.718432e-01 
  876.000  9.719514e-01 
  877.000  9.719913e-01 
  878.000  9.720195e-01 
  879.000  9.720417e-01 
  880.000  9.724584e-01 
  881.000  9.724584e-01 
  882.000  9.718380e-01 
  883.000  9.721164e-01 
  884.000  9.723182e-01 
  885.000  9.725889e-01 
  886.000  9.682524e-01 
  887.000  9.724553e-01 
  888.000  9.724553e-01 
  889.000  9.714499e-01 
  890.000  9.691424e-01 
  891.000  9.726709e-01 
  892.000  9.687555e-01 
  893.000  9.583197e-01 
  894.000  9.583197e-01 
  895.000  9.348781e-01 
  896.000  9.128528e-01 
  897.000  8.228843e-01 
  898.000  9.077721e-01 
  899.000  7.528849e-01 
  900.000  7.528849e-01 
  901.000  7.893294e-01 
  902.000  8.205197e-01 
  903.000  8.579388e-01 
  904.000  9.430231e-01 
  905.000  9.303049e-01 
  906.000  9.303049e-01 
  907.000  8.335820e-01 
  908.000  8.142227e-01 
  909.000  8.229637e-01 
  910.000  8.014552e-01 
  911.000  8.014552e-01 
  912.000  8.950292e-01 
  913.000  8.472967e-01 
  914.000  8.174734e-01 
  915.000  7.743454e-01 
  916.000  7.743454e-01 
  917.000  8.902926e-01 
  918.000  7.946364e-01 
  919.000  8.717768e-01 
  920.000  9.408032e-01 
  921.000  9.408032e-01 
  922.000  9.211746e-01 
  923.000  9.197519e-01 
  924.000  9.000769e-01 
  925.000  9.000769e-01 
  926.000  9.098688e-01 
  927.000  9.175709e-01 
  928.000  8.114332e-01 
  929.000  7.898515e-01 
  930.000  7.898515e-01 
  931.000  6.593163e-01 
  932.000  4.850226e-01 
  933.000  5.022953e-01 
  934.000  5.022953e-01 
  935.000  4.633859e-01 
  936.000  4.344226e-01 
  937.000  4.115861e-01 
  938.000  4.115861e-01 
  939.000  5.590262e-01 
  940.000  6.924259e-01 
  941.000  6.418082e-01 
  942.000  6.418082e-01 
  943.000  5.459743e-01 
  944.000  5.565687e-01 
  945.000  6.285440e-01 
  946.000  6.285440e-01 
  947.000  5.556488e-01 
  948.000  5.751118e-01 
  949.000  6.424061e-01 
  950.000  6.424061e-01 
  951.000  6.591693e-01 
  952.000  5.464372e-01 
  953.000  6.862649e-01 
  954.000  6.862649e-01 
  955.000  6.842893e-01 
  956.000  5.758520e-01 
  957.000  7.359458e-01 
  958.000  7.359458e-01 
  959.000  6.270794e-01 
  960.000  7.084875e-01 
  961.000  7.084875e-01 
  962.000  7.479026e-01 
  963.000  8.046893e-01 
  964.000  7.064728e-01 
  965.000  7.064728e-01 
  966.000  7.783901e-01 
  967.000  8.636375e-01 
  968.000  8.636375e-01 
  969.000  8.836588e-01 
  970.000  9.214591e-01 
  971.000  9.354178e-01 
  972.000  9.354178e-01 
  973.000  9.182559e-01 
  974.000  8.411145e-01 
  975.000  8.411145e-01 
  976.000  8.247204e-01 
  977.000  9.004961e-01 
  978.000  8.893974e-01 
  979.000  8.893974e-01 
  980.000  8.901432e-01 
  981.000  9.539617e-01 
  982.000  9.539617e-01 
  983.000  9.344695e-01 
  984.000  9.517415e-01 
  985.000  9.517415e-01 
  986.000  9.741589e-01 
  987.000  9.656764e-01 
  988.000  9.656764e-01 
  989.000  9.787740e-01 
  990.000  9.735146e-01 
  991.000  9.735146e-01 
  992.000  9.771721e-01 
  993.000  9.764972e-01 
  994.000  9.764972e-01 
  995.000  9.820292e-01 
  996.000  9.821729e-01 
  997.000  9.821729e-01 
  998.000  9.822707e-01 
  999.000  9.819058e-01 
 1000.000  9.819058e-01 
 1001.000  9.822334e-01 
 1002.000  9.748735e-01 
 1003.000  9.748735e-01 
 1004.000  9.823573e-01 
 1005.000  9.827348e-01 
 1006.000  9.827348e-01 
 1007.000  9.830305e-01 
 1008.000  9.816892e-01 
 1009.000  9.816892e-01 
 1010.000  9.762346e-01 
 1011.000  9.831868e-01 
 1012.000  9.831868e-01 
 1013.000  9.835362e-01 
 1014.000  9.834079e-01 
 1015.000  9.834079e-01 
 1016.000  9.838210e-01 
 1017.000  9.835075e-01 
 1018.000  9.835075e-01 
 1019.000  9.830822e-01 
 1020.000  9.841508e-01 
 1021.000  9.841508e-01 
 1022.000  9.833145e-01 
 1023.000  9.833145e-01 
 1024.000  9.831203e-01 
 1025.000  9.843546e-01 
 1026.000  9.843546e-01 
 1027.000  9.838524e-01 
 1028.000  9.845055e-01 
 1029.000  9.845055e-01 
 1030.000  9.847918e-01 
 1031.000  9.846972e-01 
 1032.000  9.846972e-01 
 1033.000  9.847618e-01 
 1034.000  9.847618e-01 
 1035.000  9.848377e-01 
 1036.000  9.842035e-01 
 1037.000  9.842035e-01 
 1038.000  9.841551e-01 
 1039.000  9.835130e-01 
 1040.000  9.835130e-01 
 1041.000  9.830111e-01 
 1042.000  9.830111e-01 
 1043.000  9.824044e-01 
 1044.000  9.814541e-01 
 1045.000  9.814541e-01 
 1046.000  9.801320e-01 
 1047.000  9.801320e-01 
 1048.000  9.788027e-01 
 1049.000  9.760849e-01 
 1050.000  9.760849e-01 
 1051.000  9.749274e-01 
 1052.000  9.749274e-01 
 1053.000  9.730977e-01 
 1054.000  9.715391e-01 
 1055.000  9.715391e-01 
 1056.000  9.697106e-01 
 1057.000  9.697106e-01 
 1058.000  9.680986e-01 
 1059.000  9.664995e-01 
 1060.000  9.664995e-01 
 1061.000  9.654936e-01 
 1062.000  9.654936e-01 
 1063.000  9.636771e-01 
 1064.000  9.625965e-01 
 1065.000  9.625965e-01 
 1066.000  9.643766e-01 
 1067.000  9.643766e-01 
 1068.000  9.631748e-01 
 1069.000  9.648907e-01 
 1070.000  9.648907e-01 
 1071.000  9.672595e-01 
 1072.000  9.672595e-01 
 1073.000  9.690140e-01 
 1074.000  9.690140e-01 
 1075.000  9.660484e-01 
 1076.000  9.665098e-01 
 1077.000  9.665098e-01 
 1078.000  9.724578e-01 
 1079.000  9.724578e-01 
 1080.000  9.688849e-01 
 1081.000  9.688849e-01 
 1082.000  9.727882e-01 
 1083.000  9.697184e-01 
 1084.000  9.697184e-01 
 1085.000  9.628573e-01 
 1086.000  9.628573e-01 
 1087.000  9.745390e-01 
 1088.000  9.745390e-01 
 1089.000  9.698910e-01 
 1090.000  9.674568e-01 
 1091.000  9.674568e-01 
 1092.000  9.594644e-01 
 1093.000  9.594644e-01 
 1094.000  9.593265e-01 
 1095.000  9.593265e-01 
 1096.000  9.545081e-01 
 1097.000  9.545081e-01 
 1098.000  9.433354e-01 
 1099.000  9.049695e-01 
 1100.000  9.049695e-01 
 1101.000  9.062182e-01 
 1102.000  9.062182e-01 
 1103.000  8.910741e-01 
 1104.000  8.910741e-01 
 1105.000  8.791748e-01 
 1106.000  8.791748e-01 
 1107.000  8.776886e-01 
 1108.000  8.776886e-01 
 1109.000  8.484190e-01 
 1110.000  8.091118e-01 
 1111.000  8.091118e-01 
 1112.000  7.782533e-01 
 1113.000  7.782533e-01 
 1114.000  6.957216e-01 
 1115.000  6.957216e-01 
 1116.000  4.735461e-01 
 1117.000  4.735461e-01 
 1118.000  5.819258e-01 
 1119.000  5.819258e-01 
 1120.000  5.065956e-01 
 1121.000  5.065956e-01 
 1122.000  3.212433e-01 
 1123.000  5.429320e-01 
 1124.000  5.429320e-01 
 1125.000  3.621996e-01 
 1126.000  3.621996e-01 
 1127.000  4.249072e-01 
 1128.000  4.249072e-01 
 1129.000  4.225961e-01 
 1130.000  4.225961e-01 
 1131.000  6.954461e-01 
 1132.000  6.954461e-01 
 1133.000  4.241692e-01 
 1134.000  4.241692e-01 
 1135.000  2.527570e-01 
 1136.000  2.527570e-01 
 1137.000  6.982241e-01 
 1138.000  6.982241e-01 
 1139.000  6.491544e-01 
 1140.000  6.491544e-01 
 1141.000  6.343213e-01 
 1142.000  6.343213e-01 
 1143.000  6.675840e-01 
 1144.000  6.675840e-01 
 1145.000  4.702317e-01 
 1146.000  4.702317e-01 
 1147.000  4.527091e-01 
 1148.000  4.527091e-01 
 1149.000  5.670578e-01 
 1150.000  5.670578e-01 
 1151.000  6.628205e-01 
 1152.000  6.628205e-01 
 1153.000  6.147329e-01 
 1154.000  6.147329e-01 
 1155.000  6.621344e-01 
 1156.000  6.621344e-01 
 1157.000  7.375683e-01 
 1158.000  7.375683e-01 
 1159.000  8.280770e-01 
 1160.000  8.280770e-01 
 1161.000  8.081746e-01 
 1162.000  8.081746e-01 
 1163.000  8.700162e-01 
 1164.000  8.700162e-01 
 1165.000  8.483887e-01 
 1166.000  8.483887e-01 
 1167.000  8.943846e-01 
 1168.000  8.943846e-01 
 1169.000  9.079332e-01 
 1170.000  9.079332e-01 
 1171.000  9.173725e-01 
 1172.000  9.173725e-01 
 1173.000  8.467917e-01 
 1174.000  8.467917e-01 
 1175.000  9.572867e-01 
 1176.000  9.572867e-01 
 1177.000  8.899709e-01 
 1178.000  8.899709e-01 
 1179.000  9.393926e-01 
 1180.000  9.393926e-01 
 1181.000  8.406987e-01 
 1182.000  8.406987e-01 
 1183.000  9.143998e-01 
 1184.000  9.143998e-01 
 1185.000  9.373493e-01 
 1186.000  9.373493e-01 
 1187.000  8.579837e-01 
 1188.000  8.579837e-01 
 1189.000  8.579837e-01 
 1190.000  9.144453e-01 
 1191.000  9.144453e-01 
 1192.000  9.609275e-01 
 1193.000  9.609275e-01 
 1194.000  9.277025e-01 
 1195.000  9.277025e-01 
 1196.000  9.423749e-01 
 1197.000  9.423749e-01 
 1198.000  9.110248e-01 
 1199.000  9.110248e-01 
 1200.000  9.070949e-01 
