  250.000  0.000000e+00 
  251.000  0.000000e+00 
  252.000  0.000000e+00 
  253.000  0.000000e+00 
  254.000  0.000000e+00 
  255.000  0.000000e+00 
  256.000  0.000000e+00 
  257.000  0.000000e+00 
  258.000  0.000000e+00 
  259.000  0.000000e+00 
  260.000  0.000000e+00 
  261.000  0.000000e+00 
  262.000  0.000000e+00 
  263.000  0.000000e+00 
  264.000  0.000000e+00 
  265.000  0.000000e+00 
  266.000  0.000000e+00 
  267.000  0.000000e+00 
  268.000  0.000000e+00 
  269.000  0.000000e+00 
  270.000  0.000000e+00 
  271.000  0.000000e+00 
  272.000  0.000000e+00 
  273.000  0.000000e+00 
  274.000  0.000000e+00 
  275.000  0.000000e+00 
  276.000  0.000000e+00 
  277.000  0.000000e+00 
  278.000  0.000000e+00 
  279.000  0.000000e+00 
  280.000  0.000000e+00 
  281.000  0.000000e+00 
  282.000  0.000000e+00 
  283.000  0.000000e+00 
  284.000  0.000000e+00 
  285.000  0.000000e+00 
  286.000  0.000000e+00 
  287.000  0.000000e+00 
  288.000  0.000000e+00 
  289.000  0.000000e+00 
  290.000  0.000000e+00 
  291.000  3.850715e-11 
  292.000  1.070483e-09 
  293.000  7.668480e-09 
  294.000  7.150563e-08 
  295.000  3.014827e-07 
  296.000  2.273278e-06 
  297.000  7.636027e-06 
  298.000  3.248514e-05 
  299.000  8.714291e-05 
  300.000  2.422665e-04 
  301.000  5.598970e-04 
  302.000  1.123864e-03 
  303.000  2.594045e-03 
  304.000  3.534115e-03 
  305.000  6.971647e-03 
  306.000  1.016952e-02 
  307.000  1.619805e-02 
  308.000  2.178693e-02 
  309.000  2.872675e-02 
  310.000  4.131573e-02 
  311.000  4.774394e-02 
  312.000  5.891427e-02 
  313.000  7.352815e-02 
  314.000  8.018349e-02 
  315.000  9.987564e-02 
  316.000  1.054612e-01 
  317.000  1.218968e-01 
  318.000  1.320048e-01 
  319.000  1.600907e-01 
  320.000  1.420887e-01 
  321.000  1.850938e-01 
  322.000  1.676362e-01 
  323.000  1.883365e-01 
  324.000  2.187265e-01 
  325.000  1.974884e-01 
  326.000  2.283845e-01 
  327.000  2.385264e-01 
  328.000  2.225543e-01 
  329.000  2.587686e-01 
  330.000  2.653651e-01 
  331.000  2.501080e-01 
  332.000  2.758099e-01 
  333.000  2.816265e-01 
  334.000  2.781195e-01 
  335.000  2.948960e-01 
  336.000  3.018445e-01 
  337.000  2.977018e-01 
  338.000  3.088362e-01 
  339.000  3.169783e-01 
  340.000  3.159382e-01 
  341.000  3.250914e-01 
  342.000  3.315609e-01 
  343.000  3.357183e-01 
  344.000  3.345214e-01 
  345.000  3.445120e-01 
  346.000  3.496049e-01 
  347.000  3.539487e-01 
  348.000  3.585536e-01 
  349.000  3.640828e-01 
  350.000  3.684651e-01 
  351.000  3.735710e-01 
  352.000  3.777718e-01 
  353.000  3.828041e-01 
  354.000  3.864165e-01 
  355.000  3.903743e-01 
  356.000  3.954005e-01 
  357.000  3.986813e-01 
  358.000  4.023651e-01 
  359.000  4.060037e-01 
  360.000  4.095556e-01 
  361.000  4.132625e-01 
  362.000  4.189627e-01 
  363.000  4.238108e-01 
  364.000  4.286481e-01 
  365.000  4.327003e-01 
  366.000  4.372240e-01 
  367.000  4.414848e-01 
  368.000  4.455532e-01 
  369.000  4.489837e-01 
  370.000  4.530668e-01 
  371.000  4.573902e-01 
  372.000  4.609551e-01 
  373.000  4.653560e-01 
  374.000  4.695522e-01 
  375.000  4.729587e-01 
  376.000  4.764881e-01 
  377.000  4.805424e-01 
  378.000  4.836951e-01 
  379.000  4.871100e-01 
  380.000  4.903786e-01 
  381.000  4.939600e-01 
  382.000  4.987383e-01 
  383.000  5.036179e-01 
  384.000  5.069412e-01 
  385.000  5.112212e-01 
  386.000  5.146512e-01 
  387.000  5.186914e-01 
  388.000  5.218713e-01 
  389.000  5.251114e-01 
  390.000  5.291700e-01 
  391.000  5.325083e-01 
  392.000  5.352950e-01 
  393.000  5.400085e-01 
  394.000  5.432481e-01 
  395.000  5.463883e-01 
  396.000  5.503489e-01 
  397.000  5.539677e-01 
  398.000  5.564542e-01 
  399.000  5.599230e-01 
  400.000  5.628546e-01 
  401.000  5.667707e-01 
  402.000  5.703041e-01 
  403.000  5.739270e-01 
  404.000  5.763214e-01 
  405.000  5.796561e-01 
  406.000  5.828337e-01 
  407.000  5.869408e-01 
  408.000  5.889295e-01 
  409.000  5.918391e-01 
  410.000  5.949402e-01 
  411.000  5.983965e-01 
  412.000  6.019989e-01 
  413.000  6.039177e-01 
  414.000  6.076228e-01 
  415.000  6.105349e-01 
  416.000  6.143069e-01 
  417.000  6.165149e-01 
  418.000  6.190147e-01 
  419.000  6.226048e-01 
  420.000  6.250005e-01 
  421.000  6.278022e-01 
  422.000  6.300935e-01 
  423.000  6.332663e-01 
  424.000  6.356834e-01 
  425.000  6.393643e-01 
  426.000  6.421162e-01 
  427.000  6.446307e-01 
  428.000  6.469114e-01 
  429.000  6.502708e-01 
  430.000  6.530202e-01 
  431.000  6.540635e-01 
  432.000  6.579587e-01 
  433.000  6.606261e-01 
  434.000  6.623449e-01 
  435.000  6.641204e-01 
  436.000  6.672692e-01 
  437.000  6.713651e-01 
  438.000  6.734426e-01 
  439.000  6.738843e-01 
  440.000  6.769616e-01 
  441.000  6.796414e-01 
  442.000  6.828286e-01 
  443.000  6.844806e-01 
  444.000  6.865901e-01 
  445.000  6.875226e-01 
  446.000  6.904494e-01 
  447.000  6.933900e-01 
  448.000  6.934639e-01 
  449.000  6.974705e-01 
  450.000  7.007113e-01 
  451.000  7.026346e-01 
  452.000  7.042125e-01 
  453.000  7.066029e-01 
  454.000  7.098948e-01 
  455.000  7.109892e-01 
  456.000  7.128856e-01 
  457.000  7.150964e-01 
  458.000  7.164451e-01 
  459.000  7.184174e-01 
  460.000  7.195716e-01 
  461.000  7.216038e-01 
  462.000  7.244501e-01 
  463.000  7.245477e-01 
  464.000  7.273499e-01 
  465.000  7.292785e-01 
  466.000  7.328013e-01 
  467.000  7.338122e-01 
  468.000  7.358335e-01 
  469.000  7.375323e-01 
  470.000  7.393805e-01 
  471.000  7.412180e-01 
  472.000  7.419920e-01 
  473.000  7.424725e-01 
  474.000  7.413667e-01 
  475.000  7.416119e-01 
  476.000  7.423523e-01 
  477.000  7.430818e-01 
  478.000  7.440132e-01 
  479.000  7.458607e-01 
  480.000  7.481282e-01 
  481.000  7.520238e-01 
  482.000  7.551849e-01 
  483.000  7.580742e-01 
  484.000  7.595369e-01 
  485.000  7.607461e-01 
  486.000  7.617837e-01 
  487.000  7.641118e-01 
  488.000  7.653029e-01 
  489.000  7.662261e-01 
  490.000  7.688163e-01 
  491.000  7.703698e-01 
  492.000  7.717512e-01 
  493.000  7.731186e-01 
  494.000  7.740331e-01 
  495.000  7.750896e-01 
  496.000  7.757841e-01 
  497.000  7.770031e-01 
  498.000  7.778860e-01 
  499.000  7.789913e-01 
  500.000  7.797604e-01 
  501.000  7.797011e-01 
  502.000  7.791247e-01 
  503.000  7.783996e-01 
  504.000  7.776989e-01 
  505.000  7.790107e-01 
  506.000  7.808074e-01 
  507.000  7.818534e-01 
  508.000  7.842135e-01 
  509.000  7.855596e-01 
  510.000  7.873552e-01 
  511.000  7.889254e-01 
  512.000  7.899599e-01 
  513.000  7.920969e-01 
  514.000  7.930425e-01 
  515.000  7.947331e-01 
  516.000  7.953823e-01 
  517.000  7.965717e-01 
  518.000  7.968119e-01 
  519.000  7.975139e-01 
  520.000  7.978759e-01 
  521.000  7.987756e-01 
  522.000  7.989783e-01 
  523.000  7.992773e-01 
  524.000  7.995181e-01 
  525.000  7.990096e-01 
  526.000  7.988161e-01 
  527.000  7.987691e-01 
  528.000  7.983143e-01 
  529.000  7.980858e-01 
  530.000  7.978514e-01 
  531.000  7.982503e-01 
  532.000  7.986373e-01 
  533.000  7.993142e-01 
  534.000  8.002440e-01 
  535.000  8.008065e-01 
  536.000  8.018142e-01 
  537.000  8.028471e-01 
  538.000  8.033711e-01 
  539.000  8.037929e-01 
  540.000  8.047253e-01 
  541.000  8.041441e-01 
  542.000  8.046643e-01 
  543.000  8.056840e-01 
  544.000  8.063828e-01 
  545.000  8.059731e-01 
  546.000  8.061783e-01 
  547.000  8.076829e-01 
  548.000  8.090263e-01 
  549.000  8.093536e-01 
  550.000  8.101107e-01 
  551.000  8.108732e-01 
  552.000  8.112193e-01 
  553.000  8.115973e-01 
  554.000  8.121253e-01 
  555.000  8.125374e-01 
  556.000  8.121383e-01 
  557.000  8.114251e-01 
  558.000  8.108600e-01 
  559.000  8.101227e-01 
  560.000  8.094323e-01 
  561.000  8.088799e-01 
  562.000  8.084965e-01 
  563.000  8.077843e-01 
  564.000  8.070509e-01 
  565.000  8.064309e-01 
  566.000  8.061504e-01 
  567.000  8.053780e-01 
  568.000  8.043014e-01 
  569.000  8.004240e-01 
  570.000  7.984181e-01 
  571.000  7.989799e-01 
  572.000  7.968038e-01 
  573.000  7.970956e-01 
  574.000  7.956368e-01 
  575.000  7.958412e-01 
  576.000  7.960242e-01 
  577.000  7.967094e-01 
  578.000  7.993134e-01 
  579.000  8.013948e-01 
  580.000  8.032804e-01 
  581.000  8.064170e-01 
  582.000  8.093584e-01 
  583.000  8.119485e-01 
  584.000  8.156724e-01 
  585.000  8.169309e-01 
  586.000  8.187343e-01 
  587.000  8.191111e-01 
  588.000  8.192782e-01 
  589.000  8.094932e-01 
  590.000  8.100955e-01 
  591.000  8.140475e-01 
  592.000  8.062888e-01 
  593.000  8.191391e-01 
  594.000  8.132178e-01 
  595.000  8.173493e-01 
  596.000  8.190817e-01 
  597.000  8.189841e-01 
  598.000  8.191769e-01 
  599.000  8.212489e-01 
  600.000  8.214076e-01 
  601.000  8.232777e-01 
  602.000  8.248024e-01 
  603.000  8.255659e-01 
  604.000  8.264171e-01 
  605.000  8.271712e-01 
  606.000  8.288984e-01 
  607.000  8.302942e-01 
  608.000  8.321076e-01 
  609.000  8.328521e-01 
  610.000  8.343412e-01 
  611.000  8.355265e-01 
  612.000  8.372692e-01 
  613.000  8.387413e-01 
  614.000  8.398035e-01 
  615.000  8.410425e-01 
  616.000  8.427927e-01 
  617.000  8.440578e-01 
  618.000  8.449085e-01 
  619.000  8.461630e-01 
  620.000  8.472480e-01 
  621.000  8.480350e-01 
  622.000  8.483858e-01 
  623.000  8.491236e-01 
  624.000  8.494075e-01 
  625.000  8.497759e-01 
  626.000  8.499111e-01 
  627.000  8.498784e-01 
  628.000  8.249607e-01 
  629.000  8.366410e-01 
  630.000  8.426535e-01 
  631.000  8.509377e-01 
  632.000  8.538529e-01 
  633.000  8.562598e-01 
  634.000  8.594458e-01 
  635.000  8.604057e-01 
  636.000  8.634687e-01 
  637.000  8.670280e-01 
  638.000  8.695441e-01 
  639.000  8.718146e-01 
  640.000  8.732156e-01 
  641.000  8.755088e-01 
  642.000  8.771995e-01 
  643.000  8.777965e-01 
  644.000  8.792884e-01 
  645.000  8.802700e-01 
  646.000  8.782295e-01 
  647.000  8.747899e-01 
  648.000  8.711078e-01 
  649.000  8.759179e-01 
  650.000  8.848214e-01 
  651.000  8.861762e-01 
  652.000  8.847325e-01 
  653.000  8.878672e-01 
  654.000  8.891765e-01 
  655.000  8.808411e-01 
  656.000  8.876298e-01 
  657.000  8.898632e-01 
  658.000  8.937635e-01 
  659.000  8.963662e-01 
  660.000  8.965105e-01 
  661.000  8.984147e-01 
  662.000  8.987216e-01 
  663.000  8.996144e-01 
  664.000  9.006103e-01 
  665.000  9.015345e-01 
  666.000  9.024981e-01 
  667.000  9.039069e-01 
  668.000  9.045773e-01 
  669.000  9.057190e-01 
  670.000  9.063564e-01 
  671.000  9.077197e-01 
  672.000  9.080126e-01 
  673.000  9.091465e-01 
  674.000  9.095817e-01 
  675.000  9.107580e-01 
  676.000  9.111177e-01 
  677.000  9.117368e-01 
  678.000  9.127533e-01 
  679.000  9.132981e-01 
  680.000  9.143728e-01 
  681.000  9.148006e-01 
  682.000  9.162400e-01 
  683.000  9.163459e-01 
  684.000  9.176386e-01 
  685.000  9.184242e-01 
  686.000  9.191654e-01 
  687.000  6.045234e-01 
  688.000  7.743647e-01 
  689.000  8.145455e-01 
  690.000  8.468952e-01 
  691.000  8.669952e-01 
  692.000  9.031174e-01 
  693.000  8.956511e-01 
  694.000  8.846371e-01 
  695.000  9.046003e-01 
  696.000  8.994362e-01 
  697.000  9.240505e-01 
  698.000  9.235707e-01 
  699.000  9.133935e-01 
  700.000  9.150936e-01 
  701.000  9.072604e-01 
  702.000  9.114810e-01 
  703.000  9.152628e-01 
  704.000  9.179615e-01 
  705.000  9.190806e-01 
  706.000  9.232820e-01 
  707.000  9.266639e-01 
  708.000  9.291981e-01 
  709.000  9.296421e-01 
  710.000  9.288158e-01 
  711.000  9.320124e-01 
  712.000  9.305933e-01 
  713.000  9.332449e-01 
  714.000  9.314187e-01 
  715.000  9.267524e-01 
  716.000  9.279232e-01 
  717.000  9.061192e-01 
  718.000  8.472406e-01 
  719.000  7.973142e-01 
  720.000  8.561122e-01 
  721.000  9.198853e-01 
  722.000  9.185639e-01 
  723.000  9.154747e-01 
  724.000  8.389596e-01 
  725.000  8.628288e-01 
  726.000  8.976266e-01 
  727.000  8.824081e-01 
  728.000  8.555858e-01 
  729.000  8.712923e-01 
  730.000  9.028498e-01 
  731.000  8.856017e-01 
  732.000  8.956177e-01 
  733.000  9.218654e-01 
  734.000  9.356824e-01 
  735.000  9.264464e-01 
  736.000  9.330823e-01 
  737.000  9.333537e-01 
  738.000  9.374554e-01 
  739.000  9.388089e-01 
  740.000  9.438888e-01 
  741.000  9.466890e-01 
  742.000  9.474331e-01 
  743.000  9.474505e-01 
  744.000  9.484085e-01 
  745.000  9.490281e-01 
  746.000  9.497957e-01 
  747.000  9.500961e-01 
  748.000  9.504051e-01 
  749.000  9.506074e-01 
  750.000  9.509913e-01 
  751.000  9.511822e-01 
  752.000  9.521341e-01 
  753.000  9.523858e-01 
  754.000  9.526751e-01 
  755.000  9.529728e-01 
  756.000  9.531596e-01 
  757.000  9.535913e-01 
  758.000  9.542123e-01 
  759.000  9.419664e-01 
  760.000  2.903687e-01 
  761.000  1.841350e-01 
  762.000  5.847632e-01 
  763.000  4.734209e-01 
  764.000  5.469862e-01 
  765.000  6.876936e-01 
  766.000  8.211200e-01 
  767.000  8.721493e-01 
  768.000  9.321150e-01 
  769.000  9.481888e-01 
  770.000  9.478242e-01 
  771.000  9.550792e-01 
  772.000  9.575012e-01 
  773.000  9.576278e-01 
  774.000  9.577004e-01 
  775.000  9.578277e-01 
  776.000  9.580287e-01 
  777.000  9.583091e-01 
  778.000  9.584759e-01 
  779.000  9.586454e-01 
  780.000  9.587868e-01 
  781.000  9.592275e-01 
  782.000  9.595185e-01 
  783.000  9.597930e-01 
  784.000  9.596608e-01 
  785.000  9.595131e-01 
  786.000  9.578689e-01 
  787.000  9.579813e-01 
  788.000  9.543176e-01 
  789.000  9.545108e-01 
  790.000  9.481296e-01 
  791.000  9.489970e-01 
  792.000  9.519330e-01 
  793.000  9.539088e-01 
  794.000  9.622462e-01 
  795.000  9.595573e-01 
  796.000  9.418524e-01 
  797.000  9.548898e-01 
  798.000  9.562792e-01 
  799.000  9.590941e-01 
  800.000  9.516536e-01 
  801.000  9.481307e-01 
  802.000  9.532279e-01 
  803.000  9.522771e-01 
  804.000  9.519839e-01 
  805.000  9.553921e-01 
  806.000  9.620444e-01 
  807.000  9.581411e-01 
  808.000  9.623272e-01 
  809.000  9.560283e-01 
  810.000  9.528592e-01 
  811.000  9.540967e-01 
  812.000  9.472844e-01 
  813.000  9.339082e-01 
  814.000  9.104779e-01 
  815.000  8.826362e-01 
  816.000  9.041198e-01 
  817.000  8.075625e-01 
  818.000  8.758625e-01 
  819.000  9.042200e-01 
  820.000  8.677036e-01 
  821.000  9.526672e-01 
  822.000  9.414325e-01 
  823.000  7.792175e-01 
  824.000  9.265255e-01 
  825.000  9.469546e-01 
  826.000  9.256557e-01 
  827.000  9.460629e-01 
  828.000  8.910081e-01 
  829.000  9.337400e-01 
  830.000  9.238344e-01 
  831.000  9.288001e-01 
  832.000  9.282728e-01 
  833.000  9.446027e-01 
  834.000  9.445066e-01 
  835.000  9.536555e-01 
  836.000  9.547488e-01 
  837.000  9.543741e-01 
  838.000  9.605641e-01 
  839.000  9.636917e-01 
  840.000  9.645972e-01 
  841.000  9.645972e-01 
  842.000  9.591942e-01 
  843.000  9.695533e-01 
  844.000  9.634496e-01 
  845.000  9.684982e-01 
  846.000  9.698836e-01 
  847.000  9.708599e-01 
  848.000  9.696832e-01 
  849.000  9.703568e-01 
  850.000  9.703050e-01 
  851.000  9.704382e-01 
  852.000  9.727911e-01 
  853.000  9.733251e-01 
  854.000  9.729905e-01 
  855.000  9.729905e-01 
  856.000  9.735120e-01 
  857.000  9.747568e-01 
  858.000  9.737825e-01 
  859.000  9.745675e-01 
  860.000  9.752394e-01 
  861.000  9.750692e-01 
  862.000  9.754891e-01 
  863.000  9.753212e-01 
  864.000  9.758672e-01 
  865.000  9.758672e-01 
  866.000  9.759006e-01 
  867.000  9.760538e-01 
  868.000  9.760801e-01 
  869.000  9.761661e-01 
  870.000  9.763285e-01 
  871.000  9.764639e-01 
  872.000  9.766592e-01 
  873.000  9.766775e-01 
  874.000  9.766775e-01 
  875.000  9.769970e-01 
  876.000  9.770856e-01 
  877.000  9.771183e-01 
  878.000  9.771414e-01 
  879.000  9.771596e-01 
  880.000  9.775008e-01 
  881.000  9.775008e-01 
  882.000  9.769927e-01 
  883.000  9.772206e-01 
  884.000  9.773861e-01 
  885.000  9.776078e-01 
  886.000  9.740471e-01 
  887.000  9.774984e-01 
  888.000  9.774984e-01 
  889.000  9.766746e-01 
  890.000  9.747762e-01 
  891.000  9.776748e-01 
  892.000  9.744652e-01 
  893.000  9.658780e-01 
  894.000  9.658780e-01 
  895.000  9.460444e-01 
  896.000  9.275990e-01 
  897.000  8.472319e-01 
  898.000  9.234465e-01 
  899.000  7.802012e-01 
  900.000  7.802012e-01 
  901.000  8.134276e-01 
  902.000  8.427188e-01 
  903.000  8.766215e-01 
  904.000  9.531142e-01 
  905.000  9.422275e-01 
  906.000  9.422275e-01 
  907.000  8.575241e-01 
  908.000  8.372066e-01 
  909.000  8.473887e-01 
  910.000  8.289043e-01 
  911.000  8.289043e-01 
  912.000  9.127734e-01 
  913.000  8.705640e-01 
  914.000  8.429889e-01 
  915.000  8.022277e-01 
  916.000  8.022277e-01 
  917.000  9.090754e-01 
  918.000  8.215376e-01 
  919.000  8.906438e-01 
  920.000  9.513300e-01 
  921.000  9.513300e-01 
  922.000  9.348643e-01 
  923.000  9.336566e-01 
  924.000  9.173212e-01 
  925.000  9.173212e-01 
  926.000  9.255022e-01 
  927.000  9.319839e-01 
  928.000  8.400536e-01 
  929.000  8.213000e-01 
  930.000  8.213000e-01 
  931.000  6.950117e-01 
  932.000  5.244935e-01 
  933.000  5.490205e-01 
  934.000  5.490205e-01 
  935.000  5.036342e-01 
  936.000  4.739088e-01 
  937.000  4.594325e-01 
  938.000  4.594325e-01 
  939.000  6.000323e-01 
  940.000  7.283100e-01 
  941.000  6.790652e-01 
  942.000  6.790652e-01 
  943.000  5.833445e-01 
  944.000  5.931486e-01 
  945.000  6.699510e-01 
  946.000  6.699510e-01 
  947.000  5.945089e-01 
  948.000  6.133639e-01 
  949.000  6.777322e-01 
  950.000  6.777322e-01 
  951.000  6.909865e-01 
  952.000  5.892521e-01 
  953.000  7.225244e-01 
  954.000  7.225244e-01 
  955.000  7.190055e-01 
  956.000  6.149860e-01 
  957.000  7.673335e-01 
  958.000  7.673335e-01 
  959.000  6.690394e-01 
  960.000  7.466581e-01 
  961.000  7.466581e-01 
  962.000  7.774191e-01 
  963.000  8.334646e-01 
  964.000  7.410944e-01 
  965.000  7.410944e-01 
  966.000  8.067534e-01 
  967.000  8.842015e-01 
  968.000  8.842015e-01 
  969.000  9.018345e-01 
  970.000  9.351020e-01 
  971.000  9.467447e-01 
  972.000  9.467447e-01 
  973.000  9.324916e-01 
  974.000  8.647363e-01 
  975.000  8.647363e-01 
  976.000  8.484510e-01 
  977.000  9.161367e-01 
  978.000  9.064204e-01 
  979.000  9.064204e-01 
  980.000  9.072058e-01 
  981.000  9.622356e-01 
  982.000  9.622356e-01 
  983.000  9.455083e-01 
  984.000  9.603595e-01 
  985.000  9.603595e-01 
  986.000  9.788834e-01 
  987.000  9.718994e-01 
  988.000  9.718994e-01 
  989.000  9.826681e-01 
  990.000  9.783517e-01 
  991.000  9.783517e-01 
  992.000  9.813523e-01 
  993.000  9.807993e-01 
  994.000  9.807993e-01 
  995.000  9.853327e-01 
  996.000  9.854503e-01 
  997.000  9.854503e-01 
  998.000  9.855300e-01 
  999.000  9.852318e-01 
 1000.000  9.852318e-01 
 1001.000  9.854994e-01 
 1002.000  9.794539e-01 
 1003.000  9.794539e-01 
 1004.000  9.856009e-01 
 1005.000  9.859095e-01 
 1006.000  9.859095e-01 
 1007.000  9.861512e-01 
 1008.000  9.850545e-01 
 1009.000  9.850545e-01 
 1010.000  9.805729e-01 
 1011.000  9.862790e-01 
 1012.000  9.862790e-01 
 1013.000  9.865643e-01 
 1014.000  9.864596e-01 
 1015.000  9.864596e-01 
 1016.000  9.867974e-01 
 1017.000  9.865409e-01 
 1018.000  9.865409e-01 
 1019.000  9.861934e-01 
 1020.000  9.870669e-01 
 1021.000  9.870669e-01 
 1022.000  9.863833e-01 
 1023.000  9.863833e-01 
 1024.000  9.862247e-01 
 1025.000  9.872332e-01 
 1026.000  9.872332e-01 
 1027.000  9.868231e-01 
 1028.000  9.873567e-01 
 1029.000  9.873567e-01 
 1030.000  9.875906e-01 
 1031.000  9.875134e-01 
 1032.000  9.875134e-01 
 1033.000  9.875661e-01 
 1034.000  9.875661e-01 
 1035.000  9.876280e-01 
 1036.000  9.871098e-01 
 1037.000  9.871098e-01 
 1038.000  9.870703e-01 
 1039.000  9.865457e-01 
 1040.000  9.865457e-01 
 1041.000  9.861354e-01 
 1042.000  9.861354e-01 
 1043.000  9.856393e-01 
 1044.000  9.848624e-01 
 1045.000  9.848624e-01 
 1046.000  9.837812e-01 
 1047.000  9.837812e-01 
 1048.000  9.826939e-01 
 1049.000  9.804701e-01 
 1050.000  9.804701e-01 
 1051.000  9.795227e-01 
 1052.000  9.795227e-01 
 1053.000  9.780245e-01 
 1054.000  9.767479e-01 
 1055.000  9.767479e-01 
 1056.000  9.752499e-01 
 1057.000  9.752499e-01 
 1058.000  9.739285e-01 
 1059.000  9.726176e-01 
 1060.000  9.726176e-01 
 1061.000  9.717925e-01 
 1062.000  9.717925e-01 
 1063.000  9.703026e-01 
 1064.000  9.694160e-01 
 1065.000  9.694160e-01 
 1066.000  9.708765e-01 
 1067.000  9.708765e-01 
 1068.000  9.698904e-01 
 1069.000  9.712982e-01 
 1070.000  9.712982e-01 
 1071.000  9.732406e-01 
 1072.000  9.732406e-01 
 1073.000  9.746788e-01 
 1074.000  9.746788e-01 
 1075.000  9.722270e-01 
 1076.000  9.726004e-01 
 1077.000  9.726004e-01 
 1078.000  9.774930e-01 
 1079.000  9.774930e-01 
 1080.000  9.745461e-01 
 1081.000  9.745461e-01 
 1082.000  9.777561e-01 
 1083.000  9.752195e-01 
 1084.000  9.752195e-01 
 1085.000  9.695724e-01 
 1086.000  9.695724e-01 
 1087.000  9.791772e-01 
 1088.000  9.791772e-01 
 1089.000  9.753374e-01 
 1090.000  9.733068e-01 
 1091.000  9.733068e-01 
 1092.000  9.667204e-01 
 1093.000  9.667204e-01 
 1094.000  9.666230e-01 
 1095.000  9.666230e-01 
 1096.000  9.626290e-01 
 1097.000  9.626290e-01 
 1098.000  9.533728e-01 
 1099.000  9.206169e-01 
 1100.000  9.206169e-01 
 1101.000  9.215924e-01 
 1102.000  9.215924e-01 
 1103.000  9.087130e-01 
 1104.000  9.087130e-01 
 1105.000  8.985773e-01 
 1106.000  8.985773e-01 
 1107.000  8.971158e-01 
 1108.000  8.971158e-01 
 1109.000  8.719800e-01 
 1110.000  8.335768e-01 
 1111.000  8.335768e-01 
 1112.000  8.083121e-01 
 1113.000  8.083121e-01 
 1114.000  7.246347e-01 
 1115.000  7.246347e-01 
 1116.000  5.130312e-01 
 1117.000  5.130312e-01 
 1118.000  6.199881e-01 
 1119.000  6.199881e-01 
 1120.000  5.498943e-01 
 1121.000  5.498943e-01 
 1122.000  3.630707e-01 
 1123.000  5.801027e-01 
 1124.000  5.801027e-01 
 1125.000  4.079253e-01 
 1126.000  4.079253e-01 
 1127.000  4.721813e-01 
 1128.000  4.721813e-01 
 1129.000  4.728200e-01 
 1130.000  4.728200e-01 
 1131.000  7.312198e-01 
 1132.000  7.312198e-01 
 1133.000  4.737576e-01 
 1134.000  4.737576e-01 
 1135.000  2.865400e-01 
 1136.000  2.865400e-01 
 1137.000  7.366317e-01 
 1138.000  7.366317e-01 
 1139.000  6.835889e-01 
 1140.000  6.835889e-01 
 1141.000  6.686980e-01 
 1142.000  6.686980e-01 
 1143.000  7.065452e-01 
 1144.000  7.065452e-01 
 1145.000  5.163279e-01 
 1146.000  5.163279e-01 
 1147.000  4.985912e-01 
 1148.000  4.985912e-01 
 1149.000  6.064997e-01 
 1150.000  6.064997e-01 
 1151.000  6.993960e-01 
 1152.000  6.993960e-01 
 1153.000  6.505880e-01 
 1154.000  6.505880e-01 
 1155.000  6.966031e-01 
 1156.000  6.966031e-01 
 1157.000  7.662857e-01 
 1158.000  7.662857e-01 
 1159.000  8.544358e-01 
 1160.000  8.544358e-01 
 1161.000  8.369265e-01 
 1162.000  8.369265e-01 
 1163.000  8.894710e-01 
 1164.000  8.894710e-01 
 1165.000  8.712431e-01 
 1166.000  8.712431e-01 
 1167.000  9.111847e-01 
 1168.000  9.111847e-01 
 1169.000  9.232072e-01 
 1170.000  9.232072e-01 
 1171.000  9.308579e-01 
 1172.000  9.308579e-01 
 1173.000  8.702204e-01 
 1174.000  8.702204e-01 
 1175.000  9.649485e-01 
 1176.000  9.649485e-01 
 1177.000  9.071845e-01 
 1178.000  9.071845e-01 
 1179.000  9.493808e-01 
 1180.000  9.493808e-01 
 1181.000  8.631243e-01 
 1182.000  8.631243e-01 
 1183.000  9.279739e-01 
 1184.000  9.279739e-01 
 1185.000  9.483215e-01 
 1186.000  9.483215e-01 
 1187.000  8.760452e-01 
 1188.000  8.760452e-01 
 1189.000  8.760452e-01 
 1190.000  9.276292e-01 
 1191.000  9.276292e-01 
 1192.000  9.679420e-01 
 1193.000  9.679420e-01 
 1194.000  9.391876e-01 
 1195.000  9.391876e-01 
 1196.000  9.525648e-01 
 1197.000  9.525648e-01 
 1198.000  9.254585e-01 
 1199.000  9.254585e-01 
 1200.000  9.213993e-01 
