  250.000  0.000000e+00 
  251.000  0.000000e+00 
  252.000  0.000000e+00 
  253.000  0.000000e+00 
  254.000  0.000000e+00 
  255.000  0.000000e+00 
  256.000  0.000000e+00 
  257.000  0.000000e+00 
  258.000  0.000000e+00 
  259.000  0.000000e+00 
  260.000  0.000000e+00 
  261.000  0.000000e+00 
  262.000  0.000000e+00 
  263.000  0.000000e+00 
  264.000  0.000000e+00 
  265.000  0.000000e+00 
  266.000  0.000000e+00 
  267.000  0.000000e+00 
  268.000  0.000000e+00 
  269.000  0.000000e+00 
  270.000  0.000000e+00 
  271.000  0.000000e+00 
  272.000  0.000000e+00 
  273.000  0.000000e+00 
  274.000  0.000000e+00 
  275.000  0.000000e+00 
  276.000  0.000000e+00 
  277.000  0.000000e+00 
  278.000  0.000000e+00 
  279.000  0.000000e+00 
  280.000  0.000000e+00 
  281.000  0.000000e+00 
  282.000  0.000000e+00 
  283.000  0.000000e+00 
  284.000  0.000000e+00 
  285.000  0.000000e+00 
  286.000  0.000000e+00 
  287.000  0.000000e+00 
  288.000  0.000000e+00 
  289.000  0.000000e+00 
  290.000  0.000000e+00 
  291.000  1.145319e-10 
  292.000  2.737325e-09 
  293.000  1.793025e-08 
  294.000  1.510578e-07 
  295.000  5.965678e-07 
  296.000  4.103633e-06 
  297.000  1.304562e-05 
  298.000  5.196361e-05 
  299.000  1.332807e-04 
  300.000  3.537072e-04 
  301.000  7.869035e-04 
  302.000  1.530285e-03 
  303.000  3.400354e-03 
  304.000  4.567963e-03 
  305.000  8.737066e-03 
  306.000  1.252788e-02 
  307.000  1.953669e-02 
  308.000  2.592583e-02 
  309.000  3.375704e-02 
  310.000  4.775506e-02 
  311.000  5.482360e-02 
  312.000  6.700690e-02 
  313.000  8.279012e-02 
  314.000  8.992892e-02 
  315.000  1.109018e-01 
  316.000  1.168147e-01 
  317.000  1.341338e-01 
  318.000  1.447315e-01 
  319.000  1.739928e-01 
  320.000  1.552672e-01 
  321.000  1.998445e-01 
  322.000  1.818126e-01 
  323.000  2.031852e-01 
  324.000  2.343720e-01 
  325.000  2.125996e-01 
  326.000  2.442407e-01 
  327.000  2.545836e-01 
  328.000  2.382857e-01 
  329.000  2.751677e-01 
  330.000  2.818596e-01 
  331.000  2.663701e-01 
  332.000  2.924399e-01 
  333.000  2.983240e-01 
  334.000  2.947771e-01 
  335.000  3.117273e-01 
  336.000  3.187348e-01 
  337.000  3.145578e-01 
  338.000  3.257785e-01 
  339.000  3.339719e-01 
  340.000  3.329259e-01 
  341.000  3.421268e-01 
  342.000  3.486229e-01 
  343.000  3.527943e-01 
  344.000  3.515936e-01 
  345.000  3.616101e-01 
  346.000  3.667111e-01 
  347.000  3.710591e-01 
  348.000  3.756658e-01 
  349.000  3.811935e-01 
  350.000  3.855721e-01 
  351.000  3.906705e-01 
  352.000  3.948629e-01 
  353.000  3.998823e-01 
  354.000  4.034835e-01 
  355.000  4.074274e-01 
  356.000  4.124332e-01 
  357.000  4.156993e-01 
  358.000  4.193650e-01 
  359.000  4.229842e-01 
  360.000  4.265157e-01 
  361.000  4.301998e-01 
  362.000  4.358621e-01 
  363.000  4.406754e-01 
  364.000  4.454753e-01 
  365.000  4.494943e-01 
  366.000  4.539789e-01 
  367.000  4.582009e-01 
  368.000  4.622305e-01 
  369.000  4.656271e-01 
  370.000  4.696684e-01 
  371.000  4.739456e-01 
  372.000  4.774709e-01 
  373.000  4.818212e-01 
  374.000  4.859677e-01 
  375.000  4.893324e-01 
  376.000  4.928175e-01 
  377.000  4.968192e-01 
  378.000  4.999301e-01 
  379.000  5.032988e-01 
  380.000  5.065219e-01 
  381.000  5.100526e-01 
  382.000  5.147610e-01 
  383.000  5.195675e-01 
  384.000  5.228398e-01 
  385.000  5.270524e-01 
  386.000  5.304276e-01 
  387.000  5.344016e-01 
  388.000  5.375284e-01 
  389.000  5.407137e-01 
  390.000  5.447021e-01 
  391.000  5.479817e-01 
  392.000  5.507186e-01 
  393.000  5.553467e-01 
  394.000  5.585265e-01 
  395.000  5.616078e-01 
  396.000  5.654930e-01 
  397.000  5.690418e-01 
  398.000  5.714797e-01 
  399.000  5.748798e-01 
  400.000  5.777525e-01 
  401.000  5.815890e-01 
  402.000  5.850495e-01 
  403.000  5.885965e-01 
  404.000  5.909402e-01 
  405.000  5.942037e-01 
  406.000  5.973126e-01 
  407.000  6.013297e-01 
  408.000  6.032746e-01 
  409.000  6.061193e-01 
  410.000  6.091504e-01 
  411.000  6.125280e-01 
  412.000  6.160473e-01 
  413.000  6.179215e-01 
  414.000  6.215397e-01 
  415.000  6.243829e-01 
  416.000  6.280645e-01 
  417.000  6.302192e-01 
  418.000  6.326581e-01 
  419.000  6.361603e-01 
  420.000  6.384966e-01 
  421.000  6.412283e-01 
  422.000  6.434621e-01 
  423.000  6.465545e-01 
  424.000  6.489100e-01 
  425.000  6.524961e-01 
  426.000  6.551768e-01 
  427.000  6.576255e-01 
  428.000  6.598462e-01 
  429.000  6.631168e-01 
  430.000  6.657927e-01 
  431.000  6.668080e-01 
  432.000  6.705983e-01 
  433.000  6.731930e-01 
  434.000  6.748648e-01 
  435.000  6.765915e-01 
  436.000  6.796533e-01 
  437.000  6.836350e-01 
  438.000  6.856542e-01 
  439.000  6.860833e-01 
  440.000  6.890737e-01 
  441.000  6.916773e-01 
  442.000  6.947731e-01 
  443.000  6.963776e-01 
  444.000  6.984259e-01 
  445.000  6.993315e-01 
  446.000  7.021728e-01 
  447.000  7.050272e-01 
  448.000  7.050990e-01 
  449.000  7.089872e-01 
  450.000  7.121313e-01 
  451.000  7.139969e-01 
  452.000  7.155275e-01 
  453.000  7.178457e-01 
  454.000  7.210376e-01 
  455.000  7.220986e-01 
  456.000  7.239369e-01 
  457.000  7.260798e-01 
  458.000  7.273870e-01 
  459.000  7.292983e-01 
  460.000  7.304167e-01 
  461.000  7.323857e-01 
  462.000  7.351429e-01 
  463.000  7.352374e-01 
  464.000  7.379515e-01 
  465.000  7.398191e-01 
  466.000  7.432301e-01 
  467.000  7.442086e-01 
  468.000  7.461653e-01 
  469.000  7.478094e-01 
  470.000  7.495983e-01 
  471.000  7.513764e-01 
  472.000  7.521251e-01 
  473.000  7.525901e-01 
  474.000  7.515202e-01 
  475.000  7.517575e-01 
  476.000  7.524740e-01 
  477.000  7.531798e-01 
  478.000  7.540808e-01 
  479.000  7.558681e-01 
  480.000  7.580614e-01 
  481.000  7.618289e-01 
  482.000  7.648854e-01 
  483.000  7.676786e-01 
  484.000  7.690924e-01 
  485.000  7.702611e-01 
  486.000  7.712640e-01 
  487.000  7.735136e-01 
  488.000  7.746645e-01 
  489.000  7.755564e-01 
  490.000  7.780589e-01 
  491.000  7.795596e-01 
  492.000  7.808937e-01 
  493.000  7.822145e-01 
  494.000  7.830977e-01 
  495.000  7.841179e-01 
  496.000  7.847886e-01 
  497.000  7.859657e-01 
  498.000  7.868180e-01 
  499.000  7.878853e-01 
  500.000  7.886278e-01 
  501.000  7.885704e-01 
  502.000  7.880140e-01 
  503.000  7.873140e-01 
  504.000  7.866373e-01 
  505.000  7.879040e-01 
  506.000  7.896383e-01 
  507.000  7.906482e-01 
  508.000  7.929262e-01 
  509.000  7.942254e-01 
  510.000  7.959580e-01 
  511.000  7.974733e-01 
  512.000  7.984714e-01 
  513.000  8.005331e-01 
  514.000  8.014454e-01 
  515.000  8.030761e-01 
  516.000  8.037023e-01 
  517.000  8.048493e-01 
  518.000  8.050812e-01 
  519.000  8.057582e-01 
  520.000  8.061072e-01 
  521.000  8.069750e-01 
  522.000  8.071704e-01 
  523.000  8.074588e-01 
  524.000  8.076909e-01 
  525.000  8.072006e-01 
  526.000  8.070140e-01 
  527.000  8.069685e-01 
  528.000  8.065300e-01 
  529.000  8.063097e-01 
  530.000  8.060837e-01 
  531.000  8.064683e-01 
  532.000  8.068415e-01 
  533.000  8.074943e-01 
  534.000  8.083907e-01 
  535.000  8.089333e-01 
  536.000  8.099049e-01 
  537.000  8.109009e-01 
  538.000  8.114060e-01 
  539.000  8.118125e-01 
  540.000  8.127115e-01 
  541.000  8.121513e-01 
  542.000  8.126526e-01 
  543.000  8.136357e-01 
  544.000  8.143092e-01 
  545.000  8.139144e-01 
  546.000  8.141122e-01 
  547.000  8.155624e-01 
  548.000  8.168572e-01 
  549.000  8.171727e-01 
  550.000  8.179023e-01 
  551.000  8.186371e-01 
  552.000  8.189707e-01 
  553.000  8.193350e-01 
  554.000  8.198437e-01 
  555.000  8.202408e-01 
  556.000  8.198563e-01 
  557.000  8.191689e-01 
  558.000  8.186244e-01 
  559.000  8.179138e-01 
  560.000  8.172485e-01 
  561.000  8.167161e-01 
  562.000  8.163465e-01 
  563.000  8.156602e-01 
  564.000  8.149533e-01 
  565.000  8.143557e-01 
  566.000  8.140851e-01 
  567.000  8.133407e-01 
  568.000  8.123028e-01 
  569.000  8.085645e-01 
  570.000  8.066301e-01 
  571.000  8.071720e-01 
  572.000  8.050733e-01 
  573.000  8.053547e-01 
  574.000  8.039478e-01 
  575.000  8.041448e-01 
  576.000  8.043214e-01 
  577.000  8.049823e-01 
  578.000  8.074935e-01 
  579.000  8.095003e-01 
  580.000  8.113183e-01 
  581.000  8.143422e-01 
  582.000  8.171774e-01 
  583.000  8.196734e-01 
  584.000  8.232615e-01 
  585.000  8.244740e-01 
  586.000  8.262111e-01 
  587.000  8.265741e-01 
  588.000  8.267350e-01 
  589.000  8.172929e-01 
  590.000  8.178827e-01 
  591.000  8.216920e-01 
  592.000  8.141995e-01 
  593.000  8.265995e-01 
  594.000  8.208853e-01 
  595.000  8.248770e-01 
  596.000  8.265458e-01 
  597.000  8.264516e-01 
  598.000  8.266374e-01 
  599.000  8.286332e-01 
  600.000  8.287861e-01 
  601.000  8.305870e-01 
  602.000  8.320553e-01 
  603.000  8.327904e-01 
  604.000  8.336102e-01 
  605.000  8.343362e-01 
  606.000  8.359991e-01 
  607.000  8.373427e-01 
  608.000  8.390884e-01 
  609.000  8.398049e-01 
  610.000  8.412382e-01 
  611.000  8.423789e-01 
  612.000  8.440560e-01 
  613.000  8.454726e-01 
  614.000  8.464946e-01 
  615.000  8.476865e-01 
  616.000  8.493704e-01 
  617.000  8.505872e-01 
  618.000  8.514056e-01 
  619.000  8.526123e-01 
  620.000  8.536558e-01 
  621.000  8.544127e-01 
  622.000  8.547501e-01 
  623.000  8.554596e-01 
  624.000  8.557326e-01 
  625.000  8.560867e-01 
  626.000  8.562168e-01 
  627.000  8.561855e-01 
  628.000  8.321771e-01 
  629.000  8.433169e-01 
  630.000  8.492364e-01 
  631.000  8.572040e-01 
  632.000  8.600070e-01 
  633.000  8.623209e-01 
  634.000  8.653834e-01 
  635.000  8.663060e-01 
  636.000  8.692496e-01 
  637.000  8.726695e-01 
  638.000  8.750867e-01 
  639.000  8.772677e-01 
  640.000  8.786134e-01 
  641.000  8.808158e-01 
  642.000  8.824394e-01 
  643.000  8.830125e-01 
  644.000  8.844450e-01 
  645.000  8.853875e-01 
  646.000  8.834282e-01 
  647.000  8.801222e-01 
  648.000  8.765778e-01 
  649.000  8.812022e-01 
  650.000  8.897567e-01 
  651.000  8.910571e-01 
  652.000  8.896714e-01 
  653.000  8.926800e-01 
  654.000  8.939366e-01 
  655.000  8.859184e-01 
  656.000  8.924495e-01 
  657.000  8.945941e-01 
  658.000  8.983382e-01 
  659.000  9.008350e-01 
  660.000  9.009733e-01 
  661.000  9.028000e-01 
  662.000  9.030942e-01 
  663.000  9.039506e-01 
  664.000  9.049060e-01 
  665.000  9.057923e-01 
  666.000  9.067164e-01 
  667.000  9.080675e-01 
  668.000  9.087103e-01 
  669.000  9.098050e-01 
  670.000  9.104161e-01 
  671.000  9.117235e-01 
  672.000  9.120042e-01 
  673.000  9.130910e-01 
  674.000  9.135082e-01 
  675.000  9.146362e-01 
  676.000  9.149808e-01 
  677.000  9.155744e-01 
  678.000  9.165488e-01 
  679.000  9.170710e-01 
  680.000  9.181010e-01 
  681.000  9.185109e-01 
  682.000  9.198904e-01 
  683.000  9.199920e-01 
  684.000  9.212307e-01 
  685.000  9.219836e-01 
  686.000  9.226938e-01 
  687.000  6.133894e-01 
  688.000  7.827035e-01 
  689.000  8.215719e-01 
  690.000  8.531350e-01 
  691.000  8.723644e-01 
  692.000  9.072769e-01 
  693.000  9.000900e-01 
  694.000  8.894937e-01 
  695.000  9.086879e-01 
  696.000  9.036999e-01 
  697.000  9.273743e-01 
  698.000  9.269144e-01 
  699.000  9.171467e-01 
  700.000  9.187774e-01 
  701.000  9.112667e-01 
  702.000  9.153150e-01 
  703.000  9.189341e-01 
  704.000  9.215237e-01 
  705.000  9.226027e-01 
  706.000  9.266335e-01 
  707.000  9.298775e-01 
  708.000  9.323049e-01 
  709.000  9.327304e-01 
  710.000  9.319386e-01 
  711.000  9.349999e-01 
  712.000  9.336387e-01 
  713.000  9.361801e-01 
  714.000  9.344316e-01 
  715.000  9.299588e-01 
  716.000  9.310790e-01 
  717.000  9.101663e-01 
  718.000  8.531790e-01 
  719.000  8.036526e-01 
  720.000  8.619825e-01 
  721.000  9.233671e-01 
  722.000  9.220899e-01 
  723.000  9.191264e-01 
  724.000  8.447703e-01 
  725.000  8.684330e-01 
  726.000  9.019799e-01 
  727.000  8.873214e-01 
  728.000  8.614292e-01 
  729.000  8.766469e-01 
  730.000  9.069901e-01 
  731.000  8.904079e-01 
  732.000  9.000517e-01 
  733.000  9.252544e-01 
  734.000  9.385073e-01 
  735.000  9.296487e-01 
  736.000  9.360148e-01 
  737.000  9.362749e-01 
  738.000  9.402076e-01 
  739.000  9.415027e-01 
  740.000  9.463696e-01 
  741.000  9.490493e-01 
  742.000  9.497614e-01 
  743.000  9.497780e-01 
  744.000  9.506949e-01 
  745.000  9.512874e-01 
  746.000  9.520220e-01 
  747.000  9.523095e-01 
  748.000  9.526052e-01 
  749.000  9.527987e-01 
  750.000  9.531659e-01 
  751.000  9.533487e-01 
  752.000  9.542594e-01 
  753.000  9.545001e-01 
  754.000  9.547768e-01 
  755.000  9.550617e-01 
  756.000  9.552403e-01 
  757.000  9.556534e-01 
  758.000  9.562473e-01 
  759.000  9.444951e-01 
  760.000  3.008734e-01 
  761.000  1.952830e-01 
  762.000  5.941437e-01 
  763.000  4.842990e-01 
  764.000  5.565976e-01 
  765.000  6.953310e-01 
  766.000  8.272139e-01 
  767.000  8.772157e-01 
  768.000  9.349964e-01 
  769.000  9.504846e-01 
  770.000  9.501199e-01 
  771.000  9.570768e-01 
  772.000  9.593932e-01 
  773.000  9.595145e-01 
  774.000  9.595836e-01 
  775.000  9.597057e-01 
  776.000  9.598978e-01 
  777.000  9.601662e-01 
  778.000  9.603255e-01 
  779.000  9.604874e-01 
  780.000  9.606227e-01 
  781.000  9.610443e-01 
  782.000  9.613224e-01 
  783.000  9.615847e-01 
  784.000  9.614587e-01 
  785.000  9.613172e-01 
  786.000  9.597449e-01 
  787.000  9.598522e-01 
  788.000  9.563443e-01 
  789.000  9.565291e-01 
  790.000  9.504141e-01 
  791.000  9.512442e-01 
  792.000  9.540576e-01 
  793.000  9.559443e-01 
  794.000  9.639308e-01 
  795.000  9.613597e-01 
  796.000  9.443958e-01 
  797.000  9.568900e-01 
  798.000  9.582199e-01 
  799.000  9.609165e-01 
  800.000  9.537888e-01 
  801.000  9.504140e-01 
  802.000  9.552998e-01 
  803.000  9.543890e-01 
  804.000  9.541076e-01 
  805.000  9.573709e-01 
  806.000  9.637379e-01 
  807.000  9.600018e-01 
  808.000  9.640085e-01 
  809.000  9.579793e-01 
  810.000  9.549475e-01 
  811.000  9.561330e-01 
  812.000  9.496081e-01 
  813.000  9.367682e-01 
  814.000  9.142613e-01 
  815.000  8.872510e-01 
  816.000  9.080729e-01 
  817.000  8.139248e-01 
  818.000  8.804234e-01 
  819.000  9.081919e-01 
  820.000  8.723686e-01 
  821.000  9.547579e-01 
  822.000  9.439946e-01 
  823.000  7.862669e-01 
  824.000  9.296945e-01 
  825.000  9.492708e-01 
  826.000  9.288164e-01 
  827.000  9.484187e-01 
  828.000  8.954209e-01 
  829.000  9.365796e-01 
  830.000  9.270468e-01 
  831.000  9.318299e-01 
  832.000  9.313338e-01 
  833.000  9.470343e-01 
  834.000  9.469155e-01 
  835.000  9.557015e-01 
  836.000  9.567412e-01 
  837.000  9.563876e-01 
  838.000  9.623194e-01 
  839.000  9.653100e-01 
  840.000  9.661760e-01 
  841.000  9.661760e-01 
  842.000  9.610047e-01 
  843.000  9.709169e-01 
  844.000  9.650773e-01 
  845.000  9.699083e-01 
  846.000  9.712327e-01 
  847.000  9.721659e-01 
  848.000  9.710411e-01 
  849.000  9.716850e-01 
  850.000  9.716353e-01 
  851.000  9.717610e-01 
  852.000  9.740117e-01 
  853.000  9.745221e-01 
  854.000  9.742020e-01 
  855.000  9.742020e-01 
  856.000  9.747006e-01 
  857.000  9.758903e-01 
  858.000  9.749593e-01 
  859.000  9.757094e-01 
  860.000  9.763514e-01 
  861.000  9.761888e-01 
  862.000  9.765902e-01 
  863.000  9.764297e-01 
  864.000  9.769514e-01 
  865.000  9.769514e-01 
  866.000  9.769833e-01 
  867.000  9.771298e-01 
  868.000  9.771547e-01 
  869.000  9.772370e-01 
  870.000  9.773923e-01 
  871.000  9.775217e-01 
  872.000  9.777083e-01 
  873.000  9.777257e-01 
  874.000  9.777257e-01 
  875.000  9.780310e-01 
  876.000  9.781157e-01 
  877.000  9.781470e-01 
  878.000  9.781690e-01 
  879.000  9.781863e-01 
  880.000  9.785125e-01 
  881.000  9.785125e-01 
  882.000  9.780269e-01 
  883.000  9.782447e-01 
  884.000  9.784027e-01 
  885.000  9.786146e-01 
  886.000  9.752105e-01 
  887.000  9.785101e-01 
  888.000  9.785101e-01 
  889.000  9.777230e-01 
  890.000  9.759073e-01 
  891.000  9.786786e-01 
  892.000  9.756112e-01 
  893.000  9.673981e-01 
  894.000  9.673981e-01 
  895.000  9.483228e-01 
  896.000  9.306181e-01 
  897.000  8.524529e-01 
  898.000  9.266527e-01 
  899.000  7.862564e-01 
  900.000  7.862564e-01 
  901.000  8.186934e-01 
  902.000  8.475613e-01 
  903.000  8.806320e-01 
  904.000  9.551565e-01 
  905.000  9.446615e-01 
  906.000  9.446615e-01 
  907.000  8.626088e-01 
  908.000  8.422053e-01 
  909.000  8.526146e-01 
  910.000  8.347828e-01 
  911.000  8.347828e-01 
  912.000  9.164080e-01 
  913.000  8.754435e-01 
  914.000  8.484354e-01 
  915.000  8.083135e-01 
  916.000  8.083135e-01 
  917.000  9.129108e-01 
  918.000  8.273376e-01 
  919.000  8.946297e-01 
  920.000  9.534584e-01 
  921.000  9.534584e-01 
  922.000  9.376491e-01 
  923.000  9.364870e-01 
  924.000  9.208353e-01 
  925.000  9.208353e-01 
  926.000  9.286837e-01 
  927.000  9.349108e-01 
  928.000  8.460655e-01 
  929.000  8.279294e-01 
  930.000  8.279294e-01 
  931.000  7.029808e-01 
  932.000  5.333518e-01 
  933.000  5.592454e-01 
  934.000  5.592454e-01 
  935.000  5.126739e-01 
  936.000  4.828435e-01 
  937.000  4.701461e-01 
  938.000  4.701461e-01 
  939.000  6.089458e-01 
  940.000  7.360756e-01 
  941.000  6.872797e-01 
  942.000  6.872797e-01 
  943.000  5.914431e-01 
  944.000  6.009933e-01 
  945.000  6.791438e-01 
  946.000  6.791438e-01 
  947.000  6.030431e-01 
  948.000  6.220623e-01 
  949.000  6.854916e-01 
  950.000  6.854916e-01 
  951.000  6.981142e-01 
  952.000  5.985080e-01 
  953.000  7.305216e-01 
  954.000  7.305216e-01 
  955.000  7.266835e-01 
  956.000  6.235374e-01 
  957.000  7.742339e-01 
  958.000  7.742339e-01 
  959.000  6.783912e-01 
  960.000  7.549320e-01 
  961.000  7.549320e-01 
  962.000  7.838970e-01 
  963.000  8.395499e-01 
  964.000  7.487414e-01 
  965.000  7.487414e-01 
  966.000  8.128696e-01 
  967.000  8.885241e-01 
  968.000  8.885241e-01 
  969.000  9.056257e-01 
  970.000  9.378774e-01 
  971.000  9.490432e-01 
  972.000  9.490432e-01 
  973.000  9.353856e-01 
  974.000  8.697193e-01 
  975.000  8.697193e-01 
  976.000  8.535438e-01 
  977.000  9.193943e-01 
  978.000  9.099799e-01 
  979.000  9.099799e-01 
  980.000  9.107698e-01 
  981.000  9.639038e-01 
  982.000  9.639038e-01 
  983.000  9.477701e-01 
  984.000  9.620998e-01 
  985.000  9.620998e-01 
  986.000  9.798315e-01 
  987.000  9.731510e-01 
  988.000  9.731510e-01 
  989.000  9.834489e-01 
  990.000  9.793231e-01 
  991.000  9.793231e-01 
  992.000  9.821908e-01 
  993.000  9.816623e-01 
  994.000  9.816623e-01 
  995.000  9.859946e-01 
  996.000  9.861069e-01 
  997.000  9.861069e-01 
  998.000  9.861832e-01 
  999.000  9.858981e-01 
 1000.000  9.858981e-01 
 1001.000  9.861541e-01 
 1002.000  9.803737e-01 
 1003.000  9.803737e-01 
 1004.000  9.862508e-01 
 1005.000  9.865454e-01 
 1006.000  9.865454e-01 
 1007.000  9.867766e-01 
 1008.000  9.857289e-01 
 1009.000  9.857289e-01 
 1010.000  9.814440e-01 
 1011.000  9.868986e-01 
 1012.000  9.868986e-01 
 1013.000  9.871712e-01 
 1014.000  9.870712e-01 
 1015.000  9.870712e-01 
 1016.000  9.873937e-01 
 1017.000  9.871486e-01 
 1018.000  9.871486e-01 
 1019.000  9.868170e-01 
 1020.000  9.876510e-01 
 1021.000  9.876510e-01 
 1022.000  9.869982e-01 
 1023.000  9.869982e-01 
 1024.000  9.868466e-01 
 1025.000  9.878100e-01 
 1026.000  9.878100e-01 
 1027.000  9.874183e-01 
 1028.000  9.879279e-01 
 1029.000  9.879279e-01 
 1030.000  9.881512e-01 
 1031.000  9.880774e-01 
 1032.000  9.880774e-01 
 1033.000  9.881277e-01 
 1034.000  9.881277e-01 
 1035.000  9.881871e-01 
 1036.000  9.876921e-01 
 1037.000  9.876921e-01 
 1038.000  9.876544e-01 
 1039.000  9.871533e-01 
 1040.000  9.871533e-01 
 1041.000  9.867613e-01 
 1042.000  9.867613e-01 
 1043.000  9.862877e-01 
 1044.000  9.855456e-01 
 1045.000  9.855456e-01 
 1046.000  9.845127e-01 
 1047.000  9.845127e-01 
 1048.000  9.834740e-01 
 1049.000  9.813495e-01 
 1050.000  9.813495e-01 
 1051.000  9.804441e-01 
 1052.000  9.804441e-01 
 1053.000  9.790126e-01 
 1054.000  9.777928e-01 
 1055.000  9.777928e-01 
 1056.000  9.763613e-01 
 1057.000  9.763613e-01 
 1058.000  9.750987e-01 
 1059.000  9.738458e-01 
 1060.000  9.738458e-01 
 1061.000  9.730574e-01 
 1062.000  9.730574e-01 
 1063.000  9.716332e-01 
 1064.000  9.707857e-01 
 1065.000  9.707857e-01 
 1066.000  9.721816e-01 
 1067.000  9.721816e-01 
 1068.000  9.712391e-01 
 1069.000  9.725848e-01 
 1070.000  9.725848e-01 
 1071.000  9.744413e-01 
 1072.000  9.744413e-01 
 1073.000  9.758158e-01 
 1074.000  9.758158e-01 
 1075.000  9.734687e-01 
 1076.000  9.738247e-01 
 1077.000  9.738247e-01 
 1078.000  9.785033e-01 
 1079.000  9.785033e-01 
 1080.000  9.756836e-01 
 1081.000  9.756836e-01 
 1082.000  9.787536e-01 
 1083.000  9.763256e-01 
 1084.000  9.763256e-01 
 1085.000  9.709244e-01 
 1086.000  9.709244e-01 
 1087.000  9.801090e-01 
 1088.000  9.801090e-01 
 1089.000  9.764336e-01 
 1090.000  9.744860e-01 
 1091.000  9.744860e-01 
 1092.000  9.681849e-01 
 1093.000  9.681849e-01 
 1094.000  9.680948e-01 
 1095.000  9.680948e-01 
 1096.000  9.642695e-01 
 1097.000  9.642695e-01 
 1098.000  9.554045e-01 
 1099.000  9.238415e-01 
 1100.000  9.238415e-01 
 1101.000  9.247645e-01 
 1102.000  9.247645e-01 
 1103.000  9.123629e-01 
 1104.000  9.123629e-01 
 1105.000  9.026013e-01 
 1106.000  9.026013e-01 
 1107.000  9.011558e-01 
 1108.000  9.011558e-01 
 1109.000  8.769052e-01 
 1110.000  8.388956e-01 
 1111.000  8.388956e-01 
 1112.000  8.147908e-01 
 1113.000  8.147908e-01 
 1114.000  7.308241e-01 
 1115.000  7.308241e-01 
 1116.000  5.218896e-01 
 1117.000  5.218896e-01 
 1118.000  6.281554e-01 
 1119.000  6.281554e-01 
 1120.000  5.594352e-01 
 1121.000  5.594352e-01 
 1122.000  3.727684e-01 
 1123.000  5.883063e-01 
 1124.000  5.883063e-01 
 1125.000  4.182420e-01 
 1126.000  4.182420e-01 
 1127.000  4.827884e-01 
 1128.000  4.827884e-01 
 1129.000  4.839486e-01 
 1130.000  4.839486e-01 
 1131.000  7.389791e-01 
 1132.000  7.389791e-01 
 1133.000  4.848524e-01 
 1134.000  4.848524e-01 
 1135.000  2.943653e-01 
 1136.000  2.943653e-01 
 1137.000  7.448844e-01 
 1138.000  7.448844e-01 
 1139.000  6.909471e-01 
 1140.000  6.909471e-01 
 1141.000  6.761438e-01 
 1142.000  6.761438e-01 
 1143.000  7.151201e-01 
 1144.000  7.151201e-01 
 1145.000  5.263069e-01 
 1146.000  5.263069e-01 
 1147.000  5.088322e-01 
 1148.000  5.088322e-01 
 1149.000  6.152412e-01 
 1150.000  6.152412e-01 
 1151.000  7.071141e-01 
 1152.000  7.071141e-01 
 1153.000  6.582029e-01 
 1154.000  6.582029e-01 
 1155.000  7.039443e-01 
 1156.000  7.039443e-01 
 1157.000  7.726153e-01 
 1158.000  7.726153e-01 
 1159.000  8.599622e-01 
 1160.000  8.599622e-01 
 1161.000  8.429881e-01 
 1162.000  8.429881e-01 
 1163.000  8.935667e-01 
 1164.000  8.935667e-01 
 1165.000  8.760521e-01 
 1166.000  8.760521e-01 
 1167.000  9.146737e-01 
 1168.000  9.146737e-01 
 1169.000  9.263504e-01 
 1170.000  9.263504e-01 
 1171.000  9.336418e-01 
 1172.000  9.336418e-01 
 1173.000  8.751378e-01 
 1174.000  8.751378e-01 
 1175.000  9.664940e-01 
 1176.000  9.664940e-01 
 1177.000  9.107763e-01 
 1178.000  9.107763e-01 
 1179.000  9.514382e-01 
 1180.000  9.514382e-01 
 1181.000  8.679119e-01 
 1182.000  8.679119e-01 
 1183.000  9.307953e-01 
 1184.000  9.307953e-01 
 1185.000  9.505488e-01 
 1186.000  9.505488e-01 
 1187.000  8.799384e-01 
 1188.000  8.799384e-01 
 1189.000  8.799384e-01 
 1190.000  9.303865e-01 
 1191.000  9.303865e-01 
 1192.000  9.693565e-01 
 1193.000  9.693565e-01 
 1194.000  9.415746e-01 
 1195.000  9.415746e-01 
 1196.000  9.546282e-01 
 1197.000  9.546282e-01 
 1198.000  9.284449e-01 
 1199.000  9.284449e-01 
 1200.000  9.243938e-01 
