  250.000  0.000000e+00 
  251.000  0.000000e+00 
  252.000  0.000000e+00 
  253.000  0.000000e+00 
  254.000  0.000000e+00 
  255.000  0.000000e+00 
  256.000  0.000000e+00 
  257.000  0.000000e+00 
  258.000  0.000000e+00 
  259.000  0.000000e+00 
  260.000  0.000000e+00 
  261.000  0.000000e+00 
  262.000  0.000000e+00 
  263.000  0.000000e+00 
  264.000  0.000000e+00 
  265.000  0.000000e+00 
  266.000  0.000000e+00 
  267.000  0.000000e+00 
  268.000  0.000000e+00 
  269.000  0.000000e+00 
  270.000  0.000000e+00 
  271.000  0.000000e+00 
  272.000  0.000000e+00 
  273.000  0.000000e+00 
  274.000  0.000000e+00 
  275.000  0.000000e+00 
  276.000  0.000000e+00 
  277.000  0.000000e+00 
  278.000  0.000000e+00 
  279.000  0.000000e+00 
  280.000  0.000000e+00 
  281.000  0.000000e+00 
  282.000  0.000000e+00 
  283.000  0.000000e+00 
  284.000  0.000000e+00 
  285.000  0.000000e+00 
  286.000  0.000000e+00 
  287.000  0.000000e+00 
  288.000  0.000000e+00 
  289.000  0.000000e+00 
  290.000  0.000000e+00 
  291.000  6.205414e-06 
  292.000  3.271823e-05 
  293.000  8.756986e-05 
  294.000  2.674053e-04 
  295.000  5.490744e-04 
  296.000  1.507739e-03 
  297.000  2.763336e-03 
  298.000  5.699574e-03 
  299.000  9.335036e-03 
  300.000  1.556491e-02 
  301.000  2.366214e-02 
  302.000  3.352408e-02 
  303.000  5.093177e-02 
  304.000  5.944842e-02 
  305.000  8.349638e-02 
  306.000  1.008440e-01 
  307.000  1.272716e-01 
  308.000  1.476040e-01 
  309.000  1.694897e-01 
  310.000  2.032627e-01 
  311.000  2.185039e-01 
  312.000  2.427226e-01 
  313.000  2.711607e-01 
  314.000  2.831669e-01 
  315.000  3.160311e-01 
  316.000  3.247479e-01 
  317.000  3.491372e-01 
  318.000  3.633247e-01 
  319.000  4.001133e-01 
  320.000  3.769466e-01 
  321.000  4.302252e-01 
  322.000  4.094341e-01 
  323.000  4.339775e-01 
  324.000  4.676820e-01 
  325.000  4.443966e-01 
  326.000  4.778959e-01 
  327.000  4.883916e-01 
  328.000  4.717566e-01 
  329.000  5.086930e-01 
  330.000  5.151359e-01 
  331.000  5.001079e-01 
  332.000  5.251760e-01 
  333.000  5.306848e-01 
  334.000  5.273703e-01 
  335.000  5.430433e-01 
  336.000  5.494037e-01 
  337.000  5.456206e-01 
  338.000  5.557303e-01 
  339.000  5.630082e-01 
  340.000  5.620838e-01 
  341.000  5.701678e-01 
  342.000  5.758132e-01 
  343.000  5.794120e-01 
  344.000  5.783782e-01 
  345.000  5.869514e-01 
  346.000  5.912740e-01 
  347.000  5.949359e-01 
  348.000  5.987935e-01 
  349.000  6.033927e-01 
  350.000  6.070132e-01 
  351.000  6.112045e-01 
  352.000  6.146314e-01 
  353.000  6.187117e-01 
  354.000  6.216241e-01 
  355.000  6.247994e-01 
  356.000  6.288087e-01 
  357.000  6.314121e-01 
  358.000  6.343226e-01 
  359.000  6.371841e-01 
  360.000  6.399653e-01 
  361.000  6.428549e-01 
  362.000  6.472732e-01 
  363.000  6.510075e-01 
  364.000  6.547122e-01 
  365.000  6.577995e-01 
  366.000  6.612291e-01 
  367.000  6.644432e-01 
  368.000  6.674976e-01 
  369.000  6.700624e-01 
  370.000  6.731024e-01 
  371.000  6.763063e-01 
  372.000  6.789367e-01 
  373.000  6.821700e-01 
  374.000  6.852387e-01 
  375.000  6.877199e-01 
  376.000  6.902812e-01 
  377.000  6.932116e-01 
  378.000  6.954818e-01 
  379.000  6.979327e-01 
  380.000  7.002703e-01 
  381.000  7.028229e-01 
  382.000  7.062140e-01 
  383.000  7.096603e-01 
  384.000  7.119980e-01 
  385.000  7.149972e-01 
  386.000  7.173920e-01 
  387.000  7.202023e-01 
  388.000  7.224066e-01 
  389.000  7.246457e-01 
  390.000  7.274407e-01 
  391.000  7.297316e-01 
  392.000  7.316385e-01 
  393.000  7.348527e-01 
  394.000  7.370536e-01 
  395.000  7.391808e-01 
  396.000  7.418549e-01 
  397.000  7.442900e-01 
  398.000  7.459586e-01 
  399.000  7.482800e-01 
  400.000  7.502363e-01 
  401.000  7.528417e-01 
  402.000  7.551848e-01 
  403.000  7.575797e-01 
  404.000  7.591583e-01 
  405.000  7.613513e-01 
  406.000  7.634354e-01 
  407.000  7.661205e-01 
  408.000  7.674174e-01 
  409.000  7.693108e-01 
  410.000  7.713236e-01 
  411.000  7.735609e-01 
  412.000  7.758858e-01 
  413.000  7.771215e-01 
  414.000  7.795016e-01 
  415.000  7.813673e-01 
  416.000  7.837773e-01 
  417.000  7.851846e-01 
  418.000  7.867748e-01 
  419.000  7.890531e-01 
  420.000  7.905698e-01 
  421.000  7.923396e-01 
  422.000  7.937843e-01 
  423.000  7.957804e-01 
  424.000  7.972975e-01 
  425.000  7.996025e-01 
  426.000  8.013215e-01 
  427.000  8.028889e-01 
  428.000  8.043080e-01 
  429.000  8.063937e-01 
  430.000  8.080966e-01 
  431.000  8.087419e-01 
  432.000  8.111466e-01 
  433.000  8.127891e-01 
  434.000  8.138458e-01 
  435.000  8.149357e-01 
  436.000  8.168654e-01 
  437.000  8.193687e-01 
  438.000  8.206354e-01 
  439.000  8.209045e-01 
  440.000  8.227767e-01 
  441.000  8.244036e-01 
  442.000  8.263344e-01 
  443.000  8.273334e-01 
  444.000  8.286073e-01 
  445.000  8.291698e-01 
  446.000  8.309328e-01 
  447.000  8.327004e-01 
  448.000  8.327448e-01 
  449.000  8.351471e-01 
  450.000  8.370849e-01 
  451.000  8.382329e-01 
  452.000  8.391737e-01 
  453.000  8.405967e-01 
  454.000  8.425525e-01 
  455.000  8.432018e-01 
  456.000  8.443254e-01 
  457.000  8.456337e-01 
  458.000  8.464308e-01 
  459.000  8.475950e-01 
  460.000  8.482756e-01 
  461.000  8.494727e-01 
  462.000  8.511463e-01 
  463.000  8.512036e-01 
  464.000  8.528481e-01 
  465.000  8.539780e-01 
  466.000  8.560382e-01 
  467.000  8.566284e-01 
  468.000  8.578073e-01 
  469.000  8.587969e-01 
  470.000  8.598724e-01 
  471.000  8.609402e-01 
  472.000  8.613895e-01 
  473.000  8.616684e-01 
  474.000  8.610265e-01 
  475.000  8.611689e-01 
  476.000  8.615987e-01 
  477.000  8.620219e-01 
  478.000  8.625619e-01 
  479.000  8.636321e-01 
  480.000  8.649440e-01 
  481.000  8.671930e-01 
  482.000  8.690137e-01 
  483.000  8.706746e-01 
  484.000  8.715141e-01 
  485.000  8.722075e-01 
  486.000  8.728022e-01 
  487.000  8.741348e-01 
  488.000  8.748158e-01 
  489.000  8.753433e-01 
  490.000  8.768217e-01 
  491.000  8.777071e-01 
  492.000  8.784937e-01 
  493.000  8.792716e-01 
  494.000  8.797914e-01 
  495.000  8.803917e-01 
  496.000  8.807860e-01 
  497.000  8.814778e-01 
  498.000  8.819785e-01 
  499.000  8.826048e-01 
  500.000  8.830404e-01 
  501.000  8.830067e-01 
  502.000  8.826804e-01 
  503.000  8.822696e-01 
  504.000  8.818722e-01 
  505.000  8.826158e-01 
  506.000  8.836330e-01 
  507.000  8.842247e-01 
  508.000  8.855582e-01 
  509.000  8.863180e-01 
  510.000  8.873303e-01 
  511.000  8.882146e-01 
  512.000  8.887968e-01 
  513.000  8.899983e-01 
  514.000  8.905293e-01 
  515.000  8.914781e-01 
  516.000  8.918421e-01 
  517.000  8.925086e-01 
  518.000  8.926432e-01 
  519.000  8.930363e-01 
  520.000  8.932390e-01 
  521.000  8.937424e-01 
  522.000  8.938558e-01 
  523.000  8.940230e-01 
  524.000  8.941577e-01 
  525.000  8.938733e-01 
  526.000  8.937652e-01 
  527.000  8.937387e-01 
  528.000  8.934844e-01 
  529.000  8.933565e-01 
  530.000  8.932253e-01 
  531.000  8.934485e-01 
  532.000  8.936650e-01 
  533.000  8.940437e-01 
  534.000  8.945636e-01 
  535.000  8.948779e-01 
  536.000  8.954408e-01 
  537.000  8.960174e-01 
  538.000  8.963097e-01 
  539.000  8.965449e-01 
  540.000  8.970649e-01 
  541.000  8.967408e-01 
  542.000  8.970308e-01 
  543.000  8.975990e-01 
  544.000  8.979881e-01 
  545.000  8.977600e-01 
  546.000  8.978743e-01 
  547.000  8.987117e-01 
  548.000  8.994588e-01 
  549.000  8.996407e-01 
  550.000  9.000614e-01 
  551.000  9.004849e-01 
  552.000  9.006771e-01 
  553.000  9.008870e-01 
  554.000  9.011799e-01 
  555.000  9.014085e-01 
  556.000  9.011871e-01 
  557.000  9.007913e-01 
  558.000  9.004776e-01 
  559.000  9.000681e-01 
  560.000  8.996845e-01 
  561.000  8.993775e-01 
  562.000  8.991643e-01 
  563.000  8.987682e-01 
  564.000  8.983601e-01 
  565.000  8.980150e-01 
  566.000  8.978588e-01 
  567.000  8.974285e-01 
  568.000  8.968285e-01 
  569.000  8.946642e-01 
  570.000  8.935424e-01 
  571.000  8.938568e-01 
  572.000  8.926386e-01 
  573.000  8.928021e-01 
  574.000  8.919847e-01 
  575.000  8.920993e-01 
  576.000  8.922018e-01 
  577.000  8.925858e-01 
  578.000  8.940432e-01 
  579.000  8.952065e-01 
  580.000  8.962591e-01 
  581.000  8.980072e-01 
  582.000  8.996435e-01 
  583.000  9.010818e-01 
  584.000  9.031458e-01 
  585.000  9.038423e-01 
  586.000  9.048393e-01 
  587.000  9.050475e-01 
  588.000  9.051399e-01 
  589.000  8.996272e-01 
  590.000  9.000208e-01 
  591.000  9.022210e-01 
  592.000  8.978137e-01 
  593.000  9.050532e-01 
  594.000  9.017148e-01 
  595.000  9.040736e-01 
  596.000  9.050313e-01 
  597.000  9.049774e-01 
  598.000  9.050838e-01 
  599.000  9.062278e-01 
  600.000  9.063154e-01 
  601.000  9.073464e-01 
  602.000  9.081863e-01 
  603.000  9.086065e-01 
  604.000  9.090748e-01 
  605.000  9.094895e-01 
  606.000  9.104385e-01 
  607.000  9.112048e-01 
  608.000  9.121993e-01 
  609.000  9.126073e-01 
  610.000  9.134228e-01 
  611.000  9.140713e-01 
  612.000  9.150241e-01 
  613.000  9.158282e-01 
  614.000  9.164079e-01 
  615.000  9.170836e-01 
  616.000  9.180374e-01 
  617.000  9.187262e-01 
  618.000  9.191890e-01 
  619.000  9.198712e-01 
  620.000  9.204607e-01 
  621.000  9.208881e-01 
  622.000  9.210787e-01 
  623.000  9.214789e-01 
  624.000  9.216330e-01 
  625.000  9.218328e-01 
  626.000  9.219062e-01 
  627.000  9.218885e-01 
  628.000  9.080795e-01 
  629.000  9.137444e-01 
  630.000  9.179615e-01 
  631.000  9.224628e-01 
  632.000  9.240416e-01 
  633.000  9.253430e-01 
  634.000  9.270630e-01 
  635.000  9.275804e-01 
  636.000  9.292302e-01 
  637.000  9.311433e-01 
  638.000  9.324935e-01 
  639.000  9.337101e-01 
  640.000  9.344600e-01 
  641.000  9.356863e-01 
  642.000  9.365894e-01 
  643.000  9.369079e-01 
  644.000  9.377037e-01 
  645.000  9.382270e-01 
  646.000  9.371390e-01 
  647.000  9.352824e-01 
  648.000  9.332642e-01 
  649.000  9.358657e-01 
  650.000  9.406494e-01 
  651.000  9.413693e-01 
  652.000  9.406022e-01 
  653.000  9.422670e-01 
  654.000  9.429615e-01 
  655.000  9.384248e-01 
  656.000  9.421242e-01 
  657.000  9.433155e-01 
  658.000  9.453908e-01 
  659.000  9.467661e-01 
  660.000  9.468423e-01 
  661.000  9.478474e-01 
  662.000  9.480092e-01 
  663.000  9.484801e-01 
  664.000  9.490049e-01 
  665.000  9.494917e-01 
  666.000  9.499990e-01 
  667.000  9.507402e-01 
  668.000  9.510927e-01 
  669.000  9.516926e-01 
  670.000  9.520276e-01 
  671.000  9.527432e-01 
  672.000  9.528970e-01 
  673.000  9.534916e-01 
  674.000  9.537199e-01 
  675.000  9.543364e-01 
  676.000  9.545248e-01 
  677.000  9.548491e-01 
  678.000  9.553813e-01 
  679.000  9.556663e-01 
  680.000  9.562284e-01 
  681.000  9.564521e-01 
  682.000  9.572042e-01 
  683.000  9.572597e-01 
  684.000  9.579345e-01 
  685.000  9.583445e-01 
  686.000  9.587311e-01 
  687.000  7.175789e-01 
  688.000  8.751861e-01 
  689.000  8.985237e-01 
  690.000  9.191306e-01 
  691.000  9.293756e-01 
  692.000  9.501213e-01 
  693.000  9.460282e-01 
  694.000  9.400214e-01 
  695.000  9.508337e-01 
  696.000  9.478918e-01 
  697.000  9.612755e-01 
  698.000  9.610257e-01 
  699.000  9.556226e-01 
  700.000  9.565188e-01 
  701.000  9.524033e-01 
  702.000  9.546306e-01 
  703.000  9.565735e-01 
  704.000  9.580045e-01 
  705.000  9.586275e-01 
  706.000  9.608490e-01 
  707.000  9.626337e-01 
  708.000  9.639493e-01 
  709.000  9.641796e-01 
  710.000  9.637508e-01 
  711.000  9.654080e-01 
  712.000  9.646592e-01 
  713.000  9.660460e-01 
  714.000  9.651003e-01 
  715.000  9.626576e-01 
  716.000  9.632594e-01 
  717.000  9.517666e-01 
  718.000  9.174402e-01 
  719.000  8.786635e-01 
  720.000  9.240305e-01 
  721.000  9.590069e-01 
  722.000  9.582498e-01 
  723.000  9.566193e-01 
  724.000  9.097152e-01 
  725.000  9.276302e-01 
  726.000  9.470400e-01 
  727.000  9.386344e-01 
  728.000  9.234516e-01 
  729.000  9.326956e-01 
  730.000  9.497970e-01 
  731.000  9.404646e-01 
  732.000  9.459727e-01 
  733.000  9.599794e-01 
  734.000  9.672637e-01 
  735.000  9.623980e-01 
  736.000  9.659026e-01 
  737.000  9.660447e-01 
  738.000  9.681994e-01 
  739.000  9.688925e-01 
  740.000  9.715393e-01 
  741.000  9.729794e-01 
  742.000  9.733617e-01 
  743.000  9.733706e-01 
  744.000  9.738628e-01 
  745.000  9.741806e-01 
  746.000  9.745744e-01 
  747.000  9.747288e-01 
  748.000  9.748871e-01 
  749.000  9.749910e-01 
  750.000  9.751877e-01 
  751.000  9.752857e-01 
  752.000  9.757735e-01 
  753.000  9.759026e-01 
  754.000  9.760507e-01 
  755.000  9.762031e-01 
  756.000  9.762990e-01 
  757.000  9.765200e-01 
  758.000  9.768379e-01 
  759.000  9.703377e-01 
  760.000  4.501827e-01 
  761.000  3.656956e-01 
  762.000  7.200598e-01 
  763.000  6.312300e-01 
  764.000  6.716513e-01 
  765.000  7.807595e-01 
  766.000  8.972720e-01 
  767.000  9.315200e-01 
  768.000  9.648334e-01 
  769.000  9.737498e-01 
  770.000  9.734688e-01 
  771.000  9.772816e-01 
  772.000  9.785199e-01 
  773.000  9.785846e-01 
  774.000  9.786216e-01 
  775.000  9.786869e-01 
  776.000  9.787895e-01 
  777.000  9.789327e-01 
  778.000  9.790179e-01 
  779.000  9.791042e-01 
  780.000  9.791765e-01 
  781.000  9.794015e-01 
  782.000  9.795501e-01 
  783.000  9.796901e-01 
  784.000  9.796227e-01 
  785.000  9.795474e-01 
  786.000  9.787078e-01 
  787.000  9.787652e-01 
  788.000  9.768689e-01 
  789.000  9.769679e-01 
  790.000  9.736383e-01 
  791.000  9.740835e-01 
  792.000  9.756168e-01 
  793.000  9.766054e-01 
  794.000  9.809414e-01 
  795.000  9.795699e-01 
  796.000  9.703426e-01 
  797.000  9.771543e-01 
  798.000  9.778687e-01 
  799.000  9.793335e-01 
  800.000  9.754626e-01 
  801.000  9.736315e-01 
  802.000  9.762999e-01 
  803.000  9.758053e-01 
  804.000  9.756514e-01 
  805.000  9.774119e-01 
  806.000  9.808385e-01 
  807.000  9.788269e-01 
  808.000  9.809827e-01 
  809.000  9.777359e-01 
  810.000  9.761135e-01 
  811.000  9.767579e-01 
  812.000  9.732201e-01 
  813.000  9.661070e-01 
  814.000  9.535448e-01 
  815.000  9.368920e-01 
  816.000  9.496273e-01 
  817.000  8.880323e-01 
  818.000  9.310194e-01 
  819.000  9.498231e-01 
  820.000  9.250421e-01 
  821.000  9.759799e-01 
  822.000  9.701308e-01 
  823.000  8.698450e-01 
  824.000  9.622583e-01 
  825.000  9.729196e-01 
  826.000  9.615293e-01 
  827.000  9.724681e-01 
  828.000  9.422315e-01 
  829.000  9.658507e-01 
  830.000  9.604299e-01 
  831.000  9.631757e-01 
  832.000  9.629570e-01 
  833.000  9.717963e-01 
  834.000  9.715838e-01 
  835.000  9.764750e-01 
  836.000  9.769982e-01 
  837.000  9.768355e-01 
  838.000  9.800647e-01 
  839.000  9.816605e-01 
  840.000  9.821219e-01 
  841.000  9.821219e-01 
  842.000  9.793394e-01 
  843.000  9.846589e-01 
  844.000  9.815280e-01 
  845.000  9.841230e-01 
  846.000  9.848266e-01 
  847.000  9.853222e-01 
  848.000  9.847249e-01 
  849.000  9.850668e-01 
  850.000  9.850393e-01 
  851.000  9.850986e-01 
  852.000  9.863017e-01 
  853.000  9.865724e-01 
  854.000  9.864010e-01 
  855.000  9.864010e-01 
  856.000  9.866670e-01 
  857.000  9.872977e-01 
  858.000  9.868042e-01 
  859.000  9.872019e-01 
  860.000  9.875420e-01 
  861.000  9.874558e-01 
  862.000  9.876686e-01 
  863.000  9.875835e-01 
  864.000  9.878598e-01 
  865.000  9.878598e-01 
  866.000  9.878768e-01 
  867.000  9.879543e-01 
  868.000  9.879676e-01 
  869.000  9.880112e-01 
  870.000  9.880933e-01 
  871.000  9.881619e-01 
  872.000  9.882607e-01 
  873.000  9.882699e-01 
  874.000  9.882699e-01 
  875.000  9.884315e-01 
  876.000  9.884764e-01 
  877.000  9.884929e-01 
  878.000  9.885046e-01 
  879.000  9.885138e-01 
  880.000  9.886864e-01 
  881.000  9.886864e-01 
  882.000  9.884294e-01 
  883.000  9.885446e-01 
  884.000  9.886283e-01 
  885.000  9.887406e-01 
  886.000  9.869300e-01 
  887.000  9.886851e-01 
  888.000  9.886851e-01 
  889.000  9.882686e-01 
  890.000  9.872985e-01 
  891.000  9.887744e-01 
  892.000  9.871477e-01 
  893.000  9.827605e-01 
  894.000  9.827605e-01 
  895.000  9.719806e-01 
  896.000  9.621729e-01 
  897.000  9.124773e-01 
  898.000  9.600919e-01 
  899.000  8.622395e-01 
  900.000  8.622395e-01 
  901.000  8.834177e-01 
  902.000  9.057262e-01 
  903.000  9.274126e-01 
  904.000  9.760352e-01 
  905.000  9.699644e-01 
  906.000  9.699644e-01 
  907.000  9.198799e-01 
  908.000  9.021141e-01 
  909.000  9.125444e-01 
  910.000  9.021843e-01 
  911.000  9.021843e-01 
  912.000  9.544187e-01 
  913.000  9.289917e-01 
  914.000  9.105411e-01 
  915.000  8.814441e-01 
  916.000  8.814441e-01 
  917.000  9.527760e-01 
  918.000  8.952581e-01 
  919.000  9.390676e-01 
  920.000  9.751735e-01 
  921.000  9.751735e-01 
  922.000  9.663938e-01 
  923.000  9.657336e-01 
  924.000  9.572186e-01 
  925.000  9.572186e-01 
  926.000  9.615429e-01 
  927.000  9.650231e-01 
  928.000  9.121821e-01 
  929.000  9.013234e-01 
  930.000  9.013234e-01 
  931.000  8.050509e-01 
  932.000  6.474358e-01 
  933.000  6.854230e-01 
  934.000  6.854230e-01 
  935.000  6.292866e-01 
  936.000  6.022263e-01 
  937.000  6.068479e-01 
  938.000  6.068479e-01 
  939.000  7.161138e-01 
  940.000  8.300065e-01 
  941.000  7.915102e-01 
  942.000  7.915102e-01 
  943.000  6.949170e-01 
  944.000  6.981558e-01 
  945.000  7.943079e-01 
  946.000  7.943079e-01 
  947.000  7.142197e-01 
  948.000  7.398247e-01 
  949.000  7.846856e-01 
  950.000  7.846856e-01 
  951.000  7.925703e-01 
  952.000  7.100130e-01 
  953.000  8.292260e-01 
  954.000  8.292260e-01 
  955.000  8.230152e-01 
  956.000  7.280455e-01 
  957.000  8.585258e-01 
  958.000  8.585258e-01 
  959.000  7.955313e-01 
  960.000  8.521486e-01 
  961.000  8.521486e-01 
  962.000  8.632970e-01 
  963.000  9.073987e-01 
  964.000  8.426364e-01 
  965.000  8.426364e-01 
  966.000  8.849891e-01 
  967.000  9.361832e-01 
  968.000  9.361832e-01 
  969.000  9.467627e-01 
  970.000  9.665204e-01 
  971.000  9.726514e-01 
  972.000  9.726514e-01 
  973.000  9.652162e-01 
  974.000  9.250341e-01 
  975.000  9.250341e-01 
  976.000  9.124100e-01 
  977.000  9.546348e-01 
  978.000  9.488512e-01 
  979.000  9.488512e-01 
  980.000  9.495398e-01 
  981.000  9.808362e-01 
  982.000  9.808362e-01 
  983.000  9.714583e-01 
  984.000  9.798205e-01 
  985.000  9.798205e-01 
  986.000  9.893741e-01 
  987.000  9.858011e-01 
  988.000  9.858011e-01 
  989.000  9.912935e-01 
  990.000  9.891011e-01 
  991.000  9.891011e-01 
  992.000  9.906236e-01 
  993.000  9.903437e-01 
  994.000  9.903437e-01 
  995.000  9.926392e-01 
  996.000  9.926983e-01 
  997.000  9.926983e-01 
  998.000  9.927386e-01 
  999.000  9.925884e-01 
 1000.000  9.925884e-01 
 1001.000  9.927233e-01 
 1002.000  9.896463e-01 
 1003.000  9.896463e-01 
 1004.000  9.927743e-01 
 1005.000  9.929297e-01 
 1006.000  9.929297e-01 
 1007.000  9.930514e-01 
 1008.000  9.924990e-01 
 1009.000  9.924990e-01 
 1010.000  9.902167e-01 
 1011.000  9.931158e-01 
 1012.000  9.931158e-01 
 1013.000  9.932595e-01 
 1014.000  9.932067e-01 
 1015.000  9.932067e-01 
 1016.000  9.933766e-01 
 1017.000  9.932477e-01 
 1018.000  9.932477e-01 
 1019.000  9.930727e-01 
 1020.000  9.935124e-01 
 1021.000  9.935124e-01 
 1022.000  9.931682e-01 
 1023.000  9.931682e-01 
 1024.000  9.930883e-01 
 1025.000  9.935961e-01 
 1026.000  9.935961e-01 
 1027.000  9.933895e-01 
 1028.000  9.936582e-01 
 1029.000  9.936582e-01 
 1030.000  9.937758e-01 
 1031.000  9.937369e-01 
 1032.000  9.937369e-01 
 1033.000  9.937636e-01 
 1034.000  9.937636e-01 
 1035.000  9.937947e-01 
 1036.000  9.935340e-01 
 1037.000  9.935340e-01 
 1038.000  9.935141e-01 
 1039.000  9.932500e-01 
 1040.000  9.932500e-01 
 1041.000  9.930434e-01 
 1042.000  9.930434e-01 
 1043.000  9.927937e-01 
 1044.000  9.924022e-01 
 1045.000  9.924022e-01 
 1046.000  9.918574e-01 
 1047.000  9.918574e-01 
 1048.000  9.913091e-01 
 1049.000  9.901870e-01 
 1050.000  9.901870e-01 
 1051.000  9.897083e-01 
 1052.000  9.897083e-01 
 1053.000  9.889511e-01 
 1054.000  9.883056e-01 
 1055.000  9.883056e-01 
 1056.000  9.875473e-01 
 1057.000  9.875473e-01 
 1058.000  9.868782e-01 
 1059.000  9.862137e-01 
 1060.000  9.862137e-01 
 1061.000  9.857955e-01 
 1062.000  9.857955e-01 
 1063.000  9.850393e-01 
 1064.000  9.845892e-01 
 1065.000  9.845892e-01 
 1066.000  9.853306e-01 
 1067.000  9.853306e-01 
 1068.000  9.848301e-01 
 1069.000  9.855445e-01 
 1070.000  9.855445e-01 
 1071.000  9.865295e-01 
 1072.000  9.865295e-01 
 1073.000  9.872583e-01 
 1074.000  9.872583e-01 
 1075.000  9.859926e-01 
 1076.000  9.861766e-01 
 1077.000  9.861766e-01 
 1078.000  9.886740e-01 
 1079.000  9.886740e-01 
 1080.000  9.871604e-01 
 1081.000  9.871604e-01 
 1082.000  9.887989e-01 
 1083.000  9.874907e-01 
 1084.000  9.874907e-01 
 1085.000  9.846044e-01 
 1086.000  9.846044e-01 
 1087.000  9.895026e-01 
 1088.000  9.895026e-01 
 1089.000  9.875239e-01 
 1090.000  9.864552e-01 
 1091.000  9.864552e-01 
 1092.000  9.830787e-01 
 1093.000  9.830787e-01 
 1094.000  9.830473e-01 
 1095.000  9.830473e-01 
 1096.000  9.809734e-01 
 1097.000  9.809734e-01 
 1098.000  9.761722e-01 
 1099.000  9.579832e-01 
 1100.000  9.579832e-01 
 1101.000  9.584231e-01 
 1102.000  9.584231e-01 
 1103.000  9.513131e-01 
 1104.000  9.513131e-01 
 1105.000  9.457164e-01 
 1106.000  9.457164e-01 
 1107.000  9.446695e-01 
 1108.000  9.446695e-01 
 1109.000  9.304985e-01 
 1110.000  9.019296e-01 
 1111.000  9.019296e-01 
 1112.000  8.898200e-01 
 1113.000  8.898200e-01 
 1114.000  8.065764e-01 
 1115.000  8.065764e-01 
 1116.000  6.434415e-01 
 1117.000  6.434415e-01 
 1118.000  7.261637e-01 
 1119.000  7.261637e-01 
 1120.000  6.779788e-01 
 1121.000  6.779788e-01 
 1122.000  5.094088e-01 
 1123.000  6.978913e-01 
 1124.000  6.978913e-01 
 1125.000  5.530403e-01 
 1126.000  5.530403e-01 
 1127.000  6.192157e-01 
 1128.000  6.192157e-01 
 1129.000  6.219170e-01 
 1130.000  6.219170e-01 
 1131.000  8.330076e-01 
 1132.000  8.330076e-01 
 1133.000  6.258655e-01 
 1134.000  6.258655e-01 
 1135.000  4.058614e-01 
 1136.000  4.058614e-01 
 1137.000  8.419797e-01 
 1138.000  8.419797e-01 
 1139.000  7.792606e-01 
 1140.000  7.792606e-01 
 1141.000  7.703261e-01 
 1142.000  7.703261e-01 
 1143.000  8.203580e-01 
 1144.000  8.203580e-01 
 1145.000  6.454120e-01 
 1146.000  6.454120e-01 
 1147.000  6.395611e-01 
 1148.000  6.395611e-01 
 1149.000  7.240516e-01 
 1150.000  7.240516e-01 
 1151.000  7.943469e-01 
 1152.000  7.943469e-01 
 1153.000  7.489189e-01 
 1154.000  7.489189e-01 
 1155.000  7.915757e-01 
 1156.000  7.915757e-01 
 1157.000  8.519484e-01 
 1158.000  8.519484e-01 
 1159.000  9.204730e-01 
 1160.000  9.204730e-01 
 1161.000  9.100701e-01 
 1162.000  9.100701e-01 
 1163.000  9.388818e-01 
 1164.000  9.388818e-01 
 1165.000  9.291167e-01 
 1166.000  9.291167e-01 
 1167.000  9.522086e-01 
 1168.000  9.522086e-01 
 1169.000  9.595152e-01 
 1170.000  9.595152e-01 
 1171.000  9.632308e-01 
 1172.000  9.632308e-01 
 1173.000  9.290566e-01 
 1174.000  9.290566e-01 
 1175.000  9.821961e-01 
 1176.000  9.821961e-01 
 1177.000  9.497353e-01 
 1178.000  9.497353e-01 
 1179.000  9.732096e-01 
 1180.000  9.732096e-01 
 1181.000  9.223886e-01 
 1182.000  9.223886e-01 
 1183.000  9.611934e-01 
 1184.000  9.611934e-01 
 1185.000  9.734448e-01 
 1186.000  9.734448e-01 
 1187.000  9.259329e-01 
 1188.000  9.259329e-01 
 1189.000  9.259329e-01 
 1190.000  9.604828e-01 
 1191.000  9.604828e-01 
 1192.000  9.837231e-01 
 1193.000  9.837231e-01 
 1194.000  9.672729e-01 
 1195.000  9.672729e-01 
 1196.000  9.757391e-01 
 1197.000  9.757391e-01 
 1198.000  9.602930e-01 
 1199.000  9.602930e-01 
 1200.000  9.571083e-01 
