  250.000  0.000000e+00 
  251.000  0.000000e+00 
  252.000  0.000000e+00 
  253.000  0.000000e+00 
  254.000  0.000000e+00 
  255.000  0.000000e+00 
  256.000  0.000000e+00 
  257.000  0.000000e+00 
  258.000  0.000000e+00 
  259.000  0.000000e+00 
  260.000  0.000000e+00 
  261.000  0.000000e+00 
  262.000  0.000000e+00 
  263.000  0.000000e+00 
  264.000  0.000000e+00 
  265.000  0.000000e+00 
  266.000  0.000000e+00 
  267.000  0.000000e+00 
  268.000  0.000000e+00 
  269.000  0.000000e+00 
  270.000  0.000000e+00 
  271.000  0.000000e+00 
  272.000  0.000000e+00 
  273.000  0.000000e+00 
  274.000  0.000000e+00 
  275.000  0.000000e+00 
  276.000  0.000000e+00 
  277.000  0.000000e+00 
  278.000  0.000000e+00 
  279.000  0.000000e+00 
  280.000  0.000000e+00 
  281.000  0.000000e+00 
  282.000  0.000000e+00 
  283.000  0.000000e+00 
  284.000  0.000000e+00 
  285.000  0.000000e+00 
  286.000  0.000000e+00 
  287.000  0.000000e+00 
  288.000  0.000000e+00 
  289.000  0.000000e+00 
  290.000  0.000000e+00 
  291.000  3.414699e-10 
  292.000  7.014067e-09 
  293.000  4.200248e-08 
  294.000  3.196396e-07 
  295.000  1.182250e-06 
  296.000  7.417349e-06 
  297.000  2.231378e-05 
  298.000  8.320752e-05 
  299.000  2.040366e-04 
  300.000  5.168396e-04 
  301.000  1.106777e-03 
  302.000  2.085095e-03 
  303.000  4.459942e-03 
  304.000  5.907579e-03 
  305.000  1.095498e-02 
  306.000  1.544024e-02 
  307.000  2.357318e-02 
  308.000  3.086280e-02 
  309.000  3.968227e-02 
  310.000  5.521557e-02 
  311.000  6.297219e-02 
  312.000  7.623276e-02 
  313.000  9.324310e-02 
  314.000  1.008842e-01 
  315.000  1.231737e-01 
  316.000  1.294197e-01 
  317.000  1.476303e-01 
  318.000  1.587172e-01 
  319.000  1.891368e-01 
  320.000  1.697010e-01 
  321.000  2.158072e-01 
  322.000  1.972230e-01 
  323.000  2.192412e-01 
  324.000  2.511750e-01 
  325.000  2.289042e-01 
  326.000  2.612365e-01 
  327.000  2.717605e-01 
  328.000  2.551675e-01 
  329.000  2.926456e-01 
  330.000  2.994189e-01 
  331.000  2.837289e-01 
  332.000  3.101126e-01 
  333.000  3.160518e-01 
  334.000  3.124723e-01 
  335.000  3.295595e-01 
  336.000  3.366105e-01 
  337.000  3.324085e-01 
  338.000  3.436906e-01 
  339.000  3.519171e-01 
  340.000  3.508674e-01 
  341.000  3.600953e-01 
  342.000  3.666033e-01 
  343.000  3.707794e-01 
  344.000  3.695776e-01 
  345.000  3.795972e-01 
  346.000  3.846947e-01 
  347.000  3.890370e-01 
  348.000  3.936350e-01 
  349.000  3.991489e-01 
  350.000  4.035136e-01 
  351.000  4.085931e-01 
  352.000  4.127676e-01 
  353.000  4.177626e-01 
  354.000  4.213445e-01 
  355.000  4.252655e-01 
  356.000  4.302396e-01 
  357.000  4.334835e-01 
  358.000  4.371229e-01 
  359.000  4.407145e-01 
  360.000  4.442179e-01 
  361.000  4.478709e-01 
  362.000  4.534828e-01 
  363.000  4.582503e-01 
  364.000  4.630023e-01 
  365.000  4.669791e-01 
  366.000  4.714149e-01 
  367.000  4.755889e-01 
  368.000  4.795709e-01 
  369.000  4.829262e-01 
  370.000  4.869167e-01 
  371.000  4.911385e-01 
  372.000  4.946167e-01 
  373.000  4.989073e-01 
  374.000  5.029950e-01 
  375.000  5.063109e-01 
  376.000  5.097442e-01 
  377.000  5.136852e-01 
  378.000  5.167477e-01 
  379.000  5.200629e-01 
  380.000  5.232340e-01 
  381.000  5.267064e-01 
  382.000  5.313358e-01 
  383.000  5.360591e-01 
  384.000  5.392736e-01 
  385.000  5.434105e-01 
  386.000  5.467239e-01 
  387.000  5.506237e-01 
  388.000  5.536913e-01 
  389.000  5.568153e-01 
  390.000  5.607258e-01 
  391.000  5.639403e-01 
  392.000  5.666223e-01 
  393.000  5.711558e-01 
  394.000  5.742696e-01 
  395.000  5.772862e-01 
  396.000  5.810885e-01 
  397.000  5.845608e-01 
  398.000  5.869455e-01 
  399.000  5.902703e-01 
  400.000  5.930788e-01 
  401.000  5.968285e-01 
  402.000  6.002097e-01 
  403.000  6.036746e-01 
  404.000  6.059634e-01 
  405.000  6.091498e-01 
  406.000  6.121843e-01 
  407.000  6.161044e-01 
  408.000  6.180017e-01 
  409.000  6.207765e-01 
  410.000  6.237324e-01 
  411.000  6.270254e-01 
  412.000  6.304556e-01 
  413.000  6.322820e-01 
  414.000  6.358070e-01 
  415.000  6.385763e-01 
  416.000  6.421615e-01 
  417.000  6.442593e-01 
  418.000  6.466333e-01 
  419.000  6.500415e-01 
  420.000  6.523146e-01 
  421.000  6.549721e-01 
  422.000  6.571446e-01 
  423.000  6.601518e-01 
  424.000  6.624418e-01 
  425.000  6.659276e-01 
  426.000  6.685325e-01 
  427.000  6.709118e-01 
  428.000  6.730689e-01 
  429.000  6.762455e-01 
  430.000  6.788440e-01 
  431.000  6.798298e-01 
  432.000  6.835091e-01 
  433.000  6.860273e-01 
  434.000  6.876496e-01 
  435.000  6.893250e-01 
  436.000  6.922951e-01 
  437.000  6.961569e-01 
  438.000  6.981147e-01 
  439.000  6.985309e-01 
  440.000  7.014298e-01 
  441.000  7.039534e-01 
  442.000  7.069535e-01 
  443.000  7.085081e-01 
  444.000  7.104926e-01 
  445.000  7.113697e-01 
  446.000  7.141218e-01 
  447.000  7.168859e-01 
  448.000  7.169554e-01 
  449.000  7.207199e-01 
  450.000  7.237631e-01 
  451.000  7.255688e-01 
  452.000  7.270497e-01 
  453.000  7.292927e-01 
  454.000  7.323804e-01 
  455.000  7.334066e-01 
  456.000  7.351845e-01 
  457.000  7.372566e-01 
  458.000  7.385206e-01 
  459.000  7.403684e-01 
  460.000  7.414495e-01 
  461.000  7.433528e-01 
  462.000  7.460174e-01 
  463.000  7.461088e-01 
  464.000  7.487314e-01 
  465.000  7.505357e-01 
  466.000  7.538306e-01 
  467.000  7.547757e-01 
  468.000  7.566654e-01 
  469.000  7.582530e-01 
  470.000  7.599801e-01 
  471.000  7.616968e-01 
  472.000  7.624196e-01 
  473.000  7.628684e-01 
  474.000  7.618355e-01 
  475.000  7.620648e-01 
  476.000  7.627562e-01 
  477.000  7.634375e-01 
  478.000  7.643072e-01 
  479.000  7.660322e-01 
  480.000  7.681488e-01 
  481.000  7.717838e-01 
  482.000  7.747321e-01 
  483.000  7.774261e-01 
  484.000  7.787895e-01 
  485.000  7.799163e-01 
  486.000  7.808833e-01 
  487.000  7.830521e-01 
  488.000  7.841616e-01 
  489.000  7.850214e-01 
  490.000  7.874333e-01 
  491.000  7.888795e-01 
  492.000  7.901652e-01 
  493.000  7.914377e-01 
  494.000  7.922887e-01 
  495.000  7.932717e-01 
  496.000  7.939177e-01 
  497.000  7.950517e-01 
  498.000  7.958727e-01 
  499.000  7.969006e-01 
  500.000  7.976159e-01 
  501.000  7.975605e-01 
  502.000  7.970247e-01 
  503.000  7.963504e-01 
  504.000  7.956986e-01 
  505.000  7.969186e-01 
  506.000  7.985891e-01 
  507.000  7.995616e-01 
  508.000  8.017551e-01 
  509.000  8.030061e-01 
  510.000  8.046743e-01 
  511.000  8.061328e-01 
  512.000  8.070936e-01 
  513.000  8.090780e-01 
  514.000  8.099560e-01 
  515.000  8.115253e-01 
  516.000  8.121279e-01 
  517.000  8.132318e-01 
  518.000  8.134547e-01 
  519.000  8.141060e-01 
  520.000  8.144419e-01 
  521.000  8.152767e-01 
  522.000  8.154648e-01 
  523.000  8.157422e-01 
  524.000  8.159655e-01 
  525.000  8.154938e-01 
  526.000  8.153142e-01 
  527.000  8.152705e-01 
  528.000  8.148487e-01 
  529.000  8.146367e-01 
  530.000  8.144192e-01 
  531.000  8.147893e-01 
  532.000  8.151484e-01 
  533.000  8.157763e-01 
  534.000  8.166389e-01 
  535.000  8.171607e-01 
  536.000  8.180953e-01 
  537.000  8.190533e-01 
  538.000  8.195391e-01 
  539.000  8.199303e-01 
  540.000  8.207948e-01 
  541.000  8.202560e-01 
  542.000  8.207381e-01 
  543.000  8.216836e-01 
  544.000  8.223313e-01 
  545.000  8.219516e-01 
  546.000  8.221418e-01 
  547.000  8.235363e-01 
  548.000  8.247814e-01 
  549.000  8.250847e-01 
  550.000  8.257863e-01 
  551.000  8.264928e-01 
  552.000  8.268135e-01 
  553.000  8.271637e-01 
  554.000  8.276527e-01 
  555.000  8.280345e-01 
  556.000  8.276648e-01 
  557.000  8.270041e-01 
  558.000  8.264806e-01 
  559.000  8.257974e-01 
  560.000  8.251577e-01 
  561.000  8.246458e-01 
  562.000  8.242905e-01 
  563.000  8.236305e-01 
  564.000  8.229507e-01 
  565.000  8.223760e-01 
  566.000  8.221158e-01 
  567.000  8.213999e-01 
  568.000  8.204018e-01 
  569.000  8.168060e-01 
  570.000  8.149450e-01 
  571.000  8.154663e-01 
  572.000  8.134471e-01 
  573.000  8.137179e-01 
  574.000  8.123642e-01 
  575.000  8.125538e-01 
  576.000  8.127236e-01 
  577.000  8.133596e-01 
  578.000  8.157756e-01 
  579.000  8.177062e-01 
  580.000  8.194550e-01 
  581.000  8.223630e-01 
  582.000  8.250892e-01 
  583.000  8.274890e-01 
  584.000  8.309380e-01 
  585.000  8.321034e-01 
  586.000  8.337728e-01 
  587.000  8.341216e-01 
  588.000  8.342763e-01 
  589.000  8.251868e-01 
  590.000  8.257625e-01 
  591.000  8.294258e-01 
  592.000  8.222075e-01 
  593.000  8.341445e-01 
  594.000  8.286434e-01 
  595.000  8.324907e-01 
  596.000  8.340945e-01 
  597.000  8.340042e-01 
  598.000  8.341826e-01 
  599.000  8.361003e-01 
  600.000  8.362472e-01 
  601.000  8.379775e-01 
  602.000  8.393880e-01 
  603.000  8.400943e-01 
  604.000  8.408818e-01 
  605.000  8.415792e-01 
  606.000  8.431763e-01 
  607.000  8.444670e-01 
  608.000  8.461432e-01 
  609.000  8.468314e-01 
  610.000  8.482075e-01 
  611.000  8.493027e-01 
  612.000  8.509129e-01 
  613.000  8.522727e-01 
  614.000  8.532538e-01 
  615.000  8.543978e-01 
  616.000  8.560141e-01 
  617.000  8.571819e-01 
  618.000  8.579671e-01 
  619.000  8.591250e-01 
  620.000  8.601263e-01 
  621.000  8.608524e-01 
  622.000  8.611764e-01 
  623.000  8.618569e-01 
  624.000  8.621189e-01 
  625.000  8.624586e-01 
  626.000  8.625835e-01 
  627.000  8.625534e-01 
  628.000  8.394754e-01 
  629.000  8.500709e-01 
  630.000  8.558853e-01 
  631.000  8.635306e-01 
  632.000  8.662192e-01 
  633.000  8.684385e-01 
  634.000  8.713753e-01 
  635.000  8.722598e-01 
  636.000  8.750820e-01 
  637.000  8.783603e-01 
  638.000  8.806769e-01 
  639.000  8.827671e-01 
  640.000  8.840564e-01 
  641.000  8.861666e-01 
  642.000  8.877221e-01 
  643.000  8.882709e-01 
  644.000  8.896433e-01 
  645.000  8.905461e-01 
  646.000  8.886693e-01 
  647.000  8.854991e-01 
  648.000  8.820955e-01 
  649.000  8.865306e-01 
  650.000  8.947305e-01 
  651.000  8.959756e-01 
  652.000  8.946488e-01 
  653.000  8.975297e-01 
  654.000  8.987328e-01 
  655.000  8.910379e-01 
  656.000  8.973066e-01 
  657.000  8.993604e-01 
  658.000  9.029461e-01 
  659.000  9.053358e-01 
  660.000  9.054684e-01 
  661.000  9.072164e-01 
  662.000  9.074980e-01 
  663.000  9.083176e-01 
  664.000  9.092315e-01 
  665.000  9.100797e-01 
  666.000  9.109638e-01 
  667.000  9.122563e-01 
  668.000  9.128712e-01 
  669.000  9.139187e-01 
  670.000  9.145032e-01 
  671.000  9.157535e-01 
  672.000  9.160221e-01 
  673.000  9.170616e-01 
  674.000  9.174608e-01 
  675.000  9.185392e-01 
  676.000  9.188690e-01 
  677.000  9.194365e-01 
  678.000  9.203683e-01 
  679.000  9.208676e-01 
  680.000  9.218525e-01 
  681.000  9.222446e-01 
  682.000  9.235635e-01 
  683.000  9.236606e-01 
  684.000  9.248449e-01 
  685.000  9.255646e-01 
  686.000  9.262437e-01 
  687.000  6.225030e-01 
  688.000  7.912143e-01 
  689.000  8.287271e-01 
  690.000  8.594519e-01 
  691.000  8.778026e-01 
  692.000  9.114680e-01 
  693.000  9.045666e-01 
  694.000  8.943961e-01 
  695.000  9.128076e-01 
  696.000  9.080008e-01 
  697.000  9.307172e-01 
  698.000  9.302779e-01 
  699.000  9.209253e-01 
  700.000  9.224856e-01 
  701.000  9.153008e-01 
  702.000  9.191752e-01 
  703.000  9.226301e-01 
  704.000  9.251094e-01 
  705.000  9.261470e-01 
  706.000  9.300051e-01 
  707.000  9.331093e-01 
  708.000  9.354289e-01 
  709.000  9.358353e-01 
  710.000  9.350790e-01 
  711.000  9.380040e-01 
  712.000  9.367011e-01 
  713.000  9.391313e-01 
  714.000  9.374607e-01 
  715.000  9.331834e-01 
  716.000  9.342530e-01 
  717.000  9.142425e-01 
  718.000  8.592145e-01 
  719.000  8.101813e-01 
  720.000  8.679244e-01 
  721.000  9.268712e-01 
  722.000  9.256395e-01 
  723.000  9.228037e-01 
  724.000  8.507056e-01 
  725.000  8.741052e-01 
  726.000  9.063699e-01 
  727.000  8.922840e-01 
  728.000  8.673485e-01 
  729.000  8.820575e-01 
  730.000  9.111645e-01 
  731.000  8.952604e-01 
  732.000  9.045237e-01 
  733.000  9.286658e-01 
  734.000  9.413469e-01 
  735.000  9.328713e-01 
  736.000  9.389637e-01 
  737.000  9.392124e-01 
  738.000  9.429743e-01 
  739.000  9.442103e-01 
  740.000  9.488624e-01 
  741.000  9.514209e-01 
  742.000  9.521006e-01 
  743.000  9.521164e-01 
  744.000  9.529918e-01 
  745.000  9.535573e-01 
  746.000  9.542586e-01 
  747.000  9.545329e-01 
  748.000  9.548151e-01 
  749.000  9.549998e-01 
  750.000  9.553504e-01 
  751.000  9.555247e-01 
  752.000  9.563938e-01 
  753.000  9.566237e-01 
  754.000  9.568879e-01 
  755.000  9.571596e-01 
  756.000  9.573304e-01 
  757.000  9.577244e-01 
  758.000  9.582911e-01 
  759.000  9.470391e-01 
  760.000  3.120064e-01 
  761.000  2.072421e-01 
  762.000  6.039844e-01 
  763.000  4.957007e-01 
  764.000  5.665118e-01 
  765.000  7.031376e-01 
  766.000  8.334689e-01 
  767.000  8.823560e-01 
  768.000  9.379026e-01 
  769.000  9.527909e-01 
  770.000  9.524277e-01 
  771.000  9.590828e-01 
  772.000  9.612931e-01 
  773.000  9.614087e-01 
  774.000  9.614750e-01 
  775.000  9.615913e-01 
  776.000  9.617744e-01 
  777.000  9.620305e-01 
  778.000  9.621826e-01 
  779.000  9.623371e-01 
  780.000  9.624662e-01 
  781.000  9.628685e-01 
  782.000  9.631339e-01 
  783.000  9.633842e-01 
  784.000  9.632636e-01 
  785.000  9.631290e-01 
  786.000  9.616287e-01 
  787.000  9.617311e-01 
  788.000  9.583802e-01 
  789.000  9.585565e-01 
  790.000  9.527107e-01 
  791.000  9.535030e-01 
  792.000  9.561928e-01 
  793.000  9.579895e-01 
  794.000  9.656225e-01 
  795.000  9.631693e-01 
  796.000  9.469540e-01 
  797.000  9.588996e-01 
  798.000  9.601691e-01 
  799.000  9.627466e-01 
  800.000  9.559344e-01 
  801.000  9.527094e-01 
  802.000  9.573814e-01 
  803.000  9.565109e-01 
  804.000  9.562420e-01 
  805.000  9.593586e-01 
  806.000  9.654381e-01 
  807.000  9.618706e-01 
  808.000  9.656963e-01 
  809.000  9.599386e-01 
  810.000  9.570456e-01 
  811.000  9.581789e-01 
  812.000  9.519436e-01 
  813.000  9.396479e-01 
  814.000  9.180787e-01 
  815.000  8.919358e-01 
  816.000  9.120706e-01 
  817.000  8.204686e-01 
  818.000  8.850768e-01 
  819.000  9.122061e-01 
  820.000  8.771412e-01 
  821.000  9.568592e-01 
  822.000  9.465716e-01 
  823.000  7.935403e-01 
  824.000  9.328860e-01 
  825.000  9.516006e-01 
  826.000  9.320035e-01 
  827.000  9.507883e-01 
  828.000  8.998902e-01 
  829.000  9.394411e-01 
  830.000  9.302884e-01 
  831.000  9.348849e-01 
  832.000  9.344196e-01 
  833.000  9.494792e-01 
  834.000  9.493397e-01 
  835.000  9.577578e-01 
  836.000  9.587442e-01 
  837.000  9.584113e-01 
  838.000  9.640818e-01 
  839.000  9.669352e-01 
  840.000  9.677611e-01 
  841.000  9.677611e-01 
  842.000  9.628235e-01 
  843.000  9.722854e-01 
  844.000  9.667115e-01 
  845.000  9.713236e-01 
  846.000  9.725865e-01 
  847.000  9.734765e-01 
  848.000  9.724038e-01 
  849.000  9.730179e-01 
  850.000  9.729703e-01 
  851.000  9.730888e-01 
  852.000  9.752365e-01 
  853.000  9.757231e-01 
  854.000  9.754176e-01 
  855.000  9.754176e-01 
  856.000  9.758934e-01 
  857.000  9.770277e-01 
  858.000  9.761398e-01 
  859.000  9.768552e-01 
  860.000  9.774672e-01 
  861.000  9.773121e-01 
  862.000  9.776948e-01 
  863.000  9.775418e-01 
  864.000  9.780393e-01 
  865.000  9.780393e-01 
  866.000  9.780697e-01 
  867.000  9.782093e-01 
  868.000  9.782330e-01 
  869.000  9.783113e-01 
  870.000  9.784595e-01 
  871.000  9.785829e-01 
  872.000  9.787608e-01 
  873.000  9.787773e-01 
  874.000  9.787773e-01 
  875.000  9.790684e-01 
  876.000  9.791492e-01 
  877.000  9.791789e-01 
  878.000  9.792001e-01 
  879.000  9.792166e-01 
  880.000  9.795274e-01 
  881.000  9.795274e-01 
  882.000  9.790645e-01 
  883.000  9.792721e-01 
  884.000  9.794227e-01 
  885.000  9.796247e-01 
  886.000  9.763781e-01 
  887.000  9.795251e-01 
  888.000  9.795251e-01 
  889.000  9.787748e-01 
  890.000  9.770423e-01 
  891.000  9.796859e-01 
  892.000  9.767612e-01 
  893.000  9.689246e-01 
  894.000  9.689246e-01 
  895.000  9.506214e-01 
  896.000  9.336680e-01 
  897.000  8.578132e-01 
  898.000  9.298900e-01 
  899.000  7.925539e-01 
  900.000  7.925539e-01 
  901.000  8.241457e-01 
  902.000  8.525658e-01 
  903.000  8.847544e-01 
  904.000  9.572115e-01 
  905.000  9.471177e-01 
  906.000  9.471177e-01 
  907.000  8.678106e-01 
  908.000  8.473670e-01 
  909.000  8.579766e-01 
  910.000  8.408149e-01 
  911.000  8.408149e-01 
  912.000  9.200802e-01 
  913.000  8.804138e-01 
  914.000  8.540182e-01 
  915.000  8.146035e-01 
  916.000  8.146035e-01 
  917.000  9.167815e-01 
  918.000  8.333063e-01 
  919.000  8.987007e-01 
  920.000  9.555992e-01 
  921.000  9.555992e-01 
  922.000  9.404560e-01 
  923.000  9.393403e-01 
  924.000  9.243790e-01 
  925.000  9.243790e-01 
  926.000  9.318908e-01 
  927.000  9.378594e-01 
  928.000  8.521922e-01 
  929.000  8.346933e-01 
  930.000  8.346933e-01 
  931.000  7.112924e-01 
  932.000  5.426012e-01 
  933.000  5.698275e-01 
  934.000  5.698275e-01 
  935.000  5.221167e-01 
  936.000  4.922134e-01 
  937.000  4.813206e-01 
  938.000  4.813206e-01 
  939.000  6.181434e-01 
  940.000  7.440891e-01 
  941.000  6.958184e-01 
  942.000  6.958184e-01 
  943.000  5.998206e-01 
  944.000  6.090711e-01 
  945.000  6.887057e-01 
  946.000  6.887057e-01 
  947.000  6.119143e-01 
  948.000  6.312032e-01 
  949.000  6.935525e-01 
  950.000  6.935525e-01 
  951.000  7.055700e-01 
  952.000  6.080455e-01 
  953.000  7.388205e-01 
  954.000  7.388205e-01 
  955.000  7.346641e-01 
  956.000  6.323798e-01 
  957.000  7.813849e-01 
  958.000  7.813849e-01 
  959.000  6.881266e-01 
  960.000  7.634584e-01 
  961.000  7.634584e-01 
  962.000  7.906093e-01 
  963.000  8.457663e-01 
  964.000  7.566764e-01 
  965.000  7.566764e-01 
  966.000  8.191671e-01 
  967.000  8.929306e-01 
  968.000  8.929306e-01 
  969.000  9.094805e-01 
  970.000  9.406746e-01 
  971.000  9.513577e-01 
  972.000  9.513577e-01 
  973.000  9.383017e-01 
  974.000  8.748055e-01 
  975.000  8.748055e-01 
  976.000  8.587753e-01 
  977.000  9.227043e-01 
  978.000  9.136027e-01 
  979.000  9.136027e-01 
  980.000  9.143944e-01 
  981.000  9.655804e-01 
  982.000  9.655804e-01 
  983.000  9.500556e-01 
  984.000  9.638498e-01 
  985.000  9.638498e-01 
  986.000  9.807830e-01 
  987.000  9.744080e-01 
  988.000  9.744080e-01 
  989.000  9.842321e-01 
  990.000  9.802974e-01 
  991.000  9.802974e-01 
  992.000  9.830320e-01 
  993.000  9.825283e-01 
  994.000  9.825283e-01 
  995.000  9.866585e-01 
  996.000  9.867656e-01 
  997.000  9.867656e-01 
  998.000  9.868382e-01 
  999.000  9.865667e-01 
 1000.000  9.865667e-01 
 1001.000  9.868106e-01 
 1002.000  9.812971e-01 
 1003.000  9.812971e-01 
 1004.000  9.869026e-01 
 1005.000  9.871836e-01 
 1006.000  9.871836e-01 
 1007.000  9.874036e-01 
 1008.000  9.864054e-01 
 1009.000  9.864054e-01 
 1010.000  9.823179e-01 
 1011.000  9.875199e-01 
 1012.000  9.875199e-01 
 1013.000  9.877797e-01 
 1014.000  9.876843e-01 
 1015.000  9.876843e-01 
 1016.000  9.879915e-01 
 1017.000  9.877583e-01 
 1018.000  9.877583e-01 
 1019.000  9.874420e-01 
 1020.000  9.882370e-01 
 1021.000  9.882370e-01 
 1022.000  9.876148e-01 
 1023.000  9.876148e-01 
 1024.000  9.874702e-01 
 1025.000  9.883884e-01 
 1026.000  9.883884e-01 
 1027.000  9.880149e-01 
 1028.000  9.885007e-01 
 1029.000  9.885007e-01 
 1030.000  9.887137e-01 
 1031.000  9.886431e-01 
 1032.000  9.886431e-01 
 1033.000  9.886912e-01 
 1034.000  9.886912e-01 
 1035.000  9.887478e-01 
 1036.000  9.882761e-01 
 1037.000  9.882761e-01 
 1038.000  9.882402e-01 
 1039.000  9.877625e-01 
 1040.000  9.877625e-01 
 1041.000  9.873892e-01 
 1042.000  9.873892e-01 
 1043.000  9.869377e-01 
 1044.000  9.862306e-01 
 1045.000  9.862306e-01 
 1046.000  9.852464e-01 
 1047.000  9.852464e-01 
 1048.000  9.842564e-01 
 1049.000  9.822316e-01 
 1050.000  9.822316e-01 
 1051.000  9.813687e-01 
 1052.000  9.813687e-01 
 1053.000  9.800043e-01 
 1054.000  9.788415e-01 
 1055.000  9.788415e-01 
 1056.000  9.774767e-01 
 1057.000  9.774767e-01 
 1058.000  9.762730e-01 
 1059.000  9.750783e-01 
 1060.000  9.750783e-01 
 1061.000  9.743264e-01 
 1062.000  9.743264e-01 
 1063.000  9.729685e-01 
 1064.000  9.721605e-01 
 1065.000  9.721605e-01 
 1066.000  9.734913e-01 
 1067.000  9.734913e-01 
 1068.000  9.725928e-01 
 1069.000  9.738759e-01 
 1070.000  9.738759e-01 
 1071.000  9.756460e-01 
 1072.000  9.756460e-01 
 1073.000  9.769567e-01 
 1074.000  9.769567e-01 
 1075.000  9.747150e-01 
 1076.000  9.750535e-01 
 1077.000  9.750535e-01 
 1078.000  9.795175e-01 
 1079.000  9.795175e-01 
 1080.000  9.768255e-01 
 1081.000  9.768255e-01 
 1082.000  9.797546e-01 
 1083.000  9.774356e-01 
 1084.000  9.774356e-01 
 1085.000  9.722819e-01 
 1086.000  9.722819e-01 
 1087.000  9.810441e-01 
 1088.000  9.810441e-01 
 1089.000  9.775344e-01 
 1090.000  9.756711e-01 
 1091.000  9.756711e-01 
 1092.000  9.696571e-01 
 1093.000  9.696571e-01 
 1094.000  9.695742e-01 
 1095.000  9.695742e-01 
 1096.000  9.659187e-01 
 1097.000  9.659187e-01 
 1098.000  9.574486e-01 
 1099.000  9.271064e-01 
 1100.000  9.271064e-01 
 1101.000  9.279773e-01 
 1102.000  9.279773e-01 
 1103.000  9.160634e-01 
 1104.000  9.160634e-01 
 1105.000  9.066837e-01 
 1106.000  9.066837e-01 
 1107.000  9.052585e-01 
 1108.000  9.052585e-01 
 1109.000  8.819160e-01 
 1110.000  8.443831e-01 
 1111.000  8.443831e-01 
 1112.000  8.214524e-01 
 1113.000  8.214524e-01 
 1114.000  7.371938e-01 
 1115.000  7.371938e-01 
 1116.000  5.311691e-01 
 1117.000  5.311691e-01 
 1118.000  6.365532e-01 
 1119.000  6.365532e-01 
 1120.000  5.693355e-01 
 1121.000  5.693355e-01 
 1122.000  3.830269e-01 
 1123.000  5.968566e-01 
 1124.000  5.968566e-01 
 1125.000  4.290365e-01 
 1126.000  4.290365e-01 
 1127.000  4.938645e-01 
 1128.000  4.938645e-01 
 1129.000  4.955068e-01 
 1130.000  4.955068e-01 
 1131.000  7.469917e-01 
 1132.000  7.469917e-01 
 1133.000  4.964181e-01 
 1134.000  4.964181e-01 
 1135.000  3.026402e-01 
 1136.000  3.026402e-01 
 1137.000  7.533733e-01 
 1138.000  7.533733e-01 
 1139.000  6.985075e-01 
 1140.000  6.985075e-01 
 1141.000  6.838464e-01 
 1142.000  6.838464e-01 
 1143.000  7.240107e-01 
 1144.000  7.240107e-01 
 1145.000  5.365876e-01 
 1146.000  5.365876e-01 
 1147.000  5.195046e-01 
 1148.000  5.195046e-01 
 1149.000  6.243265e-01 
 1150.000  6.243265e-01 
 1151.000  7.149961e-01 
 1152.000  7.149961e-01 
 1153.000  6.660102e-01 
 1154.000  6.660102e-01 
 1155.000  7.114797e-01 
 1156.000  7.114797e-01 
 1157.000  7.791892e-01 
 1158.000  7.791892e-01 
 1159.000  8.655904e-01 
 1160.000  8.655904e-01 
 1161.000  8.491732e-01 
 1162.000  8.491732e-01 
 1163.000  8.977447e-01 
 1164.000  8.977447e-01 
 1165.000  8.809561e-01 
 1166.000  8.809561e-01 
 1167.000  9.182157e-01 
 1168.000  9.182157e-01 
 1169.000  9.295309e-01 
 1170.000  9.295309e-01 
 1171.000  9.364617e-01 
 1172.000  9.364617e-01 
 1173.000  8.801471e-01 
 1174.000  8.801471e-01 
 1175.000  9.680474e-01 
 1176.000  9.680474e-01 
 1177.000  9.144282e-01 
 1178.000  9.144282e-01 
 1179.000  9.535210e-01 
 1180.000  9.535210e-01 
 1181.000  8.728193e-01 
 1182.000  8.728193e-01 
 1183.000  9.336601e-01 
 1184.000  9.336601e-01 
 1185.000  9.527921e-01 
 1186.000  9.527921e-01 
 1187.000  8.839470e-01 
 1188.000  8.839470e-01 
 1189.000  8.839470e-01 
 1190.000  9.331923e-01 
 1191.000  9.331923e-01 
 1192.000  9.707786e-01 
 1193.000  9.707786e-01 
 1194.000  9.439979e-01 
 1195.000  9.439979e-01 
 1196.000  9.567046e-01 
 1197.000  9.567046e-01 
 1198.000  9.314723e-01 
 1199.000  9.314723e-01 
 1200.000  9.274420e-01 
