  250.000  0.000000e+00 
  251.000  0.000000e+00 
  252.000  0.000000e+00 
  253.000  0.000000e+00 
  254.000  0.000000e+00 
  255.000  0.000000e+00 
  256.000  0.000000e+00 
  257.000  0.000000e+00 
  258.000  0.000000e+00 
  259.000  0.000000e+00 
  260.000  0.000000e+00 
  261.000  0.000000e+00 
  262.000  0.000000e+00 
  263.000  0.000000e+00 
  264.000  0.000000e+00 
  265.000  0.000000e+00 
  266.000  0.000000e+00 
  267.000  0.000000e+00 
  268.000  0.000000e+00 
  269.000  0.000000e+00 
  270.000  0.000000e+00 
  271.000  0.000000e+00 
  272.000  0.000000e+00 
  273.000  0.000000e+00 
  274.000  0.000000e+00 
  275.000  0.000000e+00 
  276.000  0.000000e+00 
  277.000  0.000000e+00 
  278.000  0.000000e+00 
  279.000  0.000000e+00 
  280.000  0.000000e+00 
  281.000  0.000000e+00 
  282.000  0.000000e+00 
  283.000  0.000000e+00 
  284.000  0.000000e+00 
  285.000  0.000000e+00 
  286.000  0.000000e+00 
  287.000  0.000000e+00 
  288.000  0.000000e+00 
  289.000  0.000000e+00 
  290.000  0.000000e+00 
  291.000  7.014587e-07 
  292.000  5.003771e-06 
  293.000  1.601774e-05 
  294.000  5.991905e-05 
  295.000  1.402288e-04 
  296.000  4.626950e-04 
  297.000  9.467603e-04 
  298.000  2.227481e-03 
  299.000  3.990675e-03 
  300.000  7.302074e-03 
  301.000  1.197920e-02 
  302.000  1.808173e-02 
  303.000  2.964121e-02 
  304.000  3.558417e-02 
  305.000  5.316273e-02 
  306.000  6.645010e-02 
  307.000  8.748938e-02 
  308.000  1.042377e-01 
  309.000  1.227404e-01 
  310.000  1.521423e-01 
  311.000  1.657146e-01 
  312.000  1.876342e-01 
  313.000  2.138835e-01 
  314.000  2.251199e-01 
  315.000  2.563136e-01 
  316.000  2.646894e-01 
  317.000  2.883399e-01 
  318.000  3.022376e-01 
  319.000  3.387293e-01 
  320.000  3.156747e-01 
  321.000  3.690585e-01 
  322.000  3.480743e-01 
  323.000  3.728655e-01 
  324.000  4.073256e-01 
  325.000  3.834680e-01 
  326.000  4.178595e-01 
  327.000  4.287269e-01 
  328.000  4.115229e-01 
  329.000  4.498670e-01 
  330.000  4.566086e-01 
  331.000  4.409082e-01 
  332.000  4.671445e-01 
  333.000  4.729411e-01 
  334.000  4.694522e-01 
  335.000  4.859847e-01 
  336.000  4.927189e-01 
  337.000  4.887116e-01 
  338.000  4.994314e-01 
  339.000  5.071703e-01 
  340.000  5.061864e-01 
  341.000  5.148013e-01 
  342.000  5.208306e-01 
  343.000  5.246798e-01 
  344.000  5.235736e-01 
  345.000  5.327579e-01 
  346.000  5.373977e-01 
  347.000  5.413334e-01 
  348.000  5.454840e-01 
  349.000  5.504390e-01 
  350.000  5.543444e-01 
  351.000  5.588708e-01 
  352.000  5.625759e-01 
  353.000  5.669922e-01 
  354.000  5.701478e-01 
  355.000  5.735913e-01 
  356.000  5.779438e-01 
  357.000  5.807728e-01 
  358.000  5.839378e-01 
  359.000  5.870523e-01 
  360.000  5.900818e-01 
  361.000  5.932318e-01 
  362.000  5.980534e-01 
  363.000  6.021332e-01 
  364.000  6.061848e-01 
  365.000  6.095645e-01 
  366.000  6.133222e-01 
  367.000  6.168471e-01 
  368.000  6.201996e-01 
  369.000  6.230170e-01 
  370.000  6.263589e-01 
  371.000  6.298838e-01 
  372.000  6.327801e-01 
  373.000  6.363431e-01 
  374.000  6.397275e-01 
  375.000  6.424659e-01 
  376.000  6.452947e-01 
  377.000  6.485335e-01 
  378.000  6.510443e-01 
  379.000  6.537564e-01 
  380.000  6.563451e-01 
  381.000  6.591735e-01 
  382.000  6.629339e-01 
  383.000  6.667590e-01 
  384.000  6.693554e-01 
  385.000  6.726889e-01 
  386.000  6.753525e-01 
  387.000  6.784801e-01 
  388.000  6.809350e-01 
  389.000  6.834301e-01 
  390.000  6.865464e-01 
  391.000  6.891024e-01 
  392.000  6.912310e-01 
  393.000  6.948212e-01 
  394.000  6.972814e-01 
  395.000  6.996602e-01 
  396.000  7.026527e-01 
  397.000  7.053791e-01 
  398.000  7.072484e-01 
  399.000  7.098502e-01 
  400.000  7.120440e-01 
  401.000  7.149674e-01 
  402.000  7.175978e-01 
  403.000  7.202880e-01 
  404.000  7.220622e-01 
  405.000  7.245281e-01 
  406.000  7.268724e-01 
  407.000  7.298948e-01 
  408.000  7.313552e-01 
  409.000  7.334882e-01 
  410.000  7.357568e-01 
  411.000  7.382795e-01 
  412.000  7.409027e-01 
  413.000  7.422971e-01 
  414.000  7.449848e-01 
  415.000  7.470925e-01 
  416.000  7.498166e-01 
  417.000  7.514079e-01 
  418.000  7.532067e-01 
  419.000  7.557852e-01 
  420.000  7.575021e-01 
  421.000  7.595068e-01 
  422.000  7.611436e-01 
  423.000  7.634060e-01 
  424.000  7.651265e-01 
  425.000  7.677414e-01 
  426.000  7.696922e-01 
  427.000  7.714719e-01 
  428.000  7.730836e-01 
  429.000  7.754534e-01 
  430.000  7.773890e-01 
  431.000  7.781228e-01 
  432.000  7.808579e-01 
  433.000  7.827268e-01 
  434.000  7.839296e-01 
  435.000  7.851707e-01 
  436.000  7.873684e-01 
  437.000  7.902207e-01 
  438.000  7.916647e-01 
  439.000  7.919714e-01 
  440.000  7.941066e-01 
  441.000  7.959625e-01 
  442.000  7.981661e-01 
  443.000  7.993066e-01 
  444.000  8.007613e-01 
  445.000  8.014038e-01 
  446.000  8.034179e-01 
  447.000  8.054382e-01 
  448.000  8.054889e-01 
  449.000  8.082357e-01 
  450.000  8.104526e-01 
  451.000  8.117664e-01 
  452.000  8.128432e-01 
  453.000  8.144725e-01 
  454.000  8.167124e-01 
  455.000  8.174562e-01 
  456.000  8.187439e-01 
  457.000  8.202434e-01 
  458.000  8.211572e-01 
  459.000  8.224921e-01 
  460.000  8.232727e-01 
  461.000  8.246459e-01 
  462.000  8.265663e-01 
  463.000  8.266322e-01 
  464.000  8.285199e-01 
  465.000  8.298173e-01 
  466.000  8.321836e-01 
  467.000  8.328618e-01 
  468.000  8.342167e-01 
  469.000  8.353540e-01 
  470.000  8.365905e-01 
  471.000  8.378184e-01 
  472.000  8.383352e-01 
  473.000  8.386559e-01 
  474.000  8.379177e-01 
  475.000  8.380815e-01 
  476.000  8.385758e-01 
  477.000  8.390626e-01 
  478.000  8.396839e-01 
  479.000  8.409154e-01 
  480.000  8.424251e-01 
  481.000  8.450145e-01 
  482.000  8.471115e-01 
  483.000  8.490252e-01 
  484.000  8.499928e-01 
  485.000  8.507921e-01 
  486.000  8.514777e-01 
  487.000  8.530143e-01 
  488.000  8.537998e-01 
  489.000  8.544083e-01 
  490.000  8.561139e-01 
  491.000  8.571357e-01 
  492.000  8.580435e-01 
  493.000  8.589416e-01 
  494.000  8.595420e-01 
  495.000  8.602349e-01 
  496.000  8.606903e-01 
  497.000  8.614892e-01 
  498.000  8.620675e-01 
  499.000  8.627912e-01 
  500.000  8.632944e-01 
  501.000  8.632554e-01 
  502.000  8.628784e-01 
  503.000  8.624038e-01 
  504.000  8.619449e-01 
  505.000  8.628038e-01 
  506.000  8.639790e-01 
  507.000  8.646628e-01 
  508.000  8.662042e-01 
  509.000  8.670825e-01 
  510.000  8.682531e-01 
  511.000  8.692758e-01 
  512.000  8.699492e-01 
  513.000  8.713391e-01 
  514.000  8.719535e-01 
  515.000  8.730515e-01 
  516.000  8.734729e-01 
  517.000  8.742445e-01 
  518.000  8.744003e-01 
  519.000  8.748553e-01 
  520.000  8.750899e-01 
  521.000  8.756731e-01 
  522.000  8.758042e-01 
  523.000  8.759980e-01 
  524.000  8.761538e-01 
  525.000  8.758245e-01 
  526.000  8.756993e-01 
  527.000  8.756686e-01 
  528.000  8.753741e-01 
  529.000  8.752260e-01 
  530.000  8.750741e-01 
  531.000  8.753326e-01 
  532.000  8.755834e-01 
  533.000  8.760218e-01 
  534.000  8.766238e-01 
  535.000  8.769879e-01 
  536.000  8.776398e-01 
  537.000  8.783078e-01 
  538.000  8.786464e-01 
  539.000  8.789189e-01 
  540.000  8.795213e-01 
  541.000  8.791459e-01 
  542.000  8.794818e-01 
  543.000  8.801403e-01 
  544.000  8.805913e-01 
  545.000  8.803269e-01 
  546.000  8.804593e-01 
  547.000  8.814299e-01 
  548.000  8.822958e-01 
  549.000  8.825068e-01 
  550.000  8.829945e-01 
  551.000  8.834856e-01 
  552.000  8.837084e-01 
  553.000  8.839518e-01 
  554.000  8.842914e-01 
  555.000  8.845565e-01 
  556.000  8.842998e-01 
  557.000  8.838409e-01 
  558.000  8.834770e-01 
  559.000  8.830023e-01 
  560.000  8.825576e-01 
  561.000  8.822016e-01 
  562.000  8.819544e-01 
  563.000  8.814954e-01 
  564.000  8.810224e-01 
  565.000  8.806223e-01 
  566.000  8.804412e-01 
  567.000  8.799428e-01 
  568.000  8.792475e-01 
  569.000  8.767403e-01 
  570.000  8.754413e-01 
  571.000  8.758053e-01 
  572.000  8.743950e-01 
  573.000  8.745841e-01 
  574.000  8.736380e-01 
  575.000  8.737706e-01 
  576.000  8.738893e-01 
  577.000  8.743338e-01 
  578.000  8.760212e-01 
  579.000  8.773684e-01 
  580.000  8.785878e-01 
  581.000  8.806133e-01 
  582.000  8.825099e-01 
  583.000  8.841777e-01 
  584.000  8.865718e-01 
  585.000  8.873798e-01 
  586.000  8.885368e-01 
  587.000  8.887784e-01 
  588.000  8.888855e-01 
  589.000  8.825104e-01 
  590.000  8.829542e-01 
  591.000  8.855042e-01 
  592.000  8.804152e-01 
  593.000  8.887870e-01 
  594.000  8.849268e-01 
  595.000  8.876483e-01 
  596.000  8.887595e-01 
  597.000  8.886970e-01 
  598.000  8.888206e-01 
  599.000  8.901484e-01 
  600.000  8.902500e-01 
  601.000  8.914471e-01 
  602.000  8.924222e-01 
  603.000  8.929103e-01 
  604.000  8.934543e-01 
  605.000  8.939360e-01 
  606.000  8.950384e-01 
  607.000  8.959287e-01 
  608.000  8.970845e-01 
  609.000  8.975587e-01 
  610.000  8.985066e-01 
  611.000  8.992606e-01 
  612.000  9.003686e-01 
  613.000  9.013036e-01 
  614.000  9.019780e-01 
  615.000  9.027640e-01 
  616.000  9.038737e-01 
  617.000  9.046751e-01 
  618.000  9.052138e-01 
  619.000  9.060078e-01 
  620.000  9.066941e-01 
  621.000  9.071916e-01 
  622.000  9.074135e-01 
  623.000  9.078795e-01 
  624.000  9.080589e-01 
  625.000  9.082915e-01 
  626.000  9.083771e-01 
  627.000  9.083564e-01 
  628.000  8.923393e-01 
  629.000  8.990977e-01 
  630.000  9.037853e-01 
  631.000  9.090252e-01 
  632.000  9.108643e-01 
  633.000  9.123805e-01 
  634.000  9.143851e-01 
  635.000  9.149884e-01 
  636.000  9.169117e-01 
  637.000  9.191433e-01 
  638.000  9.207185e-01 
  639.000  9.221383e-01 
  640.000  9.230137e-01 
  641.000  9.244453e-01 
  642.000  9.254999e-01 
  643.000  9.258719e-01 
  644.000  9.268014e-01 
  645.000  9.274127e-01 
  646.000  9.261418e-01 
  647.000  9.239780e-01 
  648.000  9.216322e-01 
  649.000  9.246633e-01 
  650.000  9.302432e-01 
  651.000  9.310845e-01 
  652.000  9.301879e-01 
  653.000  9.321340e-01 
  654.000  9.329461e-01 
  655.000  9.276665e-01 
  656.000  9.319707e-01 
  657.000  9.333621e-01 
  658.000  9.357871e-01 
  659.000  9.373963e-01 
  660.000  9.374855e-01 
  661.000  9.386616e-01 
  662.000  9.388509e-01 
  663.000  9.394020e-01 
  664.000  9.400165e-01 
  665.000  9.405864e-01 
  666.000  9.411803e-01 
  667.000  9.420482e-01 
  668.000  9.424609e-01 
  669.000  9.431636e-01 
  670.000  9.435558e-01 
  671.000  9.443942e-01 
  672.000  9.445742e-01 
  673.000  9.452711e-01 
  674.000  9.455384e-01 
  675.000  9.462608e-01 
  676.000  9.464816e-01 
  677.000  9.468616e-01 
  678.000  9.474855e-01 
  679.000  9.478195e-01 
  680.000  9.484783e-01 
  681.000  9.487405e-01 
  682.000  9.496224e-01 
  683.000  9.496872e-01 
  684.000  9.504786e-01 
  685.000  9.509594e-01 
  686.000  9.514129e-01 
  687.000  6.938014e-01 
  688.000  8.552641e-01 
  689.000  8.820885e-01 
  690.000  9.053888e-01 
  691.000  9.174654e-01 
  692.000  9.413673e-01 
  693.000  9.366105e-01 
  694.000  9.296232e-01 
  695.000  9.422163e-01 
  696.000  9.388210e-01 
  697.000  9.543976e-01 
  698.000  9.541046e-01 
  699.000  9.477883e-01 
  700.000  9.488374e-01 
  701.000  9.440172e-01 
  702.000  9.466237e-01 
  703.000  9.489087e-01 
  704.000  9.505818e-01 
  705.000  9.513041e-01 
  706.000  9.539027e-01 
  707.000  9.559914e-01 
  708.000  9.575356e-01 
  709.000  9.578061e-01 
  710.000  9.573027e-01 
  711.000  9.592482e-01 
  712.000  9.583719e-01 
  713.000  9.599976e-01 
  714.000  9.588871e-01 
  715.000  9.560242e-01 
  716.000  9.567319e-01 
  717.000  9.432794e-01 
  718.000  9.038358e-01 
  719.000  8.616486e-01 
  720.000  9.111155e-01 
  721.000  9.517576e-01 
  722.000  9.508845e-01 
  723.000  9.489763e-01 
  724.000  8.956211e-01 
  725.000  9.153150e-01 
  726.000  9.378006e-01 
  727.000  9.280453e-01 
  728.000  9.105042e-01 
  729.000  9.211111e-01 
  730.000  9.410269e-01 
  731.000  9.301555e-01 
  732.000  9.365534e-01 
  733.000  9.529110e-01 
  734.000  9.614372e-01 
  735.000  9.557412e-01 
  736.000  9.598420e-01 
  737.000  9.600084e-01 
  738.000  9.625320e-01 
  739.000  9.633478e-01 
  740.000  9.664525e-01 
  741.000  9.681457e-01 
  742.000  9.685951e-01 
  743.000  9.686057e-01 
  744.000  9.691845e-01 
  745.000  9.695584e-01 
  746.000  9.700218e-01 
  747.000  9.702032e-01 
  748.000  9.703895e-01 
  749.000  9.705116e-01 
  750.000  9.707431e-01 
  751.000  9.708583e-01 
  752.000  9.714323e-01 
  753.000  9.715841e-01 
  754.000  9.717584e-01 
  755.000  9.719378e-01 
  756.000  9.720505e-01 
  757.000  9.723106e-01 
  758.000  9.726846e-01 
  759.000  9.650864e-01 
  760.000  4.119311e-01 
  761.000  3.199682e-01 
  762.000  6.888060e-01 
  763.000  5.942934e-01 
  764.000  6.451189e-01 
  765.000  7.622386e-01 
  766.000  8.817739e-01 
  767.000  9.201005e-01 
  768.000  9.587120e-01 
  769.000  9.690517e-01 
  770.000  9.687416e-01 
  771.000  9.732068e-01 
  772.000  9.746643e-01 
  773.000  9.747405e-01 
  774.000  9.747841e-01 
  775.000  9.748608e-01 
  776.000  9.749817e-01 
  777.000  9.751502e-01 
  778.000  9.752504e-01 
  779.000  9.753522e-01 
  780.000  9.754373e-01 
  781.000  9.757023e-01 
  782.000  9.758772e-01 
  783.000  9.760420e-01 
  784.000  9.759627e-01 
  785.000  9.758739e-01 
  786.000  9.748855e-01 
  787.000  9.749531e-01 
  788.000  9.727261e-01 
  789.000  9.728426e-01 
  790.000  9.689379e-01 
  791.000  9.694616e-01 
  792.000  9.712594e-01 
  793.000  9.724277e-01 
  794.000  9.775155e-01 
  795.000  9.759005e-01 
  796.000  9.650777e-01 
  797.000  9.730635e-01 
  798.000  9.739034e-01 
  799.000  9.756221e-01 
  800.000  9.710804e-01 
  801.000  9.689316e-01 
  802.000  9.720588e-01 
  803.000  9.714786e-01 
  804.000  9.712982e-01 
  805.000  9.733666e-01 
  806.000  9.773944e-01 
  807.000  9.750301e-01 
  808.000  9.775642e-01 
  809.000  9.737484e-01 
  810.000  9.718390e-01 
  811.000  9.725949e-01 
  812.000  9.684428e-01 
  813.000  9.601300e-01 
  814.000  9.454717e-01 
  815.000  9.264250e-01 
  816.000  9.410113e-01 
  817.000  8.714819e-01 
  818.000  9.201031e-01 
  819.000  9.412088e-01 
  820.000  9.135244e-01 
  821.000  9.716893e-01 
  822.000  9.648277e-01 
  823.000  8.509663e-01 
  824.000  9.556161e-01 
  825.000  9.681178e-01 
  826.000  9.548212e-01 
  827.000  9.675853e-01 
  828.000  9.324619e-01 
  829.000  9.598660e-01 
  830.000  9.535644e-01 
  831.000  9.567503e-01 
  832.000  9.564816e-01 
  833.000  9.667781e-01 
  834.000  9.665640e-01 
  835.000  9.722745e-01 
  836.000  9.728979e-01 
  837.000  9.727002e-01 
  838.000  9.764872e-01 
  839.000  9.783661e-01 
  840.000  9.789097e-01 
  841.000  9.789097e-01 
  842.000  9.756388e-01 
  843.000  9.818951e-01 
  844.000  9.782122e-01 
  845.000  9.812635e-01 
  846.000  9.820927e-01 
  847.000  9.826769e-01 
  848.000  9.819728e-01 
  849.000  9.823759e-01 
  850.000  9.823437e-01 
  851.000  9.824153e-01 
  852.000  9.838314e-01 
  853.000  9.841505e-01 
  854.000  9.839489e-01 
  855.000  9.839489e-01 
  856.000  9.842622e-01 
  857.000  9.850057e-01 
  858.000  9.844238e-01 
  859.000  9.848925e-01 
  860.000  9.852938e-01 
  861.000  9.851922e-01 
  862.000  9.854429e-01 
  863.000  9.853426e-01 
  864.000  9.856685e-01 
  865.000  9.856685e-01 
  866.000  9.856884e-01 
  867.000  9.857800e-01 
  868.000  9.857955e-01 
  869.000  9.858469e-01 
  870.000  9.859438e-01 
  871.000  9.860246e-01 
  872.000  9.861412e-01 
  873.000  9.861521e-01 
  874.000  9.861521e-01 
  875.000  9.863426e-01 
  876.000  9.863956e-01 
  877.000  9.864150e-01 
  878.000  9.864288e-01 
  879.000  9.864396e-01 
  880.000  9.866432e-01 
  881.000  9.866432e-01 
  882.000  9.863401e-01 
  883.000  9.864761e-01 
  884.000  9.865747e-01 
  885.000  9.867070e-01 
  886.000  9.845737e-01 
  887.000  9.866418e-01 
  888.000  9.866418e-01 
  889.000  9.861504e-01 
  890.000  9.850086e-01 
  891.000  9.867470e-01 
  892.000  9.848294e-01 
  893.000  9.796646e-01 
  894.000  9.796646e-01 
  895.000  9.671176e-01 
  896.000  9.556569e-01 
  897.000  8.992093e-01 
  898.000  9.531973e-01 
  899.000  8.443223e-01 
  900.000  8.443223e-01 
  901.000  8.682991e-01 
  902.000  8.924457e-01 
  903.000  9.169208e-01 
  904.000  9.717922e-01 
  905.000  9.647588e-01 
  906.000  9.647588e-01 
  907.000  9.073992e-01 
  908.000  8.884334e-01 
  909.000  8.993092e-01 
  910.000  8.873117e-01 
  911.000  8.873117e-01 
  912.000  9.465671e-01 
  913.000  9.175360e-01 
  914.000  8.968824e-01 
  915.000  8.647440e-01 
  916.000  8.647440e-01 
  917.000  9.445778e-01 
  918.000  8.800135e-01 
  919.000  9.294522e-01 
  920.000  9.707669e-01 
  921.000  9.707669e-01 
  922.000  9.605117e-01 
  923.000  9.597439e-01 
  924.000  9.497570e-01 
  925.000  9.497570e-01 
  926.000  9.548159e-01 
  927.000  9.588758e-01 
  928.000  8.980216e-01 
  929.000  8.855332e-01 
  930.000  8.855332e-01 
  931.000  7.806211e-01 
  932.000  6.199549e-01 
  933.000  6.555611e-01 
  934.000  6.555611e-01 
  935.000  6.012275e-01 
  936.000  5.726891e-01 
  937.000  5.742025e-01 
  938.000  5.742025e-01 
  939.000  6.913046e-01 
  940.000  8.082269e-01 
  941.000  7.665306e-01 
  942.000  7.665306e-01 
  943.000  6.692696e-01 
  944.000  6.745070e-01 
  945.000  7.672240e-01 
  946.000  7.672240e-01 
  947.000  6.866202e-01 
  948.000  7.104926e-01 
  949.000  7.606278e-01 
  950.000  7.606278e-01 
  951.000  7.692540e-01 
  952.000  6.839555e-01 
  953.000  8.062455e-01 
  954.000  8.062455e-01 
  955.000  8.002616e-01 
  956.000  7.035286e-01 
  957.000  8.390593e-01 
  958.000  8.390593e-01 
  959.000  7.680678e-01 
  960.000  8.303418e-01 
  961.000  8.303418e-01 
  962.000  8.448734e-01 
  963.000  8.927273e-01 
  964.000  8.209129e-01 
  965.000  8.209129e-01 
  966.000  8.686853e-01 
  967.000  9.259530e-01 
  968.000  9.259530e-01 
  969.000  9.380347e-01 
  970.000  9.606596e-01 
  971.000  9.678369e-01 
  972.000  9.678369e-01 
  973.000  9.591178e-01 
  974.000  9.131067e-01 
  975.000  9.131067e-01 
  976.000  8.993323e-01 
  977.000  9.471727e-01 
  978.000  9.405618e-01 
  979.000  9.405618e-01 
  980.000  9.412978e-01 
  981.000  9.774130e-01 
  982.000  9.774130e-01 
  983.000  9.665586e-01 
  984.000  9.762297e-01 
  985.000  9.762297e-01 
  986.000  9.874567e-01 
  987.000  9.832516e-01 
  988.000  9.832516e-01 
  989.000  9.897193e-01 
  990.000  9.871356e-01 
  991.000  9.871356e-01 
  992.000  9.889301e-01 
  993.000  9.886002e-01 
  994.000  9.886002e-01 
  995.000  9.913067e-01 
  996.000  9.913766e-01 
  997.000  9.913766e-01 
  998.000  9.914241e-01 
  999.000  9.912469e-01 
 1000.000  9.912469e-01 
 1001.000  9.914059e-01 
 1002.000  9.877812e-01 
 1003.000  9.877812e-01 
 1004.000  9.914662e-01 
 1005.000  9.916496e-01 
 1006.000  9.916496e-01 
 1007.000  9.917932e-01 
 1008.000  9.911414e-01 
 1009.000  9.911414e-01 
 1010.000  9.884530e-01 
 1011.000  9.918693e-01 
 1012.000  9.918693e-01 
 1013.000  9.920388e-01 
 1014.000  9.919765e-01 
 1015.000  9.919765e-01 
 1016.000  9.921771e-01 
 1017.000  9.920248e-01 
 1018.000  9.920248e-01 
 1019.000  9.918184e-01 
 1020.000  9.923373e-01 
 1021.000  9.923373e-01 
 1022.000  9.919313e-01 
 1023.000  9.919313e-01 
 1024.000  9.918368e-01 
 1025.000  9.924363e-01 
 1026.000  9.924363e-01 
 1027.000  9.921924e-01 
 1028.000  9.925094e-01 
 1029.000  9.925094e-01 
 1030.000  9.926485e-01 
 1031.000  9.926025e-01 
 1032.000  9.926025e-01 
 1033.000  9.926338e-01 
 1034.000  9.926338e-01 
 1035.000  9.926707e-01 
 1036.000  9.923630e-01 
 1037.000  9.923630e-01 
 1038.000  9.923394e-01 
 1039.000  9.920276e-01 
 1040.000  9.920276e-01 
 1041.000  9.917838e-01 
 1042.000  9.917838e-01 
 1043.000  9.914891e-01 
 1044.000  9.910272e-01 
 1045.000  9.910272e-01 
 1046.000  9.903842e-01 
 1047.000  9.903842e-01 
 1048.000  9.897372e-01 
 1049.000  9.884132e-01 
 1050.000  9.884132e-01 
 1051.000  9.878486e-01 
 1052.000  9.878486e-01 
 1053.000  9.869555e-01 
 1054.000  9.861940e-01 
 1055.000  9.861940e-01 
 1056.000  9.852999e-01 
 1057.000  9.852999e-01 
 1058.000  9.845110e-01 
 1059.000  9.837276e-01 
 1060.000  9.837276e-01 
 1061.000  9.832345e-01 
 1062.000  9.832345e-01 
 1063.000  9.823434e-01 
 1064.000  9.818130e-01 
 1065.000  9.818130e-01 
 1066.000  9.826867e-01 
 1067.000  9.826867e-01 
 1068.000  9.820969e-01 
 1069.000  9.829389e-01 
 1070.000  9.829389e-01 
 1071.000  9.841000e-01 
 1072.000  9.841000e-01 
 1073.000  9.849591e-01 
 1074.000  9.849591e-01 
 1075.000  9.834721e-01 
 1076.000  9.836900e-01 
 1077.000  9.836900e-01 
 1078.000  9.866306e-01 
 1079.000  9.866306e-01 
 1080.000  9.848504e-01 
 1081.000  9.848504e-01 
 1082.000  9.867795e-01 
 1083.000  9.852421e-01 
 1084.000  9.852421e-01 
 1085.000  9.818447e-01 
 1086.000  9.818447e-01 
 1087.000  9.876127e-01 
 1088.000  9.876127e-01 
 1089.000  9.852868e-01 
 1090.000  9.840355e-01 
 1091.000  9.840355e-01 
 1092.000  9.800633e-01 
 1093.000  9.800633e-01 
 1094.000  9.800224e-01 
 1095.000  9.800224e-01 
 1096.000  9.775882e-01 
 1097.000  9.775882e-01 
 1098.000  9.719520e-01 
 1099.000  9.508665e-01 
 1100.000  9.508665e-01 
 1101.000  9.513966e-01 
 1102.000  9.513966e-01 
 1103.000  9.431481e-01 
 1104.000  9.431481e-01 
 1105.000  9.366531e-01 
 1106.000  9.366531e-01 
 1107.000  9.354892e-01 
 1108.000  9.354892e-01 
 1109.000  9.191105e-01 
 1110.000  8.876951e-01 
 1111.000  8.876951e-01 
 1112.000  8.731698e-01 
 1113.000  8.731698e-01 
 1114.000  7.884473e-01 
 1115.000  7.884473e-01 
 1116.000  6.122056e-01 
 1117.000  6.122056e-01 
 1118.000  7.031428e-01 
 1119.000  7.031428e-01 
 1120.000  6.500901e-01 
 1121.000  6.500901e-01 
 1122.000  4.745453e-01 
 1123.000  6.701417e-01 
 1124.000  6.701417e-01 
 1125.000  5.202695e-01 
 1126.000  5.202695e-01 
 1127.000  5.864900e-01 
 1128.000  5.864900e-01 
 1129.000  5.895983e-01 
 1130.000  5.895983e-01 
 1131.000  8.112209e-01 
 1132.000  8.112209e-01 
 1133.000  5.922409e-01 
 1134.000  5.922409e-01 
 1135.000  3.768237e-01 
 1136.000  3.768237e-01 
 1137.000  8.200053e-01 
 1138.000  8.200053e-01 
 1139.000  7.584975e-01 
 1140.000  7.584975e-01 
 1141.000  7.473670e-01 
 1142.000  7.473670e-01 
 1143.000  7.959555e-01 
 1144.000  7.959555e-01 
 1145.000  6.178761e-01 
 1146.000  6.178761e-01 
 1147.000  6.081730e-01 
 1148.000  6.081730e-01 
 1149.000  6.985874e-01 
 1150.000  6.985874e-01 
 1151.000  7.749735e-01 
 1152.000  7.749735e-01 
 1153.000  7.275715e-01 
 1154.000  7.275715e-01 
 1155.000  7.710589e-01 
 1156.000  7.710589e-01 
 1157.000  8.331795e-01 
 1158.000  8.331795e-01 
 1159.000  9.075568e-01 
 1160.000  9.075568e-01 
 1161.000  8.956465e-01 
 1162.000  8.956465e-01 
 1163.000  9.291307e-01 
 1164.000  9.291307e-01 
 1165.000  9.177268e-01 
 1166.000  9.177268e-01 
 1167.000  9.442921e-01 
 1168.000  9.442921e-01 
 1169.000  9.526203e-01 
 1170.000  9.526203e-01 
 1171.000  9.570439e-01 
 1172.000  9.570439e-01 
 1173.000  9.175387e-01 
 1174.000  9.175387e-01 
 1175.000  9.790195e-01 
 1176.000  9.790195e-01 
 1177.000  9.414742e-01 
 1178.000  9.414742e-01 
 1179.000  9.686725e-01 
 1180.000  9.686725e-01 
 1181.000  9.104366e-01 
 1182.000  9.104366e-01 
 1183.000  9.547756e-01 
 1184.000  9.547756e-01 
 1185.000  9.687732e-01 
 1186.000  9.687732e-01 
 1187.000  9.155119e-01 
 1188.000  9.155119e-01 
 1189.000  9.155119e-01 
 1190.000  9.540675e-01 
 1191.000  9.540675e-01 
 1192.000  9.808176e-01 
 1193.000  9.808176e-01 
 1194.000  9.618508e-01 
 1195.000  9.618508e-01 
 1196.000  9.714464e-01 
 1197.000  9.714464e-01 
 1198.000  9.536212e-01 
 1199.000  9.536212e-01 
 1200.000  9.501341e-01 
