  250.000  0.000000e+00 
  251.000  0.000000e+00 
  252.000  0.000000e+00 
  253.000  0.000000e+00 
  254.000  0.000000e+00 
  255.000  0.000000e+00 
  256.000  0.000000e+00 
  257.000  0.000000e+00 
  258.000  0.000000e+00 
  259.000  0.000000e+00 
  260.000  0.000000e+00 
  261.000  0.000000e+00 
  262.000  0.000000e+00 
  263.000  0.000000e+00 
  264.000  0.000000e+00 
  265.000  0.000000e+00 
  266.000  0.000000e+00 
  267.000  0.000000e+00 
  268.000  0.000000e+00 
  269.000  0.000000e+00 
  270.000  0.000000e+00 
  271.000  0.000000e+00 
  272.000  0.000000e+00 
  273.000  0.000000e+00 
  274.000  0.000000e+00 
  275.000  0.000000e+00 
  276.000  0.000000e+00 
  277.000  0.000000e+00 
  278.000  0.000000e+00 
  279.000  0.000000e+00 
  280.000  0.000000e+00 
  281.000  0.000000e+00 
  282.000  0.000000e+00 
  283.000  0.000000e+00 
  284.000  0.000000e+00 
  285.000  0.000000e+00 
  286.000  0.000000e+00 
  287.000  0.000000e+00 
  288.000  0.000000e+00 
  289.000  0.000000e+00 
  290.000  0.000000e+00 
  291.000  1.294664e-11 
  292.000  4.186329e-10 
  293.000  3.279687e-09 
  294.000  3.384835e-08 
  295.000  1.523580e-07 
  296.000  1.259322e-06 
  297.000  4.469619e-06 
  298.000  2.030816e-05 
  299.000  5.697669e-05 
  300.000  1.659370e-04 
  301.000  3.983776e-04 
  302.000  8.253826e-04 
  303.000  1.978933e-03 
  304.000  2.734254e-03 
  305.000  5.562949e-03 
  306.000  8.255111e-03 
  307.000  1.342996e-02 
  308.000  1.830878e-02 
  309.000  2.444604e-02 
  310.000  3.574469e-02 
  311.000  4.157852e-02 
  312.000  5.179899e-02 
  313.000  6.530235e-02 
  314.000  7.149417e-02 
  315.000  8.994571e-02 
  316.000  9.521116e-02 
  317.000  1.107762e-01 
  318.000  1.203972e-01 
  319.000  1.472993e-01 
  320.000  1.300288e-01 
  321.000  1.714318e-01 
  322.000  1.545653e-01 
  323.000  1.745730e-01 
  324.000  2.041253e-01 
  325.000  1.834512e-01 
  326.000  2.135576e-01 
  327.000  2.234820e-01 
  328.000  2.078615e-01 
  329.000  2.433469e-01 
  330.000  2.498359e-01 
  331.000  2.348388e-01 
  332.000  2.601255e-01 
  333.000  2.658634e-01 
  334.000  2.624033e-01 
  335.000  2.789735e-01 
  336.000  2.858492e-01 
  337.000  2.817490e-01 
  338.000  2.927750e-01 
  339.000  3.008493e-01 
  340.000  2.998174e-01 
  341.000  3.089042e-01 
  342.000  3.153339e-01 
  343.000  3.194688e-01 
  344.000  3.182781e-01 
  345.000  3.282224e-01 
  346.000  3.332967e-01 
  347.000  3.376274e-01 
  348.000  3.422210e-01 
  349.000  3.477400e-01 
  350.000  3.521170e-01 
  351.000  3.572198e-01 
  352.000  3.614204e-01 
  353.000  3.664553e-01 
  354.000  3.700713e-01 
  355.000  3.740350e-01 
  356.000  3.790711e-01 
  357.000  3.823600e-01 
  358.000  3.860544e-01 
  359.000  3.897049e-01 
  360.000  3.932699e-01 
  361.000  3.969919e-01 
  362.000  4.027183e-01 
  363.000  4.075917e-01 
  364.000  4.124565e-01 
  365.000  4.165338e-01 
  366.000  4.210875e-01 
  367.000  4.253785e-01 
  368.000  4.294774e-01 
  369.000  4.329351e-01 
  370.000  4.370522e-01 
  371.000  4.414133e-01 
  372.000  4.450106e-01 
  373.000  4.494533e-01 
  374.000  4.536912e-01 
  375.000  4.571329e-01 
  376.000  4.606998e-01 
  377.000  4.647987e-01 
  378.000  4.679872e-01 
  379.000  4.714420e-01 
  380.000  4.747497e-01 
  381.000  4.783752e-01 
  382.000  4.832141e-01 
  383.000  4.881579e-01 
  384.000  4.915260e-01 
  385.000  4.958653e-01 
  386.000  4.993442e-01 
  387.000  5.034430e-01 
  388.000  5.066702e-01 
  389.000  5.099595e-01 
  390.000  5.140807e-01 
  391.000  5.174717e-01 
  392.000  5.203031e-01 
  393.000  5.250939e-01 
  394.000  5.283876e-01 
  395.000  5.315811e-01 
  396.000  5.356103e-01 
  397.000  5.392928e-01 
  398.000  5.418237e-01 
  399.000  5.453553e-01 
  400.000  5.483408e-01 
  401.000  5.523300e-01 
  402.000  5.559304e-01 
  403.000  5.596230e-01 
  404.000  5.620641e-01 
  405.000  5.654646e-01 
  406.000  5.687056e-01 
  407.000  5.728959e-01 
  408.000  5.749257e-01 
  409.000  5.778955e-01 
  410.000  5.810615e-01 
  411.000  5.845911e-01 
  412.000  5.882708e-01 
  413.000  5.902312e-01 
  414.000  5.940174e-01 
  415.000  5.969942e-01 
  416.000  6.008507e-01 
  417.000  6.031086e-01 
  418.000  6.056654e-01 
  419.000  6.093385e-01 
  420.000  6.117897e-01 
  421.000  6.146572e-01 
  422.000  6.170026e-01 
  423.000  6.202512e-01 
  424.000  6.227263e-01 
  425.000  6.264966e-01 
  426.000  6.293160e-01 
  427.000  6.318926e-01 
  428.000  6.342300e-01 
  429.000  6.376737e-01 
  430.000  6.404927e-01 
  431.000  6.415625e-01 
  432.000  6.455576e-01 
  433.000  6.482939e-01 
  434.000  6.500574e-01 
  435.000  6.518793e-01 
  436.000  6.551108e-01 
  437.000  6.593155e-01 
  438.000  6.614485e-01 
  439.000  6.619020e-01 
  440.000  6.650624e-01 
  441.000  6.678150e-01 
  442.000  6.710894e-01 
  443.000  6.727870e-01 
  444.000  6.749548e-01 
  445.000  6.759132e-01 
  446.000  6.789215e-01 
  447.000  6.819448e-01 
  448.000  6.820208e-01 
  449.000  6.861411e-01 
  450.000  6.894743e-01 
  451.000  6.914530e-01 
  452.000  6.930765e-01 
  453.000  6.955363e-01 
  454.000  6.989242e-01 
  455.000  7.000507e-01 
  456.000  7.020028e-01 
  457.000  7.042791e-01 
  458.000  7.056678e-01 
  459.000  7.076989e-01 
  460.000  7.088876e-01 
  461.000  7.109809e-01 
  462.000  7.139128e-01 
  463.000  7.140135e-01 
  464.000  7.169006e-01 
  465.000  7.188880e-01 
  466.000  7.225190e-01 
  467.000  7.235609e-01 
  468.000  7.256447e-01 
  469.000  7.273962e-01 
  470.000  7.293021e-01 
  471.000  7.311971e-01 
  472.000  7.319952e-01 
  473.000  7.324908e-01 
  474.000  7.313503e-01 
  475.000  7.316033e-01 
  476.000  7.323669e-01 
  477.000  7.331193e-01 
  478.000  7.340799e-01 
  479.000  7.359858e-01 
  480.000  7.383251e-01 
  481.000  7.423450e-01 
  482.000  7.456074e-01 
  483.000  7.485901e-01 
  484.000  7.501003e-01 
  485.000  7.513486e-01 
  486.000  7.524202e-01 
  487.000  7.548242e-01 
  488.000  7.560543e-01 
  489.000  7.570078e-01 
  490.000  7.596834e-01 
  491.000  7.612884e-01 
  492.000  7.627155e-01 
  493.000  7.641284e-01 
  494.000  7.650735e-01 
  495.000  7.661653e-01 
  496.000  7.668830e-01 
  497.000  7.681429e-01 
  498.000  7.690553e-01 
  499.000  7.701979e-01 
  500.000  7.709928e-01 
  501.000  7.709314e-01 
  502.000  7.703357e-01 
  503.000  7.695863e-01 
  504.000  7.688617e-01 
  505.000  7.702178e-01 
  506.000  7.720750e-01 
  507.000  7.731564e-01 
  508.000  7.755965e-01 
  509.000  7.769884e-01 
  510.000  7.788452e-01 
  511.000  7.804691e-01 
  512.000  7.815391e-01 
  513.000  7.837496e-01 
  514.000  7.847278e-01 
  515.000  7.864768e-01 
  516.000  7.871485e-01 
  517.000  7.883791e-01 
  518.000  7.886277e-01 
  519.000  7.893540e-01 
  520.000  7.897286e-01 
  521.000  7.906596e-01 
  522.000  7.908694e-01 
  523.000  7.911789e-01 
  524.000  7.914280e-01 
  525.000  7.909018e-01 
  526.000  7.907016e-01 
  527.000  7.906528e-01 
  528.000  7.901823e-01 
  529.000  7.899458e-01 
  530.000  7.897032e-01 
  531.000  7.901160e-01 
  532.000  7.905164e-01 
  533.000  7.912169e-01 
  534.000  7.921792e-01 
  535.000  7.927614e-01 
  536.000  7.938042e-01 
  537.000  7.948735e-01 
  538.000  7.954158e-01 
  539.000  7.958524e-01 
  540.000  7.968176e-01 
  541.000  7.962161e-01 
  542.000  7.967544e-01 
  543.000  7.978101e-01 
  544.000  7.985334e-01 
  545.000  7.981094e-01 
  546.000  7.983218e-01 
  547.000  7.998794e-01 
  548.000  8.012703e-01 
  549.000  8.016093e-01 
  550.000  8.023933e-01 
  551.000  8.031828e-01 
  552.000  8.035413e-01 
  553.000  8.039328e-01 
  554.000  8.044795e-01 
  555.000  8.049062e-01 
  556.000  8.044930e-01 
  557.000  8.037544e-01 
  558.000  8.031691e-01 
  559.000  8.024057e-01 
  560.000  8.016908e-01 
  561.000  8.011188e-01 
  562.000  8.007218e-01 
  563.000  7.999845e-01 
  564.000  7.992252e-01 
  565.000  7.985833e-01 
  566.000  7.982928e-01 
  567.000  7.974933e-01 
  568.000  7.963789e-01 
  569.000  7.923656e-01 
  570.000  7.902896e-01 
  571.000  7.908710e-01 
  572.000  7.886192e-01 
  573.000  7.889211e-01 
  574.000  7.874118e-01 
  575.000  7.876232e-01 
  576.000  7.878126e-01 
  577.000  7.885215e-01 
  578.000  7.912161e-01 
  579.000  7.933701e-01 
  580.000  7.953218e-01 
  581.000  7.985688e-01 
  582.000  8.016143e-01 
  583.000  8.042964e-01 
  584.000  8.081533e-01 
  585.000  8.094569e-01 
  586.000  8.113251e-01 
  587.000  8.117155e-01 
  588.000  8.118886e-01 
  589.000  8.017690e-01 
  590.000  8.023832e-01 
  591.000  8.064744e-01 
  592.000  7.984567e-01 
  593.000  8.117461e-01 
  594.000  8.056229e-01 
  595.000  8.098904e-01 
  596.000  8.116850e-01 
  597.000  8.115839e-01 
  598.000  8.117836e-01 
  599.000  8.139305e-01 
  600.000  8.140948e-01 
  601.000  8.160325e-01 
  602.000  8.176125e-01 
  603.000  8.184039e-01 
  604.000  8.192862e-01 
  605.000  8.200678e-01 
  606.000  8.218580e-01 
  607.000  8.233049e-01 
  608.000  8.251849e-01 
  609.000  8.259568e-01 
  610.000  8.275008e-01 
  611.000  8.287297e-01 
  612.000  8.305370e-01 
  613.000  8.320637e-01 
  614.000  8.331653e-01 
  615.000  8.344505e-01 
  616.000  8.362660e-01 
  617.000  8.375784e-01 
  618.000  8.384609e-01 
  619.000  8.397625e-01 
  620.000  8.408884e-01 
  621.000  8.417048e-01 
  622.000  8.420690e-01 
  623.000  8.428344e-01 
  624.000  8.431291e-01 
  625.000  8.435112e-01 
  626.000  8.436518e-01 
  627.000  8.436177e-01 
  628.000  8.178095e-01 
  629.000  8.300281e-01 
  630.000  8.361214e-01 
  631.000  8.447171e-01 
  632.000  8.477427e-01 
  633.000  8.502412e-01 
  634.000  8.535490e-01 
  635.000  8.545455e-01 
  636.000  8.577262e-01 
  637.000  8.614230e-01 
  638.000  8.640365e-01 
  639.000  8.663954e-01 
  640.000  8.678510e-01 
  641.000  8.702339e-01 
  642.000  8.719909e-01 
  643.000  8.726112e-01 
  644.000  8.741618e-01 
  645.000  8.751820e-01 
  646.000  8.730612e-01 
  647.000  8.694903e-01 
  648.000  8.656729e-01 
  649.000  8.706658e-01 
  650.000  8.799134e-01 
  651.000  8.813220e-01 
  652.000  8.798210e-01 
  653.000  8.830802e-01 
  654.000  8.844418e-01 
  655.000  8.757944e-01 
  656.000  8.828366e-01 
  657.000  8.851576e-01 
  658.000  8.892125e-01 
  659.000  8.919196e-01 
  660.000  8.920696e-01 
  661.000  8.940507e-01 
  662.000  8.943698e-01 
  663.000  8.952989e-01 
  664.000  8.963352e-01 
  665.000  8.972968e-01 
  666.000  8.982995e-01 
  667.000  8.997655e-01 
  668.000  9.004631e-01 
  669.000  9.016513e-01 
  670.000  9.023147e-01 
  671.000  9.037338e-01 
  672.000  9.040385e-01 
  673.000  9.052186e-01 
  674.000  9.056718e-01 
  675.000  9.068963e-01 
  676.000  9.072708e-01 
  677.000  9.079154e-01 
  678.000  9.089737e-01 
  679.000  9.095409e-01 
  680.000  9.106598e-01 
  681.000  9.111053e-01 
  682.000  9.126041e-01 
  683.000  9.127145e-01 
  684.000  9.140604e-01 
  685.000  9.148787e-01 
  686.000  9.156505e-01 
  687.000  5.958753e-01 
  688.000  7.661752e-01 
  689.000  8.076296e-01 
  690.000  8.407177e-01 
  691.000  8.616829e-01 
  692.000  8.989797e-01 
  693.000  8.912389e-01 
  694.000  8.798145e-01 
  695.000  9.005350e-01 
  696.000  8.951998e-01 
  697.000  9.207388e-01 
  698.000  9.202389e-01 
  699.000  9.096568e-01 
  700.000  9.114259e-01 
  701.000  9.032736e-01 
  702.000  9.076640e-01 
  703.000  9.116083e-01 
  704.000  9.144144e-01 
  705.000  9.155729e-01 
  706.000  9.199430e-01 
  707.000  9.234611e-01 
  708.000  9.261018e-01 
  709.000  9.265646e-01 
  710.000  9.257033e-01 
  711.000  9.290343e-01 
  712.000  9.275579e-01 
  713.000  9.303187e-01 
  714.000  9.284157e-01 
  715.000  9.235576e-01 
  716.000  9.247785e-01 
  717.000  9.020923e-01 
  718.000  8.413839e-01 
  719.000  7.911413e-01 
  720.000  8.502998e-01 
  721.000  9.164183e-01 
  722.000  9.150541e-01 
  723.000  9.118404e-01 
  724.000  8.332564e-01 
  725.000  8.572788e-01 
  726.000  8.933001e-01 
  727.000  8.775330e-01 
  728.000  8.498038e-01 
  729.000  8.659813e-01 
  730.000  8.987344e-01 
  731.000  8.808303e-01 
  732.000  8.912117e-01 
  733.000  9.184912e-01 
  734.000  9.328672e-01 
  735.000  9.232569e-01 
  736.000  9.301602e-01 
  737.000  9.304426e-01 
  738.000  9.347115e-01 
  739.000  9.361235e-01 
  740.000  9.414146e-01 
  741.000  9.443344e-01 
  742.000  9.451103e-01 
  743.000  9.451284e-01 
  744.000  9.461277e-01 
  745.000  9.467739e-01 
  746.000  9.475744e-01 
  747.000  9.478879e-01 
  748.000  9.482101e-01 
  749.000  9.484212e-01 
  750.000  9.488214e-01 
  751.000  9.490207e-01 
  752.000  9.500136e-01 
  753.000  9.502762e-01 
  754.000  9.505780e-01 
  755.000  9.508885e-01 
  756.000  9.510835e-01 
  757.000  9.515339e-01 
  758.000  9.521815e-01 
  759.000  9.394478e-01 
  760.000  2.804189e-01 
  761.000  1.737095e-01 
  762.000  5.757858e-01 
  763.000  4.629984e-01 
  764.000  5.376434e-01 
  765.000  6.802037e-01 
  766.000  8.151676e-01 
  767.000  8.671445e-01 
  768.000  9.292509e-01 
  769.000  9.458985e-01 
  770.000  9.455351e-01 
  771.000  9.530861e-01 
  772.000  9.556130e-01 
  773.000  9.557450e-01 
  774.000  9.558207e-01 
  775.000  9.559538e-01 
  776.000  9.561635e-01 
  777.000  9.564561e-01 
  778.000  9.566299e-01 
  779.000  9.568066e-01 
  780.000  9.569542e-01 
  781.000  9.574142e-01 
  782.000  9.577177e-01 
  783.000  9.580041e-01 
  784.000  9.578663e-01 
  785.000  9.577122e-01 
  786.000  9.559966e-01 
  787.000  9.561138e-01 
  788.000  9.522960e-01 
  789.000  9.524971e-01 
  790.000  9.458516e-01 
  791.000  9.467563e-01 
  792.000  9.498134e-01 
  793.000  9.518791e-01 
  794.000  9.605643e-01 
  795.000  9.577583e-01 
  796.000  9.393180e-01 
  797.000  9.528939e-01 
  798.000  9.543427e-01 
  799.000  9.572749e-01 
  800.000  9.495243e-01 
  801.000  9.458544e-01 
  802.000  9.511607e-01 
  803.000  9.501704e-01 
  804.000  9.498649e-01 
  805.000  9.534177e-01 
  806.000  9.603537e-01 
  807.000  9.562842e-01 
  808.000  9.606489e-01 
  809.000  9.540821e-01 
  810.000  9.507760e-01 
  811.000  9.520646e-01 
  812.000  9.449675e-01 
  813.000  9.310610e-01 
  814.000  9.067197e-01 
  815.000  8.780802e-01 
  816.000  9.002014e-01 
  817.000  8.013606e-01 
  818.000  8.713814e-01 
  819.000  9.002814e-01 
  820.000  8.631318e-01 
  821.000  9.505819e-01 
  822.000  9.388795e-01 
  823.000  7.723674e-01 
  824.000  9.233724e-01 
  825.000  9.446474e-01 
  826.000  9.225146e-01 
  827.000  9.437161e-01 
  828.000  8.866414e-01 
  829.000  9.309157e-01 
  830.000  9.206442e-01 
  831.000  9.257883e-01 
  832.000  9.252295e-01 
  833.000  9.421790e-01 
  834.000  9.421082e-01 
  835.000  9.516150e-01 
  836.000  9.527622e-01 
  837.000  9.523658e-01 
  838.000  9.588125e-01 
  839.000  9.620760e-01 
  840.000  9.630215e-01 
  841.000  9.630215e-01 
  842.000  9.573879e-01 
  843.000  9.681915e-01 
  844.000  9.618254e-01 
  845.000  9.670901e-01 
  846.000  9.685364e-01 
  847.000  9.695558e-01 
  848.000  9.683272e-01 
  849.000  9.690304e-01 
  850.000  9.689766e-01 
  851.000  9.691172e-01 
  852.000  9.715721e-01 
  853.000  9.721296e-01 
  854.000  9.717807e-01 
  855.000  9.717807e-01 
  856.000  9.723247e-01 
  857.000  9.736247e-01 
  858.000  9.726073e-01 
  859.000  9.734269e-01 
  860.000  9.741285e-01 
  861.000  9.739508e-01 
  862.000  9.743894e-01 
  863.000  9.742140e-01 
  864.000  9.747842e-01 
  865.000  9.747842e-01 
  866.000  9.748190e-01 
  867.000  9.749792e-01 
  868.000  9.750063e-01 
  869.000  9.750962e-01 
  870.000  9.752659e-01 
  871.000  9.754074e-01 
  872.000  9.756113e-01 
  873.000  9.756303e-01 
  874.000  9.756303e-01 
  875.000  9.759640e-01 
  876.000  9.760566e-01 
  877.000  9.760907e-01 
  878.000  9.761148e-01 
  879.000  9.761338e-01 
  880.000  9.764901e-01 
  881.000  9.764901e-01 
  882.000  9.759595e-01 
  883.000  9.761975e-01 
  884.000  9.763703e-01 
  885.000  9.766018e-01 
  886.000  9.728851e-01 
  887.000  9.764877e-01 
  888.000  9.764877e-01 
  889.000  9.756275e-01 
  890.000  9.736466e-01 
  891.000  9.766720e-01 
  892.000  9.733204e-01 
  893.000  9.643606e-01 
  894.000  9.643606e-01 
  895.000  9.437812e-01 
  896.000  9.246034e-01 
  897.000  8.421332e-01 
  898.000  9.202645e-01 
  899.000  7.743599e-01 
  900.000  7.743599e-01 
  901.000  8.083240e-01 
  902.000  8.380193e-01 
  903.000  8.727089e-01 
  904.000  9.510803e-01 
  905.000  9.398102e-01 
  906.000  9.398102e-01 
  907.000  8.525424e-01 
  908.000  8.323514e-01 
  909.000  8.422822e-01 
  910.000  8.231614e-01 
  911.000  8.231614e-01 
  912.000  9.091676e-01 
  913.000  8.657624e-01 
  914.000  8.376623e-01 
  915.000  7.963231e-01 
  916.000  7.963231e-01 
  917.000  9.052666e-01 
  918.000  8.158861e-01 
  919.000  8.867313e-01 
  920.000  9.492095e-01 
  921.000  9.492095e-01 
  922.000  9.320949e-01 
  923.000  9.308429e-01 
  924.000  9.138291e-01 
  925.000  9.138291e-01 
  926.000  9.223391e-01 
  927.000  9.290717e-01 
  928.000  8.341406e-01 
  929.000  8.147875e-01 
  930.000  8.147875e-01 
  931.000  6.873446e-01 
  932.000  5.159828e-01 
  933.000  5.391098e-01 
  934.000  5.391098e-01 
  935.000  4.949524e-01 
  936.000  4.653561e-01 
  937.000  4.491298e-01 
  938.000  4.491298e-01 
  939.000  5.913705e-01 
  940.000  7.207589e-01 
  941.000  6.711314e-01 
  942.000  6.711314e-01 
  943.000  5.754798e-01 
  944.000  5.854989e-01 
  945.000  6.610861e-01 
  946.000  6.610861e-01 
  947.000  5.862606e-01 
  948.000  6.050534e-01 
  949.000  6.702316e-01 
  950.000  6.702316e-01 
  951.000  6.841434e-01 
  952.000  5.802420e-01 
  953.000  7.147946e-01 
  954.000  7.147946e-01 
  955.000  7.115945e-01 
  956.000  6.066920e-01 
  957.000  7.606552e-01 
  958.000  7.606552e-01 
  959.000  6.600299e-01 
  960.000  7.386081e-01 
  961.000  7.386081e-01 
  962.000  7.711475e-01 
  963.000  8.274930e-01 
  964.000  7.337043e-01 
  965.000  7.337043e-01 
  966.000  8.007954e-01 
  967.000  8.799514e-01 
  968.000  8.799514e-01 
  969.000  8.980966e-01 
  970.000  9.323426e-01 
  971.000  9.444576e-01 
  972.000  9.444576e-01 
  973.000  9.296134e-01 
  974.000  8.598426e-01 
  975.000  8.598426e-01 
  976.000  8.434799e-01 
  977.000  9.129238e-01 
  978.000  9.029143e-01 
  979.000  9.029143e-01 
  980.000  9.036938e-01 
  981.000  9.605719e-01 
  982.000  9.605719e-01 
  983.000  9.432645e-01 
  984.000  9.586244e-01 
  985.000  9.586244e-01 
  986.000  9.779363e-01 
  987.000  9.706501e-01 
  988.000  9.706501e-01 
  989.000  9.818880e-01 
  990.000  9.773820e-01 
  991.000  9.773820e-01 
  992.000  9.805144e-01 
  993.000  9.799369e-01 
  994.000  9.799369e-01 
  995.000  9.846710e-01 
  996.000  9.847939e-01 
  997.000  9.847939e-01 
  998.000  9.848772e-01 
  999.000  9.845656e-01 
 1000.000  9.845656e-01 
 1001.000  9.848454e-01 
 1002.000  9.785351e-01 
 1003.000  9.785351e-01 
 1004.000  9.849512e-01 
 1005.000  9.852735e-01 
 1006.000  9.852735e-01 
 1007.000  9.855263e-01 
 1008.000  9.843805e-01 
 1009.000  9.843805e-01 
 1010.000  9.797030e-01 
 1011.000  9.856599e-01 
 1012.000  9.856599e-01 
 1013.000  9.859580e-01 
 1014.000  9.858485e-01 
 1015.000  9.858485e-01 
 1016.000  9.862013e-01 
 1017.000  9.859334e-01 
 1018.000  9.859334e-01 
 1019.000  9.855704e-01 
 1020.000  9.864830e-01 
 1021.000  9.864830e-01 
 1022.000  9.857687e-01 
 1023.000  9.857687e-01 
 1024.000  9.856029e-01 
 1025.000  9.866568e-01 
 1026.000  9.866568e-01 
 1027.000  9.862281e-01 
 1028.000  9.867857e-01 
 1029.000  9.867857e-01 
 1030.000  9.870301e-01 
 1031.000  9.869493e-01 
 1032.000  9.869493e-01 
 1033.000  9.870046e-01 
 1034.000  9.870046e-01 
 1035.000  9.870694e-01 
 1036.000  9.865279e-01 
 1037.000  9.865279e-01 
 1038.000  9.864866e-01 
 1039.000  9.859383e-01 
 1040.000  9.859383e-01 
 1041.000  9.855097e-01 
 1042.000  9.855097e-01 
 1043.000  9.849914e-01 
 1044.000  9.841798e-01 
 1045.000  9.841798e-01 
 1046.000  9.830503e-01 
 1047.000  9.830503e-01 
 1048.000  9.819143e-01 
 1049.000  9.795915e-01 
 1050.000  9.795915e-01 
 1051.000  9.786018e-01 
 1052.000  9.786018e-01 
 1053.000  9.770371e-01 
 1054.000  9.757037e-01 
 1055.000  9.757037e-01 
 1056.000  9.741394e-01 
 1057.000  9.741394e-01 
 1058.000  9.727598e-01 
 1059.000  9.713909e-01 
 1060.000  9.713909e-01 
 1061.000  9.705296e-01 
 1062.000  9.705296e-01 
 1063.000  9.689738e-01 
 1064.000  9.680483e-01 
 1065.000  9.680483e-01 
 1066.000  9.695729e-01 
 1067.000  9.695729e-01 
 1068.000  9.685434e-01 
 1069.000  9.700133e-01 
 1070.000  9.700133e-01 
 1071.000  9.720414e-01 
 1072.000  9.720414e-01 
 1073.000  9.735432e-01 
 1074.000  9.735432e-01 
 1075.000  9.709877e-01 
 1076.000  9.713783e-01 
 1077.000  9.713783e-01 
 1078.000  9.764834e-01 
 1079.000  9.764834e-01 
 1080.000  9.734101e-01 
 1081.000  9.734101e-01 
 1082.000  9.767599e-01 
 1083.000  9.741153e-01 
 1084.000  9.741153e-01 
 1085.000  9.682238e-01 
 1086.000  9.682238e-01 
 1087.000  9.782465e-01 
 1088.000  9.782465e-01 
 1089.000  9.742436e-01 
 1090.000  9.721303e-01 
 1091.000  9.721303e-01 
 1092.000  9.652606e-01 
 1093.000  9.652606e-01 
 1094.000  9.651552e-01 
 1095.000  9.651552e-01 
 1096.000  9.609938e-01 
 1097.000  9.609938e-01 
 1098.000  9.513494e-01 
 1099.000  9.174244e-01 
 1100.000  9.174244e-01 
 1101.000  9.184533e-01 
 1102.000  9.184533e-01 
 1103.000  9.051046e-01 
 1104.000  9.051046e-01 
 1105.000  8.946025e-01 
 1106.000  8.946025e-01 
 1107.000  8.931285e-01 
 1108.000  8.931285e-01 
 1109.000  8.671275e-01 
 1110.000  8.284082e-01 
 1111.000  8.284082e-01 
 1112.000  8.019957e-01 
 1113.000  8.019957e-01 
 1114.000  7.185961e-01 
 1115.000  7.185961e-01 
 1116.000  5.045338e-01 
 1117.000  5.045338e-01 
 1118.000  6.120189e-01 
 1119.000  6.120189e-01 
 1120.000  5.406708e-01 
 1121.000  5.406708e-01 
 1122.000  3.538665e-01 
 1123.000  5.721917e-01 
 1124.000  5.721917e-01 
 1125.000  3.980330e-01 
 1126.000  3.980330e-01 
 1127.000  4.619903e-01 
 1128.000  4.619903e-01 
 1129.000  4.620758e-01 
 1130.000  4.620758e-01 
 1131.000  7.236806e-01 
 1132.000  7.236806e-01 
 1133.000  4.630833e-01 
 1134.000  4.630833e-01 
 1135.000  2.791101e-01 
 1136.000  2.791101e-01 
 1137.000  7.285840e-01 
 1138.000  7.285840e-01 
 1139.000  6.764013e-01 
 1140.000  6.764013e-01 
 1141.000  6.614670e-01 
 1142.000  6.614670e-01 
 1143.000  6.982506e-01 
 1144.000  6.982506e-01 
 1145.000  5.066156e-01 
 1146.000  5.066156e-01 
 1147.000  4.887332e-01 
 1148.000  4.887332e-01 
 1149.000  5.980639e-01 
 1150.000  5.980639e-01 
 1151.000  6.918181e-01 
 1152.000  6.918181e-01 
 1153.000  6.431341e-01 
 1154.000  6.431341e-01 
 1155.000  6.894250e-01 
 1156.000  6.894250e-01 
 1157.000  7.601703e-01 
 1158.000  7.601703e-01 
 1159.000  8.489968e-01 
 1160.000  8.489968e-01 
 1161.000  8.309715e-01 
 1162.000  8.309715e-01 
 1163.000  8.854461e-01 
 1164.000  8.854461e-01 
 1165.000  8.665158e-01 
 1166.000  8.665158e-01 
 1167.000  9.077399e-01 
 1168.000  9.077399e-01 
 1169.000  9.200940e-01 
 1170.000  9.200940e-01 
 1171.000  9.281038e-01 
 1172.000  9.281038e-01 
 1173.000  8.653823e-01 
 1174.000  8.653823e-01 
 1175.000  9.634073e-01 
 1176.000  9.634073e-01 
 1177.000  9.036437e-01 
 1178.000  9.036437e-01 
 1179.000  9.473438e-01 
 1180.000  9.473438e-01 
 1181.000  8.584418e-01 
 1182.000  8.584418e-01 
 1183.000  9.251891e-01 
 1184.000  9.251891e-01 
 1185.000  9.461049e-01 
 1186.000  9.461049e-01 
 1187.000  8.722527e-01 
 1188.000  8.722527e-01 
 1189.000  8.722527e-01 
 1190.000  9.249136e-01 
 1191.000  9.249136e-01 
 1192.000  9.665313e-01 
 1193.000  9.665313e-01 
 1194.000  9.368316e-01 
 1195.000  9.368316e-01 
 1196.000  9.505099e-01 
 1197.000  9.505099e-01 
 1198.000  9.225060e-01 
 1199.000  9.225060e-01 
 1200.000  9.184507e-01 
